This file contains any messages produced by compilers while
running configure, to aid debugging if configure makes a mistake.

It was created by RISC-V ISA Simulator configure ?, which was
generated by GNU Autoconf 2.69.  Invocation command line was

  $ ../configure --prefix=/scratch/zarubaf/ariane/tb/riscv-isa-sim/build/../install --enable-commitlog --with-fesvr=/home/zarubaf/riscv

## --------- ##
## Platform. ##
## --------- ##

hostname = dachstein.ee.ethz.ch
uname -m = x86_64
uname -r = 3.10.0-693.5.2.el7.x86_64
uname -s = Linux
uname -v = #1 SMP Fri Oct 20 20:32:50 UTC 2017

/usr/bin/uname -p = x86_64
/bin/uname -X     = unknown

/bin/arch              = x86_64
/usr/bin/arch -k       = unknown
/usr/convex/getsysinfo = unknown
/usr/bin/hostinfo      = unknown
/bin/machine           = unknown
/usr/bin/oslevel       = unknown
/bin/universe          = unknown

PATH: /home/zarubaf/.local/bin
PATH: /home/zarubaf/python/Python-2.7.11/
PATH: /home/zarubaf/.cargo/bin
PATH: /home/zarubaf/kerbin_toolchain_builder/install/bin/
PATH: /home/zarubaf/node-v6.11.1-linux-x64/bin
PATH: /home/zarubaf/bin
PATH: /scratch/zarubaf/verilator/bin
PATH: /home/zarubaf/.local/bin
PATH: /home/zarubaf/riscv/bin
PATH: /usr/lib64/qt-3.3/bin
PATH: /home/zarubaf/bin
PATH: /bin
PATH: /usr/bin
PATH: /usr/local/bin
PATH: /sbin
PATH: /usr/sbin
PATH: /usr/local/sbin
PATH: /usr/local/condor/bin
PATH: /usr/sepp/bin
PATH: /usr/local/condor/bin
PATH: /usr/sepp/bin
PATH: /usr/sepp/bin
PATH: /home/zarubaf/.rvm/bin


## ----------- ##
## Core tests. ##
## ----------- ##

configure:2083: checking build system type
configure:2097: result: x86_64-unknown-linux-gnu
configure:2117: checking host system type
configure:2130: result: x86_64-unknown-linux-gnu
configure:2203: checking for gcc
configure:2230: result: gcc-6.2.0
configure:2459: checking for C compiler version
configure:2468: gcc-6.2.0 --version >&5
gcc (GCC) 6.2.0
Copyright (C) 2016 Free Software Foundation, Inc.
This is free software; see the source for copying conditions.  There is NO
warranty; not even for MERCHANTABILITY or FITNESS FOR A PARTICULAR PURPOSE.

configure:2479: $? = 0
configure:2468: gcc-6.2.0 -v >&5
Using built-in specs.
COLLECT_GCC=gcc
COLLECT_LTO_WRAPPER=/usr/pack/gcc-6.2.0-af/x86_64-rhe6-linux/libexec/gcc/x86_64-pc-linux-gnu/6.2.0/lto-wrapper
Target: x86_64-pc-linux-gnu
Configured with: ../gcc-6.2.0/configure --prefix=/usr/pack/gcc-6.2.0-af --exec-prefix=/usr/pack/gcc-6.2.0-af/x86_64-rhe6-linux --enable-threads --enable-languages=c,c++,fortran,go --enable-lto --disable-nls
Thread model: posix
gcc version 6.2.0 (GCC) 
configure:2479: $? = 0
configure:2468: gcc-6.2.0 -V >&5
gcc: error: unrecognized command line option '-V'
gcc: fatal error: no input files
compilation terminated.
configure:2479: $? = 1
configure:2468: gcc-6.2.0 -qversion >&5
gcc: error: unrecognized command line option '-qversion'; did you mean '--version'?
gcc: fatal error: no input files
compilation terminated.
configure:2479: $? = 1
configure:2499: checking whether the C compiler works
configure:2521: gcc-6.2.0    conftest.c  >&5
configure:2525: $? = 0
configure:2573: result: yes
configure:2576: checking for C compiler default output file name
configure:2578: result: a.out
configure:2584: checking for suffix of executables
configure:2591: gcc-6.2.0 -o conftest    conftest.c  >&5
configure:2595: $? = 0
configure:2617: result: 
configure:2639: checking whether we are cross compiling
configure:2647: gcc-6.2.0 -o conftest    conftest.c  >&5
configure:2651: $? = 0
configure:2658: ./conftest
configure:2662: $? = 0
configure:2677: result: no
configure:2682: checking for suffix of object files
configure:2704: gcc-6.2.0 -c   conftest.c >&5
configure:2708: $? = 0
configure:2729: result: o
configure:2733: checking whether we are using the GNU C compiler
configure:2752: gcc-6.2.0 -c   conftest.c >&5
configure:2752: $? = 0
configure:2761: result: yes
configure:2770: checking whether gcc-6.2.0 accepts -g
configure:2790: gcc-6.2.0 -c -g  conftest.c >&5
configure:2790: $? = 0
configure:2831: result: yes
configure:2848: checking for gcc-6.2.0 option to accept ISO C89
configure:2911: gcc-6.2.0  -c -g -O2  conftest.c >&5
configure:2911: $? = 0
configure:2924: result: none needed
configure:3056: checking for C++ compiler version
configure:3065: g++-6.2.0 --version >&5
g++ (GCC) 6.2.0
Copyright (C) 2016 Free Software Foundation, Inc.
This is free software; see the source for copying conditions.  There is NO
warranty; not even for MERCHANTABILITY or FITNESS FOR A PARTICULAR PURPOSE.

configure:3076: $? = 0
configure:3065: g++-6.2.0 -v >&5
Using built-in specs.
COLLECT_GCC=g++
COLLECT_LTO_WRAPPER=/usr/pack/gcc-6.2.0-af/x86_64-rhe6-linux/libexec/gcc/x86_64-pc-linux-gnu/6.2.0/lto-wrapper
Target: x86_64-pc-linux-gnu
Configured with: ../gcc-6.2.0/configure --prefix=/usr/pack/gcc-6.2.0-af --exec-prefix=/usr/pack/gcc-6.2.0-af/x86_64-rhe6-linux --enable-threads --enable-languages=c,c++,fortran,go --enable-lto --disable-nls
Thread model: posix
gcc version 6.2.0 (GCC) 
configure:3076: $? = 0
configure:3065: g++-6.2.0 -V >&5
g++: error: unrecognized command line option '-V'
g++: fatal error: no input files
compilation terminated.
configure:3076: $? = 1
configure:3065: g++-6.2.0 -qversion >&5
g++: error: unrecognized command line option '-qversion'; did you mean '--version'?
g++: fatal error: no input files
compilation terminated.
configure:3076: $? = 1
configure:3080: checking whether we are using the GNU C++ compiler
configure:3099: g++-6.2.0 -c   conftest.cpp >&5
configure:3099: $? = 0
configure:3108: result: yes
configure:3117: checking whether g++-6.2.0 accepts -g
configure:3137: g++-6.2.0 -c -g  conftest.cpp >&5
configure:3137: $? = 0
configure:3178: result: yes
configure:3244: checking for ar
configure:3260: found /bin/ar
configure:3271: result: ar
configure:3336: checking for ranlib
configure:3352: found /bin/ranlib
configure:3363: result: ranlib
configure:3387: checking for dtc
configure:3405: found /home/zarubaf/bin/dtc
configure:3418: result: /home/zarubaf/bin/dtc
configure:3441: checking how to run the C++ preprocessor
configure:3468: g++-6.2.0 -E  conftest.cpp
configure:3468: $? = 0
configure:3482: g++-6.2.0 -E  conftest.cpp
conftest.cpp:10:28: fatal error: ac_nonexistent.h: No such file or directory
 #include <ac_nonexistent.h>
                            ^
compilation terminated.
configure:3482: $? = 1
configure: failed program was:
| /* confdefs.h */
| #define PACKAGE_NAME "RISC-V ISA Simulator"
| #define PACKAGE_TARNAME "spike"
| #define PACKAGE_VERSION "?"
| #define PACKAGE_STRING "RISC-V ISA Simulator ?"
| #define PACKAGE_BUGREPORT "Andrew Waterman"
| #define PACKAGE_URL ""
| #define DTC "/home/zarubaf/bin/dtc"
| /* end confdefs.h.  */
| #include <ac_nonexistent.h>
configure:3507: result: g++-6.2.0 -E
configure:3527: g++-6.2.0 -E  conftest.cpp
configure:3527: $? = 0
configure:3541: g++-6.2.0 -E  conftest.cpp
conftest.cpp:10:28: fatal error: ac_nonexistent.h: No such file or directory
 #include <ac_nonexistent.h>
                            ^
compilation terminated.
configure:3541: $? = 1
configure: failed program was:
| /* confdefs.h */
| #define PACKAGE_NAME "RISC-V ISA Simulator"
| #define PACKAGE_TARNAME "spike"
| #define PACKAGE_VERSION "?"
| #define PACKAGE_STRING "RISC-V ISA Simulator ?"
| #define PACKAGE_BUGREPORT "Andrew Waterman"
| #define PACKAGE_URL ""
| #define DTC "/home/zarubaf/bin/dtc"
| /* end confdefs.h.  */
| #include <ac_nonexistent.h>
configure:3570: checking for grep that handles long lines and -e
configure:3628: result: /bin/grep
configure:3633: checking for egrep
configure:3695: result: /bin/grep -E
configure:3700: checking for ANSI C header files
configure:3720: g++-6.2.0 -c -g -O2  conftest.cpp >&5
configure:3720: $? = 0
configure:3793: g++-6.2.0 -o conftest -g -O2   conftest.cpp  >&5
configure:3793: $? = 0
configure:3793: ./conftest
configure:3793: $? = 0
configure:3804: result: yes
configure:3817: checking for sys/types.h
configure:3817: g++-6.2.0 -c -g -O2  conftest.cpp >&5
configure:3817: $? = 0
configure:3817: result: yes
configure:3817: checking for sys/stat.h
configure:3817: g++-6.2.0 -c -g -O2  conftest.cpp >&5
configure:3817: $? = 0
configure:3817: result: yes
configure:3817: checking for stdlib.h
configure:3817: g++-6.2.0 -c -g -O2  conftest.cpp >&5
configure:3817: $? = 0
configure:3817: result: yes
configure:3817: checking for string.h
configure:3817: g++-6.2.0 -c -g -O2  conftest.cpp >&5
configure:3817: $? = 0
configure:3817: result: yes
configure:3817: checking for memory.h
configure:3817: g++-6.2.0 -c -g -O2  conftest.cpp >&5
configure:3817: $? = 0
configure:3817: result: yes
configure:3817: checking for strings.h
configure:3817: g++-6.2.0 -c -g -O2  conftest.cpp >&5
configure:3817: $? = 0
configure:3817: result: yes
configure:3817: checking for inttypes.h
configure:3817: g++-6.2.0 -c -g -O2  conftest.cpp >&5
configure:3817: $? = 0
configure:3817: result: yes
configure:3817: checking for stdint.h
configure:3817: g++-6.2.0 -c -g -O2  conftest.cpp >&5
configure:3817: $? = 0
configure:3817: result: yes
configure:3817: checking for unistd.h
configure:3817: g++-6.2.0 -c -g -O2  conftest.cpp >&5
configure:3817: $? = 0
configure:3817: result: yes
configure:3829: checking whether byte ordering is bigendian
configure:3844: g++-6.2.0 -c -g -O2  conftest.cpp >&5
conftest.cpp:21:9: error: expected unqualified-id before 'not' token
         not a universal capable compiler
         ^~~
configure:3844: $? = 1
configure: failed program was:
| /* confdefs.h */
| #define PACKAGE_NAME "RISC-V ISA Simulator"
| #define PACKAGE_TARNAME "spike"
| #define PACKAGE_VERSION "?"
| #define PACKAGE_STRING "RISC-V ISA Simulator ?"
| #define PACKAGE_BUGREPORT "Andrew Waterman"
| #define PACKAGE_URL ""
| #define DTC "/home/zarubaf/bin/dtc"
| #define STDC_HEADERS 1
| #define HAVE_SYS_TYPES_H 1
| #define HAVE_SYS_STAT_H 1
| #define HAVE_STDLIB_H 1
| #define HAVE_STRING_H 1
| #define HAVE_MEMORY_H 1
| #define HAVE_STRINGS_H 1
| #define HAVE_INTTYPES_H 1
| #define HAVE_STDINT_H 1
| #define HAVE_UNISTD_H 1
| /* end confdefs.h.  */
| #ifndef __APPLE_CC__
| 	       not a universal capable compiler
| 	     #endif
| 	     typedef int dummy;
| 
configure:3889: g++-6.2.0 -c -g -O2  conftest.cpp >&5
configure:3889: $? = 0
configure:3907: g++-6.2.0 -c -g -O2  conftest.cpp >&5
conftest.cpp: In function 'int main()':
conftest.cpp:27:8: error: 'big' was not declared in this scope
    not big endian
        ^~~
configure:3907: $? = 1
configure: failed program was:
| /* confdefs.h */
| #define PACKAGE_NAME "RISC-V ISA Simulator"
| #define PACKAGE_TARNAME "spike"
| #define PACKAGE_VERSION "?"
| #define PACKAGE_STRING "RISC-V ISA Simulator ?"
| #define PACKAGE_BUGREPORT "Andrew Waterman"
| #define PACKAGE_URL ""
| #define DTC "/home/zarubaf/bin/dtc"
| #define STDC_HEADERS 1
| #define HAVE_SYS_TYPES_H 1
| #define HAVE_SYS_STAT_H 1
| #define HAVE_STDLIB_H 1
| #define HAVE_STRING_H 1
| #define HAVE_MEMORY_H 1
| #define HAVE_STRINGS_H 1
| #define HAVE_INTTYPES_H 1
| #define HAVE_STDINT_H 1
| #define HAVE_UNISTD_H 1
| /* end confdefs.h.  */
| #include <sys/types.h>
| 		#include <sys/param.h>
| 
| int
| main ()
| {
| #if BYTE_ORDER != BIG_ENDIAN
| 		 not big endian
| 		#endif
| 
|   ;
|   return 0;
| }
configure:4035: result: no
configure:4074: checking for a BSD-compatible install
configure:4142: result: /bin/install -c
configure:4277: checking for ANSI C header files
configure:4381: result: yes
configure:4451: configuring default subproject : riscv
configure:4484: checking for library containing dlopen
configure:4515: g++-6.2.0 -o conftest -Wall -Wno-unused -g -O2 -std=c++11   conftest.cpp  >&5
/tmp/ccdplJ90.o: In function `main':
/scratch/zarubaf/ariane/tb/riscv-isa-sim/build/conftest.cpp:34: undefined reference to `dlopen'
collect2: error: ld returned 1 exit status
configure:4515: $? = 1
configure: failed program was:
| /* confdefs.h */
| #define PACKAGE_NAME "RISC-V ISA Simulator"
| #define PACKAGE_TARNAME "spike"
| #define PACKAGE_VERSION "?"
| #define PACKAGE_STRING "RISC-V ISA Simulator ?"
| #define PACKAGE_BUGREPORT "Andrew Waterman"
| #define PACKAGE_URL ""
| #define DTC "/home/zarubaf/bin/dtc"
| #define STDC_HEADERS 1
| #define HAVE_SYS_TYPES_H 1
| #define HAVE_SYS_STAT_H 1
| #define HAVE_STDLIB_H 1
| #define HAVE_STRING_H 1
| #define HAVE_MEMORY_H 1
| #define HAVE_STRINGS_H 1
| #define HAVE_INTTYPES_H 1
| #define HAVE_STDINT_H 1
| #define HAVE_UNISTD_H 1
| #define STDC_HEADERS 1
| #define RISCV_ENABLED /**/
| #define DEFAULT_ISA "RV64IMAFDC"
| /* end confdefs.h.  */
| 
| /* Override any GCC internal prototype to avoid an error.
|    Use char because int might match the return type of a GCC
|    builtin and then its argument prototype would still apply.  */
| #ifdef __cplusplus
| extern "C"
| #endif
| char dlopen ();
| int
| main ()
| {
| return dlopen ();
|   ;
|   return 0;
| }
configure:4515: g++-6.2.0 -o conftest -Wall -Wno-unused -g -O2 -std=c++11   conftest.cpp -ldl   >&5
configure:4515: $? = 0
configure:4532: result: -ldl
configure:4556: checking for libfesvr_is_present in -lfesvr
configure:4581: g++-6.2.0 -o conftest -Wall -Wno-unused -g -O2 -std=c++11 -I/home/zarubaf/riscv/include  -L/home/zarubaf/riscv/lib  conftest.cpp -lfesvr -pthread -ldl  >&5
configure:4581: $? = 0
configure:4590: result: yes
configure:4604: checking for pthread_create in -lpthread
configure:4629: g++-6.2.0 -o conftest -Wall -Wno-unused -g -O2 -std=c++11 -I/home/zarubaf/riscv/include  -L/home/zarubaf/riscv/lib  conftest.cpp -lpthread  -lfesvr -ldl  >&5
configure:4629: $? = 0
configure:4638: result: yes
configure:4739: configuring default subproject : dummy_rocc
configure:4784: configuring default subproject : softfloat
configure:4829: configuring default subproject : spike_main
configure:4994: creating ./config.status

## ---------------------- ##
## Running config.status. ##
## ---------------------- ##

This file was extended by RISC-V ISA Simulator config.status ?, which was
generated by GNU Autoconf 2.69.  Invocation command line was

  CONFIG_FILES    = 
  CONFIG_HEADERS  = 
  CONFIG_LINKS    = 
  CONFIG_COMMANDS = 
  $ ./config.status 

on dachstein.ee.ethz.ch

config.status:841: creating riscv.mk
config.status:841: creating dummy_rocc.mk
config.status:841: creating softfloat.mk
config.status:841: creating spike_main.mk
config.status:841: creating Makefile
config.status:841: creating riscv-spike.pc
config.status:841: creating riscv-riscv.pc
config.status:841: creating riscv-softfloat.pc
config.status:841: creating riscv-dummy_rocc.pc
config.status:841: creating riscv-spike_main.pc
config.status:841: creating config.h

## ---------------- ##
## Cache variables. ##
## ---------------- ##

ac_cv_build=x86_64-unknown-linux-gnu
ac_cv_c_bigendian=no
ac_cv_c_compiler_gnu=yes
ac_cv_cxx_compiler_gnu=yes
ac_cv_env_CCC_set=
ac_cv_env_CCC_value=
ac_cv_env_CC_set=set
ac_cv_env_CC_value=gcc-6.2.0
ac_cv_env_CFLAGS_set=
ac_cv_env_CFLAGS_value=
ac_cv_env_CPPFLAGS_set=
ac_cv_env_CPPFLAGS_value=
ac_cv_env_CXXCPP_set=
ac_cv_env_CXXCPP_value=
ac_cv_env_CXXFLAGS_set=
ac_cv_env_CXXFLAGS_value=
ac_cv_env_CXX_set=set
ac_cv_env_CXX_value=g++-6.2.0
ac_cv_env_LDFLAGS_set=
ac_cv_env_LDFLAGS_value=
ac_cv_env_LIBS_set=
ac_cv_env_LIBS_value=
ac_cv_env_STOW_PREFIX_set=
ac_cv_env_STOW_PREFIX_value=
ac_cv_env_STOW_ROOT_set=
ac_cv_env_STOW_ROOT_value=
ac_cv_env_build_alias_set=
ac_cv_env_build_alias_value=
ac_cv_env_host_alias_set=
ac_cv_env_host_alias_value=
ac_cv_env_target_alias_set=
ac_cv_env_target_alias_value=
ac_cv_header_inttypes_h=yes
ac_cv_header_memory_h=yes
ac_cv_header_stdc=yes
ac_cv_header_stdint_h=yes
ac_cv_header_stdlib_h=yes
ac_cv_header_string_h=yes
ac_cv_header_strings_h=yes
ac_cv_header_sys_stat_h=yes
ac_cv_header_sys_types_h=yes
ac_cv_header_unistd_h=yes
ac_cv_host=x86_64-unknown-linux-gnu
ac_cv_lib_fesvr_libfesvr_is_present=yes
ac_cv_lib_pthread_pthread_create=yes
ac_cv_objext=o
ac_cv_path_DTC=/home/zarubaf/bin/dtc
ac_cv_path_EGREP='/bin/grep -E'
ac_cv_path_GREP=/bin/grep
ac_cv_path_install='/bin/install -c'
ac_cv_prog_CXXCPP='g++-6.2.0 -E'
ac_cv_prog_ac_ct_AR=ar
ac_cv_prog_ac_ct_CC=gcc-6.2.0
ac_cv_prog_ac_ct_RANLIB=ranlib
ac_cv_prog_cc_c89=
ac_cv_prog_cc_g=yes
ac_cv_prog_cxx_g=yes
ac_cv_search_dlopen=-ldl

## ----------------- ##
## Output variables. ##
## ----------------- ##

AR='ar'
CC='gcc-6.2.0'
CFLAGS='-Wall -Wno-unused -g -O2'
CPPFLAGS='-I/home/zarubaf/riscv/include '
CXX='g++-6.2.0'
CXXCPP='g++-6.2.0 -E'
CXXFLAGS='-Wall -Wno-unused -g -O2 -std=c++11'
DEFS='-DHAVE_CONFIG_H'
DTC='/home/zarubaf/bin/dtc'
ECHO_C=''
ECHO_N='-n'
ECHO_T=''
EGREP='/bin/grep -E'
EXEEXT=''
GREP='/bin/grep'
INSTALL_DATA='${INSTALL} -m 644'
INSTALL_PROGRAM='${INSTALL}'
INSTALL_SCRIPT='${INSTALL}'
LDFLAGS='-L/home/zarubaf/riscv/lib '
LIBOBJS=''
LIBS='-lpthread -lfesvr -ldl '
LTLIBOBJS=''
OBJEXT='o'
PACKAGE_BUGREPORT='Andrew Waterman'
PACKAGE_NAME='RISC-V ISA Simulator'
PACKAGE_STRING='RISC-V ISA Simulator ?'
PACKAGE_TARNAME='spike'
PACKAGE_URL=''
PACKAGE_VERSION='?'
PATH_SEPARATOR=':'
RANLIB='ranlib'
SHELL='/bin/sh'
STOW_PREFIX=''
STOW_ROOT=''
ac_ct_CC='gcc-6.2.0'
ac_ct_CXX=''
bindir='${exec_prefix}/bin'
build='x86_64-unknown-linux-gnu'
build_alias=''
build_cpu='x86_64'
build_os='linux-gnu'
build_vendor='unknown'
datadir='${datarootdir}'
datarootdir='${prefix}/share'
docdir='${datarootdir}/doc/${PACKAGE_TARNAME}'
dvidir='${docdir}'
enable_stow='no'
exec_prefix='${prefix}'
host='x86_64-unknown-linux-gnu'
host_alias=''
host_cpu='x86_64'
host_os='linux-gnu'
host_vendor='unknown'
htmldir='${docdir}'
includedir='${prefix}/include'
infodir='${datarootdir}/info'
libdir='${exec_prefix}/lib'
libexecdir='${exec_prefix}/libexec'
localedir='${datarootdir}/locale'
localstatedir='${prefix}/var'
mandir='${datarootdir}/man'
oldincludedir='/usr/include'
pdfdir='${docdir}'
prefix='/scratch/zarubaf/ariane/tb/riscv-isa-sim/build/../install'
program_transform_name='s,x,x,'
psdir='${docdir}'
runstatedir='${localstatedir}/run'
sbindir='${exec_prefix}/sbin'
sharedstatedir='${prefix}/com'
stow=''
subprojects=' riscv dummy_rocc softfloat spike_main'
subprojects_enabled=' riscv dummy_rocc softfloat spike_main'
sysconfdir='${prefix}/etc'
target_alias=''

## ----------- ##
## confdefs.h. ##
## ----------- ##

/* confdefs.h */
#define PACKAGE_NAME "RISC-V ISA Simulator"
#define PACKAGE_TARNAME "spike"
#define PACKAGE_VERSION "?"
#define PACKAGE_STRING "RISC-V ISA Simulator ?"
#define PACKAGE_BUGREPORT "Andrew Waterman"
#define PACKAGE_URL ""
#define DTC "/home/zarubaf/bin/dtc"
#define STDC_HEADERS 1
#define HAVE_SYS_TYPES_H 1
#define HAVE_SYS_STAT_H 1
#define HAVE_STDLIB_H 1
#define HAVE_STRING_H 1
#define HAVE_MEMORY_H 1
#define HAVE_STRINGS_H 1
#define HAVE_INTTYPES_H 1
#define HAVE_STDINT_H 1
#define HAVE_UNISTD_H 1
#define STDC_HEADERS 1
#define RISCV_ENABLED /**/
#define DEFAULT_ISA "RV64IMAFDC"
#define HAVE_LIBFESVR 1
#define HAVE_LIBPTHREAD 1
#define RISCV_ENABLE_COMMITLOG /**/
#define DUMMY_ROCC_ENABLED /**/
#define SOFTFLOAT_ENABLED /**/
#define SPIKE_MAIN_ENABLED /**/

configure: exit 0

## ---------------------- ##
## Running config.status. ##
## ---------------------- ##

This file was extended by RISC-V ISA Simulator config.status ?, which was
generated by GNU Autoconf 2.69.  Invocation command line was

  CONFIG_FILES    = 
  CONFIG_HEADERS  = 
  CONFIG_LINKS    = 
  CONFIG_COMMANDS = 
  $ ./config.status 

on dachstein.ee.ethz.ch

config.status:841: creating riscv.mk
config.status:841: creating dummy_rocc.mk
config.status:841: creating softfloat.mk
config.status:841: creating spike_main.mk
config.status:841: creating Makefile
config.status:841: creating riscv-spike.pc
config.status:841: creating riscv-riscv.pc
config.status:841: creating riscv-softfloat.pc
config.status:841: creating riscv-dummy_rocc.pc
config.status:841: creating riscv-spike_main.pc
config.status:841: creating config.h
config.status:1001: config.h is unchanged
