                Time          Cycles PC       Instr    Mnemonic
     76ns               4 00000080 00004197                     auipc x3, 0x4000  x3=00004080
     86ns               5 00000084 b3818193                   addi x3, x3, -1224  x3=00003bb8  x3:00004080
     96ns               6 00000088 00004117                     auipc x2, 0x4000  x2=00004088
    106ns               7 0000008c 3b810113                     addi x2, x2, 952  x2=00004440  x2:00004088
    116ns               8 00000090 00000517                       auipc x10, 0x0 x10=00000090
    126ns               9 00000094 f7050513                  addi x10, x10, -144 x10=00000000 x10:00000090
    136ns              10 00000098 30551073                 csrrw x0, x10, 0x305 x10:00000000
    146ns              11 0000009c 04418513                     addi x10, x3, 68 x10=00003bfc  x3:00003bb8
    156ns              12 000000a0 07c18613                    addi x12, x3, 124 x12=00003c34  x3:00003bb8
    166ns              13 000000a4 40a60633                    sub x12, x12, x10 x12=00000038 x12:00003c34 x10:00003bfc
    176ns              14 000000a6 00000593                      addi x11, x0, 0 x11=00000000
    186ns              15 000000a8 3a0000ef                          jal x1, 928  x1=000000aa
    206ns              17 00000448 00f00313                      addi x6, x0, 15  x6=0000000f
    216ns              18 0000044c 00050713                     addi x14, x10, 0 x14=00003bfc x10:00003bfc
    226ns              19 00000450 02c37e63                     bgeu x6, x12, 60  x6:0000000f x12:00000038
    236ns              20 00000454 00f77793                    andi x15, x14, 15 x15=0000000c x14:00003bfc
    246ns              21 00000458 0a079063                     bne x15, x0, 160 x15:0000000c
    276ns              24 000004f8 00279693                   slli x13, x15, 0x2 x13=00000030 x15:0000000c
    286ns              25 000004fc 00000297                        auipc x5, 0x0  x5=000004fc
    296ns              26 00000500 005686b3                     add x13, x13, x5 x13=0000052c x13:00000030  x5:000004fc
    306ns              27 00000504 00008293                       addi x5, x1, 0  x5=000000aa  x1:000000aa
    316ns              28 00000508 fa0680e7                    jalr x1, x13, -96  x1=0000050c x13:0000052c
    336ns              30 000004cc 00b701a3                       sb x11, 3(x14) x11:00000000 x14:00003bfc  PA:00003bff
    346ns              31 000004d0 00b70123                       sb x11, 2(x14) x11:00000000 x14:00003bfc  PA:00003bfe
    356ns              32 000004d4 00b700a3                       sb x11, 1(x14) x11:00000000 x14:00003bfc  PA:00003bfd
    366ns              33 000004d8 00b70023                       sb x11, 0(x14) x11:00000000 x14:00003bfc  PA:00003bfc
    376ns              34 000004dc 00008067                       jalr x0, x1, 0  x1:0000050c
    396ns              36 0000050c 00028093                       addi x1, x5, 0  x1=000000aa  x5:000000aa
    406ns              37 00000510 ff078793                   addi x15, x15, -16 x15=fffffffc x15:0000000c
    416ns              38 00000514 40f70733                    sub x14, x14, x15 x14=00003c00 x14:00003bfc x15:fffffffc
    426ns              39 00000518 00f60633                    add x12, x12, x15 x12=00000034 x12:00000038 x15:fffffffc
    436ns              40 0000051c f6c378e3                   bgeu x6, x12, -144  x6:0000000f x12:00000034
    446ns              41 00000520 f3dff06f                         jal x0, -196
    466ns              43 0000045c 08059263                     bne x11, x0, 132 x11:00000000
    476ns              44 00000460 ff067693                   andi x13, x12, -16 x13=00000030 x12:00000034
    486ns              45 00000464 00f67613                    andi x12, x12, 15 x12=00000004 x12:00000034
    496ns              46 00000468 00e686b3                    add x13, x13, x14 x13=00003c30 x13:00000030 x14:00003c00
    506ns              47 0000046c 00b72023                       sw x11, 0(x14) x11:00000000 x14:00003c00  PA:00003c00
    516ns              48 00000470 00b72223                       sw x11, 4(x14) x11:00000000 x14:00003c00  PA:00003c04
    526ns              49 00000474 00b72423                       sw x11, 8(x14) x11:00000000 x14:00003c00  PA:00003c08
    536ns              50 00000478 00b72623                      sw x11, 12(x14) x11:00000000 x14:00003c00  PA:00003c0c
    546ns              51 0000047c 01070713                    addi x14, x14, 16 x14=00003c10 x14:00003c00
    556ns              52 00000480 fed766e3                   bltu x14, x13, -20 x14:00003c10 x13:00003c30
    586ns              55 0000046c 00b72023                       sw x11, 0(x14) x11:00000000 x14:00003c10  PA:00003c10
    596ns              56 00000470 00b72223                       sw x11, 4(x14) x11:00000000 x14:00003c10  PA:00003c14
    606ns              57 00000474 00b72423                       sw x11, 8(x14) x11:00000000 x14:00003c10  PA:00003c18
    616ns              58 00000478 00b72623                      sw x11, 12(x14) x11:00000000 x14:00003c10  PA:00003c1c
    626ns              59 0000047c 01070713                    addi x14, x14, 16 x14=00003c20 x14:00003c10
    636ns              60 00000480 fed766e3                   bltu x14, x13, -20 x14:00003c20 x13:00003c30
    666ns              63 0000046c 00b72023                       sw x11, 0(x14) x11:00000000 x14:00003c20  PA:00003c20
    676ns              64 00000470 00b72223                       sw x11, 4(x14) x11:00000000 x14:00003c20  PA:00003c24
    686ns              65 00000474 00b72423                       sw x11, 8(x14) x11:00000000 x14:00003c20  PA:00003c28
    696ns              66 00000478 00b72623                      sw x11, 12(x14) x11:00000000 x14:00003c20  PA:00003c2c
    706ns              67 0000047c 01070713                    addi x14, x14, 16 x14=00003c30 x14:00003c20
    716ns              68 00000480 fed766e3                   bltu x14, x13, -20 x14:00003c30 x13:00003c30
    726ns              69 00000484 00061463                       bne x12, x0, 8 x12:00000004
    756ns              72 0000048c 40c306b3                     sub x13, x6, x12 x13=0000000b  x6:0000000f x12:00000004
    766ns              73 00000490 00269693                   slli x13, x13, 0x2 x13=0000002c x13:0000000b
    776ns              74 00000494 00000297                        auipc x5, 0x0  x5=00000494
    786ns              75 00000498 005686b3                     add x13, x13, x5 x13=000004c0 x13:0000002c  x5:00000494
    806ns              77 0000049c 00c68067                     jalr x0, x13, 12 x13:000004c0
    826ns              79 000004cc 00b701a3                       sb x11, 3(x14) x11:00000000 x14:00003c30  PA:00003c33
    836ns              80 000004d0 00b70123                       sb x11, 2(x14) x11:00000000 x14:00003c30  PA:00003c32
    846ns              81 000004d4 00b700a3                       sb x11, 1(x14) x11:00000000 x14:00003c30  PA:00003c31
    856ns              82 000004d8 00b70023                       sb x11, 0(x14) x11:00000000 x14:00003c30  PA:00003c30
    866ns              83 000004dc 00008067                       jalr x0, x1, 0  x1:000000aa
    886ns              85 000000aa 00000517                       auipc x10, 0x0 x10=000000aa
    906ns              87 000000ae 2a650513                   addi x10, x10, 678 x10=00000350 x10:000000aa
    916ns              88 000000b2 25a000ef                          jal x1, 602  x1=000000b4
    936ns              90 0000030c 00050593                     addi x11, x10, 0 x11=00000350 x10:00000350
    946ns              91 00000310 00000693                      addi x13, x0, 0 x13=00000000
    956ns              92 00000314 00000613                      addi x12, x0, 0 x12=00000000
    966ns              93 00000318 00000513                      addi x10, x0, 0 x10=00000000
    976ns              94 0000031c 4b80006f                         jal x0, 1208
    996ns              96 000007d4 0301a703                       lw x14, 48(x3) x14=000033b8  x3:00003bb8  PA:00003be8
   1016ns              98 000007d8 14872783                     lw x15, 328(x14) x15=00000000 x14:000033b8  PA:00003500
   1036ns             100 000007dc 04078c63                      beq x15, x0, 88 x15:00000000
   1066ns             103 00000834 14c70793                   addi x15, x14, 332 x15=00003504 x14:000033b8
   1076ns             104 00000838 14f72423                     sw x15, 328(x14) x15:00003504 x14:000033b8  PA:00003500
   1086ns             105 0000083c fa5ff06f                          jal x0, -92
   1106ns             107 000007e0 0047a703                       lw x14, 4(x15) x14=00000000 x15:00003504  PA:00003508
   1116ns             108 000007e4 01f00813                     addi x16, x0, 31 x16=0000001f
   1126ns             109 000007e8 06e84e63                    blt x16, x14, 124 x16:0000001f x14:00000000
   1136ns             110 000007ec 00271813                   slli x16, x14, 0x2 x16=00000000 x14:00000000
   1146ns             111 000007f0 02050663                      beq x10, x0, 44 x10:00000000
   1176ns             114 0000081c 00170713                     addi x14, x14, 1 x14=00000001 x14:00000000
   1186ns             115 00000820 00e7a223                       sw x14, 4(x15) x14:00000001 x15:00003504  PA:00003508
   1196ns             116 00000824 010787b3                    add x15, x15, x16 x15=00003504 x15:00003504 x16:00000000
   1206ns             117 00000828 00b7a423                       sw x11, 8(x15) x11:00000350 x15:00003504  PA:0000350c
   1216ns             118 0000082c 00000513                      addi x10, x0, 0 x10=00000000
   1226ns             119 00000830 00008067                       jalr x0, x1, 0  x1:000000b4
   1246ns             121 000000b4 2f8000ef                          jal x1, 760  x1=000000b6
   1266ns             123 000003ac ff010113                     addi x2, x2, -16  x2=00004430  x2:00004440
   1276ns             124 000003b0 00812423                         sw x8, 8(x2)  x8:00000000  x2:00004430  PA:00004438
   1286ns             125 000003b4 01212023                        sw x18, 0(x2) x18:00000000  x2:00004430  PA:00004430
   1296ns             126 000003b8 00003437                       lui x8, 0x3000  x8=00003000
   1306ns             127 000003bc 00003937                      lui x18, 0x3000 x18=00003000
   1316ns             128 000003c0 3b040793                    addi x15, x8, 944 x15=000033b0  x8:00003000
   1326ns             129 000003c4 3b090913                   addi x18, x18, 944 x18=000033b0 x18:00003000
   1336ns             130 000003c8 40f90933                    sub x18, x18, x15 x18=00000000 x18:000033b0 x15:000033b0
   1346ns             131 000003cc 00112623                        sw x1, 12(x2)  x1:000000b6  x2:00004430  PA:0000443c
   1356ns             132 000003d0 00912223                         sw x9, 4(x2)  x9:00000000  x2:00004430  PA:00004434
   1366ns             133 000003d4 40295913                 srai x18, x18, 0x402 x18=00000000 x18:00000000
   1376ns             134 000003d8 02090063                      beq x18, x0, 32 x18:00000000
   1406ns             137 000003f8 00003437                       lui x8, 0x3000  x8=00003000
   1416ns             138 000003fc 00003937                      lui x18, 0x3000 x18=00003000
   1426ns             139 00000400 3b040793                    addi x15, x8, 944 x15=000033b0  x8:00003000
   1436ns             140 00000404 3b490913                   addi x18, x18, 948 x18=000033b4 x18:00003000
   1446ns             141 00000408 40f90933                    sub x18, x18, x15 x18=00000004 x18:000033b4 x15:000033b0
   1456ns             142 0000040c 40295913                 srai x18, x18, 0x402 x18=00000001 x18:00000004
   1466ns             143 00000410 02090063                      beq x18, x0, 32 x18:00000001
   1476ns             144 00000414 3b040413                     addi x8, x8, 944  x8=000033b0  x8:00003000
   1486ns             145 00000418 00000493                       addi x9, x0, 0  x9=00000000
   1496ns             146 0000041c 00042783                        lw x15, 0(x8) x15=000000dc  x8:000033b0  PA:000033b0
   1506ns             147 00000420 00148493                       addi x9, x9, 1  x9=00000001  x9:00000000
   1516ns             148 00000424 00440413                       addi x8, x8, 4  x8=000033b4  x8:000033b0
   1526ns             149 00000428 000780e7                      jalr x1, x15, 0  x1=0000042c x15:000000dc
   1546ns             151 000000dc 000007b7                         lui x15, 0x0 x15=00000000
   1556ns             152 000000e0 00078793                     addi x15, x15, 0 x15=00000000 x15:00000000
   1566ns             153 000000e4 00078663                      beq x15, x0, 12 x15:00000000
   1596ns             156 000000f0 00008067                       jalr x0, x1, 0  x1:0000042c
   1616ns             158 0000042c fe9918e3                     bne x18, x9, -16 x18:00000001  x9:00000001
   1626ns             159 00000430 00c12083                        lw x1, 12(x2)  x1=000000b6  x2:00004430  PA:0000443c
   1636ns             160 00000434 00812403                         lw x8, 8(x2)  x8=00000000  x2:00004430  PA:00004438
   1646ns             161 00000438 00412483                         lw x9, 4(x2)  x9=00000000  x2:00004430  PA:00004434
   1656ns             162 0000043c 00012903                        lw x18, 0(x2) x18=00000000  x2:00004430  PA:00004430
   1666ns             163 00000440 01010113                      addi x2, x2, 16  x2=00004440  x2:00004430
   1676ns             164 00000444 00008067                       jalr x0, x1, 0  x1:000000b6
   1696ns             166 000000b6 00012503                        lw x10, 0(x2) x10=xxxxxxxx  x2:00004440  PA:00004440
   1706ns             167 000000b8 00410593                      addi x11, x2, 4 x11=00004444  x2:00004440
   1716ns             168 000000ba 00000613                      addi x12, x0, 0 x12=00000000
   1726ns             169 000000bc 008000ef                            jal x1, 8  x1=000000be
   1746ns             171 000000c4 ff010113                     addi x2, x2, -16  x2=00004430  x2:00004440
   1756ns             172 000000c6 00112623                        sw x1, 12(x2)  x1:000000be  x2:00004430  PA:0000443c
   1766ns             173 000000c8 00000073                                ecall
   1806ns             177 00000000 2900006f                          jal x0, 656
   1826ns             179 00000290 342022f3                  csrrs x5, x0, 0x342  x5=0000000b
   1836ns             180 00000294 00129293                     slli x5, x5, 0x1  x5=00000016  x5:0000000b
   1846ns             181 00000298 0012d293                     srli x5, x5, 0x1  x5=0000000b  x5:00000016
   1856ns             182 0000029c 00200313                       addi x6, x0, 2  x6=00000002
   1866ns             183 000002a0 02628c63                       beq x5, x6, 56  x5:0000000b  x6:00000002
   1876ns             184 000002a4 00b00313                      addi x6, x0, 11  x6=0000000b
   1886ns             185 000002a8 00628863                       beq x5, x6, 16  x5:0000000b  x6:0000000b
   1916ns             188 000002b8 00003517                    auipc x10, 0x3000 x10=000032b8
   1926ns             189 000002bc 06e50513                   addi x10, x10, 110 x10=00003326 x10:000032b8
   1936ns             190 000002c0 334000ef                          jal x1, 820  x1=000002c4
   1956ns             192 000005f4 00050593                     addi x11, x10, 0 x11=00003326 x10:00003326
   1966ns             193 000005f8 0381a503                       lw x10, 56(x3) x10=000033b8  x3:00003bb8  PA:00003bf0
   1976ns             194 000005fc f29ff06f                         jal x0, -216
   1996ns             196 00000524 fc010113                     addi x2, x2, -64  x2=000043f0  x2:00004430
   2006ns             197 00000528 02812c23                        sw x8, 56(x2)  x8:00000000  x2:000043f0  PA:00004428
   2016ns             198 0000052c 00050413                      addi x8, x10, 0  x8=000033b8 x10:000033b8
   2026ns             199 00000530 00058513                     addi x10, x11, 0 x10=00003326 x11:00003326
   2036ns             200 00000534 02912a23                        sw x9, 52(x2)  x9:00000000  x2:000043f0  PA:00004424
   2046ns             201 00000538 02112e23                        sw x1, 60(x2)  x1:000002c4  x2:000043f0  PA:0000442c
   2056ns             202 0000053c 00058493                      addi x9, x11, 0  x9=00003326 x11:00003326
   2066ns             203 00000540 208000ef                          jal x1, 520  x1=00000544
   2086ns             205 00000748 00357793                     andi x15, x10, 3 x15=00000002 x10:00003326
   2096ns             206 0000074c 00050713                     addi x14, x10, 0 x14=00003326 x10:00003326
   2106ns             207 00000750 04079c63                      bne x15, x0, 88 x15:00000002
   2136ns             210 000007a8 00074783                      lbu x15, 0(x14) x15=00000065 x14:00003326  PA:00003326
   2146ns             211 000007ac 00170713                     addi x14, x14, 1 x14=00003327 x14:00003326
   2156ns             212 000007b0 00377693                     andi x13, x14, 3 x13=00000003 x14:00003327
   2166ns             213 000007b4 fe0798e3                     bne x15, x0, -16 x15:00000065
   2196ns             216 000007a4 fa0688e3                     beq x13, x0, -80 x13:00000003
   2206ns             217 000007a8 00074783                      lbu x15, 0(x14) x15=00000063 x14:00003327  PA:00003327
   2216ns             218 000007ac 00170713                     addi x14, x14, 1 x14=00003328 x14:00003327
   2226ns             219 000007b0 00377693                     andi x13, x14, 3 x13=00000000 x14:00003328
   2236ns             220 000007b4 fe0798e3                     bne x15, x0, -16 x15:00000063
   2266ns             223 000007a4 fa0688e3                     beq x13, x0, -80 x13:00000000
   2296ns             226 00000754 7f7f86b7                  lui x13, 0x7f7f8000 x13=7f7f8000
   2306ns             227 00000758 f7f68693                  addi x13, x13, -129 x13=7f7f7f7f x13:7f7f8000
   2316ns             228 0000075c fff00593                     addi x11, x0, -1 x11=ffffffff
   2326ns             229 00000760 00072603                       lw x12, 0(x14) x12=206c6c61 x14:00003328  PA:00003328
   2336ns             230 00000764 00470713                     addi x14, x14, 4 x14=0000332c x14:00003328
   2346ns             231 00000768 00d677b3                    and x15, x12, x13 x15=206c6c61 x12:206c6c61 x13:7f7f7f7f
   2356ns             232 0000076c 00d787b3                    add x15, x15, x13 x15=9febebe0 x15:206c6c61 x13:7f7f7f7f
   2366ns             233 00000770 00c7e7b3                     or x15, x15, x12 x15=bfefefe1 x15:9febebe0 x12:206c6c61
   2376ns             234 00000774 00d7e7b3                     or x15, x15, x13 x15=ffffffff x15:bfefefe1 x13:7f7f7f7f
   2386ns             235 00000778 feb784e3                    beq x15, x11, -24 x15:ffffffff x11:ffffffff
   2416ns             238 00000760 00072603                       lw x12, 0(x14) x12=65637865 x14:0000332c  PA:0000332c
   2426ns             239 00000764 00470713                     addi x14, x14, 4 x14=00003330 x14:0000332c
   2436ns             240 00000768 00d677b3                    and x15, x12, x13 x15=65637865 x12:65637865 x13:7f7f7f7f
   2446ns             241 0000076c 00d787b3                    add x15, x15, x13 x15=e4e2f7e4 x15:65637865 x13:7f7f7f7f
   2456ns             242 00000770 00c7e7b3                     or x15, x15, x12 x15=e5e3ffe5 x15:e4e2f7e4 x12:65637865
   2466ns             243 00000774 00d7e7b3                     or x15, x15, x13 x15=ffffffff x15:e5e3ffe5 x13:7f7f7f7f
   2476ns             244 00000778 feb784e3                    beq x15, x11, -24 x15:ffffffff x11:ffffffff
   2506ns             247 00000760 00072603                       lw x12, 0(x14) x12=6f697470 x14:00003330  PA:00003330
   2516ns             248 00000764 00470713                     addi x14, x14, 4 x14=00003334 x14:00003330
   2526ns             249 00000768 00d677b3                    and x15, x12, x13 x15=6f697470 x12:6f697470 x13:7f7f7f7f
   2536ns             250 0000076c 00d787b3                    add x15, x15, x13 x15=eee8f3ef x15:6f697470 x13:7f7f7f7f
   2546ns             251 00000770 00c7e7b3                     or x15, x15, x12 x15=efe9f7ff x15:eee8f3ef x12:6f697470
   2556ns             252 00000774 00d7e7b3                     or x15, x15, x13 x15=ffffffff x15:efe9f7ff x13:7f7f7f7f
   2566ns             253 00000778 feb784e3                    beq x15, x11, -24 x15:ffffffff x11:ffffffff
   2596ns             256 00000760 00072603                       lw x12, 0(x14) x12=6168206e x14:00003334  PA:00003334
   2606ns             257 00000764 00470713                     addi x14, x14, 4 x14=00003338 x14:00003334
   2616ns             258 00000768 00d677b3                    and x15, x12, x13 x15=6168206e x12:6168206e x13:7f7f7f7f
   2626ns             259 0000076c 00d787b3                    add x15, x15, x13 x15=e0e79fed x15:6168206e x13:7f7f7f7f
   2636ns             260 00000770 00c7e7b3                     or x15, x15, x12 x15=e1efbfef x15:e0e79fed x12:6168206e
   2646ns             261 00000774 00d7e7b3                     or x15, x15, x13 x15=ffffffff x15:e1efbfef x13:7f7f7f7f
   2656ns             262 00000778 feb784e3                    beq x15, x11, -24 x15:ffffffff x11:ffffffff
   2686ns             265 00000760 00072603                       lw x12, 0(x14) x12=656c646e x14:00003338  PA:00003338
   2696ns             266 00000764 00470713                     addi x14, x14, 4 x14=0000333c x14:00003338
   2706ns             267 00000768 00d677b3                    and x15, x12, x13 x15=656c646e x12:656c646e x13:7f7f7f7f
   2716ns             268 0000076c 00d787b3                    add x15, x15, x13 x15=e4ebe3ed x15:656c646e x13:7f7f7f7f
   2726ns             269 00000770 00c7e7b3                     or x15, x15, x12 x15=e5efe7ef x15:e4ebe3ed x12:656c646e
   2736ns             270 00000774 00d7e7b3                     or x15, x15, x13 x15=ffffffff x15:e5efe7ef x13:7f7f7f7f
   2746ns             271 00000778 feb784e3                    beq x15, x11, -24 x15:ffffffff x11:ffffffff
   2776ns             274 00000760 00072603                       lw x12, 0(x14) x12=6e652072 x14:0000333c  PA:0000333c
   2786ns             275 00000764 00470713                     addi x14, x14, 4 x14=00003340 x14:0000333c
   2796ns             276 00000768 00d677b3                    and x15, x12, x13 x15=6e652072 x12:6e652072 x13:7f7f7f7f
   2806ns             277 0000076c 00d787b3                    add x15, x15, x13 x15=ede49ff1 x15:6e652072 x13:7f7f7f7f
   2816ns             278 00000770 00c7e7b3                     or x15, x15, x12 x15=efe5bff3 x15:ede49ff1 x12:6e652072
   2826ns             279 00000774 00d7e7b3                     or x15, x15, x13 x15=ffffffff x15:efe5bff3 x13:7f7f7f7f
   2836ns             280 00000778 feb784e3                    beq x15, x11, -24 x15:ffffffff x11:ffffffff
   2866ns             283 00000760 00072603                       lw x12, 0(x14) x12=65726574 x14:00003340  PA:00003340
   2876ns             284 00000764 00470713                     addi x14, x14, 4 x14=00003344 x14:00003340
   2886ns             285 00000768 00d677b3                    and x15, x12, x13 x15=65726574 x12:65726574 x13:7f7f7f7f
   2896ns             286 0000076c 00d787b3                    add x15, x15, x13 x15=e4f1e4f3 x15:65726574 x13:7f7f7f7f
   2906ns             287 00000770 00c7e7b3                     or x15, x15, x12 x15=e5f3e5f7 x15:e4f1e4f3 x12:65726574
   2916ns             288 00000774 00d7e7b3                     or x15, x15, x13 x15=ffffffff x15:e5f3e5f7 x13:7f7f7f7f
   2926ns             289 00000778 feb784e3                    beq x15, x11, -24 x15:ffffffff x11:ffffffff
   2956ns             292 00000760 00072603                       lw x12, 0(x14) x12=65000a64 x14:00003344  PA:00003344
   2966ns             293 00000764 00470713                     addi x14, x14, 4 x14=00003348 x14:00003344
   2976ns             294 00000768 00d677b3                    and x15, x12, x13 x15=65000a64 x12:65000a64 x13:7f7f7f7f
   2986ns             295 0000076c 00d787b3                    add x15, x15, x13 x15=e47f89e3 x15:65000a64 x13:7f7f7f7f
   2996ns             296 00000770 00c7e7b3                     or x15, x15, x12 x15=e57f8be7 x15:e47f89e3 x12:65000a64
   3006ns             297 00000774 00d7e7b3                     or x15, x15, x13 x15=ff7fffff x15:e57f8be7 x13:7f7f7f7f
   3016ns             298 00000778 feb784e3                    beq x15, x11, -24 x15:ff7fffff x11:ffffffff
   3026ns             299 0000077c ffc74683                     lbu x13, -4(x14) x13=00000064 x14:00003348  PA:00003344
   3036ns             300 00000780 ffd74603                     lbu x12, -3(x14) x12=0000000a x14:00003348  PA:00003345
   3046ns             301 00000784 ffe74783                     lbu x15, -2(x14) x15=00000000 x14:00003348  PA:00003346
   3056ns             302 00000788 40a70733                    sub x14, x14, x10 x14=00000022 x14:00003348 x10:00003326
   3066ns             303 0000078c 04068063                      beq x13, x0, 64 x13:00000064
   3076ns             304 00000790 02060a63                      beq x12, x0, 52 x12:0000000a
   3086ns             305 00000794 00f03533                    sltu x10, x0, x15 x10=00000000 x15:00000000
   3096ns             306 00000798 00e50533                    add x10, x10, x14 x10=00000022 x10:00000000 x14:00000022
   3106ns             307 0000079c ffe50513                    addi x10, x10, -2 x10=00000020 x10:00000022
   3116ns             308 000007a0 00008067                       jalr x0, x1, 0  x1:00000544
   3136ns             310 00000544 000037b7                      lui x15, 0x3000 x15=00003000
   3146ns             311 00000548 3ac78793                   addi x15, x15, 940 x15=000033ac x15:00003000
   3156ns             312 0000054c 02f12423                       sw x15, 40(x2) x15:000033ac  x2:000043f0  PA:00004418
   3166ns             313 00000550 00100793                      addi x15, x0, 1 x15=00000001
   3176ns             314 00000554 02f12623                       sw x15, 44(x2) x15:00000001  x2:000043f0  PA:0000441c
   3186ns             315 00000558 03842703                       lw x14, 56(x8) x14=00000000  x8:000033b8  PA:000033f0
   3196ns             316 0000055c 02010793                     addi x15, x2, 32 x15=00004410  x2:000043f0
   3206ns             317 00000560 00150693                     addi x13, x10, 1 x13=00000021 x10:00000020
   3216ns             318 00000564 00f12a23                       sw x15, 20(x2) x15:00004410  x2:000043f0  PA:00004404
   3226ns             319 00000568 00200793                      addi x15, x0, 2 x15=00000002
   3236ns             320 0000056c 02912023                        sw x9, 32(x2)  x9:00003326  x2:000043f0  PA:00004410
   3246ns             321 00000570 02a12223                       sw x10, 36(x2) x10:00000020  x2:000043f0  PA:00004414
   3256ns             322 00000574 00d12e23                       sw x13, 28(x2) x13:00000021  x2:000043f0  PA:0000440c
   3266ns             323 00000578 00f12c23                       sw x15, 24(x2) x15:00000002  x2:000043f0  PA:00004408
   3276ns             324 0000057c 00842583                        lw x11, 8(x8) x11=0000370c  x8:000033b8  PA:000033c0
   3286ns             325 00000580 06070063                      beq x14, x0, 96 x14:00000000
   3316ns             328 000005e0 00040513                      addi x10, x8, 0 x10=000033b8  x8:000033b8
   3326ns             329 000005e4 00b12623                       sw x11, 12(x2) x11:0000370c  x2:000043f0  PA:000043fc
   3336ns             330 000005e8 6c0000ef                         jal x1, 1728  x1=000005ec
   3356ns             332 00000ca8 03852783                      lw x15, 56(x10) x15=00000000 x10:000033b8  PA:000033f0
   3376ns             334 00000cac 00078463                       beq x15, x0, 8 x15:00000000
   3406ns             337 00000cb4 cedff06f                         jal x0, -788
   3426ns             339 000009a0 fe010113                     addi x2, x2, -32  x2=000043d0  x2:000043f0
   3436ns             340 000009a4 000017b7                      lui x15, 0x1000 x15=00001000
   3446ns             341 000009a8 00112e23                        sw x1, 28(x2)  x1:000005ec  x2:000043d0  PA:000043ec
   3456ns             342 000009ac 00812c23                        sw x8, 24(x2)  x8:000033b8  x2:000043d0  PA:000043e8
   3466ns             343 000009b0 00912a23                        sw x9, 20(x2)  x9:00003326  x2:000043d0  PA:000043e4
   3476ns             344 000009b4 01212823                       sw x18, 16(x2) x18:00000000  x2:000043d0  PA:000043e0
   3486ns             345 000009b8 01312623                       sw x19, 12(x2) x19:00000000  x2:000043d0  PA:000043dc
   3496ns             346 000009bc 01412423                        sw x20, 8(x2) x20:00000000  x2:000043d0  PA:000043d8
   3506ns             347 000009c0 01512223                        sw x21, 4(x2) x21:00000000  x2:000043d0  PA:000043d4
   3516ns             348 000009c4 01612023                        sw x22, 0(x2) x22:00000000  x2:000043d0  PA:000043d0
   3526ns             349 000009c8 00452403                        lw x8, 4(x10)  x8=000036a4 x10:000033b8  PA:000033bc
   3536ns             350 000009cc 99478793                 addi x15, x15, -1644 x15=00000994 x15:00001000
   3546ns             351 000009d0 02f52e23                      sw x15, 60(x10) x15:00000994 x10:000033b8  PA:000033f4
   3556ns             352 000009d4 2ec50713                   addi x14, x10, 748 x14=000036a4 x10:000033b8
   3566ns             353 000009d8 00300793                      addi x15, x0, 3 x15=00000003
   3576ns             354 000009dc 2ee52423                     sw x14, 744(x10) x14:000036a4 x10:000033b8  PA:000036a0
   3586ns             355 000009e0 2ef52223                     sw x15, 740(x10) x15:00000003 x10:000033b8  PA:0000369c
   3596ns             356 000009e4 2e052023                      sw x0, 736(x10) x10:000033b8  PA:00003698
   3606ns             357 000009e8 00400793                      addi x15, x0, 4 x15=00000004
   3616ns             358 000009ec 00050913                     addi x18, x10, 0 x18=000033b8 x10:000033b8
   3626ns             359 000009f0 00f42623                       sw x15, 12(x8) x15:00000004  x8:000036a4  PA:000036b0
   3636ns             360 000009f4 00800613                      addi x12, x0, 8 x12=00000008
   3646ns             361 000009f8 00000593                      addi x11, x0, 0 x11=00000000
   3656ns             362 000009fc 06042223                       sw x0, 100(x8)  x8:000036a4  PA:00003708
   3666ns             363 00000a00 00042023                         sw x0, 0(x8)  x8:000036a4  PA:000036a4
   3676ns             364 00000a04 00042223                         sw x0, 4(x8)  x8:000036a4  PA:000036a8
   3686ns             365 00000a08 00042423                         sw x0, 8(x8)  x8:000036a4  PA:000036ac
   3696ns             366 00000a0c 00042823                        sw x0, 16(x8)  x8:000036a4  PA:000036b4
   3706ns             367 00000a10 00042a23                        sw x0, 20(x8)  x8:000036a4  PA:000036b8
   3716ns             368 00000a14 00042c23                        sw x0, 24(x8)  x8:000036a4  PA:000036bc
   3726ns             369 00000a18 05c40513                     addi x10, x8, 92 x10=00003700  x8:000036a4
   3736ns             370 00000a1c a2dff0ef                        jal x1, -1492  x1=00000a20
   3756ns             372 00000448 00f00313                      addi x6, x0, 15  x6=0000000f
   3766ns             373 0000044c 00050713                     addi x14, x10, 0 x14=00003700 x10:00003700
   3776ns             374 00000450 02c37e63                     bgeu x6, x12, 60  x6:0000000f x12:00000008
   3806ns             377 0000048c 40c306b3                     sub x13, x6, x12 x13=00000007  x6:0000000f x12:00000008
   3816ns             378 00000490 00269693                   slli x13, x13, 0x2 x13=0000001c x13:00000007
   3826ns             379 00000494 00000297                        auipc x5, 0x0  x5=00000494
   3836ns             380 00000498 005686b3                     add x13, x13, x5 x13=000004b0 x13:0000001c  x5:00000494
   3856ns             382 0000049c 00c68067                     jalr x0, x13, 12 x13:000004b0
   3876ns             384 000004bc 00b703a3                       sb x11, 7(x14) x11:00000000 x14:00003700  PA:00003707
   3886ns             385 000004c0 00b70323                       sb x11, 6(x14) x11:00000000 x14:00003700  PA:00003706
   3896ns             386 000004c4 00b702a3                       sb x11, 5(x14) x11:00000000 x14:00003700  PA:00003705
   3906ns             387 000004c8 00b70223                       sb x11, 4(x14) x11:00000000 x14:00003700  PA:00003704
   3916ns             388 000004cc 00b701a3                       sb x11, 3(x14) x11:00000000 x14:00003700  PA:00003703
   3926ns             389 000004d0 00b70123                       sb x11, 2(x14) x11:00000000 x14:00003700  PA:00003702
   3936ns             390 000004d4 00b700a3                       sb x11, 1(x14) x11:00000000 x14:00003700  PA:00003701
   3946ns             391 000004d8 00b70023                       sb x11, 0(x14) x11:00000000 x14:00003700  PA:00003700
   3956ns             392 000004dc 00008067                       jalr x0, x1, 0  x1:00000a20
   3976ns             394 00000a20 00002b37                      lui x22, 0x2000 x22=00002000
   3986ns             395 00000a24 00892483                        lw x9, 8(x18)  x9=0000370c x18:000033b8  PA:000033c0
   3996ns             396 00000a28 00002ab7                      lui x21, 0x2000 x21=00002000
   4006ns             397 00000a2c 00003a37                      lui x20, 0x3000 x20=00003000
   4016ns             398 00000a30 000039b7                      lui x19, 0x3000 x19=00003000
   4026ns             399 00000a34 798b0b13                  addi x22, x22, 1944 x22=00002798 x22:00002000
   4036ns             400 00000a38 7fca8a93                  addi x21, x21, 2044 x21=000027fc x21:00002000
   4046ns             401 00000a3c 884a0a13                 addi x20, x20, -1916 x20=00002884 x20:00003000
   4056ns             402 00000a40 8ec98993                 addi x19, x19, -1812 x19=000028ec x19:00003000
   4066ns             403 00000a44 000107b7                     lui x15, 0x10000 x15=00010000
   4076ns             404 00000a48 03642023                       sw x22, 32(x8) x22:00002798  x8:000036a4  PA:000036c4
   4086ns             405 00000a4c 03542223                       sw x21, 36(x8) x21:000027fc  x8:000036a4  PA:000036c8
   4096ns             406 00000a50 03442423                       sw x20, 40(x8) x20:00002884  x8:000036a4  PA:000036cc
   4106ns             407 00000a54 03342623                       sw x19, 44(x8) x19:000028ec  x8:000036a4  PA:000036d0
   4116ns             408 00000a58 00842e23                        sw x8, 28(x8)  x8:000036a4  x8:000036a4  PA:000036c0
   4126ns             409 00000a5c 00978793                     addi x15, x15, 9 x15=00010009 x15:00010000
   4136ns             410 00000a60 00f4a623                       sw x15, 12(x9) x15:00010009  x9:0000370c  PA:00003718
   4146ns             411 00000a64 00800613                      addi x12, x0, 8 x12=00000008
   4156ns             412 00000a68 00000593                      addi x11, x0, 0 x11=00000000
   4166ns             413 00000a6c 0604a223                       sw x0, 100(x9)  x9:0000370c  PA:00003770
   4176ns             414 00000a70 0004a023                         sw x0, 0(x9)  x9:0000370c  PA:0000370c
   4186ns             415 00000a74 0004a223                         sw x0, 4(x9)  x9:0000370c  PA:00003710
   4196ns             416 00000a78 0004a423                         sw x0, 8(x9)  x9:0000370c  PA:00003714
   4206ns             417 00000a7c 0004a823                        sw x0, 16(x9)  x9:0000370c  PA:0000371c
   4216ns             418 00000a80 0004aa23                        sw x0, 20(x9)  x9:0000370c  PA:00003720
   4226ns             419 00000a84 0004ac23                        sw x0, 24(x9)  x9:0000370c  PA:00003724
   4236ns             420 00000a88 05c48513                     addi x10, x9, 92 x10=00003768  x9:0000370c
   4246ns             421 00000a8c 9bdff0ef                        jal x1, -1604  x1=00000a90
   4266ns             423 00000448 00f00313                      addi x6, x0, 15  x6=0000000f
   4276ns             424 0000044c 00050713                     addi x14, x10, 0 x14=00003768 x10:00003768
   4286ns             425 00000450 02c37e63                     bgeu x6, x12, 60  x6:0000000f x12:00000008
   4316ns             428 0000048c 40c306b3                     sub x13, x6, x12 x13=00000007  x6:0000000f x12:00000008
   4326ns             429 00000490 00269693                   slli x13, x13, 0x2 x13=0000001c x13:00000007
   4336ns             430 00000494 00000297                        auipc x5, 0x0  x5=00000494
   4346ns             431 00000498 005686b3                     add x13, x13, x5 x13=000004b0 x13:0000001c  x5:00000494
   4366ns             433 0000049c 00c68067                     jalr x0, x13, 12 x13:000004b0
   4386ns             435 000004bc 00b703a3                       sb x11, 7(x14) x11:00000000 x14:00003768  PA:0000376f
   4396ns             436 000004c0 00b70323                       sb x11, 6(x14) x11:00000000 x14:00003768  PA:0000376e
   4406ns             437 000004c4 00b702a3                       sb x11, 5(x14) x11:00000000 x14:00003768  PA:0000376d
   4416ns             438 000004c8 00b70223                       sb x11, 4(x14) x11:00000000 x14:00003768  PA:0000376c
   4426ns             439 000004cc 00b701a3                       sb x11, 3(x14) x11:00000000 x14:00003768  PA:0000376b
   4436ns             440 000004d0 00b70123                       sb x11, 2(x14) x11:00000000 x14:00003768  PA:0000376a
   4446ns             441 000004d4 00b700a3                       sb x11, 1(x14) x11:00000000 x14:00003768  PA:00003769
   4456ns             442 000004d8 00b70023                       sb x11, 0(x14) x11:00000000 x14:00003768  PA:00003768
   4466ns             443 000004dc 00008067                       jalr x0, x1, 0  x1:00000a90
   4486ns             445 00000a90 00c92403                       lw x8, 12(x18)  x8=00003774 x18:000033b8  PA:000033c4
   4496ns             446 00000a94 000207b7                     lui x15, 0x20000 x15=00020000
   4506ns             447 00000a98 0364a023                       sw x22, 32(x9) x22:00002798  x9:0000370c  PA:0000372c
   4516ns             448 00000a9c 0354a223                       sw x21, 36(x9) x21:000027fc  x9:0000370c  PA:00003730
   4526ns             449 00000aa0 0344a423                       sw x20, 40(x9) x20:00002884  x9:0000370c  PA:00003734
   4536ns             450 00000aa4 0334a623                       sw x19, 44(x9) x19:000028ec  x9:0000370c  PA:00003738
   4546ns             451 00000aa8 0094ae23                        sw x9, 28(x9)  x9:0000370c  x9:0000370c  PA:00003728
   4556ns             452 00000aac 01278793                    addi x15, x15, 18 x15=00020012 x15:00020000
   4566ns             453 00000ab0 00f42623                       sw x15, 12(x8) x15:00020012  x8:00003774  PA:00003780
   4576ns             454 00000ab4 06042223                       sw x0, 100(x8)  x8:00003774  PA:000037d8
   4586ns             455 00000ab8 00042023                         sw x0, 0(x8)  x8:00003774  PA:00003774
   4596ns             456 00000abc 00042223                         sw x0, 4(x8)  x8:00003774  PA:00003778
   4606ns             457 00000ac0 00042423                         sw x0, 8(x8)  x8:00003774  PA:0000377c
   4616ns             458 00000ac4 00042823                        sw x0, 16(x8)  x8:00003774  PA:00003784
   4626ns             459 00000ac8 00042a23                        sw x0, 20(x8)  x8:00003774  PA:00003788
   4636ns             460 00000acc 00042c23                        sw x0, 24(x8)  x8:00003774  PA:0000378c
   4646ns             461 00000ad0 05c40513                     addi x10, x8, 92 x10=000037d0  x8:00003774
   4656ns             462 00000ad4 00800613                      addi x12, x0, 8 x12=00000008
   4666ns             463 00000ad8 00000593                      addi x11, x0, 0 x11=00000000
   4676ns             464 00000adc 96dff0ef                        jal x1, -1684  x1=00000ae0
   4696ns             466 00000448 00f00313                      addi x6, x0, 15  x6=0000000f
   4706ns             467 0000044c 00050713                     addi x14, x10, 0 x14=000037d0 x10:000037d0
   4716ns             468 00000450 02c37e63                     bgeu x6, x12, 60  x6:0000000f x12:00000008
   4746ns             471 0000048c 40c306b3                     sub x13, x6, x12 x13=00000007  x6:0000000f x12:00000008
   4756ns             472 00000490 00269693                   slli x13, x13, 0x2 x13=0000001c x13:00000007
   4766ns             473 00000494 00000297                        auipc x5, 0x0  x5=00000494
   4776ns             474 00000498 005686b3                     add x13, x13, x5 x13=000004b0 x13:0000001c  x5:00000494
   4796ns             476 0000049c 00c68067                     jalr x0, x13, 12 x13:000004b0
   4816ns             478 000004bc 00b703a3                       sb x11, 7(x14) x11:00000000 x14:000037d0  PA:000037d7
   4826ns             479 000004c0 00b70323                       sb x11, 6(x14) x11:00000000 x14:000037d0  PA:000037d6
   4836ns             480 000004c4 00b702a3                       sb x11, 5(x14) x11:00000000 x14:000037d0  PA:000037d5
   4846ns             481 000004c8 00b70223                       sb x11, 4(x14) x11:00000000 x14:000037d0  PA:000037d4
   4856ns             482 000004cc 00b701a3                       sb x11, 3(x14) x11:00000000 x14:000037d0  PA:000037d3
   4866ns             483 000004d0 00b70123                       sb x11, 2(x14) x11:00000000 x14:000037d0  PA:000037d2
   4876ns             484 000004d4 00b700a3                       sb x11, 1(x14) x11:00000000 x14:000037d0  PA:000037d1
   4886ns             485 000004d8 00b70023                       sb x11, 0(x14) x11:00000000 x14:000037d0  PA:000037d0
   4896ns             486 000004dc 00008067                       jalr x0, x1, 0  x1:00000ae0
   4916ns             488 00000ae0 01c12083                        lw x1, 28(x2)  x1=000005ec  x2:000043d0  PA:000043ec
   4926ns             489 00000ae4 03642023                       sw x22, 32(x8) x22:00002798  x8:00003774  PA:00003794
   4936ns             490 00000ae8 03542223                       sw x21, 36(x8) x21:000027fc  x8:00003774  PA:00003798
   4946ns             491 00000aec 03442423                       sw x20, 40(x8) x20:00002884  x8:00003774  PA:0000379c
   4956ns             492 00000af0 03342623                       sw x19, 44(x8) x19:000028ec  x8:00003774  PA:000037a0
   4966ns             493 00000af4 00842e23                        sw x8, 28(x8)  x8:00003774  x8:00003774  PA:00003790
   4976ns             494 00000af8 01812403                        lw x8, 24(x2)  x8=000033b8  x2:000043d0  PA:000043e8
   4986ns             495 00000afc 00100793                      addi x15, x0, 1 x15=00000001
   4996ns             496 00000b00 02f92c23                      sw x15, 56(x18) x15:00000001 x18:000033b8  PA:000033f0
   5006ns             497 00000b04 01412483                        lw x9, 20(x2)  x9=00003326  x2:000043d0  PA:000043e4
   5016ns             498 00000b08 01012903                       lw x18, 16(x2) x18=00000000  x2:000043d0  PA:000043e0
   5026ns             499 00000b0c 00c12983                       lw x19, 12(x2) x19=00000000  x2:000043d0  PA:000043dc
   5036ns             500 00000b10 00812a03                        lw x20, 8(x2) x20=00000000  x2:000043d0  PA:000043d8
   5046ns             501 00000b14 00412a83                        lw x21, 4(x2) x21=00000000  x2:000043d0  PA:000043d4
   5056ns             502 00000b18 00012b03                        lw x22, 0(x2) x22=00000000  x2:000043d0  PA:000043d0
   5066ns             503 00000b1c 02010113                      addi x2, x2, 32  x2=000043f0  x2:000043d0
   5076ns             504 00000b20 00008067                       jalr x0, x1, 0  x1:000005ec
   5096ns             506 000005ec 00c12583                       lw x11, 12(x2) x11=0000370c  x2:000043f0  PA:000043fc
   5106ns             507 000005f0 f95ff06f                         jal x0, -108
   5126ns             509 00000584 00c59783                      lh x15, 12(x11) x15=00000009 x11:0000370c  PA:00003718
   5146ns             511 00000588 01279713                  slli x14, x15, 0x12 x14=00240000 x15:00000009
   5156ns             512 0000058c 02074263                      blt x14, x0, 36 x14:00240000
   5166ns             513 00000590 0645a703                     lw x14, 100(x11) x14=00000000 x11:0000370c  PA:00003770
   5176ns             514 00000594 000026b7                      lui x13, 0x2000 x13=00002000
   5186ns             515 00000598 00d7e7b3                     or x15, x15, x13 x15=00002009 x15:00000009 x13:00002000
   5196ns             516 0000059c ffffe6b7                  lui x13, 0xffffe000 x13=ffffe000
   5206ns             517 000005a0 fff68693                    addi x13, x13, -1 x13=ffffdfff x13:ffffe000
   5216ns             518 000005a4 00d77733                    and x14, x14, x13 x14=00000000 x14:00000000 x13:ffffdfff
   5226ns             519 000005a8 00f59623                      sh x15, 12(x11) x15:00002009 x11:0000370c  PA:00003718
   5236ns             520 000005ac 06e5a223                     sw x14, 100(x11) x14:00000000 x11:0000370c  PA:00003770
   5246ns             521 000005b0 01410613                     addi x12, x2, 20 x12=00004404  x2:000043f0
   5256ns             522 000005b4 00040513                      addi x10, x8, 0 x10=000033b8  x8:000033b8
   5266ns             523 000005b8 361000ef                         jal x1, 2912  x1=000005bc
   5286ns             525 00001118 00862783                       lw x15, 8(x12) x15=00000021 x12:00004404  PA:0000440c
   5306ns             527 0000111c 32078e63                     beq x15, x0, 828 x15:00000021
   5316ns             528 00001120 00c5d783                     lhu x15, 12(x11) x15=00002009 x11:0000370c  PA:00003718
   5326ns             529 00001124 fd010113                     addi x2, x2, -48  x2=000043c0  x2:000043f0
   5336ns             530 00001128 02812423                        sw x8, 40(x2)  x8:000033b8  x2:000043c0  PA:000043e8
   5346ns             531 0000112c 01412c23                       sw x20, 24(x2) x20:00000000  x2:000043c0  PA:000043d8
   5356ns             532 00001130 01512a23                       sw x21, 20(x2) x21:00000000  x2:000043c0  PA:000043d4
   5366ns             533 00001134 02112623                        sw x1, 44(x2)  x1:000005bc  x2:000043c0  PA:000043ec
   5376ns             534 00001138 02912223                        sw x9, 36(x2)  x9:00003326  x2:000043c0  PA:000043e4
   5386ns             535 0000113c 03212023                       sw x18, 32(x2) x18:00000000  x2:000043c0  PA:000043e0
   5396ns             536 00001140 01312e23                       sw x19, 28(x2) x19:00000000  x2:000043c0  PA:000043dc
   5406ns             537 00001144 01612823                       sw x22, 16(x2) x22:00000000  x2:000043c0  PA:000043d0
   5416ns             538 00001148 01712623                       sw x23, 12(x2) x23:00000000  x2:000043c0  PA:000043cc
   5426ns             539 0000114c 01812423                        sw x24, 8(x2) x24:00000000  x2:000043c0  PA:000043c8
   5436ns             540 00001150 01912223                        sw x25, 4(x2) x25:00000000  x2:000043c0  PA:000043c4
   5446ns             541 00001154 01a12023                        sw x26, 0(x2) x26:00000000  x2:000043c0  PA:000043c0
   5456ns             542 00001158 0087f713                     andi x14, x15, 8 x14=00000008 x15:00002009
   5466ns             543 0000115c 00060a13                     addi x20, x12, 0 x20=00004404 x12:00004404
   5476ns             544 00001160 00050a93                     addi x21, x10, 0 x21=000033b8 x10:000033b8
   5486ns             545 00001164 00058413                      addi x8, x11, 0  x8=0000370c x11:0000370c
   5496ns             546 00001168 08070663                     beq x14, x0, 140 x14:00000008
   5506ns             547 0000116c 0105a703                      lw x14, 16(x11) x14=00000000 x11:0000370c  PA:0000371c
   5526ns             549 00001170 08070263                     beq x14, x0, 132 x14:00000000
   5556ns             552 000011f4 00040593                      addi x11, x8, 0 x11=0000370c  x8:0000370c
   5566ns             553 000011f8 000a8513                     addi x10, x21, 0 x10=000033b8 x21:000033b8
   5576ns             554 000011fc 760010ef                         jal x1, 5984  x1=00001200
   5596ns             556 0000295c 0381a783                       lw x15, 56(x3) x15=000033b8  x3:00003bb8  PA:00003bf0
   5606ns             557 00002960 ff010113                     addi x2, x2, -16  x2=000043b0  x2:000043c0
   5616ns             558 00002964 00812423                         sw x8, 8(x2)  x8:0000370c  x2:000043b0  PA:000043b8
   5626ns             559 00002968 00912223                         sw x9, 4(x2)  x9:00003326  x2:000043b0  PA:000043b4
   5636ns             560 0000296c 00112623                        sw x1, 12(x2)  x1:00001200  x2:000043b0  PA:000043bc
   5646ns             561 00002970 00050493                      addi x9, x10, 0  x9=000033b8 x10:000033b8
   5656ns             562 00002974 00058413                      addi x8, x11, 0  x8=0000370c x11:0000370c
   5666ns             563 00002978 00078663                      beq x15, x0, 12 x15:000033b8
   5676ns             564 0000297c 0387a703                      lw x14, 56(x15) x14=00000001 x15:000033b8  PA:000033f0
   5696ns             566 00002980 0e070063                     beq x14, x0, 224 x14:00000001
   5706ns             567 00002984 00c41703                       lh x14, 12(x8) x14=00002009  x8:0000370c  PA:00003718
   5726ns             569 00002988 01071793                  slli x15, x14, 0x10 x15=20090000 x14:00002009
   5736ns             570 0000298c 00877693                     andi x13, x14, 8 x13=00000008 x14:00002009
   5746ns             571 00002990 0107d793                  srli x15, x15, 0x10 x15=00002009 x15:20090000
   5756ns             572 00002994 04068063                      beq x13, x0, 64 x13:00000008
   5766ns             573 00002998 01042683                       lw x13, 16(x8) x13=00000000  x8:0000370c  PA:0000371c
   5786ns             575 0000299c 06068063                      beq x13, x0, 96 x13:00000000
   5816ns             578 000029fc 2807f613                   andi x12, x15, 640 x12=00000000 x15:00002009
   5826ns             579 00002a00 20000593                    addi x11, x0, 512 x11=00000200
   5836ns             580 00002a04 f8b60ee3                   beq x12, x11, -100 x12:00000000 x11:00000200
   5846ns             581 00002a08 00040593                      addi x11, x8, 0 x11=0000370c  x8:0000370c
   5856ns             582 00002a0c 00048513                      addi x10, x9, 0 x10=000033b8  x9:000033b8
   5866ns             583 00002a10 634000ef                         jal x1, 1588  x1=00002a14
   5886ns             585 00003044 00c5d783                     lhu x15, 12(x11) x15=00002009 x11:0000370c  PA:00003718
   5896ns             586 00003048 fe010113                     addi x2, x2, -32  x2=00004390  x2:000043b0
   5906ns             587 0000304c 00812c23                        sw x8, 24(x2)  x8:0000370c  x2:00004390  PA:000043a8
   5916ns             588 00003050 00112e23                        sw x1, 28(x2)  x1:00002a14  x2:00004390  PA:000043ac
   5926ns             589 00003054 00912a23                        sw x9, 20(x2)  x9:000033b8  x2:00004390  PA:000043a4
   5936ns             590 00003058 01212823                       sw x18, 16(x2) x18:00000000  x2:00004390  PA:000043a0
   5946ns             591 0000305c 0027f793                     andi x15, x15, 2 x15=00000000 x15:00002009
   5956ns             592 00003060 00058413                      addi x8, x11, 0  x8=0000370c x11:0000370c
   5966ns             593 00003064 02078863                      beq x15, x0, 48 x15:00000000
   5996ns             596 00003094 00c10693                     addi x13, x2, 12 x13=0000439c  x2:00004390
   6006ns             597 00003098 00810613                      addi x12, x2, 8 x12=00004398  x2:00004390
   6016ns             598 0000309c 00050493                      addi x9, x10, 0  x9=000033b8 x10:000033b8
   6026ns             599 000030a0 ed5ff0ef                         jal x1, -300  x1=000030a4
   6046ns             601 00002f74 f9010113                    addi x2, x2, -112  x2=00004320  x2:00004390
   6056ns             602 00002f78 06812423                       sw x8, 104(x2)  x8:0000370c  x2:00004320  PA:00004388
   6066ns             603 00002f7c 00058413                      addi x8, x11, 0  x8=0000370c x11:0000370c
   6076ns             604 00002f80 00e59583                      lh x11, 14(x11) x11=00000001 x11:0000370c  PA:0000371a
   6086ns             605 00002f84 06912223                       sw x9, 100(x2)  x9:000033b8  x2:00004320  PA:00004384
   6096ns             606 00002f88 07212023                       sw x18, 96(x2) x18:00000000  x2:00004320  PA:00004380
   6106ns             607 00002f8c 06112623                       sw x1, 108(x2)  x1:000030a4  x2:00004320  PA:0000438c
   6116ns             608 00002f90 00060493                      addi x9, x12, 0  x9=00004398 x12:00004398
   6126ns             609 00002f94 00068913                     addi x18, x13, 0 x18=0000439c x13:0000439c
   6136ns             610 00002f98 0405ca63                      blt x11, x0, 84 x11:00000001
   6146ns             611 00002f9c 00810613                      addi x12, x2, 8 x12=00004328  x2:00004320
   6156ns             612 00002fa0 22c000ef                          jal x1, 556  x1=00002fa4
   6176ns             614 000031cc ff010113                     addi x2, x2, -16  x2=00004310  x2:00004320
   6186ns             615 000031d0 00058713                     addi x14, x11, 0 x14=00000001 x11:00000001
   6196ns             616 000031d4 00812423                         sw x8, 8(x2)  x8:0000370c  x2:00004310  PA:00004318
   6206ns             617 000031d8 00912223                         sw x9, 4(x2)  x9:00004398  x2:00004310  PA:00004314
   6216ns             618 000031dc 00050413                      addi x8, x10, 0  x8=000033b8 x10:000033b8
   6226ns             619 000031e0 00060593                     addi x11, x12, 0 x11=00004328 x12:00004328
   6236ns             620 000031e4 00070513                     addi x10, x14, 0 x10=00000001 x14:00000001
   6246ns             621 000031e8 00112623                        sw x1, 12(x2)  x1:00002fa4  x2:00004310  PA:0000431c
   6256ns             622 000031ec 0601ac23                       sw x0, 120(x3)  x3:00003bb8  PA:00003c30
   6266ns             623 000031f0 f87fc0ef                       jal x1, -12410  x1=000031f4
   6286ns             625 00000176 000027b7                      lui x15, 0x2000 x15=00002000
   6296ns             626 00000178 00f5a223                       sw x15, 4(x11) x15:00002000 x11:00004328  PA:0000432c
   6306ns             627 0000017a 00000513                      addi x10, x0, 0 x10=00000000
   6316ns             628 0000017c 00008067                       jalr x0, x1, 0  x1:000031f4
   6336ns             630 000031f4 fff00793                     addi x15, x0, -1 x15=ffffffff
   6346ns             631 000031f8 00f50c63                     beq x10, x15, 24 x10:00000000 x15:ffffffff
   6356ns             632 000031fc 00c12083                        lw x1, 12(x2)  x1=00002fa4  x2:00004310  PA:0000431c
   6366ns             633 00003200 00812403                         lw x8, 8(x2)  x8=0000370c  x2:00004310  PA:00004318
   6376ns             634 00003204 00412483                         lw x9, 4(x2)  x9=00004398  x2:00004310  PA:00004314
   6386ns             635 00003208 01010113                      addi x2, x2, 16  x2=00004320  x2:00004310
   6396ns             636 0000320c 00008067                       jalr x0, x1, 0  x1:00002fa4
   6416ns             638 00002fa4 04054463                      blt x10, x0, 72 x10:00000000
   6426ns             639 00002fa8 00c12703                       lw x14, 12(x2) x14=00002000  x2:00004320  PA:0000432c
   6436ns             640 00002fac 0000f7b7                      lui x15, 0xf000 x15=0000f000
   6446ns             641 00002fb0 06c12083                       lw x1, 108(x2)  x1=000030a4  x2:00004320  PA:0000438c
   6456ns             642 00002fb4 00e7f7b3                    and x15, x15, x14 x15=00002000 x15:0000f000 x14:00002000
   6466ns             643 00002fb8 ffffe737                  lui x14, 0xffffe000 x14=ffffe000
   6476ns             644 00002fbc 00e787b3                    add x15, x15, x14 x15=00000000 x15:00002000 x14:ffffe000
   6486ns             645 00002fc0 06812403                       lw x8, 104(x2)  x8=0000370c  x2:00004320  PA:00004388
   6496ns             646 00002fc4 0017b793                    sltiu x15, x15, 1 x15=00000001 x15:00000000
   6506ns             647 00002fc8 00f92023                       sw x15, 0(x18) x15:00000001 x18:0000439c  PA:0000439c
   6516ns             648 00002fcc 40000793                   addi x15, x0, 1024 x15=00000400
   6526ns             649 00002fd0 00f4a023                        sw x15, 0(x9) x15:00000400  x9:00004398  PA:00004398
   6536ns             650 00002fd4 00001537                      lui x10, 0x1000 x10=00001000
   6546ns             651 00002fd8 06412483                       lw x9, 100(x2)  x9=000033b8  x2:00004320  PA:00004384
   6556ns             652 00002fdc 06012903                       lw x18, 96(x2) x18=00000000  x2:00004320  PA:00004380
   6566ns             653 00002fe0 80050513                 addi x10, x10, -2048 x10=00000800 x10:00001000
   6576ns             654 00002fe4 07010113                     addi x2, x2, 112  x2=00004390  x2:00004320
   6586ns             655 00002fe8 00008067                       jalr x0, x1, 0  x1:000030a4
   6606ns             657 000030a4 00812583                        lw x11, 8(x2) x11=00000400  x2:00004390  PA:00004398
   6616ns             658 000030a8 00050913                     addi x18, x10, 0 x18=00000800 x10:00000800
   6626ns             659 000030ac 00048513                      addi x10, x9, 0 x10=000033b8  x9:000033b8
   6636ns             660 000030b0 e68fe0ef                        jal x1, -6552  x1=000030b4
   6656ns             662 00001718 fd010113                     addi x2, x2, -48  x2=00004360  x2:00004390
   6666ns             663 0000171c 01312e23                       sw x19, 28(x2) x19:00000000  x2:00004360  PA:0000437c
   6676ns             664 00001720 02112623                        sw x1, 44(x2)  x1:000030b4  x2:00004360  PA:0000438c
   6686ns             665 00001724 02812423                        sw x8, 40(x2)  x8:0000370c  x2:00004360  PA:00004388
   6696ns             666 00001728 02912223                        sw x9, 36(x2)  x9:000033b8  x2:00004360  PA:00004384
   6706ns             667 0000172c 03212023                       sw x18, 32(x2) x18:00000800  x2:00004360  PA:00004380
   6716ns             668 00001730 01412c23                       sw x20, 24(x2) x20:00004404  x2:00004360  PA:00004378
   6726ns             669 00001734 01512a23                       sw x21, 20(x2) x21:000033b8  x2:00004360  PA:00004374
   6736ns             670 00001738 01612823                       sw x22, 16(x2) x22:00000000  x2:00004360  PA:00004370
   6746ns             671 0000173c 01712623                       sw x23, 12(x2) x23:00000000  x2:00004360  PA:0000436c
   6756ns             672 00001740 01812423                        sw x24, 8(x2) x24:00000000  x2:00004360  PA:00004368
   6766ns             673 00001744 01912223                        sw x25, 4(x2) x25:00000000  x2:00004360  PA:00004364
   6776ns             674 00001748 00b58793                    addi x15, x11, 11 x15=0000040b x11:00000400
   6786ns             675 0000174c 01600713                     addi x14, x0, 22 x14=00000016
   6796ns             676 00001750 00050993                     addi x19, x10, 0 x19=000033b8 x10:000033b8
   6806ns             677 00001754 06f76463                   bltu x14, x15, 104 x14:00000016 x15:0000040b
   6836ns             680 000017bc ff87f493                     andi x9, x15, -8  x9=00000408 x15:0000040b
   6846ns             681 000017c0 1807c063                     blt x15, x0, 384 x15:0000040b
   6856ns             682 000017c4 16b4ee63                    bltu x9, x11, 380  x9:00000408 x11:00000400
   6866ns             683 000017c8 1f9000ef                         jal x1, 2552  x1=000017cc
   6886ns             685 000021c0 00008067                       jalr x0, x1, 0  x1:000017cc
   6906ns             687 000017cc 1f700793                    addi x15, x0, 503 x15=000001f7
   6916ns             688 000017d0 4497fa63                   bgeu x15, x9, 1108 x15:000001f7  x9:00000408
   6926ns             689 000017d4 0094d793                    srli x15, x9, 0x9 x15=00000002  x9:00000408
   6936ns             690 000017d8 1a078463                     beq x15, x0, 424 x15:00000002
   6946ns             691 000017dc 00400713                      addi x14, x0, 4 x14=00000004
   6956ns             692 000017e0 3cf76063                   bltu x14, x15, 960 x14:00000004 x15:00000002
   6966ns             693 000017e4 0064d793                    srli x15, x9, 0x6 x15=00000010  x9:00000408
   6976ns             694 000017e8 03978613                    addi x12, x15, 57 x12=00000049 x15:00000010
   6986ns             695 000017ec 03878513                    addi x10, x15, 56 x10=00000048 x15:00000010
   6996ns             696 000017f0 00361693                   slli x13, x12, 0x3 x13=00000248 x12:00000049
   7006ns             697 000017f4 c2818913                   addi x18, x3, -984 x18=000037e0  x3:00003bb8
   7016ns             698 000017f8 00d906b3                    add x13, x18, x13 x13=00003a28 x18:000037e0 x13:00000248
   7026ns             699 000017fc 0046a403                        lw x8, 4(x13)  x8=00003a20 x13:00003a28  PA:00003a2c
   7036ns             700 00001800 ff868693                    addi x13, x13, -8 x13=00003a20 x13:00003a28
   7046ns             701 00001804 02868663                      beq x13, x8, 44 x13:00003a20  x8:00003a20
   7076ns             704 00001830 01092403                       lw x8, 16(x18)  x8=000037e8 x18:000037e0  PA:000037f0
   7086ns             705 00001834 00890893                     addi x17, x18, 8 x17=000037e8 x18:000037e0
   7096ns             706 00001838 17140863                     beq x8, x17, 368  x8:000037e8 x17:000037e8
   7126ns             709 000019a8 00492703                       lw x14, 4(x18) x14=00000000 x18:000037e0  PA:000037e4
   7136ns             710 000019ac 40265793                 srai x15, x12, 0x402 x15=00000012 x12:00000049
   7146ns             711 000019b0 00100593                      addi x11, x0, 1 x11=00000001
   7156ns             712 000019b4 00f595b3                    sll x11, x11, x15 x11=00040000 x11:00000001 x15:00000012
   7166ns             713 000019b8 eeb77ce3                  bgeu x14, x11, -264 x14:00000000 x11:00040000
   7176ns             714 000019bc 00892403                        lw x8, 8(x18)  x8=000037e0 x18:000037e0  PA:000037e8
   7196ns             716 000019c0 00442a83                        lw x21, 4(x8) x21=00000000  x8:000037e0  PA:000037e4
   7216ns             718 000019c4 ffcafb13                    andi x22, x21, -4 x22=00000000 x21:00000000
   7226ns             719 000019c8 009b6863                     bltu x22, x9, 16 x22:00000000  x9:00000408
   7256ns             722 000019d8 04c1aa83                       lw x21, 76(x3) x21=00000000  x3:00003bb8  PA:00003c04
   7266ns             723 000019dc 03c1a703                       lw x14, 60(x3) x14=ffffffff  x3:00003bb8  PA:00003bf4
   7276ns             724 000019e0 fff00793                     addi x15, x0, -1 x15=ffffffff
   7286ns             725 000019e4 01640a33                     add x20, x8, x22 x20=000037e0  x8:000037e0 x22:00000000
   7296ns             726 000019e8 01548ab3                     add x21, x9, x21 x21=00000408  x9:00000408 x21:00000000
   7306ns             727 000019ec 34f70463                    beq x14, x15, 840 x14:ffffffff x15:ffffffff
   7336ns             730 00001d34 010a8a93                    addi x21, x21, 16 x21=00000418 x21:00000408
   7346ns             731 00001d38 ccdff06f                         jal x0, -820
   7366ns             733 00001a04 000a8593                     addi x11, x21, 0 x11=00000418 x21:00000418
   7376ns             734 00001a08 00098513                     addi x10, x19, 0 x10=000033b8 x19:000033b8
   7386ns             735 00001a0c 531000ef                         jal x1, 3376  x1=00001a10
   7406ns             737 0000273c ff010113                     addi x2, x2, -16  x2=00004350  x2:00004360
   7416ns             738 00002740 00812423                         sw x8, 8(x2)  x8:000037e0  x2:00004350  PA:00004358
   7426ns             739 00002744 00912223                         sw x9, 4(x2)  x9:00000408  x2:00004350  PA:00004354
   7436ns             740 00002748 00050413                      addi x8, x10, 0  x8=000033b8 x10:000033b8
   7446ns             741 0000274c 00058513                     addi x10, x11, 0 x10=00000418 x11:00000418
   7456ns             742 00002750 00112623                        sw x1, 12(x2)  x1:00001a10  x2:00004350  PA:0000435c
   7466ns             743 00002754 0601ac23                       sw x0, 120(x3)  x3:00003bb8  PA:00003c30
   7476ns             744 00002758 afdfd0ef                        jal x1, -9476  x1=0000275c
   7496ns             746 00000254 07c18713                    addi x14, x3, 124 x14=00003c34  x3:00003bb8
   7506ns             747 00000258 47c18793                   addi x15, x3, 1148 x15=00004034  x3:00003bb8
   7516ns             748 0000025c 00a006b3                     add x13, x0, x10 x13=00000418 x10:00000418
   7526ns             749 0000025e 0341a503                       lw x10, 52(x3) x10=00003c34  x3:00003bb8  PA:00003bec
   7536ns             750 00000262 00f70d63                     beq x14, x15, 26 x14:00003c34 x15:00004034
   7546ns             751 00000266 00d50733                    add x14, x10, x13 x14=0000404c x10:00003c34 x13:00000418
   7556ns             752 0000026a 00f77663                    bgeu x14, x15, 12 x14:0000404c x15:00004034
   7586ns             755 00000276 02f1aa23                       sw x15, 52(x3) x15:00004034  x3:00003bb8  PA:00003bec
   7596ns             756 0000027a 00008067                       jalr x0, x1, 0  x1:0000275c
   7616ns             758 0000275c fff00793                     addi x15, x0, -1 x15=ffffffff
   7626ns             759 00002760 00f50c63                     beq x10, x15, 24 x10:00003c34 x15:ffffffff
   7636ns             760 00002764 00c12083                        lw x1, 12(x2)  x1=00001a10  x2:00004350  PA:0000435c
   7646ns             761 00002768 00812403                         lw x8, 8(x2)  x8=000037e0  x2:00004350  PA:00004358
   7656ns             762 0000276c 00412483                         lw x9, 4(x2)  x9=00000408  x2:00004350  PA:00004354
   7666ns             763 00002770 01010113                      addi x2, x2, 16  x2=00004360  x2:00004350
   7676ns             764 00002774 00008067                       jalr x0, x1, 0  x1:00001a10
   7696ns             766 00001a10 fff00793                     addi x15, x0, -1 x15=ffffffff
   7706ns             767 00001a14 00050b93                     addi x23, x10, 0 x23=00003c34 x10:00003c34
   7716ns             768 00001a18 28f50663                    beq x10, x15, 652 x10:00003c34 x15:ffffffff
   7726ns             769 00001a1c 29456263                   bltu x10, x20, 644 x10:00003c34 x20:000037e0
   7736ns             770 00001a20 05018c13                     addi x24, x3, 80 x24=00003c08  x3:00003bb8
   7746ns             771 00001a24 000c2583                       lw x11, 0(x24) x11=00000000 x24:00003c08  PA:00003c08
   7766ns             773 00001a28 00ba85b3                    add x11, x21, x11 x11=00000418 x21:00000418 x11:00000000
   7776ns             774 00001a2c 00bc2023                       sw x11, 0(x24) x11:00000418 x24:00003c08  PA:00003c08
   7786ns             775 00001a30 00058793                     addi x15, x11, 0 x15=00000418 x11:00000418
   7796ns             776 00001a34 38aa0e63                    beq x20, x10, 924 x20:000037e0 x10:00003c34
   7806ns             777 00001a38 03c1a683                       lw x13, 60(x3) x13=ffffffff  x3:00003bb8  PA:00003bf4
   7816ns             778 00001a3c fff00713                     addi x14, x0, -1 x14=ffffffff
   7826ns             779 00001a40 3ae68663                    beq x13, x14, 940 x13:ffffffff x14:ffffffff
   7856ns             782 00001dec 0371ae23                       sw x23, 60(x3) x23:00003c34  x3:00003bb8  PA:00003bf4
   7866ns             783 00001df0 c61ff06f                         jal x0, -928
   7886ns             785 00001a50 007bfc93                     andi x25, x23, 7 x25=00000004 x23:00003c34
   7896ns             786 00001a54 300c8263                     beq x25, x0, 772 x25:00000004
   7906ns             787 00001a58 000017b7                      lui x15, 0x1000 x15=00001000
   7916ns             788 00001a5c 419b8bb3                    sub x23, x23, x25 x23=00003c30 x23:00003c34 x25:00000004
   7926ns             789 00001a60 00878593                     addi x11, x15, 8 x11=00001008 x15:00001000
   7936ns             790 00001a64 008b8b93                     addi x23, x23, 8 x23=00003c38 x23:00003c30
   7946ns             791 00001a68 419585b3                    sub x11, x11, x25 x11=00001004 x11:00001008 x25:00000004
   7956ns             792 00001a6c 015b8ab3                    add x21, x23, x21 x21=00004050 x23:00003c38 x21:00000418
   7966ns             793 00001a70 fff78793                    addi x15, x15, -1 x15=00000fff x15:00001000
   7976ns             794 00001a74 415585b3                    sub x11, x11, x21 x11=ffffcfb4 x11:00001004 x21:00004050
   7986ns             795 00001a78 00f5fa33                    and x20, x11, x15 x20=00000fb4 x11:ffffcfb4 x15:00000fff
   7996ns             796 00001a7c 000a0593                     addi x11, x20, 0 x11=00000fb4 x20:00000fb4
   8006ns             797 00001a80 00098513                     addi x10, x19, 0 x10=000033b8 x19:000033b8
   8016ns             798 00001a84 4b9000ef                         jal x1, 3256  x1=00001a88
   8036ns             800 0000273c ff010113                     addi x2, x2, -16  x2=00004350  x2:00004360
   8046ns             801 00002740 00812423                         sw x8, 8(x2)  x8:000037e0  x2:00004350  PA:00004358
   8056ns             802 00002744 00912223                         sw x9, 4(x2)  x9:00000408  x2:00004350  PA:00004354
   8066ns             803 00002748 00050413                      addi x8, x10, 0  x8=000033b8 x10:000033b8
   8076ns             804 0000274c 00058513                     addi x10, x11, 0 x10=00000fb4 x11:00000fb4
   8086ns             805 00002750 00112623                        sw x1, 12(x2)  x1:00001a88  x2:00004350  PA:0000435c
   8096ns             806 00002754 0601ac23                       sw x0, 120(x3)  x3:00003bb8  PA:00003c30
   8106ns             807 00002758 afdfd0ef                        jal x1, -9476  x1=0000275c
   8126ns             809 00000254 07c18713                    addi x14, x3, 124 x14=00003c34  x3:00003bb8
   8136ns             810 00000258 47c18793                   addi x15, x3, 1148 x15=00004034  x3:00003bb8
   8146ns             811 0000025c 00a006b3                     add x13, x0, x10 x13=00000fb4 x10:00000fb4
   8156ns             812 0000025e 0341a503                       lw x10, 52(x3) x10=00004034  x3:00003bb8  PA:00003bec
   8166ns             813 00000262 00f70d63                     beq x14, x15, 26 x14:00003c34 x15:00004034
   8176ns             814 00000266 00d50733                    add x14, x10, x13 x14=00004fe8 x10:00004034 x13:00000fb4
   8186ns             815 0000026a 00f77663                    bgeu x14, x15, 12 x14:00004fe8 x15:00004034
   8216ns             818 00000276 02f1aa23                       sw x15, 52(x3) x15:00004034  x3:00003bb8  PA:00003bec
   8226ns             819 0000027a 00008067                       jalr x0, x1, 0  x1:0000275c
   8246ns             821 0000275c fff00793                     addi x15, x0, -1 x15=ffffffff
   8256ns             822 00002760 00f50c63                     beq x10, x15, 24 x10:00004034 x15:ffffffff
   8266ns             823 00002764 00c12083                        lw x1, 12(x2)  x1=00001a88  x2:00004350  PA:0000435c
   8276ns             824 00002768 00812403                         lw x8, 8(x2)  x8=000037e0  x2:00004350  PA:00004358
   8286ns             825 0000276c 00412483                         lw x9, 4(x2)  x9=00000408  x2:00004350  PA:00004354
   8296ns             826 00002770 01010113                      addi x2, x2, 16  x2=00004360  x2:00004350
   8306ns             827 00002774 00008067                       jalr x0, x1, 0  x1:00001a88
   8326ns             829 00001a88 fff00793                     addi x15, x0, -1 x15=ffffffff
   8336ns             830 00001a8c 3af50a63                    beq x10, x15, 948 x10:00004034 x15:ffffffff
   8346ns             831 00001a90 41750533                    sub x10, x10, x23 x10=000003fc x10:00004034 x23:00003c38
   8356ns             832 00001a94 01450ab3                    add x21, x10, x20 x21=000013b0 x10:000003fc x20:00000fb4
   8366ns             833 00001a98 000c2583                       lw x11, 0(x24) x11=00000418 x24:00003c08  PA:00003c08
   8376ns             834 00001a9c 01792423                       sw x23, 8(x18) x23:00003c38 x18:000037e0  PA:000037e8
   8386ns             835 00001aa0 001aea93                      ori x21, x21, 1 x21=000013b1 x21:000013b0
   8396ns             836 00001aa4 00ba05b3                    add x11, x20, x11 x11=000013cc x20:00000fb4 x11:00000418
   8406ns             837 00001aa8 00bc2023                       sw x11, 0(x24) x11:000013cc x24:00003c08  PA:00003c08
   8416ns             838 00001aac 015ba223                       sw x21, 4(x23) x21:000013b1 x23:00003c38  PA:00003c3c
   8426ns             839 00001ab0 35240263                     beq x8, x18, 836  x8:000037e0 x18:000037e0
   8456ns             842 00001df4 000b8413                      addi x8, x23, 0  x8=00003c38 x23:00003c38
   8466ns             843 00001df8 cf9ff06f                         jal x0, -776
   8486ns             845 00001af0 0481a703                       lw x14, 72(x3) x14=00000000  x3:00003bb8  PA:00003c00
   8506ns             847 00001af4 00b77463                     bgeu x14, x11, 8 x14:00000000 x11:000013cc
   8516ns             848 00001af8 04b1a423                       sw x11, 72(x3) x11:000013cc  x3:00003bb8  PA:00003c00
   8526ns             849 00001afc 0441a703                       lw x14, 68(x3) x14=00000000  x3:00003bb8  PA:00003bfc
   8546ns             851 00001b00 1ab77663                   bgeu x14, x11, 428 x14:00000000 x11:000013cc
   8556ns             852 00001b04 04b1a223                       sw x11, 68(x3) x11:000013cc  x3:00003bb8  PA:00003bfc
   8566ns             853 00001b08 1a40006f                          jal x0, 420
   8586ns             855 00001cac ffcafa93                    andi x21, x21, -4 x21=000013b0 x21:000013b1
   8596ns             856 00001cb0 409a87b3                     sub x15, x21, x9 x15=00000fa8 x21:000013b0  x9:00000408
   8606ns             857 00001cb4 009ae663                     bltu x21, x9, 12 x21:000013b0  x9:00000408
   8616ns             858 00001cb8 00f00713                     addi x14, x0, 15 x14=0000000f
   8626ns             859 00001cbc e4f748e3                   blt x14, x15, -432 x14:0000000f x15:00000fa8
   8656ns             862 00001b0c 0014e713                       ori x14, x9, 1 x14=00000409  x9:00000408
   8666ns             863 00001b10 00e42223                        sw x14, 4(x8) x14:00000409  x8:00003c38  PA:00003c3c
   8676ns             864 00001b14 009404b3                       add x9, x8, x9  x9=00004040  x8:00003c38  x9:00000408
   8686ns             865 00001b18 00992423                        sw x9, 8(x18)  x9:00004040 x18:000037e0  PA:000037e8
   8696ns             866 00001b1c 0017e793                      ori x15, x15, 1 x15=00000fa9 x15:00000fa8
   8706ns             867 00001b20 00098513                     addi x10, x19, 0 x10=000033b8 x19:000033b8
   8716ns             868 00001b24 00f4a223                        sw x15, 4(x9) x15:00000fa9  x9:00004040  PA:00004044
   8726ns             869 00001b28 69c000ef                         jal x1, 1692  x1=00001b2c
   8746ns             871 000021c4 00008067                       jalr x0, x1, 0  x1:00001b2c
   8766ns             873 00001b2c 00840513                      addi x10, x8, 8 x10=00003c40  x8:00003c38
   8776ns             874 00001b30 e1dff06f                         jal x0, -484
   8796ns             876 0000194c 02c12083                        lw x1, 44(x2)  x1=000030b4  x2:00004360  PA:0000438c
   8806ns             877 00001950 02812403                        lw x8, 40(x2)  x8=0000370c  x2:00004360  PA:00004388
   8816ns             878 00001954 02412483                        lw x9, 36(x2)  x9=000033b8  x2:00004360  PA:00004384
   8826ns             879 00001958 02012903                       lw x18, 32(x2) x18=00000800  x2:00004360  PA:00004380
   8836ns             880 0000195c 01c12983                       lw x19, 28(x2) x19=00000000  x2:00004360  PA:0000437c
   8846ns             881 00001960 01812a03                       lw x20, 24(x2) x20=00004404  x2:00004360  PA:00004378
   8856ns             882 00001964 01412a83                       lw x21, 20(x2) x21=000033b8  x2:00004360  PA:00004374
   8866ns             883 00001968 01012b03                       lw x22, 16(x2) x22=00000000  x2:00004360  PA:00004370
   8876ns             884 0000196c 00c12b83                       lw x23, 12(x2) x23=00000000  x2:00004360  PA:0000436c
   8886ns             885 00001970 00812c03                        lw x24, 8(x2) x24=00000000  x2:00004360  PA:00004368
   8896ns             886 00001974 00412c83                        lw x25, 4(x2) x25=00000000  x2:00004360  PA:00004364
   8906ns             887 00001978 03010113                      addi x2, x2, 48  x2=00004390  x2:00004360
   8916ns             888 0000197c 00008067                       jalr x0, x1, 0  x1:000030b4
   8936ns             890 000030b4 00c41783                       lh x15, 12(x8) x15=00002009  x8:0000370c  PA:00003718
   8946ns             891 000030b8 04050863                      beq x10, x0, 80 x10:00003c40
   8956ns             892 000030bc 00001737                      lui x14, 0x1000 x14=00001000
   8966ns             893 000030c0 99470713                 addi x14, x14, -1644 x14=00000994 x14:00001000
   8976ns             894 000030c4 02e4ae23                       sw x14, 60(x9) x14:00000994  x9:000033b8  PA:000033f4
   8986ns             895 000030c8 00812703                        lw x14, 8(x2) x14=00000400  x2:00004390  PA:00004398
   8996ns             896 000030cc 00c12683                       lw x13, 12(x2) x13=00000001  x2:00004390  PA:0000439c
   9006ns             897 000030d0 0807e793                    ori x15, x15, 128 x15=00002089 x15:00002009
   9016ns             898 000030d4 00f41623                       sh x15, 12(x8) x15:00002089  x8:0000370c  PA:00003718
   9026ns             899 000030d8 00a42023                        sw x10, 0(x8) x10:00003c40  x8:0000370c  PA:0000370c
   9036ns             900 000030dc 00a42823                       sw x10, 16(x8) x10:00003c40  x8:0000370c  PA:0000371c
   9046ns             901 000030e0 00e42a23                       sw x14, 20(x8) x14:00000400  x8:0000370c  PA:00003720
   9056ns             902 000030e4 04069863                      bne x13, x0, 80 x13:00000001
   9086ns             905 00003134 00e41583                       lh x11, 14(x8) x11=00000001  x8:0000370c  PA:0000371a
   9096ns             906 00003138 00048513                      addi x10, x9, 0 x10=000033b8  x9:000033b8
   9106ns             907 0000313c 0f4000ef                          jal x1, 244  x1=00003140
   9126ns             909 00003230 ff010113                     addi x2, x2, -16  x2=00004380  x2:00004390
   9136ns             910 00003234 00812423                         sw x8, 8(x2)  x8:0000370c  x2:00004380  PA:00004388
   9146ns             911 00003238 00912223                         sw x9, 4(x2)  x9:000033b8  x2:00004380  PA:00004384
   9156ns             912 0000323c 00050413                      addi x8, x10, 0  x8=000033b8 x10:000033b8
   9166ns             913 00003240 00058513                     addi x10, x11, 0 x10=00000001 x11:00000001
   9176ns             914 00003244 00112623                        sw x1, 12(x2)  x1:00003140  x2:00004380  PA:0000438c
   9186ns             915 00003248 0601ac23                       sw x0, 120(x3)  x3:00003bb8  PA:00003c30
   9196ns             916 0000324c f67fc0ef                       jal x1, -12442  x1=00003250
   9216ns             918 000001b2 fff50513                    addi x10, x10, -1 x10=00000000 x10:00000001
   9226ns             919 000001b4 00153513                    sltiu x10, x10, 1 x10=00000001 x10:00000000
   9236ns             920 000001b8 00008067                       jalr x0, x1, 0  x1:00003250
   9256ns             922 00003250 fff00793                     addi x15, x0, -1 x15=ffffffff
   9266ns             923 00003254 00f50c63                     beq x10, x15, 24 x10:00000001 x15:ffffffff
   9276ns             924 00003258 00c12083                        lw x1, 12(x2)  x1=00003140  x2:00004380  PA:0000438c
   9286ns             925 0000325c 00812403                         lw x8, 8(x2)  x8=0000370c  x2:00004380  PA:00004388
   9296ns             926 00003260 00412483                         lw x9, 4(x2)  x9=000033b8  x2:00004380  PA:00004384
   9306ns             927 00003264 01010113                      addi x2, x2, 16  x2=00004390  x2:00004380
   9316ns             928 00003268 00008067                       jalr x0, x1, 0  x1:00003140
   9336ns             930 00003140 00051663                      bne x10, x0, 12 x10:00000001
   9366ns             933 0000314c 00c45703                      lhu x14, 12(x8) x14=00002089  x8:0000370c  PA:00003718
   9386ns             935 00003150 ffc77713                    andi x14, x14, -4 x14=00002088 x14:00002089
   9396ns             936 00003154 00176713                      ori x14, x14, 1 x14=00002089 x14:00002088
   9406ns             937 00003158 01071793                  slli x15, x14, 0x10 x15=20890000 x14:00002089
   9416ns             938 0000315c 4107d793                 srai x15, x15, 0x410 x15=00002089 x15:20890000
   9426ns             939 00003160 f89ff06f                         jal x0, -120
   9446ns             941 000030e8 0127e7b3                     or x15, x15, x18 x15=00002889 x15:00002089 x18:00000800
   9456ns             942 000030ec 01c12083                        lw x1, 28(x2)  x1=00002a14  x2:00004390  PA:000043ac
   9466ns             943 000030f0 00f41623                       sh x15, 12(x8) x15:00002889  x8:0000370c  PA:00003718
   9476ns             944 000030f4 01812403                        lw x8, 24(x2)  x8=0000370c  x2:00004390  PA:000043a8
   9486ns             945 000030f8 01412483                        lw x9, 20(x2)  x9=000033b8  x2:00004390  PA:000043a4
   9496ns             946 000030fc 01012903                       lw x18, 16(x2) x18=00000000  x2:00004390  PA:000043a0
   9506ns             947 00003100 02010113                      addi x2, x2, 32  x2=000043b0  x2:00004390
   9516ns             948 00003104 00008067                       jalr x0, x1, 0  x1:00002a14
   9536ns             950 00002a14 00c41703                       lh x14, 12(x8) x14=00002889  x8:0000370c  PA:00003718
   9546ns             951 00002a18 01042683                       lw x13, 16(x8) x13=00003c40  x8:0000370c  PA:0000371c
   9556ns             952 00002a1c 01071793                  slli x15, x14, 0x10 x15=28890000 x14:00002889
   9566ns             953 00002a20 0107d793                  srli x15, x15, 0x10 x15=00002889 x15:28890000
   9576ns             954 00002a24 0017f613                     andi x12, x15, 1 x12=00000001 x15:00002889
   9586ns             955 00002a28 f80610e3                    bne x12, x0, -128 x12:00000001
   9616ns             958 000029a8 01442603                       lw x12, 20(x8) x12=00000400  x8:0000370c  PA:00003720
   9626ns             959 000029ac 00042423                         sw x0, 8(x8)  x8:0000370c  PA:00003714
   9636ns             960 000029b0 00000513                      addi x10, x0, 0 x10=00000000
   9646ns             961 000029b4 40c00633                     sub x12, x0, x12 x12=fffffc00 x12:00000400
   9656ns             962 000029b8 00c42c23                       sw x12, 24(x8) x12:fffffc00  x8:0000370c  PA:00003724
   9666ns             963 000029bc 08068663                     beq x13, x0, 140 x13:00003c40
   9676ns             964 000029c0 00c12083                        lw x1, 12(x2)  x1=00001200  x2:000043b0  PA:000043bc
   9686ns             965 000029c4 00812403                         lw x8, 8(x2)  x8=0000370c  x2:000043b0  PA:000043b8
   9696ns             966 000029c8 00412483                         lw x9, 4(x2)  x9=00003326  x2:000043b0  PA:000043b4
   9706ns             967 000029cc 01010113                      addi x2, x2, 16  x2=000043c0  x2:000043b0
   9716ns             968 000029d0 00008067                       jalr x0, x1, 0  x1:00001200
   9736ns             970 00001200 3a051c63                     bne x10, x0, 952 x10:00000000
   9746ns             971 00001204 00c45783                      lhu x15, 12(x8) x15=00002889  x8:0000370c  PA:00003718
   9756ns             972 00001208 000a2483                        lw x9, 0(x20)  x9=00004410 x20:00004404  PA:00004404
   9766ns             973 0000120c 0027f713                     andi x14, x15, 2 x14=00000000 x15:00002889
   9776ns             974 00001210 f60718e3                    bne x14, x0, -144 x14:00000000
   9786ns             975 00001214 0017f713                     andi x14, x15, 1 x14=00000001 x15:00002889
   9796ns             976 00001218 24071463                     bne x14, x0, 584 x14:00000001
   9826ns             979 00001460 00000b13                      addi x22, x0, 0 x22=00000000
   9836ns             980 00001464 00000513                      addi x10, x0, 0 x10=00000000
   9846ns             981 00001468 00000c13                      addi x24, x0, 0 x24=00000000
   9856ns             982 0000146c 00000993                      addi x19, x0, 0 x19=00000000
   9866ns             983 00001470 ec098ae3                    beq x19, x0, -300 x19:00000000
   9896ns             986 00001344 0044a983                        lw x19, 4(x9) x19=00000020  x9:00004410  PA:00004414
   9906ns             987 00001348 0004ac03                        lw x24, 0(x9) x24=00003326  x9:00004410  PA:00004410
   9916ns             988 0000134c 00848493                       addi x9, x9, 8  x9=00004418  x9:00004410
   9926ns             989 00001350 fe098ae3                     beq x19, x0, -12 x19:00000020
   9936ns             990 00001354 00098613                     addi x12, x19, 0 x12=00000020 x19:00000020
   9946ns             991 00001358 00a00593                     addi x11, x0, 10 x11=0000000a
   9956ns             992 0000135c 000c0513                     addi x10, x24, 0 x10=00003326 x24:00003326
   9966ns             993 00001360 351000ef                         jal x1, 2896  x1=00001364
   9986ns             995 00001eb0 00357793                     andi x15, x10, 3 x15=00000002 x10:00003326
   9996ns             996 00001eb4 0ff5f693                   andi x13, x11, 255 x13=0000000a x11:0000000a
  10006ns             997 00001eb8 02078a63                      beq x15, x0, 52 x15:00000002
  10016ns             998 00001ebc fff60793                    addi x15, x12, -1 x15=0000001f x12:00000020
  10026ns             999 00001ec0 02060e63                      beq x12, x0, 60 x12:00000020
  10036ns            1000 00001ec4 fff00613                     addi x12, x0, -1 x12=ffffffff
  10046ns            1001 00001ec8 0180006f                           jal x0, 24
  10066ns            1003 00001ee0 00054703                      lbu x14, 0(x10) x14=00000065 x10:00003326  PA:00003326
  10086ns            1005 00001ee4 fed714e3                    bne x14, x13, -24 x14:00000065 x13:0000000a
  10116ns            1008 00001ecc 00150513                     addi x10, x10, 1 x10=00003327 x10:00003326
  10126ns            1009 00001ed0 00357713                     andi x14, x10, 3 x14=00000003 x10:00003327
  10136ns            1010 00001ed4 00070e63                      beq x14, x0, 28 x14:00000003
  10146ns            1011 00001ed8 fff78793                    addi x15, x15, -1 x15=0000001e x15:0000001f
  10156ns            1012 00001edc 02c78063                     beq x15, x12, 32 x15:0000001e x12:ffffffff
  10166ns            1013 00001ee0 00054703                      lbu x14, 0(x10) x14=00000063 x10:00003327  PA:00003327
  10186ns            1015 00001ee4 fed714e3                    bne x14, x13, -24 x14:00000063 x13:0000000a
  10216ns            1018 00001ecc 00150513                     addi x10, x10, 1 x10=00003328 x10:00003327
  10226ns            1019 00001ed0 00357713                     andi x14, x10, 3 x14=00000000 x10:00003328
  10236ns            1020 00001ed4 00070e63                      beq x14, x0, 28 x14:00000000
  10266ns            1023 00001ef0 00300713                      addi x14, x0, 3 x14=00000003
  10276ns            1024 00001ef4 02f76663                    bltu x14, x15, 44 x14:00000003 x15:0000001e
  10306ns            1027 00001f20 00010737                     lui x14, 0x10000 x14=00010000
  10316ns            1028 00001f24 00859893                   slli x17, x11, 0x8 x17=00000a00 x11:0000000a
  10326ns            1029 00001f28 fff70713                    addi x14, x14, -1 x14=0000ffff x14:00010000
  10336ns            1030 00001f2c 00e8f8b3                    and x17, x17, x14 x17=00000a00 x17:00000a00 x14:0000ffff
  10346ns            1031 00001f30 0ff5f593                   andi x11, x11, 255 x11=0000000a x11:0000000a
  10356ns            1032 00001f34 00b8e5b3                     or x11, x17, x11 x11=00000a0a x17:00000a00 x11:0000000a
  10366ns            1033 00001f38 01059893                  slli x17, x11, 0x10 x17=0a0a0000 x11:00000a0a
  10376ns            1034 00001f3c 00b8e8b3                     or x17, x17, x11 x17=0a0a0a0a x17:0a0a0000 x11:00000a0a
  10386ns            1035 00001f40 feff0837                  lui x16, 0xfeff0000 x16=feff0000
  10396ns            1036 00001f44 808085b7                  lui x11, 0x80808000 x11=80808000
  10406ns            1037 00001f48 eff80813                  addi x16, x16, -257 x16=fefefeff x16:feff0000
  10416ns            1038 00001f4c 08058593                   addi x11, x11, 128 x11=80808080 x11:80808000
  10426ns            1039 00001f50 00300313                       addi x6, x0, 3  x6=00000003
  10436ns            1040 00001f54 00052703                       lw x14, 0(x10) x14=206c6c61 x10:00003328  PA:00003328
  10456ns            1042 00001f58 00e8c733                    xor x14, x17, x14 x14=2a66666b x17:0a0a0a0a x14:206c6c61
  10466ns            1043 00001f5c 01070633                    add x12, x14, x16 x12=2965656a x14:2a66666b x16:fefefeff
  10476ns            1044 00001f60 fff74713                    xori x14, x14, -1 x14=d5999994 x14:2a66666b
  10486ns            1045 00001f64 00e67733                    and x14, x12, x14 x14=01010100 x12:2965656a x14:d5999994
  10496ns            1046 00001f68 00b77733                    and x14, x14, x11 x14=00000000 x14:01010100 x11:80808080
  10506ns            1047 00001f6c f8071ce3                    bne x14, x0, -104 x14:00000000
  10516ns            1048 00001f70 ffc78793                    addi x15, x15, -4 x15=0000001a x15:0000001e
  10526ns            1049 00001f74 00450513                     addi x10, x10, 4 x10=0000332c x10:00003328
  10536ns            1050 00001f78 fcf36ee3                    bltu x6, x15, -36  x6:00000003 x15:0000001a
  10566ns            1053 00001f54 00052703                       lw x14, 0(x10) x14=65637865 x10:0000332c  PA:0000332c
  10586ns            1055 00001f58 00e8c733                    xor x14, x17, x14 x14=6f69726f x17:0a0a0a0a x14:65637865
  10596ns            1056 00001f5c 01070633                    add x12, x14, x16 x12=6e68716e x14:6f69726f x16:fefefeff
  10606ns            1057 00001f60 fff74713                    xori x14, x14, -1 x14=90968d90 x14:6f69726f
  10616ns            1058 00001f64 00e67733                    and x14, x12, x14 x14=00000100 x12:6e68716e x14:90968d90
  10626ns            1059 00001f68 00b77733                    and x14, x14, x11 x14=00000000 x14:00000100 x11:80808080
  10636ns            1060 00001f6c f8071ce3                    bne x14, x0, -104 x14:00000000
  10646ns            1061 00001f70 ffc78793                    addi x15, x15, -4 x15=00000016 x15:0000001a
  10656ns            1062 00001f74 00450513                     addi x10, x10, 4 x10=00003330 x10:0000332c
  10666ns            1063 00001f78 fcf36ee3                    bltu x6, x15, -36  x6:00000003 x15:00000016
  10696ns            1066 00001f54 00052703                       lw x14, 0(x10) x14=6f697470 x10:00003330  PA:00003330
  10716ns            1068 00001f58 00e8c733                    xor x14, x17, x14 x14=65637e7a x17:0a0a0a0a x14:6f697470
  10726ns            1069 00001f5c 01070633                    add x12, x14, x16 x12=64627d79 x14:65637e7a x16:fefefeff
  10736ns            1070 00001f60 fff74713                    xori x14, x14, -1 x14=9a9c8185 x14:65637e7a
  10746ns            1071 00001f64 00e67733                    and x14, x12, x14 x14=00000101 x12:64627d79 x14:9a9c8185
  10756ns            1072 00001f68 00b77733                    and x14, x14, x11 x14=00000000 x14:00000101 x11:80808080
  10766ns            1073 00001f6c f8071ce3                    bne x14, x0, -104 x14:00000000
  10776ns            1074 00001f70 ffc78793                    addi x15, x15, -4 x15=00000012 x15:00000016
  10786ns            1075 00001f74 00450513                     addi x10, x10, 4 x10=00003334 x10:00003330
  10796ns            1076 00001f78 fcf36ee3                    bltu x6, x15, -36  x6:00000003 x15:00000012
  10826ns            1079 00001f54 00052703                       lw x14, 0(x10) x14=6168206e x10:00003334  PA:00003334
  10846ns            1081 00001f58 00e8c733                    xor x14, x17, x14 x14=6b622a64 x17:0a0a0a0a x14:6168206e
  10856ns            1082 00001f5c 01070633                    add x12, x14, x16 x12=6a612963 x14:6b622a64 x16:fefefeff
  10866ns            1083 00001f60 fff74713                    xori x14, x14, -1 x14=949dd59b x14:6b622a64
  10876ns            1084 00001f64 00e67733                    and x14, x12, x14 x14=00010103 x12:6a612963 x14:949dd59b
  10886ns            1085 00001f68 00b77733                    and x14, x14, x11 x14=00000000 x14:00010103 x11:80808080
  10896ns            1086 00001f6c f8071ce3                    bne x14, x0, -104 x14:00000000
  10906ns            1087 00001f70 ffc78793                    addi x15, x15, -4 x15=0000000e x15:00000012
  10916ns            1088 00001f74 00450513                     addi x10, x10, 4 x10=00003338 x10:00003334
  10926ns            1089 00001f78 fcf36ee3                    bltu x6, x15, -36  x6:00000003 x15:0000000e
  10956ns            1092 00001f54 00052703                       lw x14, 0(x10) x14=656c646e x10:00003338  PA:00003338
  10976ns            1094 00001f58 00e8c733                    xor x14, x17, x14 x14=6f666e64 x17:0a0a0a0a x14:656c646e
  10986ns            1095 00001f5c 01070633                    add x12, x14, x16 x12=6e656d63 x14:6f666e64 x16:fefefeff
  10996ns            1096 00001f60 fff74713                    xori x14, x14, -1 x14=9099919b x14:6f666e64
  11006ns            1097 00001f64 00e67733                    and x14, x12, x14 x14=00010103 x12:6e656d63 x14:9099919b
  11016ns            1098 00001f68 00b77733                    and x14, x14, x11 x14=00000000 x14:00010103 x11:80808080
  11026ns            1099 00001f6c f8071ce3                    bne x14, x0, -104 x14:00000000
  11036ns            1100 00001f70 ffc78793                    addi x15, x15, -4 x15=0000000a x15:0000000e
  11046ns            1101 00001f74 00450513                     addi x10, x10, 4 x10=0000333c x10:00003338
  11056ns            1102 00001f78 fcf36ee3                    bltu x6, x15, -36  x6:00000003 x15:0000000a
  11086ns            1105 00001f54 00052703                       lw x14, 0(x10) x14=6e652072 x10:0000333c  PA:0000333c
  11106ns            1107 00001f58 00e8c733                    xor x14, x17, x14 x14=646f2a78 x17:0a0a0a0a x14:6e652072
  11116ns            1108 00001f5c 01070633                    add x12, x14, x16 x12=636e2977 x14:646f2a78 x16:fefefeff
  11126ns            1109 00001f60 fff74713                    xori x14, x14, -1 x14=9b90d587 x14:646f2a78
  11136ns            1110 00001f64 00e67733                    and x14, x12, x14 x14=03000107 x12:636e2977 x14:9b90d587
  11146ns            1111 00001f68 00b77733                    and x14, x14, x11 x14=00000000 x14:03000107 x11:80808080
  11156ns            1112 00001f6c f8071ce3                    bne x14, x0, -104 x14:00000000
  11166ns            1113 00001f70 ffc78793                    addi x15, x15, -4 x15=00000006 x15:0000000a
  11176ns            1114 00001f74 00450513                     addi x10, x10, 4 x10=00003340 x10:0000333c
  11186ns            1115 00001f78 fcf36ee3                    bltu x6, x15, -36  x6:00000003 x15:00000006
  11216ns            1118 00001f54 00052703                       lw x14, 0(x10) x14=65726574 x10:00003340  PA:00003340
  11236ns            1120 00001f58 00e8c733                    xor x14, x17, x14 x14=6f786f7e x17:0a0a0a0a x14:65726574
  11246ns            1121 00001f5c 01070633                    add x12, x14, x16 x12=6e776e7d x14:6f786f7e x16:fefefeff
  11256ns            1122 00001f60 fff74713                    xori x14, x14, -1 x14=90879081 x14:6f786f7e
  11266ns            1123 00001f64 00e67733                    and x14, x12, x14 x14=00070001 x12:6e776e7d x14:90879081
  11276ns            1124 00001f68 00b77733                    and x14, x14, x11 x14=00000000 x14:00070001 x11:80808080
  11286ns            1125 00001f6c f8071ce3                    bne x14, x0, -104 x14:00000000
  11296ns            1126 00001f70 ffc78793                    addi x15, x15, -4 x15=00000002 x15:00000006
  11306ns            1127 00001f74 00450513                     addi x10, x10, 4 x10=00003344 x10:00003340
  11316ns            1128 00001f78 fcf36ee3                    bltu x6, x15, -36  x6:00000003 x15:00000002
  11326ns            1129 00001f7c f80794e3                    bne x15, x0, -120 x15:00000002
  11356ns            1132 00001f04 00f507b3                    add x15, x10, x15 x15=00003346 x10:00003344 x15:00000002
  11366ns            1133 00001f08 00c0006f                           jal x0, 12
  11386ns            1135 00001f14 00054703                      lbu x14, 0(x10) x14=00000064 x10:00003344  PA:00003344
  11406ns            1137 00001f18 fed71ae3                    bne x14, x13, -12 x14:00000064 x13:0000000a
  11436ns            1140 00001f0c 00150513                     addi x10, x10, 1 x10=00003345 x10:00003344
  11446ns            1141 00001f10 fea786e3                    beq x15, x10, -20 x15:00003346 x10:00003345
  11456ns            1142 00001f14 00054703                      lbu x14, 0(x10) x14=0000000a x10:00003345  PA:00003345
  11476ns            1144 00001f18 fed71ae3                    bne x14, x13, -12 x14:0000000a x13:0000000a
  11486ns            1145 00001f1c 00008067                       jalr x0, x1, 0  x1:00001364
  11506ns            1147 00001364 12050463                     beq x10, x0, 296 x10:00003345
  11516ns            1148 00001368 00150513                     addi x10, x10, 1 x10=00003346 x10:00003345
  11526ns            1149 0000136c 41850b33                    sub x22, x10, x24 x22=00000020 x10:00003346 x24:00003326
  11536ns            1150 00001370 000b0793                     addi x15, x22, 0 x15=00000020 x22:00000020
  11546ns            1151 00001374 00098b93                     addi x23, x19, 0 x23=00000020 x19:00000020
  11556ns            1152 00001378 0137f463                     bgeu x15, x19, 8 x15:00000020 x19:00000020
  11586ns            1155 00001380 00042503                        lw x10, 0(x8) x10=00003c40  x8:0000370c  PA:0000370c
  11596ns            1156 00001384 01042783                       lw x15, 16(x8) x15=00003c40  x8:0000370c  PA:0000371c
  11606ns            1157 00001388 01442683                       lw x13, 20(x8) x13=00000400  x8:0000370c  PA:00003720
  11616ns            1158 0000138c 00a7f863                    bgeu x15, x10, 16 x15:00003c40 x10:00003c40
  11646ns            1161 0000139c 1adbc863                    blt x23, x13, 432 x23:00000020 x13:00000400
  11676ns            1164 0000154c 000b8613                     addi x12, x23, 0 x12=00000020 x23:00000020
  11686ns            1165 00001550 000c0593                     addi x11, x24, 0 x11=00003326 x24:00003326
  11696ns            1166 00001554 34d000ef                         jal x1, 2892  x1=00001558
  11716ns            1168 000020a0 02a5f663                    bgeu x11, x10, 44 x11:00003326 x10:00003c40
  11726ns            1169 000020a4 00c587b3                    add x15, x11, x12 x15=00003346 x11:00003326 x12:00000020
  11736ns            1170 000020a8 02f57263                    bgeu x10, x15, 36 x10:00003c40 x15:00003346
  11766ns            1173 000020cc 00f00793                     addi x15, x0, 15 x15=0000000f
  11776ns            1174 000020d0 02c7e863                    bltu x15, x12, 48 x15:0000000f x12:00000020
  11806ns            1177 00002100 00a5e7b3                     or x15, x11, x10 x15=00003f66 x11:00003326 x10:00003c40
  11816ns            1178 00002104 0037f793                     andi x15, x15, 3 x15=00000002 x15:00003f66
  11826ns            1179 00002108 0a079063                     bne x15, x0, 160 x15:00000002
  11856ns            1182 000021a8 fff60693                    addi x13, x12, -1 x13=0000001f x12:00000020
  11866ns            1183 000021ac 00050793                     addi x15, x10, 0 x15=00003c40 x10:00003c40
  11876ns            1184 000021b0 f31ff06f                         jal x0, -208
  11896ns            1186 000020e0 00168693                     addi x13, x13, 1 x13=00000020 x13:0000001f
  11906ns            1187 000020e4 00d786b3                    add x13, x15, x13 x13=00003c60 x15:00003c40 x13:00000020
  11916ns            1188 000020e8 0005c703                      lbu x14, 0(x11) x14=00000065 x11:00003326  PA:00003326
  11926ns            1189 000020ec 00178793                     addi x15, x15, 1 x15=00003c41 x15:00003c40
  11936ns            1190 000020f0 00158593                     addi x11, x11, 1 x11=00003327 x11:00003326
  11946ns            1191 000020f4 fee78fa3                      sb x14, -1(x15) x14:00000065 x15:00003c41  PA:00003c40
  11956ns            1192 000020f8 fed798e3                    bne x15, x13, -16 x15:00003c41 x13:00003c60
  11986ns            1195 000020e8 0005c703                      lbu x14, 0(x11) x14=00000063 x11:00003327  PA:00003327
  11996ns            1196 000020ec 00178793                     addi x15, x15, 1 x15=00003c42 x15:00003c41
  12006ns            1197 000020f0 00158593                     addi x11, x11, 1 x11=00003328 x11:00003327
  12016ns            1198 000020f4 fee78fa3                      sb x14, -1(x15) x14:00000063 x15:00003c42  PA:00003c41
  12026ns            1199 000020f8 fed798e3                    bne x15, x13, -16 x15:00003c42 x13:00003c60
  12056ns            1202 000020e8 0005c703                      lbu x14, 0(x11) x14=00000061 x11:00003328  PA:00003328
  12066ns            1203 000020ec 00178793                     addi x15, x15, 1 x15=00003c43 x15:00003c42
  12076ns            1204 000020f0 00158593                     addi x11, x11, 1 x11=00003329 x11:00003328
  12086ns            1205 000020f4 fee78fa3                      sb x14, -1(x15) x14:00000061 x15:00003c43  PA:00003c42
  12096ns            1206 000020f8 fed798e3                    bne x15, x13, -16 x15:00003c43 x13:00003c60
  12126ns            1209 000020e8 0005c703                      lbu x14, 0(x11) x14=0000006c x11:00003329  PA:00003329
  12136ns            1210 000020ec 00178793                     addi x15, x15, 1 x15=00003c44 x15:00003c43
  12146ns            1211 000020f0 00158593                     addi x11, x11, 1 x11=0000332a x11:00003329
  12156ns            1212 000020f4 fee78fa3                      sb x14, -1(x15) x14:0000006c x15:00003c44  PA:00003c43
  12166ns            1213 000020f8 fed798e3                    bne x15, x13, -16 x15:00003c44 x13:00003c60
  12196ns            1216 000020e8 0005c703                      lbu x14, 0(x11) x14=0000006c x11:0000332a  PA:0000332a
  12206ns            1217 000020ec 00178793                     addi x15, x15, 1 x15=00003c45 x15:00003c44
  12216ns            1218 000020f0 00158593                     addi x11, x11, 1 x11=0000332b x11:0000332a
  12226ns            1219 000020f4 fee78fa3                      sb x14, -1(x15) x14:0000006c x15:00003c45  PA:00003c44
  12236ns            1220 000020f8 fed798e3                    bne x15, x13, -16 x15:00003c45 x13:00003c60
  12266ns            1223 000020e8 0005c703                      lbu x14, 0(x11) x14=00000020 x11:0000332b  PA:0000332b
  12276ns            1224 000020ec 00178793                     addi x15, x15, 1 x15=00003c46 x15:00003c45
  12286ns            1225 000020f0 00158593                     addi x11, x11, 1 x11=0000332c x11:0000332b
  12296ns            1226 000020f4 fee78fa3                      sb x14, -1(x15) x14:00000020 x15:00003c46  PA:00003c45
  12306ns            1227 000020f8 fed798e3                    bne x15, x13, -16 x15:00003c46 x13:00003c60
  12336ns            1230 000020e8 0005c703                      lbu x14, 0(x11) x14=00000065 x11:0000332c  PA:0000332c
  12346ns            1231 000020ec 00178793                     addi x15, x15, 1 x15=00003c47 x15:00003c46
  12356ns            1232 000020f0 00158593                     addi x11, x11, 1 x11=0000332d x11:0000332c
  12366ns            1233 000020f4 fee78fa3                      sb x14, -1(x15) x14:00000065 x15:00003c47  PA:00003c46
  12376ns            1234 000020f8 fed798e3                    bne x15, x13, -16 x15:00003c47 x13:00003c60
  12406ns            1237 000020e8 0005c703                      lbu x14, 0(x11) x14=00000078 x11:0000332d  PA:0000332d
  12416ns            1238 000020ec 00178793                     addi x15, x15, 1 x15=00003c48 x15:00003c47
  12426ns            1239 000020f0 00158593                     addi x11, x11, 1 x11=0000332e x11:0000332d
  12436ns            1240 000020f4 fee78fa3                      sb x14, -1(x15) x14:00000078 x15:00003c48  PA:00003c47
  12446ns            1241 000020f8 fed798e3                    bne x15, x13, -16 x15:00003c48 x13:00003c60
  12476ns            1244 000020e8 0005c703                      lbu x14, 0(x11) x14=00000063 x11:0000332e  PA:0000332e
  12486ns            1245 000020ec 00178793                     addi x15, x15, 1 x15=00003c49 x15:00003c48
  12496ns            1246 000020f0 00158593                     addi x11, x11, 1 x11=0000332f x11:0000332e
  12506ns            1247 000020f4 fee78fa3                      sb x14, -1(x15) x14:00000063 x15:00003c49  PA:00003c48
  12516ns            1248 000020f8 fed798e3                    bne x15, x13, -16 x15:00003c49 x13:00003c60
  12546ns            1251 000020e8 0005c703                      lbu x14, 0(x11) x14=00000065 x11:0000332f  PA:0000332f
  12556ns            1252 000020ec 00178793                     addi x15, x15, 1 x15=00003c4a x15:00003c49
  12566ns            1253 000020f0 00158593                     addi x11, x11, 1 x11=00003330 x11:0000332f
  12576ns            1254 000020f4 fee78fa3                      sb x14, -1(x15) x14:00000065 x15:00003c4a  PA:00003c49
  12586ns            1255 000020f8 fed798e3                    bne x15, x13, -16 x15:00003c4a x13:00003c60
  12616ns            1258 000020e8 0005c703                      lbu x14, 0(x11) x14=00000070 x11:00003330  PA:00003330
  12626ns            1259 000020ec 00178793                     addi x15, x15, 1 x15=00003c4b x15:00003c4a
  12636ns            1260 000020f0 00158593                     addi x11, x11, 1 x11=00003331 x11:00003330
  12646ns            1261 000020f4 fee78fa3                      sb x14, -1(x15) x14:00000070 x15:00003c4b  PA:00003c4a
  12656ns            1262 000020f8 fed798e3                    bne x15, x13, -16 x15:00003c4b x13:00003c60
  12686ns            1265 000020e8 0005c703                      lbu x14, 0(x11) x14=00000074 x11:00003331  PA:00003331
  12696ns            1266 000020ec 00178793                     addi x15, x15, 1 x15=00003c4c x15:00003c4b
  12706ns            1267 000020f0 00158593                     addi x11, x11, 1 x11=00003332 x11:00003331
  12716ns            1268 000020f4 fee78fa3                      sb x14, -1(x15) x14:00000074 x15:00003c4c  PA:00003c4b
  12726ns            1269 000020f8 fed798e3                    bne x15, x13, -16 x15:00003c4c x13:00003c60
  12756ns            1272 000020e8 0005c703                      lbu x14, 0(x11) x14=00000069 x11:00003332  PA:00003332
  12766ns            1273 000020ec 00178793                     addi x15, x15, 1 x15=00003c4d x15:00003c4c
  12776ns            1274 000020f0 00158593                     addi x11, x11, 1 x11=00003333 x11:00003332
  12786ns            1275 000020f4 fee78fa3                      sb x14, -1(x15) x14:00000069 x15:00003c4d  PA:00003c4c
  12796ns            1276 000020f8 fed798e3                    bne x15, x13, -16 x15:00003c4d x13:00003c60
  12826ns            1279 000020e8 0005c703                      lbu x14, 0(x11) x14=0000006f x11:00003333  PA:00003333
  12836ns            1280 000020ec 00178793                     addi x15, x15, 1 x15=00003c4e x15:00003c4d
  12846ns            1281 000020f0 00158593                     addi x11, x11, 1 x11=00003334 x11:00003333
  12856ns            1282 000020f4 fee78fa3                      sb x14, -1(x15) x14:0000006f x15:00003c4e  PA:00003c4d
  12866ns            1283 000020f8 fed798e3                    bne x15, x13, -16 x15:00003c4e x13:00003c60
  12896ns            1286 000020e8 0005c703                      lbu x14, 0(x11) x14=0000006e x11:00003334  PA:00003334
  12906ns            1287 000020ec 00178793                     addi x15, x15, 1 x15=00003c4f x15:00003c4e
  12916ns            1288 000020f0 00158593                     addi x11, x11, 1 x11=00003335 x11:00003334
  12926ns            1289 000020f4 fee78fa3                      sb x14, -1(x15) x14:0000006e x15:00003c4f  PA:00003c4e
  12936ns            1290 000020f8 fed798e3                    bne x15, x13, -16 x15:00003c4f x13:00003c60
  12966ns            1293 000020e8 0005c703                      lbu x14, 0(x11) x14=00000020 x11:00003335  PA:00003335
  12976ns            1294 000020ec 00178793                     addi x15, x15, 1 x15=00003c50 x15:00003c4f
  12986ns            1295 000020f0 00158593                     addi x11, x11, 1 x11=00003336 x11:00003335
  12996ns            1296 000020f4 fee78fa3                      sb x14, -1(x15) x14:00000020 x15:00003c50  PA:00003c4f
  13006ns            1297 000020f8 fed798e3                    bne x15, x13, -16 x15:00003c50 x13:00003c60
  13036ns            1300 000020e8 0005c703                      lbu x14, 0(x11) x14=00000068 x11:00003336  PA:00003336
  13046ns            1301 000020ec 00178793                     addi x15, x15, 1 x15=00003c51 x15:00003c50
  13056ns            1302 000020f0 00158593                     addi x11, x11, 1 x11=00003337 x11:00003336
  13066ns            1303 000020f4 fee78fa3                      sb x14, -1(x15) x14:00000068 x15:00003c51  PA:00003c50
  13076ns            1304 000020f8 fed798e3                    bne x15, x13, -16 x15:00003c51 x13:00003c60
  13106ns            1307 000020e8 0005c703                      lbu x14, 0(x11) x14=00000061 x11:00003337  PA:00003337
  13116ns            1308 000020ec 00178793                     addi x15, x15, 1 x15=00003c52 x15:00003c51
  13126ns            1309 000020f0 00158593                     addi x11, x11, 1 x11=00003338 x11:00003337
  13136ns            1310 000020f4 fee78fa3                      sb x14, -1(x15) x14:00000061 x15:00003c52  PA:00003c51
  13146ns            1311 000020f8 fed798e3                    bne x15, x13, -16 x15:00003c52 x13:00003c60
  13176ns            1314 000020e8 0005c703                      lbu x14, 0(x11) x14=0000006e x11:00003338  PA:00003338
  13186ns            1315 000020ec 00178793                     addi x15, x15, 1 x15=00003c53 x15:00003c52
  13196ns            1316 000020f0 00158593                     addi x11, x11, 1 x11=00003339 x11:00003338
  13206ns            1317 000020f4 fee78fa3                      sb x14, -1(x15) x14:0000006e x15:00003c53  PA:00003c52
  13216ns            1318 000020f8 fed798e3                    bne x15, x13, -16 x15:00003c53 x13:00003c60
  13246ns            1321 000020e8 0005c703                      lbu x14, 0(x11) x14=00000064 x11:00003339  PA:00003339
  13256ns            1322 000020ec 00178793                     addi x15, x15, 1 x15=00003c54 x15:00003c53
  13266ns            1323 000020f0 00158593                     addi x11, x11, 1 x11=0000333a x11:00003339
  13276ns            1324 000020f4 fee78fa3                      sb x14, -1(x15) x14:00000064 x15:00003c54  PA:00003c53
  13286ns            1325 000020f8 fed798e3                    bne x15, x13, -16 x15:00003c54 x13:00003c60
  13316ns            1328 000020e8 0005c703                      lbu x14, 0(x11) x14=0000006c x11:0000333a  PA:0000333a
  13326ns            1329 000020ec 00178793                     addi x15, x15, 1 x15=00003c55 x15:00003c54
  13336ns            1330 000020f0 00158593                     addi x11, x11, 1 x11=0000333b x11:0000333a
  13346ns            1331 000020f4 fee78fa3                      sb x14, -1(x15) x14:0000006c x15:00003c55  PA:00003c54
  13356ns            1332 000020f8 fed798e3                    bne x15, x13, -16 x15:00003c55 x13:00003c60
  13386ns            1335 000020e8 0005c703                      lbu x14, 0(x11) x14=00000065 x11:0000333b  PA:0000333b
  13396ns            1336 000020ec 00178793                     addi x15, x15, 1 x15=00003c56 x15:00003c55
  13406ns            1337 000020f0 00158593                     addi x11, x11, 1 x11=0000333c x11:0000333b
  13416ns            1338 000020f4 fee78fa3                      sb x14, -1(x15) x14:00000065 x15:00003c56  PA:00003c55
  13426ns            1339 000020f8 fed798e3                    bne x15, x13, -16 x15:00003c56 x13:00003c60
  13456ns            1342 000020e8 0005c703                      lbu x14, 0(x11) x14=00000072 x11:0000333c  PA:0000333c
  13466ns            1343 000020ec 00178793                     addi x15, x15, 1 x15=00003c57 x15:00003c56
  13476ns            1344 000020f0 00158593                     addi x11, x11, 1 x11=0000333d x11:0000333c
  13486ns            1345 000020f4 fee78fa3                      sb x14, -1(x15) x14:00000072 x15:00003c57  PA:00003c56
  13496ns            1346 000020f8 fed798e3                    bne x15, x13, -16 x15:00003c57 x13:00003c60
  13526ns            1349 000020e8 0005c703                      lbu x14, 0(x11) x14=00000020 x11:0000333d  PA:0000333d
  13536ns            1350 000020ec 00178793                     addi x15, x15, 1 x15=00003c58 x15:00003c57
  13546ns            1351 000020f0 00158593                     addi x11, x11, 1 x11=0000333e x11:0000333d
  13556ns            1352 000020f4 fee78fa3                      sb x14, -1(x15) x14:00000020 x15:00003c58  PA:00003c57
  13566ns            1353 000020f8 fed798e3                    bne x15, x13, -16 x15:00003c58 x13:00003c60
  13596ns            1356 000020e8 0005c703                      lbu x14, 0(x11) x14=00000065 x11:0000333e  PA:0000333e
  13606ns            1357 000020ec 00178793                     addi x15, x15, 1 x15=00003c59 x15:00003c58
  13616ns            1358 000020f0 00158593                     addi x11, x11, 1 x11=0000333f x11:0000333e
  13626ns            1359 000020f4 fee78fa3                      sb x14, -1(x15) x14:00000065 x15:00003c59  PA:00003c58
  13636ns            1360 000020f8 fed798e3                    bne x15, x13, -16 x15:00003c59 x13:00003c60
  13666ns            1363 000020e8 0005c703                      lbu x14, 0(x11) x14=0000006e x11:0000333f  PA:0000333f
  13676ns            1364 000020ec 00178793                     addi x15, x15, 1 x15=00003c5a x15:00003c59
  13686ns            1365 000020f0 00158593                     addi x11, x11, 1 x11=00003340 x11:0000333f
  13696ns            1366 000020f4 fee78fa3                      sb x14, -1(x15) x14:0000006e x15:00003c5a  PA:00003c59
  13706ns            1367 000020f8 fed798e3                    bne x15, x13, -16 x15:00003c5a x13:00003c60
  13736ns            1370 000020e8 0005c703                      lbu x14, 0(x11) x14=00000074 x11:00003340  PA:00003340
  13746ns            1371 000020ec 00178793                     addi x15, x15, 1 x15=00003c5b x15:00003c5a
  13756ns            1372 000020f0 00158593                     addi x11, x11, 1 x11=00003341 x11:00003340
  13766ns            1373 000020f4 fee78fa3                      sb x14, -1(x15) x14:00000074 x15:00003c5b  PA:00003c5a
  13776ns            1374 000020f8 fed798e3                    bne x15, x13, -16 x15:00003c5b x13:00003c60
  13806ns            1377 000020e8 0005c703                      lbu x14, 0(x11) x14=00000065 x11:00003341  PA:00003341
  13816ns            1378 000020ec 00178793                     addi x15, x15, 1 x15=00003c5c x15:00003c5b
  13826ns            1379 000020f0 00158593                     addi x11, x11, 1 x11=00003342 x11:00003341
  13836ns            1380 000020f4 fee78fa3                      sb x14, -1(x15) x14:00000065 x15:00003c5c  PA:00003c5b
  13846ns            1381 000020f8 fed798e3                    bne x15, x13, -16 x15:00003c5c x13:00003c60
  13876ns            1384 000020e8 0005c703                      lbu x14, 0(x11) x14=00000072 x11:00003342  PA:00003342
  13886ns            1385 000020ec 00178793                     addi x15, x15, 1 x15=00003c5d x15:00003c5c
  13896ns            1386 000020f0 00158593                     addi x11, x11, 1 x11=00003343 x11:00003342
  13906ns            1387 000020f4 fee78fa3                      sb x14, -1(x15) x14:00000072 x15:00003c5d  PA:00003c5c
  13916ns            1388 000020f8 fed798e3                    bne x15, x13, -16 x15:00003c5d x13:00003c60
  13946ns            1391 000020e8 0005c703                      lbu x14, 0(x11) x14=00000065 x11:00003343  PA:00003343
  13956ns            1392 000020ec 00178793                     addi x15, x15, 1 x15=00003c5e x15:00003c5d
  13966ns            1393 000020f0 00158593                     addi x11, x11, 1 x11=00003344 x11:00003343
  13976ns            1394 000020f4 fee78fa3                      sb x14, -1(x15) x14:00000065 x15:00003c5e  PA:00003c5d
  13986ns            1395 000020f8 fed798e3                    bne x15, x13, -16 x15:00003c5e x13:00003c60
  14016ns            1398 000020e8 0005c703                      lbu x14, 0(x11) x14=00000064 x11:00003344  PA:00003344
  14026ns            1399 000020ec 00178793                     addi x15, x15, 1 x15=00003c5f x15:00003c5e
  14036ns            1400 000020f0 00158593                     addi x11, x11, 1 x11=00003345 x11:00003344
  14046ns            1401 000020f4 fee78fa3                      sb x14, -1(x15) x14:00000064 x15:00003c5f  PA:00003c5e
  14056ns            1402 000020f8 fed798e3                    bne x15, x13, -16 x15:00003c5f x13:00003c60
  14086ns            1405 000020e8 0005c703                      lbu x14, 0(x11) x14=0000000a x11:00003345  PA:00003345
  14096ns            1406 000020ec 00178793                     addi x15, x15, 1 x15=00003c60 x15:00003c5f
  14106ns            1407 000020f0 00158593                     addi x11, x11, 1 x11=00003346 x11:00003345
  14116ns            1408 000020f4 fee78fa3                      sb x14, -1(x15) x14:0000000a x15:00003c60  PA:00003c5f
  14126ns            1409 000020f8 fed798e3                    bne x15, x13, -16 x15:00003c60 x13:00003c60
  14136ns            1410 000020fc 00008067                       jalr x0, x1, 0  x1:00001558
  14156ns            1412 00001558 00842783                        lw x15, 8(x8) x15=00000000  x8:0000370c  PA:00003714
  14166ns            1413 0000155c 00042603                        lw x12, 0(x8) x12=00003c40  x8:0000370c  PA:0000370c
  14176ns            1414 00001560 000b8913                     addi x18, x23, 0 x18=00000020 x23:00000020
  14186ns            1415 00001564 417787b3                    sub x15, x15, x23 x15=ffffffe0 x15:00000000 x23:00000020
  14196ns            1416 00001568 01760633                    add x12, x12, x23 x12=00003c60 x12:00003c40 x23:00000020
  14206ns            1417 0000156c 00f42423                        sw x15, 8(x8) x15:ffffffe0  x8:0000370c  PA:00003714
  14216ns            1418 00001570 00c42023                        sw x12, 0(x8) x12:00003c60  x8:0000370c  PA:0000370c
  14226ns            1419 00001574 e49ff06f                         jal x0, -440
  14246ns            1421 000013bc 412b0b33                    sub x22, x22, x18 x22=00000000 x22:00000020 x18:00000020
  14256ns            1422 000013c0 00100513                      addi x10, x0, 1 x10=00000001
  14266ns            1423 000013c4 160b0a63                     beq x22, x0, 372 x22:00000000
  14296ns            1426 00001538 00040593                      addi x11, x8, 0 x11=0000370c  x8:0000370c
  14306ns            1427 0000153c 000a8513                     addi x10, x21, 0 x10=000033b8 x21:000033b8
  14316ns            1428 00001540 14d010ef                         jal x1, 6476  x1=00001544
  14336ns            1430 00002e8c fe010113                     addi x2, x2, -32  x2=000043a0  x2:000043c0
  14346ns            1431 00002e90 00812c23                        sw x8, 24(x2)  x8:0000370c  x2:000043a0  PA:000043b8
  14356ns            1432 00002e94 00112e23                        sw x1, 28(x2)  x1:00001544  x2:000043a0  PA:000043bc
  14366ns            1433 00002e98 00050413                      addi x8, x10, 0  x8=000033b8 x10:000033b8
  14376ns            1434 00002e9c 00050663                      beq x10, x0, 12 x10:000033b8
  14386ns            1435 00002ea0 03852783                      lw x15, 56(x10) x15=00000001 x10:000033b8  PA:000033f0
  14406ns            1437 00002ea4 02078063                      beq x15, x0, 32 x15:00000001
  14416ns            1438 00002ea8 00c59783                      lh x15, 12(x11) x15=00002889 x11:0000370c  PA:00003718
  14436ns            1440 00002eac 02079663                      bne x15, x0, 44 x15:00002889
  14466ns            1443 00002ed8 00040513                      addi x10, x8, 0 x10=000033b8  x8:000033b8
  14476ns            1444 00002edc 01812403                        lw x8, 24(x2)  x8=0000370c  x2:000043a0  PA:000043b8
  14486ns            1445 00002ee0 01c12083                        lw x1, 28(x2)  x1=00001544  x2:000043a0  PA:000043bc
  14496ns            1446 00002ee4 02010113                      addi x2, x2, 32  x2=000043c0  x2:000043a0
  14506ns            1447 00002ee8 d49ff06f                         jal x0, -696
  14526ns            1449 00002c30 00c59783                      lh x15, 12(x11) x15=00002889 x11:0000370c  PA:00003718
  14536ns            1450 00002c34 fe010113                     addi x2, x2, -32  x2=000043a0  x2:000043c0
  14546ns            1451 00002c38 00812c23                        sw x8, 24(x2)  x8:0000370c  x2:000043a0  PA:000043b8
  14556ns            1452 00002c3c 01312623                       sw x19, 12(x2) x19:00000020  x2:000043a0  PA:000043ac
  14566ns            1453 00002c40 00112e23                        sw x1, 28(x2)  x1:00001544  x2:000043a0  PA:000043bc
  14576ns            1454 00002c44 00912a23                        sw x9, 20(x2)  x9:00004418  x2:000043a0  PA:000043b4
  14586ns            1455 00002c48 01212823                       sw x18, 16(x2) x18:00000020  x2:000043a0  PA:000043b0
  14596ns            1456 00002c4c 0087f693                     andi x13, x15, 8 x13=00000008 x15:00002889
  14606ns            1457 00002c50 00058413                      addi x8, x11, 0  x8=0000370c x11:0000370c
  14616ns            1458 00002c54 00050993                     addi x19, x10, 0 x19=000033b8 x10:000033b8
  14626ns            1459 00002c58 10069a63                     bne x13, x0, 276 x13:00000008
  14656ns            1462 00002d6c 0105a903                      lw x18, 16(x11) x18=00003c40 x11:0000370c  PA:0000371c
  14676ns            1464 00002d70 fc090ee3                     beq x18, x0, -36 x18:00003c40
  14686ns            1465 00002d74 0005a483                        lw x9, 0(x11)  x9=00003c60 x11:0000370c  PA:0000370c
  14696ns            1466 00002d78 01079713                  slli x14, x15, 0x10 x14=28890000 x15:00002889
  14706ns            1467 00002d7c 01075713                  srli x14, x14, 0x10 x14=00002889 x14:28890000
  14716ns            1468 00002d80 00377713                     andi x14, x14, 3 x14=00000001 x14:00002889
  14726ns            1469 00002d84 0125a023                       sw x18, 0(x11) x18:00003c40 x11:0000370c  PA:0000370c
  14736ns            1470 00002d88 412484b3                      sub x9, x9, x18  x9=00000020  x9:00003c60 x18:00003c40
  14746ns            1471 00002d8c 00000793                      addi x15, x0, 0 x15=00000000
  14756ns            1472 00002d90 00071463                       bne x14, x0, 8 x14:00000001
  14786ns            1475 00002d98 00f42423                        sw x15, 8(x8) x15:00000000  x8:0000370c  PA:00003714
  14796ns            1476 00002d9c 00904863                       blt x0, x9, 16  x9:00000020
  14826ns            1479 00002dac 02442783                       lw x15, 36(x8) x15=000027fc  x8:0000370c  PA:00003730
  14836ns            1480 00002db0 01c42583                       lw x11, 28(x8) x11=0000370c  x8:0000370c  PA:00003728
  14846ns            1481 00002db4 00048693                      addi x13, x9, 0 x13=00000020  x9:00000020
  14856ns            1482 00002db8 00090613                     addi x12, x18, 0 x12=00003c40 x18:00003c40
  14866ns            1483 00002dbc 00098513                     addi x10, x19, 0 x10=000033b8 x19:000033b8
  14876ns            1484 00002dc0 000780e7                      jalr x1, x15, 0  x1=00002dc4 x15:000027fc
  14896ns            1486 000027fc 00c59783                      lh x15, 12(x11) x15=00002889 x11:0000370c  PA:00003718
  14906ns            1487 00002800 fe010113                     addi x2, x2, -32  x2=00004380  x2:000043a0
  14916ns            1488 00002804 00812c23                        sw x8, 24(x2)  x8:0000370c  x2:00004380  PA:00004398
  14926ns            1489 00002808 00912a23                        sw x9, 20(x2)  x9:00000020  x2:00004380  PA:00004394
  14936ns            1490 0000280c 01212823                       sw x18, 16(x2) x18:00003c40  x2:00004380  PA:00004390
  14946ns            1491 00002810 01312623                       sw x19, 12(x2) x19:000033b8  x2:00004380  PA:0000438c
  14956ns            1492 00002814 00112e23                        sw x1, 28(x2)  x1:00002dc4  x2:00004380  PA:0000439c
  14966ns            1493 00002818 1007f713                   andi x14, x15, 256 x14=00000000 x15:00002889
  14976ns            1494 0000281c 00058413                      addi x8, x11, 0  x8=0000370c x11:0000370c
  14986ns            1495 00002820 00050493                      addi x9, x10, 0  x9=000033b8 x10:000033b8
  14996ns            1496 00002824 00e59583                      lh x11, 14(x11) x11=00000001 x11:0000370c  PA:0000371a
  15006ns            1497 00002828 00060913                     addi x18, x12, 0 x18=00003c40 x12:00003c40
  15016ns            1498 0000282c 00068993                     addi x19, x13, 0 x19=00000020 x13:00000020
  15026ns            1499 00002830 02071e63                      bne x14, x0, 60 x14:00000000
  15036ns            1500 00002834 fffff737                  lui x14, 0xfffff000 x14=fffff000
  15046ns            1501 00002838 fff70713                    addi x14, x14, -1 x14=ffffefff x14:fffff000
  15056ns            1502 0000283c 00e7f7b3                    and x15, x15, x14 x15=00002889 x15:00002889 x14:ffffefff
  15066ns            1503 00002840 00f41623                       sh x15, 12(x8) x15:00002889  x8:0000370c  PA:00003718
  15076ns            1504 00002844 01812403                        lw x8, 24(x2)  x8=0000370c  x2:00004380  PA:00004398
  15086ns            1505 00002848 01c12083                        lw x1, 28(x2)  x1=00002dc4  x2:00004380  PA:0000439c
  15096ns            1506 0000284c 00098693                     addi x13, x19, 0 x13=00000020 x19:00000020
  15106ns            1507 00002850 00090613                     addi x12, x18, 0 x12=00003c40 x18:00003c40
  15116ns            1508 00002854 00c12983                       lw x19, 12(x2) x19=000033b8  x2:00004380  PA:0000438c
  15126ns            1509 00002858 01012903                       lw x18, 16(x2) x18=00003c40  x2:00004380  PA:00004390
  15136ns            1510 0000285c 00048513                      addi x10, x9, 0 x10=000033b8  x9:000033b8
  15146ns            1511 00002860 01412483                        lw x9, 20(x2)  x9=00000020  x2:00004380  PA:00004394
  15156ns            1512 00002864 02010113                      addi x2, x2, 32  x2=000043a0  x2:00004380
  15166ns            1513 00002868 08c0006f                          jal x0, 140
  15186ns            1515 000028f4 ff010113                     addi x2, x2, -16  x2=00004390  x2:000043a0
  15196ns            1516 000028f8 00058713                     addi x14, x11, 0 x14=00000001 x11:00000001
  15206ns            1517 000028fc 00812423                         sw x8, 8(x2)  x8:0000370c  x2:00004390  PA:00004398
  15216ns            1518 00002900 00912223                         sw x9, 4(x2)  x9:00000020  x2:00004390  PA:00004394
  15226ns            1519 00002904 00060593                     addi x11, x12, 0 x11=00003c40 x12:00003c40
  15236ns            1520 00002908 00050413                      addi x8, x10, 0  x8=000033b8 x10:000033b8
  15246ns            1521 0000290c 00068613                     addi x12, x13, 0 x12=00000020 x13:00000020
  15256ns            1522 00002910 00070513                     addi x10, x14, 0 x10=00000001 x14:00000001
  15266ns            1523 00002914 00112623                        sw x1, 12(x2)  x1:00002dc4  x2:00004390  PA:0000439c
  15276ns            1524 00002918 0601ac23                       sw x0, 120(x3)  x3:00003bb8  PA:00003c30
  15286ns            1525 0000291c 907fd0ef                        jal x1, -9978  x1=00002920
  15306ns            1527 00000222 00100693                      addi x13, x0, 1 x13=00000001
  15316ns            1528 00000224 00c587b3                    add x15, x11, x12 x15=00003c60 x11:00003c40 x12:00000020
  15326ns            1529 00000228 10000737                  lui x14, 0x10000000 x14=10000000
  15336ns            1530 0000022c 00d50c63                     beq x10, x13, 24 x10:00000001 x13:00000001
  15366ns            1533 00000244 fef59ce3                     bne x11, x15, -8 x11:00003c40 x15:00003c60
  15396ns            1536 0000023c 0005c683                      lbu x13, 0(x11) x13=00000065 x11:00003c40  PA:00003c40
  15406ns            1537 00000240 00158593                     addi x11, x11, 1 x11=00003c41 x11:00003c40
  15416ns            1538 00000242 00d72023                       sw x13, 0(x14) x13:00000065 x14:10000000  PA:10000000
  15426ns            1539 00000244 fef59ce3                     bne x11, x15, -8 x11:00003c41 x15:00003c60
  15456ns            1542 0000023c 0005c683                      lbu x13, 0(x11) x13=00000063 x11:00003c41  PA:00003c41
  15466ns            1543 00000240 00158593                     addi x11, x11, 1 x11=00003c42 x11:00003c41
  15476ns            1544 00000242 00d72023                       sw x13, 0(x14) x13:00000063 x14:10000000  PA:10000000
  15486ns            1545 00000244 fef59ce3                     bne x11, x15, -8 x11:00003c42 x15:00003c60
  15516ns            1548 0000023c 0005c683                      lbu x13, 0(x11) x13=00000061 x11:00003c42  PA:00003c42
  15526ns            1549 00000240 00158593                     addi x11, x11, 1 x11=00003c43 x11:00003c42
  15536ns            1550 00000242 00d72023                       sw x13, 0(x14) x13:00000061 x14:10000000  PA:10000000
  15546ns            1551 00000244 fef59ce3                     bne x11, x15, -8 x11:00003c43 x15:00003c60
  15576ns            1554 0000023c 0005c683                      lbu x13, 0(x11) x13=0000006c x11:00003c43  PA:00003c43
  15586ns            1555 00000240 00158593                     addi x11, x11, 1 x11=00003c44 x11:00003c43
  15596ns            1556 00000242 00d72023                       sw x13, 0(x14) x13:0000006c x14:10000000  PA:10000000
  15606ns            1557 00000244 fef59ce3                     bne x11, x15, -8 x11:00003c44 x15:00003c60
  15636ns            1560 0000023c 0005c683                      lbu x13, 0(x11) x13=0000006c x11:00003c44  PA:00003c44
  15646ns            1561 00000240 00158593                     addi x11, x11, 1 x11=00003c45 x11:00003c44
  15656ns            1562 00000242 00d72023                       sw x13, 0(x14) x13:0000006c x14:10000000  PA:10000000
  15666ns            1563 00000244 fef59ce3                     bne x11, x15, -8 x11:00003c45 x15:00003c60
  15696ns            1566 0000023c 0005c683                      lbu x13, 0(x11) x13=00000020 x11:00003c45  PA:00003c45
  15706ns            1567 00000240 00158593                     addi x11, x11, 1 x11=00003c46 x11:00003c45
  15716ns            1568 00000242 00d72023                       sw x13, 0(x14) x13:00000020 x14:10000000  PA:10000000
  15726ns            1569 00000244 fef59ce3                     bne x11, x15, -8 x11:00003c46 x15:00003c60
  15756ns            1572 0000023c 0005c683                      lbu x13, 0(x11) x13=00000065 x11:00003c46  PA:00003c46
  15766ns            1573 00000240 00158593                     addi x11, x11, 1 x11=00003c47 x11:00003c46
  15776ns            1574 00000242 00d72023                       sw x13, 0(x14) x13:00000065 x14:10000000  PA:10000000
  15786ns            1575 00000244 fef59ce3                     bne x11, x15, -8 x11:00003c47 x15:00003c60
  15816ns            1578 0000023c 0005c683                      lbu x13, 0(x11) x13=00000078 x11:00003c47  PA:00003c47
  15826ns            1579 00000240 00158593                     addi x11, x11, 1 x11=00003c48 x11:00003c47
  15836ns            1580 00000242 00d72023                       sw x13, 0(x14) x13:00000078 x14:10000000  PA:10000000
  15846ns            1581 00000244 fef59ce3                     bne x11, x15, -8 x11:00003c48 x15:00003c60
  15876ns            1584 0000023c 0005c683                      lbu x13, 0(x11) x13=00000063 x11:00003c48  PA:00003c48
  15886ns            1585 00000240 00158593                     addi x11, x11, 1 x11=00003c49 x11:00003c48
  15896ns            1586 00000242 00d72023                       sw x13, 0(x14) x13:00000063 x14:10000000  PA:10000000
  15906ns            1587 00000244 fef59ce3                     bne x11, x15, -8 x11:00003c49 x15:00003c60
  15936ns            1590 0000023c 0005c683                      lbu x13, 0(x11) x13=00000065 x11:00003c49  PA:00003c49
  15946ns            1591 00000240 00158593                     addi x11, x11, 1 x11=00003c4a x11:00003c49
  15956ns            1592 00000242 00d72023                       sw x13, 0(x14) x13:00000065 x14:10000000  PA:10000000
  15966ns            1593 00000244 fef59ce3                     bne x11, x15, -8 x11:00003c4a x15:00003c60
  15996ns            1596 0000023c 0005c683                      lbu x13, 0(x11) x13=00000070 x11:00003c4a  PA:00003c4a
  16006ns            1597 00000240 00158593                     addi x11, x11, 1 x11=00003c4b x11:00003c4a
  16016ns            1598 00000242 00d72023                       sw x13, 0(x14) x13:00000070 x14:10000000  PA:10000000
  16026ns            1599 00000244 fef59ce3                     bne x11, x15, -8 x11:00003c4b x15:00003c60
  16056ns            1602 0000023c 0005c683                      lbu x13, 0(x11) x13=00000074 x11:00003c4b  PA:00003c4b
  16066ns            1603 00000240 00158593                     addi x11, x11, 1 x11=00003c4c x11:00003c4b
  16076ns            1604 00000242 00d72023                       sw x13, 0(x14) x13:00000074 x14:10000000  PA:10000000
  16086ns            1605 00000244 fef59ce3                     bne x11, x15, -8 x11:00003c4c x15:00003c60
  16116ns            1608 0000023c 0005c683                      lbu x13, 0(x11) x13=00000069 x11:00003c4c  PA:00003c4c
  16126ns            1609 00000240 00158593                     addi x11, x11, 1 x11=00003c4d x11:00003c4c
  16136ns            1610 00000242 00d72023                       sw x13, 0(x14) x13:00000069 x14:10000000  PA:10000000
  16146ns            1611 00000244 fef59ce3                     bne x11, x15, -8 x11:00003c4d x15:00003c60
  16176ns            1614 0000023c 0005c683                      lbu x13, 0(x11) x13=0000006f x11:00003c4d  PA:00003c4d
  16186ns            1615 00000240 00158593                     addi x11, x11, 1 x11=00003c4e x11:00003c4d
  16196ns            1616 00000242 00d72023                       sw x13, 0(x14) x13:0000006f x14:10000000  PA:10000000
  16206ns            1617 00000244 fef59ce3                     bne x11, x15, -8 x11:00003c4e x15:00003c60
  16236ns            1620 0000023c 0005c683                      lbu x13, 0(x11) x13=0000006e x11:00003c4e  PA:00003c4e
  16246ns            1621 00000240 00158593                     addi x11, x11, 1 x11=00003c4f x11:00003c4e
  16256ns            1622 00000242 00d72023                       sw x13, 0(x14) x13:0000006e x14:10000000  PA:10000000
  16266ns            1623 00000244 fef59ce3                     bne x11, x15, -8 x11:00003c4f x15:00003c60
  16296ns            1626 0000023c 0005c683                      lbu x13, 0(x11) x13=00000020 x11:00003c4f  PA:00003c4f
  16306ns            1627 00000240 00158593                     addi x11, x11, 1 x11=00003c50 x11:00003c4f
  16316ns            1628 00000242 00d72023                       sw x13, 0(x14) x13:00000020 x14:10000000  PA:10000000
  16326ns            1629 00000244 fef59ce3                     bne x11, x15, -8 x11:00003c50 x15:00003c60
  16356ns            1632 0000023c 0005c683                      lbu x13, 0(x11) x13=00000068 x11:00003c50  PA:00003c50
  16366ns            1633 00000240 00158593                     addi x11, x11, 1 x11=00003c51 x11:00003c50
  16376ns            1634 00000242 00d72023                       sw x13, 0(x14) x13:00000068 x14:10000000  PA:10000000
  16386ns            1635 00000244 fef59ce3                     bne x11, x15, -8 x11:00003c51 x15:00003c60
  16416ns            1638 0000023c 0005c683                      lbu x13, 0(x11) x13=00000061 x11:00003c51  PA:00003c51
  16426ns            1639 00000240 00158593                     addi x11, x11, 1 x11=00003c52 x11:00003c51
  16436ns            1640 00000242 00d72023                       sw x13, 0(x14) x13:00000061 x14:10000000  PA:10000000
  16446ns            1641 00000244 fef59ce3                     bne x11, x15, -8 x11:00003c52 x15:00003c60
  16476ns            1644 0000023c 0005c683                      lbu x13, 0(x11) x13=0000006e x11:00003c52  PA:00003c52
  16486ns            1645 00000240 00158593                     addi x11, x11, 1 x11=00003c53 x11:00003c52
  16496ns            1646 00000242 00d72023                       sw x13, 0(x14) x13:0000006e x14:10000000  PA:10000000
  16506ns            1647 00000244 fef59ce3                     bne x11, x15, -8 x11:00003c53 x15:00003c60
  16536ns            1650 0000023c 0005c683                      lbu x13, 0(x11) x13=00000064 x11:00003c53  PA:00003c53
  16546ns            1651 00000240 00158593                     addi x11, x11, 1 x11=00003c54 x11:00003c53
  16556ns            1652 00000242 00d72023                       sw x13, 0(x14) x13:00000064 x14:10000000  PA:10000000
  16566ns            1653 00000244 fef59ce3                     bne x11, x15, -8 x11:00003c54 x15:00003c60
  16596ns            1656 0000023c 0005c683                      lbu x13, 0(x11) x13=0000006c x11:00003c54  PA:00003c54
  16606ns            1657 00000240 00158593                     addi x11, x11, 1 x11=00003c55 x11:00003c54
  16616ns            1658 00000242 00d72023                       sw x13, 0(x14) x13:0000006c x14:10000000  PA:10000000
  16626ns            1659 00000244 fef59ce3                     bne x11, x15, -8 x11:00003c55 x15:00003c60
  16656ns            1662 0000023c 0005c683                      lbu x13, 0(x11) x13=00000065 x11:00003c55  PA:00003c55
  16666ns            1663 00000240 00158593                     addi x11, x11, 1 x11=00003c56 x11:00003c55
  16676ns            1664 00000242 00d72023                       sw x13, 0(x14) x13:00000065 x14:10000000  PA:10000000
  16686ns            1665 00000244 fef59ce3                     bne x11, x15, -8 x11:00003c56 x15:00003c60
  16716ns            1668 0000023c 0005c683                      lbu x13, 0(x11) x13=00000072 x11:00003c56  PA:00003c56
  16726ns            1669 00000240 00158593                     addi x11, x11, 1 x11=00003c57 x11:00003c56
  16736ns            1670 00000242 00d72023                       sw x13, 0(x14) x13:00000072 x14:10000000  PA:10000000
  16746ns            1671 00000244 fef59ce3                     bne x11, x15, -8 x11:00003c57 x15:00003c60
  16776ns            1674 0000023c 0005c683                      lbu x13, 0(x11) x13=00000020 x11:00003c57  PA:00003c57
  16786ns            1675 00000240 00158593                     addi x11, x11, 1 x11=00003c58 x11:00003c57
  16796ns            1676 00000242 00d72023                       sw x13, 0(x14) x13:00000020 x14:10000000  PA:10000000
  16806ns            1677 00000244 fef59ce3                     bne x11, x15, -8 x11:00003c58 x15:00003c60
  16836ns            1680 0000023c 0005c683                      lbu x13, 0(x11) x13=00000065 x11:00003c58  PA:00003c58
  16846ns            1681 00000240 00158593                     addi x11, x11, 1 x11=00003c59 x11:00003c58
  16856ns            1682 00000242 00d72023                       sw x13, 0(x14) x13:00000065 x14:10000000  PA:10000000
  16866ns            1683 00000244 fef59ce3                     bne x11, x15, -8 x11:00003c59 x15:00003c60
  16896ns            1686 0000023c 0005c683                      lbu x13, 0(x11) x13=0000006e x11:00003c59  PA:00003c59
  16906ns            1687 00000240 00158593                     addi x11, x11, 1 x11=00003c5a x11:00003c59
  16916ns            1688 00000242 00d72023                       sw x13, 0(x14) x13:0000006e x14:10000000  PA:10000000
  16926ns            1689 00000244 fef59ce3                     bne x11, x15, -8 x11:00003c5a x15:00003c60
  16956ns            1692 0000023c 0005c683                      lbu x13, 0(x11) x13=00000074 x11:00003c5a  PA:00003c5a
  16966ns            1693 00000240 00158593                     addi x11, x11, 1 x11=00003c5b x11:00003c5a
  16976ns            1694 00000242 00d72023                       sw x13, 0(x14) x13:00000074 x14:10000000  PA:10000000
  16986ns            1695 00000244 fef59ce3                     bne x11, x15, -8 x11:00003c5b x15:00003c60
  17016ns            1698 0000023c 0005c683                      lbu x13, 0(x11) x13=00000065 x11:00003c5b  PA:00003c5b
  17026ns            1699 00000240 00158593                     addi x11, x11, 1 x11=00003c5c x11:00003c5b
  17036ns            1700 00000242 00d72023                       sw x13, 0(x14) x13:00000065 x14:10000000  PA:10000000
  17046ns            1701 00000244 fef59ce3                     bne x11, x15, -8 x11:00003c5c x15:00003c60
  17076ns            1704 0000023c 0005c683                      lbu x13, 0(x11) x13=00000072 x11:00003c5c  PA:00003c5c
  17086ns            1705 00000240 00158593                     addi x11, x11, 1 x11=00003c5d x11:00003c5c
  17096ns            1706 00000242 00d72023                       sw x13, 0(x14) x13:00000072 x14:10000000  PA:10000000
  17106ns            1707 00000244 fef59ce3                     bne x11, x15, -8 x11:00003c5d x15:00003c60
  17136ns            1710 0000023c 0005c683                      lbu x13, 0(x11) x13=00000065 x11:00003c5d  PA:00003c5d
  17146ns            1711 00000240 00158593                     addi x11, x11, 1 x11=00003c5e x11:00003c5d
  17156ns            1712 00000242 00d72023                       sw x13, 0(x14) x13:00000065 x14:10000000  PA:10000000
  17166ns            1713 00000244 fef59ce3                     bne x11, x15, -8 x11:00003c5e x15:00003c60
  17196ns            1716 0000023c 0005c683                      lbu x13, 0(x11) x13=00000064 x11:00003c5e  PA:00003c5e
  17206ns            1717 00000240 00158593                     addi x11, x11, 1 x11=00003c5f x11:00003c5e
  17216ns            1718 00000242 00d72023                       sw x13, 0(x14) x13:00000064 x14:10000000  PA:10000000
  17226ns            1719 00000244 fef59ce3                     bne x11, x15, -8 x11:00003c5f x15:00003c60
  17256ns            1722 0000023c 0005c683                      lbu x13, 0(x11) x13=0000000a x11:00003c5f  PA:00003c5f
  17266ns            1723 00000240 00158593                     addi x11, x11, 1 x11=00003c60 x11:00003c5f
  17276ns            1724 00000242 00d72023                       sw x13, 0(x14) x13:0000000a x14:10000000  PA:10000000
  17286ns            1725 00000244 fef59ce3                     bne x11, x15, -8 x11:00003c60 x15:00003c60
  17296ns            1726 00000248 00c00533                     add x10, x0, x12 x10=00000020 x12:00000020
  17306ns            1727 0000024a 00008067                       jalr x0, x1, 0  x1:00002920
  17326ns            1729 00002920 fff00793                     addi x15, x0, -1 x15=ffffffff
  17336ns            1730 00002924 00f50c63                     beq x10, x15, 24 x10:00000020 x15:ffffffff
  17346ns            1731 00002928 00c12083                        lw x1, 12(x2)  x1=00002dc4  x2:00004390  PA:0000439c
  17356ns            1732 0000292c 00812403                         lw x8, 8(x2)  x8=0000370c  x2:00004390  PA:00004398
  17366ns            1733 00002930 00412483                         lw x9, 4(x2)  x9=00000020  x2:00004390  PA:00004394
  17376ns            1734 00002934 01010113                      addi x2, x2, 16  x2=000043a0  x2:00004390
  17386ns            1735 00002938 00008067                       jalr x0, x1, 0  x1:00002dc4
  17406ns            1737 00002dc4 40a484b3                      sub x9, x9, x10  x9=00000000  x9:00000020 x10:00000020
  17416ns            1738 00002dc8 fca04ee3                     blt x0, x10, -36 x10:00000020
  17446ns            1741 00002da4 00a90933                    add x18, x18, x10 x18=00003c60 x18:00003c40 x10:00000020
  17456ns            1742 00002da8 fa9052e3                      bge x0, x9, -92  x9:00000000
  17486ns            1745 00002d4c 00000513                      addi x10, x0, 0 x10=00000000
  17496ns            1746 00002d50 01c12083                        lw x1, 28(x2)  x1=00001544  x2:000043a0  PA:000043bc
  17506ns            1747 00002d54 01812403                        lw x8, 24(x2)  x8=0000370c  x2:000043a0  PA:000043b8
  17516ns            1748 00002d58 01412483                        lw x9, 20(x2)  x9=00004418  x2:000043a0  PA:000043b4
  17526ns            1749 00002d5c 01012903                       lw x18, 16(x2) x18=00000020  x2:000043a0  PA:000043b0
  17536ns            1750 00002d60 00c12983                       lw x19, 12(x2) x19=00000020  x2:000043a0  PA:000043ac
  17546ns            1751 00002d64 02010113                      addi x2, x2, 32  x2=000043c0  x2:000043a0
  17556ns            1752 00002d68 00008067                       jalr x0, x1, 0  x1:00001544
  17576ns            1754 00001544 e80502e3                    beq x10, x0, -380 x10:00000000
  17606ns            1757 000013c8 008a2603                       lw x12, 8(x20) x12=00000021 x20:00004404  PA:0000440c
  17616ns            1758 000013cc 012c0c33                    add x24, x24, x18 x24=00003346 x24:00003326 x18:00000020
  17626ns            1759 000013d0 412989b3                    sub x19, x19, x18 x19=00000000 x19:00000020 x18:00000020
  17636ns            1760 000013d4 41260933                    sub x18, x12, x18 x18=00000001 x12:00000021 x18:00000020
  17646ns            1761 000013d8 012a2423                       sw x18, 8(x20) x18:00000001 x20:00004404  PA:0000440c
  17656ns            1762 000013dc 08091a63                     bne x18, x0, 148 x18:00000001
  17686ns            1765 00001470 ec098ae3                    beq x19, x0, -300 x19:00000000
  17716ns            1768 00001344 0044a983                        lw x19, 4(x9) x19=00000001  x9:00004418  PA:0000441c
  17726ns            1769 00001348 0004ac03                        lw x24, 0(x9) x24=000033ac  x9:00004418  PA:00004418
  17736ns            1770 0000134c 00848493                       addi x9, x9, 8  x9=00004420  x9:00004418
  17746ns            1771 00001350 fe098ae3                     beq x19, x0, -12 x19:00000001
  17756ns            1772 00001354 00098613                     addi x12, x19, 0 x12=00000001 x19:00000001
  17766ns            1773 00001358 00a00593                     addi x11, x0, 10 x11=0000000a
  17776ns            1774 0000135c 000c0513                     addi x10, x24, 0 x10=000033ac x24:000033ac
  17786ns            1775 00001360 351000ef                         jal x1, 2896  x1=00001364
  17806ns            1777 00001eb0 00357793                     andi x15, x10, 3 x15=00000000 x10:000033ac
  17816ns            1778 00001eb4 0ff5f693                   andi x13, x11, 255 x13=0000000a x11:0000000a
  17826ns            1779 00001eb8 02078a63                      beq x15, x0, 52 x15:00000000
  17856ns            1782 00001eec 00060793                     addi x15, x12, 0 x15=00000001 x12:00000001
  17866ns            1783 00001ef0 00300713                      addi x14, x0, 3 x14=00000003
  17876ns            1784 00001ef4 02f76663                    bltu x14, x15, 44 x14:00000003 x15:00000001
  17886ns            1785 00001ef8 00079663                      bne x15, x0, 12 x15:00000001
  17916ns            1788 00001f04 00f507b3                    add x15, x10, x15 x15=000033ad x10:000033ac x15:00000001
  17926ns            1789 00001f08 00c0006f                           jal x0, 12
  17946ns            1791 00001f14 00054703                      lbu x14, 0(x10) x14=0000000a x10:000033ac  PA:000033ac
  17966ns            1793 00001f18 fed71ae3                    bne x14, x13, -12 x14:0000000a x13:0000000a
  17976ns            1794 00001f1c 00008067                       jalr x0, x1, 0  x1:00001364
  17996ns            1796 00001364 12050463                     beq x10, x0, 296 x10:000033ac
  18006ns            1797 00001368 00150513                     addi x10, x10, 1 x10=000033ad x10:000033ac
  18016ns            1798 0000136c 41850b33                    sub x22, x10, x24 x22=00000001 x10:000033ad x24:000033ac
  18026ns            1799 00001370 000b0793                     addi x15, x22, 0 x15=00000001 x22:00000001
  18036ns            1800 00001374 00098b93                     addi x23, x19, 0 x23=00000001 x19:00000001
  18046ns            1801 00001378 0137f463                     bgeu x15, x19, 8 x15:00000001 x19:00000001
  18076ns            1804 00001380 00042503                        lw x10, 0(x8) x10=00003c40  x8:0000370c  PA:0000370c
  18086ns            1805 00001384 01042783                       lw x15, 16(x8) x15=00003c40  x8:0000370c  PA:0000371c
  18096ns            1806 00001388 01442683                       lw x13, 20(x8) x13=00000400  x8:0000370c  PA:00003720
  18106ns            1807 0000138c 00a7f863                    bgeu x15, x10, 16 x15:00003c40 x10:00003c40
  18136ns            1810 0000139c 1adbc863                    blt x23, x13, 432 x23:00000001 x13:00000400
  18166ns            1813 0000154c 000b8613                     addi x12, x23, 0 x12=00000001 x23:00000001
  18176ns            1814 00001550 000c0593                     addi x11, x24, 0 x11=000033ac x24:000033ac
  18186ns            1815 00001554 34d000ef                         jal x1, 2892  x1=00001558
  18206ns            1817 000020a0 02a5f663                    bgeu x11, x10, 44 x11:000033ac x10:00003c40
  18216ns            1818 000020a4 00c587b3                    add x15, x11, x12 x15=000033ad x11:000033ac x12:00000001
  18226ns            1819 000020a8 02f57263                    bgeu x10, x15, 36 x10:00003c40 x15:000033ad
  18256ns            1822 000020cc 00f00793                     addi x15, x0, 15 x15=0000000f
  18266ns            1823 000020d0 02c7e863                    bltu x15, x12, 48 x15:0000000f x12:00000001
  18276ns            1824 000020d4 00050793                     addi x15, x10, 0 x15=00003c40 x10:00003c40
  18286ns            1825 000020d8 fff60693                    addi x13, x12, -1 x13=00000000 x12:00000001
  18296ns            1826 000020dc 0c060c63                     beq x12, x0, 216 x12:00000001
  18306ns            1827 000020e0 00168693                     addi x13, x13, 1 x13=00000001 x13:00000000
  18316ns            1828 000020e4 00d786b3                    add x13, x15, x13 x13=00003c41 x15:00003c40 x13:00000001
  18326ns            1829 000020e8 0005c703                      lbu x14, 0(x11) x14=0000000a x11:000033ac  PA:000033ac
  18336ns            1830 000020ec 00178793                     addi x15, x15, 1 x15=00003c41 x15:00003c40
  18346ns            1831 000020f0 00158593                     addi x11, x11, 1 x11=000033ad x11:000033ac
  18356ns            1832 000020f4 fee78fa3                      sb x14, -1(x15) x14:0000000a x15:00003c41  PA:00003c40
  18366ns            1833 000020f8 fed798e3                    bne x15, x13, -16 x15:00003c41 x13:00003c41
  18376ns            1834 000020fc 00008067                       jalr x0, x1, 0  x1:00001558
  18396ns            1836 00001558 00842783                        lw x15, 8(x8) x15=00000000  x8:0000370c  PA:00003714
  18406ns            1837 0000155c 00042603                        lw x12, 0(x8) x12=00003c40  x8:0000370c  PA:0000370c
  18416ns            1838 00001560 000b8913                     addi x18, x23, 0 x18=00000001 x23:00000001
  18426ns            1839 00001564 417787b3                    sub x15, x15, x23 x15=ffffffff x15:00000000 x23:00000001
  18436ns            1840 00001568 01760633                    add x12, x12, x23 x12=00003c41 x12:00003c40 x23:00000001
  18446ns            1841 0000156c 00f42423                        sw x15, 8(x8) x15:ffffffff  x8:0000370c  PA:00003714
  18456ns            1842 00001570 00c42023                        sw x12, 0(x8) x12:00003c41  x8:0000370c  PA:0000370c
  18466ns            1843 00001574 e49ff06f                         jal x0, -440
  18486ns            1845 000013bc 412b0b33                    sub x22, x22, x18 x22=00000000 x22:00000001 x18:00000001
  18496ns            1846 000013c0 00100513                      addi x10, x0, 1 x10=00000001
  18506ns            1847 000013c4 160b0a63                     beq x22, x0, 372 x22:00000000
  18536ns            1850 00001538 00040593                      addi x11, x8, 0 x11=0000370c  x8:0000370c
  18546ns            1851 0000153c 000a8513                     addi x10, x21, 0 x10=000033b8 x21:000033b8
  18556ns            1852 00001540 14d010ef                         jal x1, 6476  x1=00001544
  18576ns            1854 00002e8c fe010113                     addi x2, x2, -32  x2=000043a0  x2:000043c0
  18586ns            1855 00002e90 00812c23                        sw x8, 24(x2)  x8:0000370c  x2:000043a0  PA:000043b8
  18596ns            1856 00002e94 00112e23                        sw x1, 28(x2)  x1:00001544  x2:000043a0  PA:000043bc
  18606ns            1857 00002e98 00050413                      addi x8, x10, 0  x8=000033b8 x10:000033b8
  18616ns            1858 00002e9c 00050663                      beq x10, x0, 12 x10:000033b8
  18626ns            1859 00002ea0 03852783                      lw x15, 56(x10) x15=00000001 x10:000033b8  PA:000033f0
  18646ns            1861 00002ea4 02078063                      beq x15, x0, 32 x15:00000001
  18656ns            1862 00002ea8 00c59783                      lh x15, 12(x11) x15=00002889 x11:0000370c  PA:00003718
  18676ns            1864 00002eac 02079663                      bne x15, x0, 44 x15:00002889
  18706ns            1867 00002ed8 00040513                      addi x10, x8, 0 x10=000033b8  x8:000033b8
  18716ns            1868 00002edc 01812403                        lw x8, 24(x2)  x8=0000370c  x2:000043a0  PA:000043b8
  18726ns            1869 00002ee0 01c12083                        lw x1, 28(x2)  x1=00001544  x2:000043a0  PA:000043bc
  18736ns            1870 00002ee4 02010113                      addi x2, x2, 32  x2=000043c0  x2:000043a0
  18746ns            1871 00002ee8 d49ff06f                         jal x0, -696
  18766ns            1873 00002c30 00c59783                      lh x15, 12(x11) x15=00002889 x11:0000370c  PA:00003718
  18776ns            1874 00002c34 fe010113                     addi x2, x2, -32  x2=000043a0  x2:000043c0
  18786ns            1875 00002c38 00812c23                        sw x8, 24(x2)  x8:0000370c  x2:000043a0  PA:000043b8
  18796ns            1876 00002c3c 01312623                       sw x19, 12(x2) x19:00000001  x2:000043a0  PA:000043ac
  18806ns            1877 00002c40 00112e23                        sw x1, 28(x2)  x1:00001544  x2:000043a0  PA:000043bc
  18816ns            1878 00002c44 00912a23                        sw x9, 20(x2)  x9:00004420  x2:000043a0  PA:000043b4
  18826ns            1879 00002c48 01212823                       sw x18, 16(x2) x18:00000001  x2:000043a0  PA:000043b0
  18836ns            1880 00002c4c 0087f693                     andi x13, x15, 8 x13=00000008 x15:00002889
  18846ns            1881 00002c50 00058413                      addi x8, x11, 0  x8=0000370c x11:0000370c
  18856ns            1882 00002c54 00050993                     addi x19, x10, 0 x19=000033b8 x10:000033b8
  18866ns            1883 00002c58 10069a63                     bne x13, x0, 276 x13:00000008
  18896ns            1886 00002d6c 0105a903                      lw x18, 16(x11) x18=00003c40 x11:0000370c  PA:0000371c
  18916ns            1888 00002d70 fc090ee3                     beq x18, x0, -36 x18:00003c40
  18926ns            1889 00002d74 0005a483                        lw x9, 0(x11)  x9=00003c41 x11:0000370c  PA:0000370c
  18936ns            1890 00002d78 01079713                  slli x14, x15, 0x10 x14=28890000 x15:00002889
  18946ns            1891 00002d7c 01075713                  srli x14, x14, 0x10 x14=00002889 x14:28890000
  18956ns            1892 00002d80 00377713                     andi x14, x14, 3 x14=00000001 x14:00002889
  18966ns            1893 00002d84 0125a023                       sw x18, 0(x11) x18:00003c40 x11:0000370c  PA:0000370c
  18976ns            1894 00002d88 412484b3                      sub x9, x9, x18  x9=00000001  x9:00003c41 x18:00003c40
  18986ns            1895 00002d8c 00000793                      addi x15, x0, 0 x15=00000000
  18996ns            1896 00002d90 00071463                       bne x14, x0, 8 x14:00000001
  19026ns            1899 00002d98 00f42423                        sw x15, 8(x8) x15:00000000  x8:0000370c  PA:00003714
  19036ns            1900 00002d9c 00904863                       blt x0, x9, 16  x9:00000001
  19066ns            1903 00002dac 02442783                       lw x15, 36(x8) x15=000027fc  x8:0000370c  PA:00003730
  19076ns            1904 00002db0 01c42583                       lw x11, 28(x8) x11=0000370c  x8:0000370c  PA:00003728
  19086ns            1905 00002db4 00048693                      addi x13, x9, 0 x13=00000001  x9:00000001
  19096ns            1906 00002db8 00090613                     addi x12, x18, 0 x12=00003c40 x18:00003c40
  19106ns            1907 00002dbc 00098513                     addi x10, x19, 0 x10=000033b8 x19:000033b8
  19116ns            1908 00002dc0 000780e7                      jalr x1, x15, 0  x1=00002dc4 x15:000027fc
  19136ns            1910 000027fc 00c59783                      lh x15, 12(x11) x15=00002889 x11:0000370c  PA:00003718
  19146ns            1911 00002800 fe010113                     addi x2, x2, -32  x2=00004380  x2:000043a0
  19156ns            1912 00002804 00812c23                        sw x8, 24(x2)  x8:0000370c  x2:00004380  PA:00004398
  19166ns            1913 00002808 00912a23                        sw x9, 20(x2)  x9:00000001  x2:00004380  PA:00004394
  19176ns            1914 0000280c 01212823                       sw x18, 16(x2) x18:00003c40  x2:00004380  PA:00004390
  19186ns            1915 00002810 01312623                       sw x19, 12(x2) x19:000033b8  x2:00004380  PA:0000438c
  19196ns            1916 00002814 00112e23                        sw x1, 28(x2)  x1:00002dc4  x2:00004380  PA:0000439c
  19206ns            1917 00002818 1007f713                   andi x14, x15, 256 x14=00000000 x15:00002889
  19216ns            1918 0000281c 00058413                      addi x8, x11, 0  x8=0000370c x11:0000370c
  19226ns            1919 00002820 00050493                      addi x9, x10, 0  x9=000033b8 x10:000033b8
  19236ns            1920 00002824 00e59583                      lh x11, 14(x11) x11=00000001 x11:0000370c  PA:0000371a
  19246ns            1921 00002828 00060913                     addi x18, x12, 0 x18=00003c40 x12:00003c40
  19256ns            1922 0000282c 00068993                     addi x19, x13, 0 x19=00000001 x13:00000001
  19266ns            1923 00002830 02071e63                      bne x14, x0, 60 x14:00000000
  19276ns            1924 00002834 fffff737                  lui x14, 0xfffff000 x14=fffff000
  19286ns            1925 00002838 fff70713                    addi x14, x14, -1 x14=ffffefff x14:fffff000
  19296ns            1926 0000283c 00e7f7b3                    and x15, x15, x14 x15=00002889 x15:00002889 x14:ffffefff
  19306ns            1927 00002840 00f41623                       sh x15, 12(x8) x15:00002889  x8:0000370c  PA:00003718
  19316ns            1928 00002844 01812403                        lw x8, 24(x2)  x8=0000370c  x2:00004380  PA:00004398
  19326ns            1929 00002848 01c12083                        lw x1, 28(x2)  x1=00002dc4  x2:00004380  PA:0000439c
  19336ns            1930 0000284c 00098693                     addi x13, x19, 0 x13=00000001 x19:00000001
  19346ns            1931 00002850 00090613                     addi x12, x18, 0 x12=00003c40 x18:00003c40
  19356ns            1932 00002854 00c12983                       lw x19, 12(x2) x19=000033b8  x2:00004380  PA:0000438c
  19366ns            1933 00002858 01012903                       lw x18, 16(x2) x18=00003c40  x2:00004380  PA:00004390
  19376ns            1934 0000285c 00048513                      addi x10, x9, 0 x10=000033b8  x9:000033b8
  19386ns            1935 00002860 01412483                        lw x9, 20(x2)  x9=00000001  x2:00004380  PA:00004394
  19396ns            1936 00002864 02010113                      addi x2, x2, 32  x2=000043a0  x2:00004380
  19406ns            1937 00002868 08c0006f                          jal x0, 140
  19426ns            1939 000028f4 ff010113                     addi x2, x2, -16  x2=00004390  x2:000043a0
  19436ns            1940 000028f8 00058713                     addi x14, x11, 0 x14=00000001 x11:00000001
  19446ns            1941 000028fc 00812423                         sw x8, 8(x2)  x8:0000370c  x2:00004390  PA:00004398
  19456ns            1942 00002900 00912223                         sw x9, 4(x2)  x9:00000001  x2:00004390  PA:00004394
  19466ns            1943 00002904 00060593                     addi x11, x12, 0 x11=00003c40 x12:00003c40
  19476ns            1944 00002908 00050413                      addi x8, x10, 0  x8=000033b8 x10:000033b8
  19486ns            1945 0000290c 00068613                     addi x12, x13, 0 x12=00000001 x13:00000001
  19496ns            1946 00002910 00070513                     addi x10, x14, 0 x10=00000001 x14:00000001
  19506ns            1947 00002914 00112623                        sw x1, 12(x2)  x1:00002dc4  x2:00004390  PA:0000439c
  19516ns            1948 00002918 0601ac23                       sw x0, 120(x3)  x3:00003bb8  PA:00003c30
  19526ns            1949 0000291c 907fd0ef                        jal x1, -9978  x1=00002920
  19546ns            1951 00000222 00100693                      addi x13, x0, 1 x13=00000001
  19556ns            1952 00000224 00c587b3                    add x15, x11, x12 x15=00003c41 x11:00003c40 x12:00000001
  19566ns            1953 00000228 10000737                  lui x14, 0x10000000 x14=10000000
  19576ns            1954 0000022c 00d50c63                     beq x10, x13, 24 x10:00000001 x13:00000001
  19606ns            1957 00000244 fef59ce3                     bne x11, x15, -8 x11:00003c40 x15:00003c41
  19636ns            1960 0000023c 0005c683                      lbu x13, 0(x11) x13=0000000a x11:00003c40  PA:00003c40
  19646ns            1961 00000240 00158593                     addi x11, x11, 1 x11=00003c41 x11:00003c40
  19656ns            1962 00000242 00d72023                       sw x13, 0(x14) x13:0000000a x14:10000000  PA:10000000
  19666ns            1963 00000244 fef59ce3                     bne x11, x15, -8 x11:00003c41 x15:00003c41
  19676ns            1964 00000248 00c00533                     add x10, x0, x12 x10=00000001 x12:00000001
  19686ns            1965 0000024a 00008067                       jalr x0, x1, 0  x1:00002920
  19706ns            1967 00002920 fff00793                     addi x15, x0, -1 x15=ffffffff
  19716ns            1968 00002924 00f50c63                     beq x10, x15, 24 x10:00000001 x15:ffffffff
  19726ns            1969 00002928 00c12083                        lw x1, 12(x2)  x1=00002dc4  x2:00004390  PA:0000439c
  19736ns            1970 0000292c 00812403                         lw x8, 8(x2)  x8=0000370c  x2:00004390  PA:00004398
  19746ns            1971 00002930 00412483                         lw x9, 4(x2)  x9=00000001  x2:00004390  PA:00004394
  19756ns            1972 00002934 01010113                      addi x2, x2, 16  x2=000043a0  x2:00004390
  19766ns            1973 00002938 00008067                       jalr x0, x1, 0  x1:00002dc4
  19786ns            1975 00002dc4 40a484b3                      sub x9, x9, x10  x9=00000000  x9:00000001 x10:00000001
  19796ns            1976 00002dc8 fca04ee3                     blt x0, x10, -36 x10:00000001
  19826ns            1979 00002da4 00a90933                    add x18, x18, x10 x18=00003c41 x18:00003c40 x10:00000001
  19836ns            1980 00002da8 fa9052e3                      bge x0, x9, -92  x9:00000000
  19866ns            1983 00002d4c 00000513                      addi x10, x0, 0 x10=00000000
  19876ns            1984 00002d50 01c12083                        lw x1, 28(x2)  x1=00001544  x2:000043a0  PA:000043bc
  19886ns            1985 00002d54 01812403                        lw x8, 24(x2)  x8=0000370c  x2:000043a0  PA:000043b8
  19896ns            1986 00002d58 01412483                        lw x9, 20(x2)  x9=00004420  x2:000043a0  PA:000043b4
  19906ns            1987 00002d5c 01012903                       lw x18, 16(x2) x18=00000001  x2:000043a0  PA:000043b0
  19916ns            1988 00002d60 00c12983                       lw x19, 12(x2) x19=00000001  x2:000043a0  PA:000043ac
  19926ns            1989 00002d64 02010113                      addi x2, x2, 32  x2=000043c0  x2:000043a0
  19936ns            1990 00002d68 00008067                       jalr x0, x1, 0  x1:00001544
  19956ns            1992 00001544 e80502e3                    beq x10, x0, -380 x10:00000000
  19986ns            1995 000013c8 008a2603                       lw x12, 8(x20) x12=00000001 x20:00004404  PA:0000440c
  19996ns            1996 000013cc 012c0c33                    add x24, x24, x18 x24=000033ad x24:000033ac x18:00000001
  20006ns            1997 000013d0 412989b3                    sub x19, x19, x18 x19=00000000 x19:00000001 x18:00000001
  20016ns            1998 000013d4 41260933                    sub x18, x12, x18 x18=00000000 x12:00000001 x18:00000001
  20026ns            1999 000013d8 012a2423                       sw x18, 8(x20) x18:00000000 x20:00004404  PA:0000440c
  20036ns            2000 000013dc 08091a63                     bne x18, x0, 148 x18:00000000
  20046ns            2001 000013e0 00000513                      addi x10, x0, 0 x10=00000000
  20056ns            2002 000013e4 02c12083                        lw x1, 44(x2)  x1=000005bc  x2:000043c0  PA:000043ec
  20066ns            2003 000013e8 02812403                        lw x8, 40(x2)  x8=000033b8  x2:000043c0  PA:000043e8
  20076ns            2004 000013ec 02412483                        lw x9, 36(x2)  x9=00003326  x2:000043c0  PA:000043e4
  20086ns            2005 000013f0 02012903                       lw x18, 32(x2) x18=00000000  x2:000043c0  PA:000043e0
  20096ns            2006 000013f4 01c12983                       lw x19, 28(x2) x19=00000000  x2:000043c0  PA:000043dc
  20106ns            2007 000013f8 01812a03                       lw x20, 24(x2) x20=00000000  x2:000043c0  PA:000043d8
  20116ns            2008 000013fc 01412a83                       lw x21, 20(x2) x21=00000000  x2:000043c0  PA:000043d4
  20126ns            2009 00001400 01012b03                       lw x22, 16(x2) x22=00000000  x2:000043c0  PA:000043d0
  20136ns            2010 00001404 00c12b83                       lw x23, 12(x2) x23=00000000  x2:000043c0  PA:000043cc
  20146ns            2011 00001408 00812c03                        lw x24, 8(x2) x24=00000000  x2:000043c0  PA:000043c8
  20156ns            2012 0000140c 00412c83                        lw x25, 4(x2) x25=00000000  x2:000043c0  PA:000043c4
  20166ns            2013 00001410 00012d03                        lw x26, 0(x2) x26=00000000  x2:000043c0  PA:000043c0
  20176ns            2014 00001414 03010113                      addi x2, x2, 48  x2=000043f0  x2:000043c0
  20186ns            2015 00001418 00008067                       jalr x0, x1, 0  x1:000005bc
  20206ns            2017 000005bc 03c12083                        lw x1, 60(x2)  x1=000002c4  x2:000043f0  PA:0000442c
  20216ns            2018 000005c0 03812403                        lw x8, 56(x2)  x8=00000000  x2:000043f0  PA:00004428
  20226ns            2019 000005c4 00a03533                    sltu x10, x0, x10 x10=00000000 x10:00000000
  20236ns            2020 000005c8 40a00533                     sub x10, x0, x10 x10=00000000 x10:00000000
  20246ns            2021 000005cc ff557513                   andi x10, x10, -11 x10=00000000 x10:00000000
  20256ns            2022 000005d0 03412483                        lw x9, 52(x2)  x9=00000000  x2:000043f0  PA:00004424
  20266ns            2023 000005d4 00a50513                    addi x10, x10, 10 x10=0000000a x10:00000000
  20276ns            2024 000005d8 04010113                      addi x2, x2, 64  x2=00004430  x2:000043f0
  20286ns            2025 000005dc 00008067                       jalr x0, x1, 0  x1:000002c4
  20306ns            2027 000002c4 0340006f                           jal x0, 52
  20326ns            2029 000002f8 34102573                 csrrs x10, x0, 0x341 x10=000000c8
  20336ns            2030 000002fc 00450513                     addi x10, x10, 4 x10=000000cc x10:000000c8
  20346ns            2031 00000300 34151073                 csrrw x0, x10, 0x341 x10:000000cc
  20356ns            2032 00000304 30200073                                 mret
  20406ns            2037 000000cc 00003537                      lui x10, 0x3000 x10=00003000
  20416ns            2038 000000ce 28c50513                   addi x10, x10, 652 x10=0000328c x10:00003000
  20426ns            2039 000000d2 522000ef                         jal x1, 1314  x1=000000d4
  20446ns            2041 000005f4 00050593                     addi x11, x10, 0 x11=0000328c x10:0000328c
  20456ns            2042 000005f8 0381a503                       lw x10, 56(x3) x10=000033b8  x3:00003bb8  PA:00003bf0
  20466ns            2043 000005fc f29ff06f                         jal x0, -216
  20486ns            2045 00000524 fc010113                     addi x2, x2, -64  x2=000043f0  x2:00004430
  20496ns            2046 00000528 02812c23                        sw x8, 56(x2)  x8:00000000  x2:000043f0  PA:00004428
  20506ns            2047 0000052c 00050413                      addi x8, x10, 0  x8=000033b8 x10:000033b8
  20516ns            2048 00000530 00058513                     addi x10, x11, 0 x10=0000328c x11:0000328c
  20526ns            2049 00000534 02912a23                        sw x9, 52(x2)  x9:00000000  x2:000043f0  PA:00004424
  20536ns            2050 00000538 02112e23                        sw x1, 60(x2)  x1:000000d4  x2:000043f0  PA:0000442c
  20546ns            2051 0000053c 00058493                      addi x9, x11, 0  x9=0000328c x11:0000328c
  20556ns            2052 00000540 208000ef                          jal x1, 520  x1=00000544
  20576ns            2054 00000748 00357793                     andi x15, x10, 3 x15=00000000 x10:0000328c
  20586ns            2055 0000074c 00050713                     addi x14, x10, 0 x14=0000328c x10:0000328c
  20596ns            2056 00000750 04079c63                      bne x15, x0, 88 x15:00000000
  20606ns            2057 00000754 7f7f86b7                  lui x13, 0x7f7f8000 x13=7f7f8000
  20616ns            2058 00000758 f7f68693                  addi x13, x13, -129 x13=7f7f7f7f x13:7f7f8000
  20626ns            2059 0000075c fff00593                     addi x11, x0, -1 x11=ffffffff
  20636ns            2060 00000760 00072603                       lw x12, 0(x14) x12=48090a0a x14:0000328c  PA:0000328c
  20646ns            2061 00000764 00470713                     addi x14, x14, 4 x14=00003290 x14:0000328c
  20656ns            2062 00000768 00d677b3                    and x15, x12, x13 x15=48090a0a x12:48090a0a x13:7f7f7f7f
  20666ns            2063 0000076c 00d787b3                    add x15, x15, x13 x15=c7888989 x15:48090a0a x13:7f7f7f7f
  20676ns            2064 00000770 00c7e7b3                     or x15, x15, x12 x15=cf898b8b x15:c7888989 x12:48090a0a
  20686ns            2065 00000774 00d7e7b3                     or x15, x15, x13 x15=ffffffff x15:cf898b8b x13:7f7f7f7f
  20696ns            2066 00000778 feb784e3                    beq x15, x11, -24 x15:ffffffff x11:ffffffff
  20726ns            2069 00000760 00072603                       lw x12, 0(x14) x12=6f6c6c65 x14:00003290  PA:00003290
  20736ns            2070 00000764 00470713                     addi x14, x14, 4 x14=00003294 x14:00003290
  20746ns            2071 00000768 00d677b3                    and x15, x12, x13 x15=6f6c6c65 x12:6f6c6c65 x13:7f7f7f7f
  20756ns            2072 0000076c 00d787b3                    add x15, x15, x13 x15=eeebebe4 x15:6f6c6c65 x13:7f7f7f7f
  20766ns            2073 00000770 00c7e7b3                     or x15, x15, x12 x15=efefefe5 x15:eeebebe4 x12:6f6c6c65
  20776ns            2074 00000774 00d7e7b3                     or x15, x15, x13 x15=ffffffff x15:efefefe5 x13:7f7f7f7f
  20786ns            2075 00000778 feb784e3                    beq x15, x11, -24 x15:ffffffff x11:ffffffff
  20816ns            2078 00000760 00072603                       lw x12, 0(x14) x12=726f5720 x14:00003294  PA:00003294
  20826ns            2079 00000764 00470713                     addi x14, x14, 4 x14=00003298 x14:00003294
  20836ns            2080 00000768 00d677b3                    and x15, x12, x13 x15=726f5720 x12:726f5720 x13:7f7f7f7f
  20846ns            2081 0000076c 00d787b3                    add x15, x15, x13 x15=f1eed69f x15:726f5720 x13:7f7f7f7f
  20856ns            2082 00000770 00c7e7b3                     or x15, x15, x12 x15=f3efd7bf x15:f1eed69f x12:726f5720
  20866ns            2083 00000774 00d7e7b3                     or x15, x15, x13 x15=ffffffff x15:f3efd7bf x13:7f7f7f7f
  20876ns            2084 00000778 feb784e3                    beq x15, x11, -24 x15:ffffffff x11:ffffffff
  20906ns            2087 00000760 00072603                       lw x12, 0(x14) x12=2021646c x14:00003298  PA:00003298
  20916ns            2088 00000764 00470713                     addi x14, x14, 4 x14=0000329c x14:00003298
  20926ns            2089 00000768 00d677b3                    and x15, x12, x13 x15=2021646c x12:2021646c x13:7f7f7f7f
  20936ns            2090 0000076c 00d787b3                    add x15, x15, x13 x15=9fa0e3eb x15:2021646c x13:7f7f7f7f
  20946ns            2091 00000770 00c7e7b3                     or x15, x15, x12 x15=bfa1e7ef x15:9fa0e3eb x12:2021646c
  20956ns            2092 00000774 00d7e7b3                     or x15, x15, x13 x15=ffffffff x15:bfa1e7ef x13:7f7f7f7f
  20966ns            2093 00000778 feb784e3                    beq x15, x11, -24 x15:ffffffff x11:ffffffff
  20996ns            2096 00000760 00072603                       lw x12, 0(x14) x12=73696854 x14:0000329c  PA:0000329c
  21006ns            2097 00000764 00470713                     addi x14, x14, 4 x14=000032a0 x14:0000329c
  21016ns            2098 00000768 00d677b3                    and x15, x12, x13 x15=73696854 x12:73696854 x13:7f7f7f7f
  21026ns            2099 0000076c 00d787b3                    add x15, x15, x13 x15=f2e8e7d3 x15:73696854 x13:7f7f7f7f
  21036ns            2100 00000770 00c7e7b3                     or x15, x15, x12 x15=f3e9efd7 x15:f2e8e7d3 x12:73696854
  21046ns            2101 00000774 00d7e7b3                     or x15, x15, x13 x15=ffffffff x15:f3e9efd7 x13:7f7f7f7f
  21056ns            2102 00000778 feb784e3                    beq x15, x11, -24 x15:ffffffff x11:ffffffff
  21086ns            2105 00000760 00072603                       lw x12, 0(x14) x12=20736920 x14:000032a0  PA:000032a0
  21096ns            2106 00000764 00470713                     addi x14, x14, 4 x14=000032a4 x14:000032a0
  21106ns            2107 00000768 00d677b3                    and x15, x12, x13 x15=20736920 x12:20736920 x13:7f7f7f7f
  21116ns            2108 0000076c 00d787b3                    add x15, x15, x13 x15=9ff2e89f x15:20736920 x13:7f7f7f7f
  21126ns            2109 00000770 00c7e7b3                     or x15, x15, x12 x15=bff3e9bf x15:9ff2e89f x12:20736920
  21136ns            2110 00000774 00d7e7b3                     or x15, x15, x13 x15=ffffffff x15:bff3e9bf x13:7f7f7f7f
  21146ns            2111 00000778 feb784e3                    beq x15, x11, -24 x15:ffffffff x11:ffffffff
  21176ns            2114 00000760 00072603                       lw x12, 0(x14) x12=20656874 x14:000032a4  PA:000032a4
  21186ns            2115 00000764 00470713                     addi x14, x14, 4 x14=000032a8 x14:000032a4
  21196ns            2116 00000768 00d677b3                    and x15, x12, x13 x15=20656874 x12:20656874 x13:7f7f7f7f
  21206ns            2117 0000076c 00d787b3                    add x15, x15, x13 x15=9fe4e7f3 x15:20656874 x13:7f7f7f7f
  21216ns            2118 00000770 00c7e7b3                     or x15, x15, x12 x15=bfe5eff7 x15:9fe4e7f3 x12:20656874
  21226ns            2119 00000774 00d7e7b3                     or x15, x15, x13 x15=ffffffff x15:bfe5eff7 x13:7f7f7f7f
  21236ns            2120 00000778 feb784e3                    beq x15, x11, -24 x15:ffffffff x11:ffffffff
  21266ns            2123 00000760 00072603                       lw x12, 0(x14) x12=6e65704f x14:000032a8  PA:000032a8
  21276ns            2124 00000764 00470713                     addi x14, x14, 4 x14=000032ac x14:000032a8
  21286ns            2125 00000768 00d677b3                    and x15, x12, x13 x15=6e65704f x12:6e65704f x13:7f7f7f7f
  21296ns            2126 0000076c 00d787b3                    add x15, x15, x13 x15=ede4efce x15:6e65704f x13:7f7f7f7f
  21306ns            2127 00000770 00c7e7b3                     or x15, x15, x12 x15=efe5ffcf x15:ede4efce x12:6e65704f
  21316ns            2128 00000774 00d7e7b3                     or x15, x15, x13 x15=ffffffff x15:efe5ffcf x13:7f7f7f7f
  21326ns            2129 00000778 feb784e3                    beq x15, x11, -24 x15:ffffffff x11:ffffffff
  21356ns            2132 00000760 00072603                       lw x12, 0(x14) x12=47205748 x14:000032ac  PA:000032ac
  21366ns            2133 00000764 00470713                     addi x14, x14, 4 x14=000032b0 x14:000032ac
  21376ns            2134 00000768 00d677b3                    and x15, x12, x13 x15=47205748 x12:47205748 x13:7f7f7f7f
  21386ns            2135 0000076c 00d787b3                    add x15, x15, x13 x15=c69fd6c7 x15:47205748 x13:7f7f7f7f
  21396ns            2136 00000770 00c7e7b3                     or x15, x15, x12 x15=c7bfd7cf x15:c69fd6c7 x12:47205748
  21406ns            2137 00000774 00d7e7b3                     or x15, x15, x13 x15=ffffffff x15:c7bfd7cf x13:7f7f7f7f
  21416ns            2138 00000778 feb784e3                    beq x15, x11, -24 x15:ffffffff x11:ffffffff
  21446ns            2141 00000760 00072603                       lw x12, 0(x14) x12=70756f72 x14:000032b0  PA:000032b0
  21456ns            2142 00000764 00470713                     addi x14, x14, 4 x14=000032b4 x14:000032b0
  21466ns            2143 00000768 00d677b3                    and x15, x12, x13 x15=70756f72 x12:70756f72 x13:7f7f7f7f
  21476ns            2144 0000076c 00d787b3                    add x15, x15, x13 x15=eff4eef1 x15:70756f72 x13:7f7f7f7f
  21486ns            2145 00000770 00c7e7b3                     or x15, x15, x12 x15=fff5eff3 x15:eff4eef1 x12:70756f72
  21496ns            2146 00000774 00d7e7b3                     or x15, x15, x13 x15=ffffffff x15:fff5eff3 x13:7f7f7f7f
  21506ns            2147 00000778 feb784e3                    beq x15, x11, -24 x15:ffffffff x11:ffffffff
  21536ns            2150 00000760 00072603                       lw x12, 0(x14) x12=33564320 x14:000032b4  PA:000032b4
  21546ns            2151 00000764 00470713                     addi x14, x14, 4 x14=000032b8 x14:000032b4
  21556ns            2152 00000768 00d677b3                    and x15, x12, x13 x15=33564320 x12:33564320 x13:7f7f7f7f
  21566ns            2153 0000076c 00d787b3                    add x15, x15, x13 x15=b2d5c29f x15:33564320 x13:7f7f7f7f
  21576ns            2154 00000770 00c7e7b3                     or x15, x15, x12 x15=b3d7c3bf x15:b2d5c29f x12:33564320
  21586ns            2155 00000774 00d7e7b3                     or x15, x15, x13 x15=ffffffff x15:b3d7c3bf x13:7f7f7f7f
  21596ns            2156 00000778 feb784e3                    beq x15, x11, -24 x15:ffffffff x11:ffffffff
  21626ns            2159 00000760 00072603                       lw x12, 0(x14) x12=49522032 x14:000032b8  PA:000032b8
  21636ns            2160 00000764 00470713                     addi x14, x14, 4 x14=000032bc x14:000032b8
  21646ns            2161 00000768 00d677b3                    and x15, x12, x13 x15=49522032 x12:49522032 x13:7f7f7f7f
  21656ns            2162 0000076c 00d787b3                    add x15, x15, x13 x15=c8d19fb1 x15:49522032 x13:7f7f7f7f
  21666ns            2163 00000770 00c7e7b3                     or x15, x15, x12 x15=c9d3bfb3 x15:c8d19fb1 x12:49522032
  21676ns            2164 00000774 00d7e7b3                     or x15, x15, x13 x15=ffffffff x15:c9d3bfb3 x13:7f7f7f7f
  21686ns            2165 00000778 feb784e3                    beq x15, x11, -24 x15:ffffffff x11:ffffffff
  21716ns            2168 00000760 00072603                       lw x12, 0(x14) x12=562d4353 x14:000032bc  PA:000032bc
  21726ns            2169 00000764 00470713                     addi x14, x14, 4 x14=000032c0 x14:000032bc
  21736ns            2170 00000768 00d677b3                    and x15, x12, x13 x15=562d4353 x12:562d4353 x13:7f7f7f7f
  21746ns            2171 0000076c 00d787b3                    add x15, x15, x13 x15=d5acc2d2 x15:562d4353 x13:7f7f7f7f
  21756ns            2172 00000770 00c7e7b3                     or x15, x15, x12 x15=d7adc3d3 x15:d5acc2d2 x12:562d4353
  21766ns            2173 00000774 00d7e7b3                     or x15, x15, x13 x15=ffffffff x15:d7adc3d3 x13:7f7f7f7f
  21776ns            2174 00000778 feb784e3                    beq x15, x11, -24 x15:ffffffff x11:ffffffff
  21806ns            2177 00000760 00072603                       lw x12, 0(x14) x12=6f727020 x14:000032c0  PA:000032c0
  21816ns            2178 00000764 00470713                     addi x14, x14, 4 x14=000032c4 x14:000032c0
  21826ns            2179 00000768 00d677b3                    and x15, x12, x13 x15=6f727020 x12:6f727020 x13:7f7f7f7f
  21836ns            2180 0000076c 00d787b3                    add x15, x15, x13 x15=eef1ef9f x15:6f727020 x13:7f7f7f7f
  21846ns            2181 00000770 00c7e7b3                     or x15, x15, x12 x15=eff3ffbf x15:eef1ef9f x12:6f727020
  21856ns            2182 00000774 00d7e7b3                     or x15, x15, x13 x15=ffffffff x15:eff3ffbf x13:7f7f7f7f
  21866ns            2183 00000778 feb784e3                    beq x15, x11, -24 x15:ffffffff x11:ffffffff
  21896ns            2186 00000760 00072603                       lw x12, 0(x14) x12=73736563 x14:000032c4  PA:000032c4
  21906ns            2187 00000764 00470713                     addi x14, x14, 4 x14=000032c8 x14:000032c4
  21916ns            2188 00000768 00d677b3                    and x15, x12, x13 x15=73736563 x12:73736563 x13:7f7f7f7f
  21926ns            2189 0000076c 00d787b3                    add x15, x15, x13 x15=f2f2e4e2 x15:73736563 x13:7f7f7f7f
  21936ns            2190 00000770 00c7e7b3                     or x15, x15, x12 x15=f3f3e5e3 x15:f2f2e4e2 x12:73736563
  21946ns            2191 00000774 00d7e7b3                     or x15, x15, x13 x15=ffffffff x15:f3f3e5e3 x13:7f7f7f7f
  21956ns            2192 00000778 feb784e3                    beq x15, x11, -24 x15:ffffffff x11:ffffffff
  21986ns            2195 00000760 00072603                       lw x12, 0(x14) x12=6320726f x14:000032c8  PA:000032c8
  21996ns            2196 00000764 00470713                     addi x14, x14, 4 x14=000032cc x14:000032c8
  22006ns            2197 00000768 00d677b3                    and x15, x12, x13 x15=6320726f x12:6320726f x13:7f7f7f7f
  22016ns            2198 0000076c 00d787b3                    add x15, x15, x13 x15=e29ff1ee x15:6320726f x13:7f7f7f7f
  22026ns            2199 00000770 00c7e7b3                     or x15, x15, x12 x15=e3bff3ef x15:e29ff1ee x12:6320726f
  22036ns            2200 00000774 00d7e7b3                     or x15, x15, x13 x15=ffffffff x15:e3bff3ef x13:7f7f7f7f
  22046ns            2201 00000778 feb784e3                    beq x15, x11, -24 x15:ffffffff x11:ffffffff
  22076ns            2204 00000760 00072603                       lw x12, 0(x14) x12=2165726f x14:000032cc  PA:000032cc
  22086ns            2205 00000764 00470713                     addi x14, x14, 4 x14=000032d0 x14:000032cc
  22096ns            2206 00000768 00d677b3                    and x15, x12, x13 x15=2165726f x12:2165726f x13:7f7f7f7f
  22106ns            2207 0000076c 00d787b3                    add x15, x15, x13 x15=a0e4f1ee x15:2165726f x13:7f7f7f7f
  22116ns            2208 00000770 00c7e7b3                     or x15, x15, x12 x15=a1e5f3ef x15:a0e4f1ee x12:2165726f
  22126ns            2209 00000774 00d7e7b3                     or x15, x15, x13 x15=ffffffff x15:a1e5f3ef x13:7f7f7f7f
  22136ns            2210 00000778 feb784e3                    beq x15, x11, -24 x15:ffffffff x11:ffffffff
  22166ns            2213 00000760 00072603                       lw x12, 0(x14) x12=00000a0a x14:000032d0  PA:000032d0
  22176ns            2214 00000764 00470713                     addi x14, x14, 4 x14=000032d4 x14:000032d0
  22186ns            2215 00000768 00d677b3                    and x15, x12, x13 x15=00000a0a x12:00000a0a x13:7f7f7f7f
  22196ns            2216 0000076c 00d787b3                    add x15, x15, x13 x15=7f7f8989 x15:00000a0a x13:7f7f7f7f
  22206ns            2217 00000770 00c7e7b3                     or x15, x15, x12 x15=7f7f8b8b x15:7f7f8989 x12:00000a0a
  22216ns            2218 00000774 00d7e7b3                     or x15, x15, x13 x15=7f7fffff x15:7f7f8b8b x13:7f7f7f7f
  22226ns            2219 00000778 feb784e3                    beq x15, x11, -24 x15:7f7fffff x11:ffffffff
  22236ns            2220 0000077c ffc74683                     lbu x13, -4(x14) x13=0000000a x14:000032d4  PA:000032d0
  22246ns            2221 00000780 ffd74603                     lbu x12, -3(x14) x12=0000000a x14:000032d4  PA:000032d1
  22256ns            2222 00000784 ffe74783                     lbu x15, -2(x14) x15=00000000 x14:000032d4  PA:000032d2
  22266ns            2223 00000788 40a70733                    sub x14, x14, x10 x14=00000048 x14:000032d4 x10:0000328c
  22276ns            2224 0000078c 04068063                      beq x13, x0, 64 x13:0000000a
  22286ns            2225 00000790 02060a63                      beq x12, x0, 52 x12:0000000a
  22296ns            2226 00000794 00f03533                    sltu x10, x0, x15 x10=00000000 x15:00000000
  22306ns            2227 00000798 00e50533                    add x10, x10, x14 x10=00000048 x10:00000000 x14:00000048
  22316ns            2228 0000079c ffe50513                    addi x10, x10, -2 x10=00000046 x10:00000048
  22326ns            2229 000007a0 00008067                       jalr x0, x1, 0  x1:00000544
  22346ns            2231 00000544 000037b7                      lui x15, 0x3000 x15=00003000
  22356ns            2232 00000548 3ac78793                   addi x15, x15, 940 x15=000033ac x15:00003000
  22366ns            2233 0000054c 02f12423                       sw x15, 40(x2) x15:000033ac  x2:000043f0  PA:00004418
  22376ns            2234 00000550 00100793                      addi x15, x0, 1 x15=00000001
  22386ns            2235 00000554 02f12623                       sw x15, 44(x2) x15:00000001  x2:000043f0  PA:0000441c
  22396ns            2236 00000558 03842703                       lw x14, 56(x8) x14=00000001  x8:000033b8  PA:000033f0
  22406ns            2237 0000055c 02010793                     addi x15, x2, 32 x15=00004410  x2:000043f0
  22416ns            2238 00000560 00150693                     addi x13, x10, 1 x13=00000047 x10:00000046
  22426ns            2239 00000564 00f12a23                       sw x15, 20(x2) x15:00004410  x2:000043f0  PA:00004404
  22436ns            2240 00000568 00200793                      addi x15, x0, 2 x15=00000002
  22446ns            2241 0000056c 02912023                        sw x9, 32(x2)  x9:0000328c  x2:000043f0  PA:00004410
  22456ns            2242 00000570 02a12223                       sw x10, 36(x2) x10:00000046  x2:000043f0  PA:00004414
  22466ns            2243 00000574 00d12e23                       sw x13, 28(x2) x13:00000047  x2:000043f0  PA:0000440c
  22476ns            2244 00000578 00f12c23                       sw x15, 24(x2) x15:00000002  x2:000043f0  PA:00004408
  22486ns            2245 0000057c 00842583                        lw x11, 8(x8) x11=0000370c  x8:000033b8  PA:000033c0
  22496ns            2246 00000580 06070063                      beq x14, x0, 96 x14:00000001
  22506ns            2247 00000584 00c59783                      lh x15, 12(x11) x15=00002889 x11:0000370c  PA:00003718
  22526ns            2249 00000588 01279713                  slli x14, x15, 0x12 x14=a2240000 x15:00002889
  22536ns            2250 0000058c 02074263                      blt x14, x0, 36 x14:a2240000
  22566ns            2253 000005b0 01410613                     addi x12, x2, 20 x12=00004404  x2:000043f0
  22576ns            2254 000005b4 00040513                      addi x10, x8, 0 x10=000033b8  x8:000033b8
  22586ns            2255 000005b8 361000ef                         jal x1, 2912  x1=000005bc
  22606ns            2257 00001118 00862783                       lw x15, 8(x12) x15=00000047 x12:00004404  PA:0000440c
  22626ns            2259 0000111c 32078e63                     beq x15, x0, 828 x15:00000047
  22636ns            2260 00001120 00c5d783                     lhu x15, 12(x11) x15=00002889 x11:0000370c  PA:00003718
  22646ns            2261 00001124 fd010113                     addi x2, x2, -48  x2=000043c0  x2:000043f0
  22656ns            2262 00001128 02812423                        sw x8, 40(x2)  x8:000033b8  x2:000043c0  PA:000043e8
  22666ns            2263 0000112c 01412c23                       sw x20, 24(x2) x20:00000000  x2:000043c0  PA:000043d8
  22676ns            2264 00001130 01512a23                       sw x21, 20(x2) x21:00000000  x2:000043c0  PA:000043d4
  22686ns            2265 00001134 02112623                        sw x1, 44(x2)  x1:000005bc  x2:000043c0  PA:000043ec
  22696ns            2266 00001138 02912223                        sw x9, 36(x2)  x9:0000328c  x2:000043c0  PA:000043e4
  22706ns            2267 0000113c 03212023                       sw x18, 32(x2) x18:00000000  x2:000043c0  PA:000043e0
  22716ns            2268 00001140 01312e23                       sw x19, 28(x2) x19:00000000  x2:000043c0  PA:000043dc
  22726ns            2269 00001144 01612823                       sw x22, 16(x2) x22:00000000  x2:000043c0  PA:000043d0
  22736ns            2270 00001148 01712623                       sw x23, 12(x2) x23:00000000  x2:000043c0  PA:000043cc
  22746ns            2271 0000114c 01812423                        sw x24, 8(x2) x24:00000000  x2:000043c0  PA:000043c8
  22756ns            2272 00001150 01912223                        sw x25, 4(x2) x25:00000000  x2:000043c0  PA:000043c4
  22766ns            2273 00001154 01a12023                        sw x26, 0(x2) x26:00000000  x2:000043c0  PA:000043c0
  22776ns            2274 00001158 0087f713                     andi x14, x15, 8 x14=00000008 x15:00002889
  22786ns            2275 0000115c 00060a13                     addi x20, x12, 0 x20=00004404 x12:00004404
  22796ns            2276 00001160 00050a93                     addi x21, x10, 0 x21=000033b8 x10:000033b8
  22806ns            2277 00001164 00058413                      addi x8, x11, 0  x8=0000370c x11:0000370c
  22816ns            2278 00001168 08070663                     beq x14, x0, 140 x14:00000008
  22826ns            2279 0000116c 0105a703                      lw x14, 16(x11) x14=00003c40 x11:0000370c  PA:0000371c
  22846ns            2281 00001170 08070263                     beq x14, x0, 132 x14:00003c40
  22856ns            2282 00001174 0027f713                     andi x14, x15, 2 x14=00000000 x15:00002889
  22866ns            2283 00001178 000a2483                        lw x9, 0(x20)  x9=00004410 x20:00004404  PA:00004404
  22876ns            2284 0000117c 08070c63                     beq x14, x0, 152 x14:00000000
  22906ns            2287 00001214 0017f713                     andi x14, x15, 1 x14=00000001 x15:00002889
  22916ns            2288 00001218 24071463                     bne x14, x0, 584 x14:00000001
  22946ns            2291 00001460 00000b13                      addi x22, x0, 0 x22=00000000
  22956ns            2292 00001464 00000513                      addi x10, x0, 0 x10=00000000
  22966ns            2293 00001468 00000c13                      addi x24, x0, 0 x24=00000000
  22976ns            2294 0000146c 00000993                      addi x19, x0, 0 x19=00000000
  22986ns            2295 00001470 ec098ae3                    beq x19, x0, -300 x19:00000000
  23016ns            2298 00001344 0044a983                        lw x19, 4(x9) x19=00000046  x9:00004410  PA:00004414
  23026ns            2299 00001348 0004ac03                        lw x24, 0(x9) x24=0000328c  x9:00004410  PA:00004410
  23036ns            2300 0000134c 00848493                       addi x9, x9, 8  x9=00004418  x9:00004410
  23046ns            2301 00001350 fe098ae3                     beq x19, x0, -12 x19:00000046
  23056ns            2302 00001354 00098613                     addi x12, x19, 0 x12=00000046 x19:00000046
  23066ns            2303 00001358 00a00593                     addi x11, x0, 10 x11=0000000a
  23076ns            2304 0000135c 000c0513                     addi x10, x24, 0 x10=0000328c x24:0000328c
  23086ns            2305 00001360 351000ef                         jal x1, 2896  x1=00001364
  23106ns            2307 00001eb0 00357793                     andi x15, x10, 3 x15=00000000 x10:0000328c
  23116ns            2308 00001eb4 0ff5f693                   andi x13, x11, 255 x13=0000000a x11:0000000a
  23126ns            2309 00001eb8 02078a63                      beq x15, x0, 52 x15:00000000
  23156ns            2312 00001eec 00060793                     addi x15, x12, 0 x15=00000046 x12:00000046
  23166ns            2313 00001ef0 00300713                      addi x14, x0, 3 x14=00000003
  23176ns            2314 00001ef4 02f76663                    bltu x14, x15, 44 x14:00000003 x15:00000046
  23206ns            2317 00001f20 00010737                     lui x14, 0x10000 x14=00010000
  23216ns            2318 00001f24 00859893                   slli x17, x11, 0x8 x17=00000a00 x11:0000000a
  23226ns            2319 00001f28 fff70713                    addi x14, x14, -1 x14=0000ffff x14:00010000
  23236ns            2320 00001f2c 00e8f8b3                    and x17, x17, x14 x17=00000a00 x17:00000a00 x14:0000ffff
  23246ns            2321 00001f30 0ff5f593                   andi x11, x11, 255 x11=0000000a x11:0000000a
  23256ns            2322 00001f34 00b8e5b3                     or x11, x17, x11 x11=00000a0a x17:00000a00 x11:0000000a
  23266ns            2323 00001f38 01059893                  slli x17, x11, 0x10 x17=0a0a0000 x11:00000a0a
  23276ns            2324 00001f3c 00b8e8b3                     or x17, x17, x11 x17=0a0a0a0a x17:0a0a0000 x11:00000a0a
  23286ns            2325 00001f40 feff0837                  lui x16, 0xfeff0000 x16=feff0000
  23296ns            2326 00001f44 808085b7                  lui x11, 0x80808000 x11=80808000
  23306ns            2327 00001f48 eff80813                  addi x16, x16, -257 x16=fefefeff x16:feff0000
  23316ns            2328 00001f4c 08058593                   addi x11, x11, 128 x11=80808080 x11:80808000
  23326ns            2329 00001f50 00300313                       addi x6, x0, 3  x6=00000003
  23336ns            2330 00001f54 00052703                       lw x14, 0(x10) x14=48090a0a x10:0000328c  PA:0000328c
  23356ns            2332 00001f58 00e8c733                    xor x14, x17, x14 x14=42030000 x17:0a0a0a0a x14:48090a0a
  23366ns            2333 00001f5c 01070633                    add x12, x14, x16 x12=4101feff x14:42030000 x16:fefefeff
  23376ns            2334 00001f60 fff74713                    xori x14, x14, -1 x14=bdfcffff x14:42030000
  23386ns            2335 00001f64 00e67733                    and x14, x12, x14 x14=0100feff x12:4101feff x14:bdfcffff
  23396ns            2336 00001f68 00b77733                    and x14, x14, x11 x14=00008080 x14:0100feff x11:80808080
  23406ns            2337 00001f6c f8071ce3                    bne x14, x0, -104 x14:00008080
  23436ns            2340 00001f04 00f507b3                    add x15, x10, x15 x15=000032d2 x10:0000328c x15:00000046
  23446ns            2341 00001f08 00c0006f                           jal x0, 12
  23466ns            2343 00001f14 00054703                      lbu x14, 0(x10) x14=0000000a x10:0000328c  PA:0000328c
  23486ns            2345 00001f18 fed71ae3                    bne x14, x13, -12 x14:0000000a x13:0000000a
  23496ns            2346 00001f1c 00008067                       jalr x0, x1, 0  x1:00001364
  23516ns            2348 00001364 12050463                     beq x10, x0, 296 x10:0000328c
  23526ns            2349 00001368 00150513                     addi x10, x10, 1 x10=0000328d x10:0000328c
  23536ns            2350 0000136c 41850b33                    sub x22, x10, x24 x22=00000001 x10:0000328d x24:0000328c
  23546ns            2351 00001370 000b0793                     addi x15, x22, 0 x15=00000001 x22:00000001
  23556ns            2352 00001374 00098b93                     addi x23, x19, 0 x23=00000046 x19:00000046
  23566ns            2353 00001378 0137f463                     bgeu x15, x19, 8 x15:00000001 x19:00000046
  23576ns            2354 0000137c 00078b93                     addi x23, x15, 0 x23=00000001 x15:00000001
  23586ns            2355 00001380 00042503                        lw x10, 0(x8) x10=00003c40  x8:0000370c  PA:0000370c
  23596ns            2356 00001384 01042783                       lw x15, 16(x8) x15=00003c40  x8:0000370c  PA:0000371c
  23606ns            2357 00001388 01442683                       lw x13, 20(x8) x13=00000400  x8:0000370c  PA:00003720
  23616ns            2358 0000138c 00a7f863                    bgeu x15, x10, 16 x15:00003c40 x10:00003c40
  23646ns            2361 0000139c 1adbc863                    blt x23, x13, 432 x23:00000001 x13:00000400
  23676ns            2364 0000154c 000b8613                     addi x12, x23, 0 x12=00000001 x23:00000001
  23686ns            2365 00001550 000c0593                     addi x11, x24, 0 x11=0000328c x24:0000328c
  23696ns            2366 00001554 34d000ef                         jal x1, 2892  x1=00001558
  23716ns            2368 000020a0 02a5f663                    bgeu x11, x10, 44 x11:0000328c x10:00003c40
  23726ns            2369 000020a4 00c587b3                    add x15, x11, x12 x15=0000328d x11:0000328c x12:00000001
  23736ns            2370 000020a8 02f57263                    bgeu x10, x15, 36 x10:00003c40 x15:0000328d
  23766ns            2373 000020cc 00f00793                     addi x15, x0, 15 x15=0000000f
  23776ns            2374 000020d0 02c7e863                    bltu x15, x12, 48 x15:0000000f x12:00000001
  23786ns            2375 000020d4 00050793                     addi x15, x10, 0 x15=00003c40 x10:00003c40
  23796ns            2376 000020d8 fff60693                    addi x13, x12, -1 x13=00000000 x12:00000001
  23806ns            2377 000020dc 0c060c63                     beq x12, x0, 216 x12:00000001
  23816ns            2378 000020e0 00168693                     addi x13, x13, 1 x13=00000001 x13:00000000
  23826ns            2379 000020e4 00d786b3                    add x13, x15, x13 x13=00003c41 x15:00003c40 x13:00000001
  23836ns            2380 000020e8 0005c703                      lbu x14, 0(x11) x14=0000000a x11:0000328c  PA:0000328c
  23846ns            2381 000020ec 00178793                     addi x15, x15, 1 x15=00003c41 x15:00003c40
  23856ns            2382 000020f0 00158593                     addi x11, x11, 1 x11=0000328d x11:0000328c
  23866ns            2383 000020f4 fee78fa3                      sb x14, -1(x15) x14:0000000a x15:00003c41  PA:00003c40
  23876ns            2384 000020f8 fed798e3                    bne x15, x13, -16 x15:00003c41 x13:00003c41
  23886ns            2385 000020fc 00008067                       jalr x0, x1, 0  x1:00001558
  23906ns            2387 00001558 00842783                        lw x15, 8(x8) x15=00000000  x8:0000370c  PA:00003714
  23916ns            2388 0000155c 00042603                        lw x12, 0(x8) x12=00003c40  x8:0000370c  PA:0000370c
  23926ns            2389 00001560 000b8913                     addi x18, x23, 0 x18=00000001 x23:00000001
  23936ns            2390 00001564 417787b3                    sub x15, x15, x23 x15=ffffffff x15:00000000 x23:00000001
  23946ns            2391 00001568 01760633                    add x12, x12, x23 x12=00003c41 x12:00003c40 x23:00000001
  23956ns            2392 0000156c 00f42423                        sw x15, 8(x8) x15:ffffffff  x8:0000370c  PA:00003714
  23966ns            2393 00001570 00c42023                        sw x12, 0(x8) x12:00003c41  x8:0000370c  PA:0000370c
  23976ns            2394 00001574 e49ff06f                         jal x0, -440
  23996ns            2396 000013bc 412b0b33                    sub x22, x22, x18 x22=00000000 x22:00000001 x18:00000001
  24006ns            2397 000013c0 00100513                      addi x10, x0, 1 x10=00000001
  24016ns            2398 000013c4 160b0a63                     beq x22, x0, 372 x22:00000000
  24046ns            2401 00001538 00040593                      addi x11, x8, 0 x11=0000370c  x8:0000370c
  24056ns            2402 0000153c 000a8513                     addi x10, x21, 0 x10=000033b8 x21:000033b8
  24066ns            2403 00001540 14d010ef                         jal x1, 6476  x1=00001544
  24086ns            2405 00002e8c fe010113                     addi x2, x2, -32  x2=000043a0  x2:000043c0
  24096ns            2406 00002e90 00812c23                        sw x8, 24(x2)  x8:0000370c  x2:000043a0  PA:000043b8
  24106ns            2407 00002e94 00112e23                        sw x1, 28(x2)  x1:00001544  x2:000043a0  PA:000043bc
  24116ns            2408 00002e98 00050413                      addi x8, x10, 0  x8=000033b8 x10:000033b8
  24126ns            2409 00002e9c 00050663                      beq x10, x0, 12 x10:000033b8
  24136ns            2410 00002ea0 03852783                      lw x15, 56(x10) x15=00000001 x10:000033b8  PA:000033f0
  24156ns            2412 00002ea4 02078063                      beq x15, x0, 32 x15:00000001
  24166ns            2413 00002ea8 00c59783                      lh x15, 12(x11) x15=00002889 x11:0000370c  PA:00003718
  24186ns            2415 00002eac 02079663                      bne x15, x0, 44 x15:00002889
  24216ns            2418 00002ed8 00040513                      addi x10, x8, 0 x10=000033b8  x8:000033b8
  24226ns            2419 00002edc 01812403                        lw x8, 24(x2)  x8=0000370c  x2:000043a0  PA:000043b8
  24236ns            2420 00002ee0 01c12083                        lw x1, 28(x2)  x1=00001544  x2:000043a0  PA:000043bc
  24246ns            2421 00002ee4 02010113                      addi x2, x2, 32  x2=000043c0  x2:000043a0
  24256ns            2422 00002ee8 d49ff06f                         jal x0, -696
  24276ns            2424 00002c30 00c59783                      lh x15, 12(x11) x15=00002889 x11:0000370c  PA:00003718
  24286ns            2425 00002c34 fe010113                     addi x2, x2, -32  x2=000043a0  x2:000043c0
  24296ns            2426 00002c38 00812c23                        sw x8, 24(x2)  x8:0000370c  x2:000043a0  PA:000043b8
  24306ns            2427 00002c3c 01312623                       sw x19, 12(x2) x19:00000046  x2:000043a0  PA:000043ac
  24316ns            2428 00002c40 00112e23                        sw x1, 28(x2)  x1:00001544  x2:000043a0  PA:000043bc
  24326ns            2429 00002c44 00912a23                        sw x9, 20(x2)  x9:00004418  x2:000043a0  PA:000043b4
  24336ns            2430 00002c48 01212823                       sw x18, 16(x2) x18:00000001  x2:000043a0  PA:000043b0
  24346ns            2431 00002c4c 0087f693                     andi x13, x15, 8 x13=00000008 x15:00002889
  24356ns            2432 00002c50 00058413                      addi x8, x11, 0  x8=0000370c x11:0000370c
  24366ns            2433 00002c54 00050993                     addi x19, x10, 0 x19=000033b8 x10:000033b8
  24376ns            2434 00002c58 10069a63                     bne x13, x0, 276 x13:00000008
  24406ns            2437 00002d6c 0105a903                      lw x18, 16(x11) x18=00003c40 x11:0000370c  PA:0000371c
  24426ns            2439 00002d70 fc090ee3                     beq x18, x0, -36 x18:00003c40
  24436ns            2440 00002d74 0005a483                        lw x9, 0(x11)  x9=00003c41 x11:0000370c  PA:0000370c
  24446ns            2441 00002d78 01079713                  slli x14, x15, 0x10 x14=28890000 x15:00002889
  24456ns            2442 00002d7c 01075713                  srli x14, x14, 0x10 x14=00002889 x14:28890000
  24466ns            2443 00002d80 00377713                     andi x14, x14, 3 x14=00000001 x14:00002889
  24476ns            2444 00002d84 0125a023                       sw x18, 0(x11) x18:00003c40 x11:0000370c  PA:0000370c
  24486ns            2445 00002d88 412484b3                      sub x9, x9, x18  x9=00000001  x9:00003c41 x18:00003c40
  24496ns            2446 00002d8c 00000793                      addi x15, x0, 0 x15=00000000
  24506ns            2447 00002d90 00071463                       bne x14, x0, 8 x14:00000001
  24536ns            2450 00002d98 00f42423                        sw x15, 8(x8) x15:00000000  x8:0000370c  PA:00003714
  24546ns            2451 00002d9c 00904863                       blt x0, x9, 16  x9:00000001
  24576ns            2454 00002dac 02442783                       lw x15, 36(x8) x15=000027fc  x8:0000370c  PA:00003730
  24586ns            2455 00002db0 01c42583                       lw x11, 28(x8) x11=0000370c  x8:0000370c  PA:00003728
  24596ns            2456 00002db4 00048693                      addi x13, x9, 0 x13=00000001  x9:00000001
  24606ns            2457 00002db8 00090613                     addi x12, x18, 0 x12=00003c40 x18:00003c40
  24616ns            2458 00002dbc 00098513                     addi x10, x19, 0 x10=000033b8 x19:000033b8
  24626ns            2459 00002dc0 000780e7                      jalr x1, x15, 0  x1=00002dc4 x15:000027fc
  24646ns            2461 000027fc 00c59783                      lh x15, 12(x11) x15=00002889 x11:0000370c  PA:00003718
  24656ns            2462 00002800 fe010113                     addi x2, x2, -32  x2=00004380  x2:000043a0
  24666ns            2463 00002804 00812c23                        sw x8, 24(x2)  x8:0000370c  x2:00004380  PA:00004398
  24676ns            2464 00002808 00912a23                        sw x9, 20(x2)  x9:00000001  x2:00004380  PA:00004394
  24686ns            2465 0000280c 01212823                       sw x18, 16(x2) x18:00003c40  x2:00004380  PA:00004390
  24696ns            2466 00002810 01312623                       sw x19, 12(x2) x19:000033b8  x2:00004380  PA:0000438c
  24706ns            2467 00002814 00112e23                        sw x1, 28(x2)  x1:00002dc4  x2:00004380  PA:0000439c
  24716ns            2468 00002818 1007f713                   andi x14, x15, 256 x14=00000000 x15:00002889
  24726ns            2469 0000281c 00058413                      addi x8, x11, 0  x8=0000370c x11:0000370c
  24736ns            2470 00002820 00050493                      addi x9, x10, 0  x9=000033b8 x10:000033b8
  24746ns            2471 00002824 00e59583                      lh x11, 14(x11) x11=00000001 x11:0000370c  PA:0000371a
  24756ns            2472 00002828 00060913                     addi x18, x12, 0 x18=00003c40 x12:00003c40
  24766ns            2473 0000282c 00068993                     addi x19, x13, 0 x19=00000001 x13:00000001
  24776ns            2474 00002830 02071e63                      bne x14, x0, 60 x14:00000000
  24786ns            2475 00002834 fffff737                  lui x14, 0xfffff000 x14=fffff000
  24796ns            2476 00002838 fff70713                    addi x14, x14, -1 x14=ffffefff x14:fffff000
  24806ns            2477 0000283c 00e7f7b3                    and x15, x15, x14 x15=00002889 x15:00002889 x14:ffffefff
  24816ns            2478 00002840 00f41623                       sh x15, 12(x8) x15:00002889  x8:0000370c  PA:00003718
  24826ns            2479 00002844 01812403                        lw x8, 24(x2)  x8=0000370c  x2:00004380  PA:00004398
  24836ns            2480 00002848 01c12083                        lw x1, 28(x2)  x1=00002dc4  x2:00004380  PA:0000439c
  24846ns            2481 0000284c 00098693                     addi x13, x19, 0 x13=00000001 x19:00000001
  24856ns            2482 00002850 00090613                     addi x12, x18, 0 x12=00003c40 x18:00003c40
  24866ns            2483 00002854 00c12983                       lw x19, 12(x2) x19=000033b8  x2:00004380  PA:0000438c
  24876ns            2484 00002858 01012903                       lw x18, 16(x2) x18=00003c40  x2:00004380  PA:00004390
  24886ns            2485 0000285c 00048513                      addi x10, x9, 0 x10=000033b8  x9:000033b8
  24896ns            2486 00002860 01412483                        lw x9, 20(x2)  x9=00000001  x2:00004380  PA:00004394
  24906ns            2487 00002864 02010113                      addi x2, x2, 32  x2=000043a0  x2:00004380
  24916ns            2488 00002868 08c0006f                          jal x0, 140
  24936ns            2490 000028f4 ff010113                     addi x2, x2, -16  x2=00004390  x2:000043a0
  24946ns            2491 000028f8 00058713                     addi x14, x11, 0 x14=00000001 x11:00000001
  24956ns            2492 000028fc 00812423                         sw x8, 8(x2)  x8:0000370c  x2:00004390  PA:00004398
  24966ns            2493 00002900 00912223                         sw x9, 4(x2)  x9:00000001  x2:00004390  PA:00004394
  24976ns            2494 00002904 00060593                     addi x11, x12, 0 x11=00003c40 x12:00003c40
  24986ns            2495 00002908 00050413                      addi x8, x10, 0  x8=000033b8 x10:000033b8
  24996ns            2496 0000290c 00068613                     addi x12, x13, 0 x12=00000001 x13:00000001
  25006ns            2497 00002910 00070513                     addi x10, x14, 0 x10=00000001 x14:00000001
  25016ns            2498 00002914 00112623                        sw x1, 12(x2)  x1:00002dc4  x2:00004390  PA:0000439c
  25026ns            2499 00002918 0601ac23                       sw x0, 120(x3)  x3:00003bb8  PA:00003c30
  25036ns            2500 0000291c 907fd0ef                        jal x1, -9978  x1=00002920
  25056ns            2502 00000222 00100693                      addi x13, x0, 1 x13=00000001
  25066ns            2503 00000224 00c587b3                    add x15, x11, x12 x15=00003c41 x11:00003c40 x12:00000001
  25076ns            2504 00000228 10000737                  lui x14, 0x10000000 x14=10000000
  25086ns            2505 0000022c 00d50c63                     beq x10, x13, 24 x10:00000001 x13:00000001
  25116ns            2508 00000244 fef59ce3                     bne x11, x15, -8 x11:00003c40 x15:00003c41
  25146ns            2511 0000023c 0005c683                      lbu x13, 0(x11) x13=0000000a x11:00003c40  PA:00003c40
  25156ns            2512 00000240 00158593                     addi x11, x11, 1 x11=00003c41 x11:00003c40
  25166ns            2513 00000242 00d72023                       sw x13, 0(x14) x13:0000000a x14:10000000  PA:10000000
  25176ns            2514 00000244 fef59ce3                     bne x11, x15, -8 x11:00003c41 x15:00003c41
  25186ns            2515 00000248 00c00533                     add x10, x0, x12 x10=00000001 x12:00000001
  25196ns            2516 0000024a 00008067                       jalr x0, x1, 0  x1:00002920
  25216ns            2518 00002920 fff00793                     addi x15, x0, -1 x15=ffffffff
  25226ns            2519 00002924 00f50c63                     beq x10, x15, 24 x10:00000001 x15:ffffffff
  25236ns            2520 00002928 00c12083                        lw x1, 12(x2)  x1=00002dc4  x2:00004390  PA:0000439c
  25246ns            2521 0000292c 00812403                         lw x8, 8(x2)  x8=0000370c  x2:00004390  PA:00004398
  25256ns            2522 00002930 00412483                         lw x9, 4(x2)  x9=00000001  x2:00004390  PA:00004394
  25266ns            2523 00002934 01010113                      addi x2, x2, 16  x2=000043a0  x2:00004390
  25276ns            2524 00002938 00008067                       jalr x0, x1, 0  x1:00002dc4
  25296ns            2526 00002dc4 40a484b3                      sub x9, x9, x10  x9=00000000  x9:00000001 x10:00000001
  25306ns            2527 00002dc8 fca04ee3                     blt x0, x10, -36 x10:00000001
  25336ns            2530 00002da4 00a90933                    add x18, x18, x10 x18=00003c41 x18:00003c40 x10:00000001
  25346ns            2531 00002da8 fa9052e3                      bge x0, x9, -92  x9:00000000
  25376ns            2534 00002d4c 00000513                      addi x10, x0, 0 x10=00000000
  25386ns            2535 00002d50 01c12083                        lw x1, 28(x2)  x1=00001544  x2:000043a0  PA:000043bc
  25396ns            2536 00002d54 01812403                        lw x8, 24(x2)  x8=0000370c  x2:000043a0  PA:000043b8
  25406ns            2537 00002d58 01412483                        lw x9, 20(x2)  x9=00004418  x2:000043a0  PA:000043b4
  25416ns            2538 00002d5c 01012903                       lw x18, 16(x2) x18=00000001  x2:000043a0  PA:000043b0
  25426ns            2539 00002d60 00c12983                       lw x19, 12(x2) x19=00000046  x2:000043a0  PA:000043ac
  25436ns            2540 00002d64 02010113                      addi x2, x2, 32  x2=000043c0  x2:000043a0
  25446ns            2541 00002d68 00008067                       jalr x0, x1, 0  x1:00001544
  25466ns            2543 00001544 e80502e3                    beq x10, x0, -380 x10:00000000
  25496ns            2546 000013c8 008a2603                       lw x12, 8(x20) x12=00000047 x20:00004404  PA:0000440c
  25506ns            2547 000013cc 012c0c33                    add x24, x24, x18 x24=0000328d x24:0000328c x18:00000001
  25516ns            2548 000013d0 412989b3                    sub x19, x19, x18 x19=00000045 x19:00000046 x18:00000001
  25526ns            2549 000013d4 41260933                    sub x18, x12, x18 x18=00000046 x12:00000047 x18:00000001
  25536ns            2550 000013d8 012a2423                       sw x18, 8(x20) x18:00000046 x20:00004404  PA:0000440c
  25546ns            2551 000013dc 08091a63                     bne x18, x0, 148 x18:00000046
  25576ns            2554 00001470 ec098ae3                    beq x19, x0, -300 x19:00000045
  25586ns            2555 00001474 ee051ee3                    bne x10, x0, -260 x10:00000000
  25596ns            2556 00001478 00098613                     addi x12, x19, 0 x12=00000045 x19:00000045
  25606ns            2557 0000147c 00a00593                     addi x11, x0, 10 x11=0000000a
  25616ns            2558 00001480 000c0513                     addi x10, x24, 0 x10=0000328d x24:0000328d
  25626ns            2559 00001484 22d000ef                         jal x1, 2604  x1=00001488
  25646ns            2561 00001eb0 00357793                     andi x15, x10, 3 x15=00000001 x10:0000328d
  25656ns            2562 00001eb4 0ff5f693                   andi x13, x11, 255 x13=0000000a x11:0000000a
  25666ns            2563 00001eb8 02078a63                      beq x15, x0, 52 x15:00000001
  25676ns            2564 00001ebc fff60793                    addi x15, x12, -1 x15=00000044 x12:00000045
  25686ns            2565 00001ec0 02060e63                      beq x12, x0, 60 x12:00000045
  25696ns            2566 00001ec4 fff00613                     addi x12, x0, -1 x12=ffffffff
  25706ns            2567 00001ec8 0180006f                           jal x0, 24
  25726ns            2569 00001ee0 00054703                      lbu x14, 0(x10) x14=0000000a x10:0000328d  PA:0000328d
  25746ns            2571 00001ee4 fed714e3                    bne x14, x13, -24 x14:0000000a x13:0000000a
  25756ns            2572 00001ee8 00008067                       jalr x0, x1, 0  x1:00001488
  25776ns            2574 00001488 ee0510e3                    bne x10, x0, -288 x10:0000328d
  25806ns            2577 00001368 00150513                     addi x10, x10, 1 x10=0000328e x10:0000328d
  25816ns            2578 0000136c 41850b33                    sub x22, x10, x24 x22=00000001 x10:0000328e x24:0000328d
  25826ns            2579 00001370 000b0793                     addi x15, x22, 0 x15=00000001 x22:00000001
  25836ns            2580 00001374 00098b93                     addi x23, x19, 0 x23=00000045 x19:00000045
  25846ns            2581 00001378 0137f463                     bgeu x15, x19, 8 x15:00000001 x19:00000045
  25856ns            2582 0000137c 00078b93                     addi x23, x15, 0 x23=00000001 x15:00000001
  25866ns            2583 00001380 00042503                        lw x10, 0(x8) x10=00003c40  x8:0000370c  PA:0000370c
  25876ns            2584 00001384 01042783                       lw x15, 16(x8) x15=00003c40  x8:0000370c  PA:0000371c
  25886ns            2585 00001388 01442683                       lw x13, 20(x8) x13=00000400  x8:0000370c  PA:00003720
  25896ns            2586 0000138c 00a7f863                    bgeu x15, x10, 16 x15:00003c40 x10:00003c40
  25926ns            2589 0000139c 1adbc863                    blt x23, x13, 432 x23:00000001 x13:00000400
  25956ns            2592 0000154c 000b8613                     addi x12, x23, 0 x12=00000001 x23:00000001
  25966ns            2593 00001550 000c0593                     addi x11, x24, 0 x11=0000328d x24:0000328d
  25976ns            2594 00001554 34d000ef                         jal x1, 2892  x1=00001558
  25996ns            2596 000020a0 02a5f663                    bgeu x11, x10, 44 x11:0000328d x10:00003c40
  26006ns            2597 000020a4 00c587b3                    add x15, x11, x12 x15=0000328e x11:0000328d x12:00000001
  26016ns            2598 000020a8 02f57263                    bgeu x10, x15, 36 x10:00003c40 x15:0000328e
  26046ns            2601 000020cc 00f00793                     addi x15, x0, 15 x15=0000000f
  26056ns            2602 000020d0 02c7e863                    bltu x15, x12, 48 x15:0000000f x12:00000001
  26066ns            2603 000020d4 00050793                     addi x15, x10, 0 x15=00003c40 x10:00003c40
  26076ns            2604 000020d8 fff60693                    addi x13, x12, -1 x13=00000000 x12:00000001
  26086ns            2605 000020dc 0c060c63                     beq x12, x0, 216 x12:00000001
  26096ns            2606 000020e0 00168693                     addi x13, x13, 1 x13=00000001 x13:00000000
  26106ns            2607 000020e4 00d786b3                    add x13, x15, x13 x13=00003c41 x15:00003c40 x13:00000001
  26116ns            2608 000020e8 0005c703                      lbu x14, 0(x11) x14=0000000a x11:0000328d  PA:0000328d
  26126ns            2609 000020ec 00178793                     addi x15, x15, 1 x15=00003c41 x15:00003c40
  26136ns            2610 000020f0 00158593                     addi x11, x11, 1 x11=0000328e x11:0000328d
  26146ns            2611 000020f4 fee78fa3                      sb x14, -1(x15) x14:0000000a x15:00003c41  PA:00003c40
  26156ns            2612 000020f8 fed798e3                    bne x15, x13, -16 x15:00003c41 x13:00003c41
  26166ns            2613 000020fc 00008067                       jalr x0, x1, 0  x1:00001558
  26186ns            2615 00001558 00842783                        lw x15, 8(x8) x15=00000000  x8:0000370c  PA:00003714
  26196ns            2616 0000155c 00042603                        lw x12, 0(x8) x12=00003c40  x8:0000370c  PA:0000370c
  26206ns            2617 00001560 000b8913                     addi x18, x23, 0 x18=00000001 x23:00000001
  26216ns            2618 00001564 417787b3                    sub x15, x15, x23 x15=ffffffff x15:00000000 x23:00000001
  26226ns            2619 00001568 01760633                    add x12, x12, x23 x12=00003c41 x12:00003c40 x23:00000001
  26236ns            2620 0000156c 00f42423                        sw x15, 8(x8) x15:ffffffff  x8:0000370c  PA:00003714
  26246ns            2621 00001570 00c42023                        sw x12, 0(x8) x12:00003c41  x8:0000370c  PA:0000370c
  26256ns            2622 00001574 e49ff06f                         jal x0, -440
  26276ns            2624 000013bc 412b0b33                    sub x22, x22, x18 x22=00000000 x22:00000001 x18:00000001
  26286ns            2625 000013c0 00100513                      addi x10, x0, 1 x10=00000001
  26296ns            2626 000013c4 160b0a63                     beq x22, x0, 372 x22:00000000
  26326ns            2629 00001538 00040593                      addi x11, x8, 0 x11=0000370c  x8:0000370c
  26336ns            2630 0000153c 000a8513                     addi x10, x21, 0 x10=000033b8 x21:000033b8
  26346ns            2631 00001540 14d010ef                         jal x1, 6476  x1=00001544
  26366ns            2633 00002e8c fe010113                     addi x2, x2, -32  x2=000043a0  x2:000043c0
  26376ns            2634 00002e90 00812c23                        sw x8, 24(x2)  x8:0000370c  x2:000043a0  PA:000043b8
  26386ns            2635 00002e94 00112e23                        sw x1, 28(x2)  x1:00001544  x2:000043a0  PA:000043bc
  26396ns            2636 00002e98 00050413                      addi x8, x10, 0  x8=000033b8 x10:000033b8
  26406ns            2637 00002e9c 00050663                      beq x10, x0, 12 x10:000033b8
  26416ns            2638 00002ea0 03852783                      lw x15, 56(x10) x15=00000001 x10:000033b8  PA:000033f0
  26436ns            2640 00002ea4 02078063                      beq x15, x0, 32 x15:00000001
  26446ns            2641 00002ea8 00c59783                      lh x15, 12(x11) x15=00002889 x11:0000370c  PA:00003718
  26466ns            2643 00002eac 02079663                      bne x15, x0, 44 x15:00002889
  26496ns            2646 00002ed8 00040513                      addi x10, x8, 0 x10=000033b8  x8:000033b8
  26506ns            2647 00002edc 01812403                        lw x8, 24(x2)  x8=0000370c  x2:000043a0  PA:000043b8
  26516ns            2648 00002ee0 01c12083                        lw x1, 28(x2)  x1=00001544  x2:000043a0  PA:000043bc
  26526ns            2649 00002ee4 02010113                      addi x2, x2, 32  x2=000043c0  x2:000043a0
  26536ns            2650 00002ee8 d49ff06f                         jal x0, -696
  26556ns            2652 00002c30 00c59783                      lh x15, 12(x11) x15=00002889 x11:0000370c  PA:00003718
  26566ns            2653 00002c34 fe010113                     addi x2, x2, -32  x2=000043a0  x2:000043c0
  26576ns            2654 00002c38 00812c23                        sw x8, 24(x2)  x8:0000370c  x2:000043a0  PA:000043b8
  26586ns            2655 00002c3c 01312623                       sw x19, 12(x2) x19:00000045  x2:000043a0  PA:000043ac
  26596ns            2656 00002c40 00112e23                        sw x1, 28(x2)  x1:00001544  x2:000043a0  PA:000043bc
  26606ns            2657 00002c44 00912a23                        sw x9, 20(x2)  x9:00004418  x2:000043a0  PA:000043b4
  26616ns            2658 00002c48 01212823                       sw x18, 16(x2) x18:00000001  x2:000043a0  PA:000043b0
  26626ns            2659 00002c4c 0087f693                     andi x13, x15, 8 x13=00000008 x15:00002889
  26636ns            2660 00002c50 00058413                      addi x8, x11, 0  x8=0000370c x11:0000370c
  26646ns            2661 00002c54 00050993                     addi x19, x10, 0 x19=000033b8 x10:000033b8
  26656ns            2662 00002c58 10069a63                     bne x13, x0, 276 x13:00000008
  26686ns            2665 00002d6c 0105a903                      lw x18, 16(x11) x18=00003c40 x11:0000370c  PA:0000371c
  26706ns            2667 00002d70 fc090ee3                     beq x18, x0, -36 x18:00003c40
  26716ns            2668 00002d74 0005a483                        lw x9, 0(x11)  x9=00003c41 x11:0000370c  PA:0000370c
  26726ns            2669 00002d78 01079713                  slli x14, x15, 0x10 x14=28890000 x15:00002889
  26736ns            2670 00002d7c 01075713                  srli x14, x14, 0x10 x14=00002889 x14:28890000
  26746ns            2671 00002d80 00377713                     andi x14, x14, 3 x14=00000001 x14:00002889
  26756ns            2672 00002d84 0125a023                       sw x18, 0(x11) x18:00003c40 x11:0000370c  PA:0000370c
  26766ns            2673 00002d88 412484b3                      sub x9, x9, x18  x9=00000001  x9:00003c41 x18:00003c40
  26776ns            2674 00002d8c 00000793                      addi x15, x0, 0 x15=00000000
  26786ns            2675 00002d90 00071463                       bne x14, x0, 8 x14:00000001
  26816ns            2678 00002d98 00f42423                        sw x15, 8(x8) x15:00000000  x8:0000370c  PA:00003714
  26826ns            2679 00002d9c 00904863                       blt x0, x9, 16  x9:00000001
  26856ns            2682 00002dac 02442783                       lw x15, 36(x8) x15=000027fc  x8:0000370c  PA:00003730
  26866ns            2683 00002db0 01c42583                       lw x11, 28(x8) x11=0000370c  x8:0000370c  PA:00003728
  26876ns            2684 00002db4 00048693                      addi x13, x9, 0 x13=00000001  x9:00000001
  26886ns            2685 00002db8 00090613                     addi x12, x18, 0 x12=00003c40 x18:00003c40
  26896ns            2686 00002dbc 00098513                     addi x10, x19, 0 x10=000033b8 x19:000033b8
  26906ns            2687 00002dc0 000780e7                      jalr x1, x15, 0  x1=00002dc4 x15:000027fc
  26926ns            2689 000027fc 00c59783                      lh x15, 12(x11) x15=00002889 x11:0000370c  PA:00003718
  26936ns            2690 00002800 fe010113                     addi x2, x2, -32  x2=00004380  x2:000043a0
  26946ns            2691 00002804 00812c23                        sw x8, 24(x2)  x8:0000370c  x2:00004380  PA:00004398
  26956ns            2692 00002808 00912a23                        sw x9, 20(x2)  x9:00000001  x2:00004380  PA:00004394
  26966ns            2693 0000280c 01212823                       sw x18, 16(x2) x18:00003c40  x2:00004380  PA:00004390
  26976ns            2694 00002810 01312623                       sw x19, 12(x2) x19:000033b8  x2:00004380  PA:0000438c
  26986ns            2695 00002814 00112e23                        sw x1, 28(x2)  x1:00002dc4  x2:00004380  PA:0000439c
  26996ns            2696 00002818 1007f713                   andi x14, x15, 256 x14=00000000 x15:00002889
  27006ns            2697 0000281c 00058413                      addi x8, x11, 0  x8=0000370c x11:0000370c
  27016ns            2698 00002820 00050493                      addi x9, x10, 0  x9=000033b8 x10:000033b8
  27026ns            2699 00002824 00e59583                      lh x11, 14(x11) x11=00000001 x11:0000370c  PA:0000371a
  27036ns            2700 00002828 00060913                     addi x18, x12, 0 x18=00003c40 x12:00003c40
  27046ns            2701 0000282c 00068993                     addi x19, x13, 0 x19=00000001 x13:00000001
  27056ns            2702 00002830 02071e63                      bne x14, x0, 60 x14:00000000
  27066ns            2703 00002834 fffff737                  lui x14, 0xfffff000 x14=fffff000
  27076ns            2704 00002838 fff70713                    addi x14, x14, -1 x14=ffffefff x14:fffff000
  27086ns            2705 0000283c 00e7f7b3                    and x15, x15, x14 x15=00002889 x15:00002889 x14:ffffefff
  27096ns            2706 00002840 00f41623                       sh x15, 12(x8) x15:00002889  x8:0000370c  PA:00003718
  27106ns            2707 00002844 01812403                        lw x8, 24(x2)  x8=0000370c  x2:00004380  PA:00004398
  27116ns            2708 00002848 01c12083                        lw x1, 28(x2)  x1=00002dc4  x2:00004380  PA:0000439c
  27126ns            2709 0000284c 00098693                     addi x13, x19, 0 x13=00000001 x19:00000001
  27136ns            2710 00002850 00090613                     addi x12, x18, 0 x12=00003c40 x18:00003c40
  27146ns            2711 00002854 00c12983                       lw x19, 12(x2) x19=000033b8  x2:00004380  PA:0000438c
  27156ns            2712 00002858 01012903                       lw x18, 16(x2) x18=00003c40  x2:00004380  PA:00004390
  27166ns            2713 0000285c 00048513                      addi x10, x9, 0 x10=000033b8  x9:000033b8
  27176ns            2714 00002860 01412483                        lw x9, 20(x2)  x9=00000001  x2:00004380  PA:00004394
  27186ns            2715 00002864 02010113                      addi x2, x2, 32  x2=000043a0  x2:00004380
  27196ns            2716 00002868 08c0006f                          jal x0, 140
  27216ns            2718 000028f4 ff010113                     addi x2, x2, -16  x2=00004390  x2:000043a0
  27226ns            2719 000028f8 00058713                     addi x14, x11, 0 x14=00000001 x11:00000001
  27236ns            2720 000028fc 00812423                         sw x8, 8(x2)  x8:0000370c  x2:00004390  PA:00004398
  27246ns            2721 00002900 00912223                         sw x9, 4(x2)  x9:00000001  x2:00004390  PA:00004394
  27256ns            2722 00002904 00060593                     addi x11, x12, 0 x11=00003c40 x12:00003c40
  27266ns            2723 00002908 00050413                      addi x8, x10, 0  x8=000033b8 x10:000033b8
  27276ns            2724 0000290c 00068613                     addi x12, x13, 0 x12=00000001 x13:00000001
  27286ns            2725 00002910 00070513                     addi x10, x14, 0 x10=00000001 x14:00000001
  27296ns            2726 00002914 00112623                        sw x1, 12(x2)  x1:00002dc4  x2:00004390  PA:0000439c
  27306ns            2727 00002918 0601ac23                       sw x0, 120(x3)  x3:00003bb8  PA:00003c30
  27316ns            2728 0000291c 907fd0ef                        jal x1, -9978  x1=00002920
  27336ns            2730 00000222 00100693                      addi x13, x0, 1 x13=00000001
  27346ns            2731 00000224 00c587b3                    add x15, x11, x12 x15=00003c41 x11:00003c40 x12:00000001
  27356ns            2732 00000228 10000737                  lui x14, 0x10000000 x14=10000000
  27366ns            2733 0000022c 00d50c63                     beq x10, x13, 24 x10:00000001 x13:00000001
  27396ns            2736 00000244 fef59ce3                     bne x11, x15, -8 x11:00003c40 x15:00003c41
  27426ns            2739 0000023c 0005c683                      lbu x13, 0(x11) x13=0000000a x11:00003c40  PA:00003c40
  27436ns            2740 00000240 00158593                     addi x11, x11, 1 x11=00003c41 x11:00003c40
  27446ns            2741 00000242 00d72023                       sw x13, 0(x14) x13:0000000a x14:10000000  PA:10000000
  27456ns            2742 00000244 fef59ce3                     bne x11, x15, -8 x11:00003c41 x15:00003c41
  27466ns            2743 00000248 00c00533                     add x10, x0, x12 x10=00000001 x12:00000001
  27476ns            2744 0000024a 00008067                       jalr x0, x1, 0  x1:00002920
  27496ns            2746 00002920 fff00793                     addi x15, x0, -1 x15=ffffffff
  27506ns            2747 00002924 00f50c63                     beq x10, x15, 24 x10:00000001 x15:ffffffff
  27516ns            2748 00002928 00c12083                        lw x1, 12(x2)  x1=00002dc4  x2:00004390  PA:0000439c
  27526ns            2749 0000292c 00812403                         lw x8, 8(x2)  x8=0000370c  x2:00004390  PA:00004398
  27536ns            2750 00002930 00412483                         lw x9, 4(x2)  x9=00000001  x2:00004390  PA:00004394
  27546ns            2751 00002934 01010113                      addi x2, x2, 16  x2=000043a0  x2:00004390
  27556ns            2752 00002938 00008067                       jalr x0, x1, 0  x1:00002dc4
  27576ns            2754 00002dc4 40a484b3                      sub x9, x9, x10  x9=00000000  x9:00000001 x10:00000001
  27586ns            2755 00002dc8 fca04ee3                     blt x0, x10, -36 x10:00000001
  27616ns            2758 00002da4 00a90933                    add x18, x18, x10 x18=00003c41 x18:00003c40 x10:00000001
  27626ns            2759 00002da8 fa9052e3                      bge x0, x9, -92  x9:00000000
  27656ns            2762 00002d4c 00000513                      addi x10, x0, 0 x10=00000000
  27666ns            2763 00002d50 01c12083                        lw x1, 28(x2)  x1=00001544  x2:000043a0  PA:000043bc
  27676ns            2764 00002d54 01812403                        lw x8, 24(x2)  x8=0000370c  x2:000043a0  PA:000043b8
  27686ns            2765 00002d58 01412483                        lw x9, 20(x2)  x9=00004418  x2:000043a0  PA:000043b4
  27696ns            2766 00002d5c 01012903                       lw x18, 16(x2) x18=00000001  x2:000043a0  PA:000043b0
  27706ns            2767 00002d60 00c12983                       lw x19, 12(x2) x19=00000045  x2:000043a0  PA:000043ac
  27716ns            2768 00002d64 02010113                      addi x2, x2, 32  x2=000043c0  x2:000043a0
  27726ns            2769 00002d68 00008067                       jalr x0, x1, 0  x1:00001544
  27746ns            2771 00001544 e80502e3                    beq x10, x0, -380 x10:00000000
  27776ns            2774 000013c8 008a2603                       lw x12, 8(x20) x12=00000046 x20:00004404  PA:0000440c
  27786ns            2775 000013cc 012c0c33                    add x24, x24, x18 x24=0000328e x24:0000328d x18:00000001
  27796ns            2776 000013d0 412989b3                    sub x19, x19, x18 x19=00000044 x19:00000045 x18:00000001
  27806ns            2777 000013d4 41260933                    sub x18, x12, x18 x18=00000045 x12:00000046 x18:00000001
  27816ns            2778 000013d8 012a2423                       sw x18, 8(x20) x18:00000045 x20:00004404  PA:0000440c
  27826ns            2779 000013dc 08091a63                     bne x18, x0, 148 x18:00000045
  27856ns            2782 00001470 ec098ae3                    beq x19, x0, -300 x19:00000044
  27866ns            2783 00001474 ee051ee3                    bne x10, x0, -260 x10:00000000
  27876ns            2784 00001478 00098613                     addi x12, x19, 0 x12=00000044 x19:00000044
  27886ns            2785 0000147c 00a00593                     addi x11, x0, 10 x11=0000000a
  27896ns            2786 00001480 000c0513                     addi x10, x24, 0 x10=0000328e x24:0000328e
  27906ns            2787 00001484 22d000ef                         jal x1, 2604  x1=00001488
  27926ns            2789 00001eb0 00357793                     andi x15, x10, 3 x15=00000002 x10:0000328e
  27936ns            2790 00001eb4 0ff5f693                   andi x13, x11, 255 x13=0000000a x11:0000000a
  27946ns            2791 00001eb8 02078a63                      beq x15, x0, 52 x15:00000002
  27956ns            2792 00001ebc fff60793                    addi x15, x12, -1 x15=00000043 x12:00000044
  27966ns            2793 00001ec0 02060e63                      beq x12, x0, 60 x12:00000044
  27976ns            2794 00001ec4 fff00613                     addi x12, x0, -1 x12=ffffffff
  27986ns            2795 00001ec8 0180006f                           jal x0, 24
  28006ns            2797 00001ee0 00054703                      lbu x14, 0(x10) x14=00000009 x10:0000328e  PA:0000328e
  28026ns            2799 00001ee4 fed714e3                    bne x14, x13, -24 x14:00000009 x13:0000000a
  28056ns            2802 00001ecc 00150513                     addi x10, x10, 1 x10=0000328f x10:0000328e
  28066ns            2803 00001ed0 00357713                     andi x14, x10, 3 x14=00000003 x10:0000328f
  28076ns            2804 00001ed4 00070e63                      beq x14, x0, 28 x14:00000003
  28086ns            2805 00001ed8 fff78793                    addi x15, x15, -1 x15=00000042 x15:00000043
  28096ns            2806 00001edc 02c78063                     beq x15, x12, 32 x15:00000042 x12:ffffffff
  28106ns            2807 00001ee0 00054703                      lbu x14, 0(x10) x14=00000048 x10:0000328f  PA:0000328f
  28126ns            2809 00001ee4 fed714e3                    bne x14, x13, -24 x14:00000048 x13:0000000a
  28156ns            2812 00001ecc 00150513                     addi x10, x10, 1 x10=00003290 x10:0000328f
  28166ns            2813 00001ed0 00357713                     andi x14, x10, 3 x14=00000000 x10:00003290
  28176ns            2814 00001ed4 00070e63                      beq x14, x0, 28 x14:00000000
  28206ns            2817 00001ef0 00300713                      addi x14, x0, 3 x14=00000003
  28216ns            2818 00001ef4 02f76663                    bltu x14, x15, 44 x14:00000003 x15:00000042
  28246ns            2821 00001f20 00010737                     lui x14, 0x10000 x14=00010000
  28256ns            2822 00001f24 00859893                   slli x17, x11, 0x8 x17=00000a00 x11:0000000a
  28266ns            2823 00001f28 fff70713                    addi x14, x14, -1 x14=0000ffff x14:00010000
  28276ns            2824 00001f2c 00e8f8b3                    and x17, x17, x14 x17=00000a00 x17:00000a00 x14:0000ffff
  28286ns            2825 00001f30 0ff5f593                   andi x11, x11, 255 x11=0000000a x11:0000000a
  28296ns            2826 00001f34 00b8e5b3                     or x11, x17, x11 x11=00000a0a x17:00000a00 x11:0000000a
  28306ns            2827 00001f38 01059893                  slli x17, x11, 0x10 x17=0a0a0000 x11:00000a0a
  28316ns            2828 00001f3c 00b8e8b3                     or x17, x17, x11 x17=0a0a0a0a x17:0a0a0000 x11:00000a0a
  28326ns            2829 00001f40 feff0837                  lui x16, 0xfeff0000 x16=feff0000
  28336ns            2830 00001f44 808085b7                  lui x11, 0x80808000 x11=80808000
  28346ns            2831 00001f48 eff80813                  addi x16, x16, -257 x16=fefefeff x16:feff0000
  28356ns            2832 00001f4c 08058593                   addi x11, x11, 128 x11=80808080 x11:80808000
  28366ns            2833 00001f50 00300313                       addi x6, x0, 3  x6=00000003
  28376ns            2834 00001f54 00052703                       lw x14, 0(x10) x14=6f6c6c65 x10:00003290  PA:00003290
  28396ns            2836 00001f58 00e8c733                    xor x14, x17, x14 x14=6566666f x17:0a0a0a0a x14:6f6c6c65
  28406ns            2837 00001f5c 01070633                    add x12, x14, x16 x12=6465656e x14:6566666f x16:fefefeff
  28416ns            2838 00001f60 fff74713                    xori x14, x14, -1 x14=9a999990 x14:6566666f
  28426ns            2839 00001f64 00e67733                    and x14, x12, x14 x14=00010100 x12:6465656e x14:9a999990
  28436ns            2840 00001f68 00b77733                    and x14, x14, x11 x14=00000000 x14:00010100 x11:80808080
  28446ns            2841 00001f6c f8071ce3                    bne x14, x0, -104 x14:00000000
  28456ns            2842 00001f70 ffc78793                    addi x15, x15, -4 x15=0000003e x15:00000042
  28466ns            2843 00001f74 00450513                     addi x10, x10, 4 x10=00003294 x10:00003290
  28476ns            2844 00001f78 fcf36ee3                    bltu x6, x15, -36  x6:00000003 x15:0000003e
  28506ns            2847 00001f54 00052703                       lw x14, 0(x10) x14=726f5720 x10:00003294  PA:00003294
  28526ns            2849 00001f58 00e8c733                    xor x14, x17, x14 x14=78655d2a x17:0a0a0a0a x14:726f5720
  28536ns            2850 00001f5c 01070633                    add x12, x14, x16 x12=77645c29 x14:78655d2a x16:fefefeff
  28546ns            2851 00001f60 fff74713                    xori x14, x14, -1 x14=879aa2d5 x14:78655d2a
  28556ns            2852 00001f64 00e67733                    and x14, x12, x14 x14=07000001 x12:77645c29 x14:879aa2d5
  28566ns            2853 00001f68 00b77733                    and x14, x14, x11 x14=00000000 x14:07000001 x11:80808080
  28576ns            2854 00001f6c f8071ce3                    bne x14, x0, -104 x14:00000000
  28586ns            2855 00001f70 ffc78793                    addi x15, x15, -4 x15=0000003a x15:0000003e
  28596ns            2856 00001f74 00450513                     addi x10, x10, 4 x10=00003298 x10:00003294
  28606ns            2857 00001f78 fcf36ee3                    bltu x6, x15, -36  x6:00000003 x15:0000003a
  28636ns            2860 00001f54 00052703                       lw x14, 0(x10) x14=2021646c x10:00003298  PA:00003298
  28656ns            2862 00001f58 00e8c733                    xor x14, x17, x14 x14=2a2b6e66 x17:0a0a0a0a x14:2021646c
  28666ns            2863 00001f5c 01070633                    add x12, x14, x16 x12=292a6d65 x14:2a2b6e66 x16:fefefeff
  28676ns            2864 00001f60 fff74713                    xori x14, x14, -1 x14=d5d49199 x14:2a2b6e66
  28686ns            2865 00001f64 00e67733                    and x14, x12, x14 x14=01000101 x12:292a6d65 x14:d5d49199
  28696ns            2866 00001f68 00b77733                    and x14, x14, x11 x14=00000000 x14:01000101 x11:80808080
  28706ns            2867 00001f6c f8071ce3                    bne x14, x0, -104 x14:00000000
  28716ns            2868 00001f70 ffc78793                    addi x15, x15, -4 x15=00000036 x15:0000003a
  28726ns            2869 00001f74 00450513                     addi x10, x10, 4 x10=0000329c x10:00003298
  28736ns            2870 00001f78 fcf36ee3                    bltu x6, x15, -36  x6:00000003 x15:00000036
  28766ns            2873 00001f54 00052703                       lw x14, 0(x10) x14=73696854 x10:0000329c  PA:0000329c
  28786ns            2875 00001f58 00e8c733                    xor x14, x17, x14 x14=7963625e x17:0a0a0a0a x14:73696854
  28796ns            2876 00001f5c 01070633                    add x12, x14, x16 x12=7862615d x14:7963625e x16:fefefeff
  28806ns            2877 00001f60 fff74713                    xori x14, x14, -1 x14=869c9da1 x14:7963625e
  28816ns            2878 00001f64 00e67733                    and x14, x12, x14 x14=00000101 x12:7862615d x14:869c9da1
  28826ns            2879 00001f68 00b77733                    and x14, x14, x11 x14=00000000 x14:00000101 x11:80808080
  28836ns            2880 00001f6c f8071ce3                    bne x14, x0, -104 x14:00000000
  28846ns            2881 00001f70 ffc78793                    addi x15, x15, -4 x15=00000032 x15:00000036
  28856ns            2882 00001f74 00450513                     addi x10, x10, 4 x10=000032a0 x10:0000329c
  28866ns            2883 00001f78 fcf36ee3                    bltu x6, x15, -36  x6:00000003 x15:00000032
  28896ns            2886 00001f54 00052703                       lw x14, 0(x10) x14=20736920 x10:000032a0  PA:000032a0
  28916ns            2888 00001f58 00e8c733                    xor x14, x17, x14 x14=2a79632a x17:0a0a0a0a x14:20736920
  28926ns            2889 00001f5c 01070633                    add x12, x14, x16 x12=29786229 x14:2a79632a x16:fefefeff
  28936ns            2890 00001f60 fff74713                    xori x14, x14, -1 x14=d5869cd5 x14:2a79632a
  28946ns            2891 00001f64 00e67733                    and x14, x12, x14 x14=01000001 x12:29786229 x14:d5869cd5
  28956ns            2892 00001f68 00b77733                    and x14, x14, x11 x14=00000000 x14:01000001 x11:80808080
  28966ns            2893 00001f6c f8071ce3                    bne x14, x0, -104 x14:00000000
  28976ns            2894 00001f70 ffc78793                    addi x15, x15, -4 x15=0000002e x15:00000032
  28986ns            2895 00001f74 00450513                     addi x10, x10, 4 x10=000032a4 x10:000032a0
  28996ns            2896 00001f78 fcf36ee3                    bltu x6, x15, -36  x6:00000003 x15:0000002e
  29026ns            2899 00001f54 00052703                       lw x14, 0(x10) x14=20656874 x10:000032a4  PA:000032a4
  29046ns            2901 00001f58 00e8c733                    xor x14, x17, x14 x14=2a6f627e x17:0a0a0a0a x14:20656874
  29056ns            2902 00001f5c 01070633                    add x12, x14, x16 x12=296e617d x14:2a6f627e x16:fefefeff
  29066ns            2903 00001f60 fff74713                    xori x14, x14, -1 x14=d5909d81 x14:2a6f627e
  29076ns            2904 00001f64 00e67733                    and x14, x12, x14 x14=01000101 x12:296e617d x14:d5909d81
  29086ns            2905 00001f68 00b77733                    and x14, x14, x11 x14=00000000 x14:01000101 x11:80808080
  29096ns            2906 00001f6c f8071ce3                    bne x14, x0, -104 x14:00000000
  29106ns            2907 00001f70 ffc78793                    addi x15, x15, -4 x15=0000002a x15:0000002e
  29116ns            2908 00001f74 00450513                     addi x10, x10, 4 x10=000032a8 x10:000032a4
  29126ns            2909 00001f78 fcf36ee3                    bltu x6, x15, -36  x6:00000003 x15:0000002a
  29156ns            2912 00001f54 00052703                       lw x14, 0(x10) x14=6e65704f x10:000032a8  PA:000032a8
  29176ns            2914 00001f58 00e8c733                    xor x14, x17, x14 x14=646f7a45 x17:0a0a0a0a x14:6e65704f
  29186ns            2915 00001f5c 01070633                    add x12, x14, x16 x12=636e7944 x14:646f7a45 x16:fefefeff
  29196ns            2916 00001f60 fff74713                    xori x14, x14, -1 x14=9b9085ba x14:646f7a45
  29206ns            2917 00001f64 00e67733                    and x14, x12, x14 x14=03000100 x12:636e7944 x14:9b9085ba
  29216ns            2918 00001f68 00b77733                    and x14, x14, x11 x14=00000000 x14:03000100 x11:80808080
  29226ns            2919 00001f6c f8071ce3                    bne x14, x0, -104 x14:00000000
  29236ns            2920 00001f70 ffc78793                    addi x15, x15, -4 x15=00000026 x15:0000002a
  29246ns            2921 00001f74 00450513                     addi x10, x10, 4 x10=000032ac x10:000032a8
  29256ns            2922 00001f78 fcf36ee3                    bltu x6, x15, -36  x6:00000003 x15:00000026
  29286ns            2925 00001f54 00052703                       lw x14, 0(x10) x14=47205748 x10:000032ac  PA:000032ac
  29306ns            2927 00001f58 00e8c733                    xor x14, x17, x14 x14=4d2a5d42 x17:0a0a0a0a x14:47205748
  29316ns            2928 00001f5c 01070633                    add x12, x14, x16 x12=4c295c41 x14:4d2a5d42 x16:fefefeff
  29326ns            2929 00001f60 fff74713                    xori x14, x14, -1 x14=b2d5a2bd x14:4d2a5d42
  29336ns            2930 00001f64 00e67733                    and x14, x12, x14 x14=00010001 x12:4c295c41 x14:b2d5a2bd
  29346ns            2931 00001f68 00b77733                    and x14, x14, x11 x14=00000000 x14:00010001 x11:80808080
  29356ns            2932 00001f6c f8071ce3                    bne x14, x0, -104 x14:00000000
  29366ns            2933 00001f70 ffc78793                    addi x15, x15, -4 x15=00000022 x15:00000026
  29376ns            2934 00001f74 00450513                     addi x10, x10, 4 x10=000032b0 x10:000032ac
  29386ns            2935 00001f78 fcf36ee3                    bltu x6, x15, -36  x6:00000003 x15:00000022
  29416ns            2938 00001f54 00052703                       lw x14, 0(x10) x14=70756f72 x10:000032b0  PA:000032b0
  29436ns            2940 00001f58 00e8c733                    xor x14, x17, x14 x14=7a7f6578 x17:0a0a0a0a x14:70756f72
  29446ns            2941 00001f5c 01070633                    add x12, x14, x16 x12=797e6477 x14:7a7f6578 x16:fefefeff
  29456ns            2942 00001f60 fff74713                    xori x14, x14, -1 x14=85809a87 x14:7a7f6578
  29466ns            2943 00001f64 00e67733                    and x14, x12, x14 x14=01000007 x12:797e6477 x14:85809a87
  29476ns            2944 00001f68 00b77733                    and x14, x14, x11 x14=00000000 x14:01000007 x11:80808080
  29486ns            2945 00001f6c f8071ce3                    bne x14, x0, -104 x14:00000000
  29496ns            2946 00001f70 ffc78793                    addi x15, x15, -4 x15=0000001e x15:00000022
  29506ns            2947 00001f74 00450513                     addi x10, x10, 4 x10=000032b4 x10:000032b0
  29516ns            2948 00001f78 fcf36ee3                    bltu x6, x15, -36  x6:00000003 x15:0000001e
  29546ns            2951 00001f54 00052703                       lw x14, 0(x10) x14=33564320 x10:000032b4  PA:000032b4
  29566ns            2953 00001f58 00e8c733                    xor x14, x17, x14 x14=395c492a x17:0a0a0a0a x14:33564320
  29576ns            2954 00001f5c 01070633                    add x12, x14, x16 x12=385b4829 x14:395c492a x16:fefefeff
  29586ns            2955 00001f60 fff74713                    xori x14, x14, -1 x14=c6a3b6d5 x14:395c492a
  29596ns            2956 00001f64 00e67733                    and x14, x12, x14 x14=00030001 x12:385b4829 x14:c6a3b6d5
  29606ns            2957 00001f68 00b77733                    and x14, x14, x11 x14=00000000 x14:00030001 x11:80808080
  29616ns            2958 00001f6c f8071ce3                    bne x14, x0, -104 x14:00000000
  29626ns            2959 00001f70 ffc78793                    addi x15, x15, -4 x15=0000001a x15:0000001e
  29636ns            2960 00001f74 00450513                     addi x10, x10, 4 x10=000032b8 x10:000032b4
  29646ns            2961 00001f78 fcf36ee3                    bltu x6, x15, -36  x6:00000003 x15:0000001a
  29676ns            2964 00001f54 00052703                       lw x14, 0(x10) x14=49522032 x10:000032b8  PA:000032b8
  29696ns            2966 00001f58 00e8c733                    xor x14, x17, x14 x14=43582a38 x17:0a0a0a0a x14:49522032
  29706ns            2967 00001f5c 01070633                    add x12, x14, x16 x12=42572937 x14:43582a38 x16:fefefeff
  29716ns            2968 00001f60 fff74713                    xori x14, x14, -1 x14=bca7d5c7 x14:43582a38
  29726ns            2969 00001f64 00e67733                    and x14, x12, x14 x14=00070107 x12:42572937 x14:bca7d5c7
  29736ns            2970 00001f68 00b77733                    and x14, x14, x11 x14=00000000 x14:00070107 x11:80808080
  29746ns            2971 00001f6c f8071ce3                    bne x14, x0, -104 x14:00000000
  29756ns            2972 00001f70 ffc78793                    addi x15, x15, -4 x15=00000016 x15:0000001a
  29766ns            2973 00001f74 00450513                     addi x10, x10, 4 x10=000032bc x10:000032b8
  29776ns            2974 00001f78 fcf36ee3                    bltu x6, x15, -36  x6:00000003 x15:00000016
  29806ns            2977 00001f54 00052703                       lw x14, 0(x10) x14=562d4353 x10:000032bc  PA:000032bc
  29826ns            2979 00001f58 00e8c733                    xor x14, x17, x14 x14=5c274959 x17:0a0a0a0a x14:562d4353
  29836ns            2980 00001f5c 01070633                    add x12, x14, x16 x12=5b264858 x14:5c274959 x16:fefefeff
  29846ns            2981 00001f60 fff74713                    xori x14, x14, -1 x14=a3d8b6a6 x14:5c274959
  29856ns            2982 00001f64 00e67733                    and x14, x12, x14 x14=03000000 x12:5b264858 x14:a3d8b6a6
  29866ns            2983 00001f68 00b77733                    and x14, x14, x11 x14=00000000 x14:03000000 x11:80808080
  29876ns            2984 00001f6c f8071ce3                    bne x14, x0, -104 x14:00000000
  29886ns            2985 00001f70 ffc78793                    addi x15, x15, -4 x15=00000012 x15:00000016
  29896ns            2986 00001f74 00450513                     addi x10, x10, 4 x10=000032c0 x10:000032bc
  29906ns            2987 00001f78 fcf36ee3                    bltu x6, x15, -36  x6:00000003 x15:00000012
  29936ns            2990 00001f54 00052703                       lw x14, 0(x10) x14=6f727020 x10:000032c0  PA:000032c0
  29956ns            2992 00001f58 00e8c733                    xor x14, x17, x14 x14=65787a2a x17:0a0a0a0a x14:6f727020
  29966ns            2993 00001f5c 01070633                    add x12, x14, x16 x12=64777929 x14:65787a2a x16:fefefeff
  29976ns            2994 00001f60 fff74713                    xori x14, x14, -1 x14=9a8785d5 x14:65787a2a
  29986ns            2995 00001f64 00e67733                    and x14, x12, x14 x14=00070101 x12:64777929 x14:9a8785d5
  29996ns            2996 00001f68 00b77733                    and x14, x14, x11 x14=00000000 x14:00070101 x11:80808080
  30006ns            2997 00001f6c f8071ce3                    bne x14, x0, -104 x14:00000000
  30016ns            2998 00001f70 ffc78793                    addi x15, x15, -4 x15=0000000e x15:00000012
  30026ns            2999 00001f74 00450513                     addi x10, x10, 4 x10=000032c4 x10:000032c0
  30036ns            3000 00001f78 fcf36ee3                    bltu x6, x15, -36  x6:00000003 x15:0000000e
  30066ns            3003 00001f54 00052703                       lw x14, 0(x10) x14=73736563 x10:000032c4  PA:000032c4
  30086ns            3005 00001f58 00e8c733                    xor x14, x17, x14 x14=79796f69 x17:0a0a0a0a x14:73736563
  30096ns            3006 00001f5c 01070633                    add x12, x14, x16 x12=78786e68 x14:79796f69 x16:fefefeff
  30106ns            3007 00001f60 fff74713                    xori x14, x14, -1 x14=86869096 x14:79796f69
  30116ns            3008 00001f64 00e67733                    and x14, x12, x14 x14=00000000 x12:78786e68 x14:86869096
  30126ns            3009 00001f68 00b77733                    and x14, x14, x11 x14=00000000 x14:00000000 x11:80808080
  30136ns            3010 00001f6c f8071ce3                    bne x14, x0, -104 x14:00000000
  30146ns            3011 00001f70 ffc78793                    addi x15, x15, -4 x15=0000000a x15:0000000e
  30156ns            3012 00001f74 00450513                     addi x10, x10, 4 x10=000032c8 x10:000032c4
  30166ns            3013 00001f78 fcf36ee3                    bltu x6, x15, -36  x6:00000003 x15:0000000a
  30196ns            3016 00001f54 00052703                       lw x14, 0(x10) x14=6320726f x10:000032c8  PA:000032c8
  30216ns            3018 00001f58 00e8c733                    xor x14, x17, x14 x14=692a7865 x17:0a0a0a0a x14:6320726f
  30226ns            3019 00001f5c 01070633                    add x12, x14, x16 x12=68297764 x14:692a7865 x16:fefefeff
  30236ns            3020 00001f60 fff74713                    xori x14, x14, -1 x14=96d5879a x14:692a7865
  30246ns            3021 00001f64 00e67733                    and x14, x12, x14 x14=00010700 x12:68297764 x14:96d5879a
  30256ns            3022 00001f68 00b77733                    and x14, x14, x11 x14=00000000 x14:00010700 x11:80808080
  30266ns            3023 00001f6c f8071ce3                    bne x14, x0, -104 x14:00000000
  30276ns            3024 00001f70 ffc78793                    addi x15, x15, -4 x15=00000006 x15:0000000a
  30286ns            3025 00001f74 00450513                     addi x10, x10, 4 x10=000032cc x10:000032c8
  30296ns            3026 00001f78 fcf36ee3                    bltu x6, x15, -36  x6:00000003 x15:00000006
  30326ns            3029 00001f54 00052703                       lw x14, 0(x10) x14=2165726f x10:000032cc  PA:000032cc
  30346ns            3031 00001f58 00e8c733                    xor x14, x17, x14 x14=2b6f7865 x17:0a0a0a0a x14:2165726f
  30356ns            3032 00001f5c 01070633                    add x12, x14, x16 x12=2a6e7764 x14:2b6f7865 x16:fefefeff
  30366ns            3033 00001f60 fff74713                    xori x14, x14, -1 x14=d490879a x14:2b6f7865
  30376ns            3034 00001f64 00e67733                    and x14, x12, x14 x14=00000700 x12:2a6e7764 x14:d490879a
  30386ns            3035 00001f68 00b77733                    and x14, x14, x11 x14=00000000 x14:00000700 x11:80808080
  30396ns            3036 00001f6c f8071ce3                    bne x14, x0, -104 x14:00000000
  30406ns            3037 00001f70 ffc78793                    addi x15, x15, -4 x15=00000002 x15:00000006
  30416ns            3038 00001f74 00450513                     addi x10, x10, 4 x10=000032d0 x10:000032cc
  30426ns            3039 00001f78 fcf36ee3                    bltu x6, x15, -36  x6:00000003 x15:00000002
  30436ns            3040 00001f7c f80794e3                    bne x15, x0, -120 x15:00000002
  30466ns            3043 00001f04 00f507b3                    add x15, x10, x15 x15=000032d2 x10:000032d0 x15:00000002
  30476ns            3044 00001f08 00c0006f                           jal x0, 12
  30496ns            3046 00001f14 00054703                      lbu x14, 0(x10) x14=0000000a x10:000032d0  PA:000032d0
  30516ns            3048 00001f18 fed71ae3                    bne x14, x13, -12 x14:0000000a x13:0000000a
  30526ns            3049 00001f1c 00008067                       jalr x0, x1, 0  x1:00001488
  30546ns            3051 00001488 ee0510e3                    bne x10, x0, -288 x10:000032d0
  30576ns            3054 00001368 00150513                     addi x10, x10, 1 x10=000032d1 x10:000032d0
  30586ns            3055 0000136c 41850b33                    sub x22, x10, x24 x22=00000043 x10:000032d1 x24:0000328e
  30596ns            3056 00001370 000b0793                     addi x15, x22, 0 x15=00000043 x22:00000043
  30606ns            3057 00001374 00098b93                     addi x23, x19, 0 x23=00000044 x19:00000044
  30616ns            3058 00001378 0137f463                     bgeu x15, x19, 8 x15:00000043 x19:00000044
  30626ns            3059 0000137c 00078b93                     addi x23, x15, 0 x23=00000043 x15:00000043
  30636ns            3060 00001380 00042503                        lw x10, 0(x8) x10=00003c40  x8:0000370c  PA:0000370c
  30646ns            3061 00001384 01042783                       lw x15, 16(x8) x15=00003c40  x8:0000370c  PA:0000371c
  30656ns            3062 00001388 01442683                       lw x13, 20(x8) x13=00000400  x8:0000370c  PA:00003720
  30666ns            3063 0000138c 00a7f863                    bgeu x15, x10, 16 x15:00003c40 x10:00003c40
  30696ns            3066 0000139c 1adbc863                    blt x23, x13, 432 x23:00000043 x13:00000400
  30726ns            3069 0000154c 000b8613                     addi x12, x23, 0 x12=00000043 x23:00000043
  30736ns            3070 00001550 000c0593                     addi x11, x24, 0 x11=0000328e x24:0000328e
  30746ns            3071 00001554 34d000ef                         jal x1, 2892  x1=00001558
  30766ns            3073 000020a0 02a5f663                    bgeu x11, x10, 44 x11:0000328e x10:00003c40
  30776ns            3074 000020a4 00c587b3                    add x15, x11, x12 x15=000032d1 x11:0000328e x12:00000043
  30786ns            3075 000020a8 02f57263                    bgeu x10, x15, 36 x10:00003c40 x15:000032d1
  30816ns            3078 000020cc 00f00793                     addi x15, x0, 15 x15=0000000f
  30826ns            3079 000020d0 02c7e863                    bltu x15, x12, 48 x15:0000000f x12:00000043
  30856ns            3082 00002100 00a5e7b3                     or x15, x11, x10 x15=00003ece x11:0000328e x10:00003c40
  30866ns            3083 00002104 0037f793                     andi x15, x15, 3 x15=00000002 x15:00003ece
  30876ns            3084 00002108 0a079063                     bne x15, x0, 160 x15:00000002
  30906ns            3087 000021a8 fff60693                    addi x13, x12, -1 x13=00000042 x12:00000043
  30916ns            3088 000021ac 00050793                     addi x15, x10, 0 x15=00003c40 x10:00003c40
  30926ns            3089 000021b0 f31ff06f                         jal x0, -208
  30946ns            3091 000020e0 00168693                     addi x13, x13, 1 x13=00000043 x13:00000042
  30956ns            3092 000020e4 00d786b3                    add x13, x15, x13 x13=00003c83 x15:00003c40 x13:00000043
  30966ns            3093 000020e8 0005c703                      lbu x14, 0(x11) x14=00000009 x11:0000328e  PA:0000328e
  30976ns            3094 000020ec 00178793                     addi x15, x15, 1 x15=00003c41 x15:00003c40
  30986ns            3095 000020f0 00158593                     addi x11, x11, 1 x11=0000328f x11:0000328e
  30996ns            3096 000020f4 fee78fa3                      sb x14, -1(x15) x14:00000009 x15:00003c41  PA:00003c40
  31006ns            3097 000020f8 fed798e3                    bne x15, x13, -16 x15:00003c41 x13:00003c83
  31036ns            3100 000020e8 0005c703                      lbu x14, 0(x11) x14=00000048 x11:0000328f  PA:0000328f
  31046ns            3101 000020ec 00178793                     addi x15, x15, 1 x15=00003c42 x15:00003c41
  31056ns            3102 000020f0 00158593                     addi x11, x11, 1 x11=00003290 x11:0000328f
  31066ns            3103 000020f4 fee78fa3                      sb x14, -1(x15) x14:00000048 x15:00003c42  PA:00003c41
  31076ns            3104 000020f8 fed798e3                    bne x15, x13, -16 x15:00003c42 x13:00003c83
  31106ns            3107 000020e8 0005c703                      lbu x14, 0(x11) x14=00000065 x11:00003290  PA:00003290
  31116ns            3108 000020ec 00178793                     addi x15, x15, 1 x15=00003c43 x15:00003c42
  31126ns            3109 000020f0 00158593                     addi x11, x11, 1 x11=00003291 x11:00003290
  31136ns            3110 000020f4 fee78fa3                      sb x14, -1(x15) x14:00000065 x15:00003c43  PA:00003c42
  31146ns            3111 000020f8 fed798e3                    bne x15, x13, -16 x15:00003c43 x13:00003c83
  31176ns            3114 000020e8 0005c703                      lbu x14, 0(x11) x14=0000006c x11:00003291  PA:00003291
  31186ns            3115 000020ec 00178793                     addi x15, x15, 1 x15=00003c44 x15:00003c43
  31196ns            3116 000020f0 00158593                     addi x11, x11, 1 x11=00003292 x11:00003291
  31206ns            3117 000020f4 fee78fa3                      sb x14, -1(x15) x14:0000006c x15:00003c44  PA:00003c43
  31216ns            3118 000020f8 fed798e3                    bne x15, x13, -16 x15:00003c44 x13:00003c83
  31246ns            3121 000020e8 0005c703                      lbu x14, 0(x11) x14=0000006c x11:00003292  PA:00003292
  31256ns            3122 000020ec 00178793                     addi x15, x15, 1 x15=00003c45 x15:00003c44
  31266ns            3123 000020f0 00158593                     addi x11, x11, 1 x11=00003293 x11:00003292
  31276ns            3124 000020f4 fee78fa3                      sb x14, -1(x15) x14:0000006c x15:00003c45  PA:00003c44
  31286ns            3125 000020f8 fed798e3                    bne x15, x13, -16 x15:00003c45 x13:00003c83
  31316ns            3128 000020e8 0005c703                      lbu x14, 0(x11) x14=0000006f x11:00003293  PA:00003293
  31326ns            3129 000020ec 00178793                     addi x15, x15, 1 x15=00003c46 x15:00003c45
  31336ns            3130 000020f0 00158593                     addi x11, x11, 1 x11=00003294 x11:00003293
  31346ns            3131 000020f4 fee78fa3                      sb x14, -1(x15) x14:0000006f x15:00003c46  PA:00003c45
  31356ns            3132 000020f8 fed798e3                    bne x15, x13, -16 x15:00003c46 x13:00003c83
  31386ns            3135 000020e8 0005c703                      lbu x14, 0(x11) x14=00000020 x11:00003294  PA:00003294
  31396ns            3136 000020ec 00178793                     addi x15, x15, 1 x15=00003c47 x15:00003c46
  31406ns            3137 000020f0 00158593                     addi x11, x11, 1 x11=00003295 x11:00003294
  31416ns            3138 000020f4 fee78fa3                      sb x14, -1(x15) x14:00000020 x15:00003c47  PA:00003c46
  31426ns            3139 000020f8 fed798e3                    bne x15, x13, -16 x15:00003c47 x13:00003c83
  31456ns            3142 000020e8 0005c703                      lbu x14, 0(x11) x14=00000057 x11:00003295  PA:00003295
  31466ns            3143 000020ec 00178793                     addi x15, x15, 1 x15=00003c48 x15:00003c47
  31476ns            3144 000020f0 00158593                     addi x11, x11, 1 x11=00003296 x11:00003295
  31486ns            3145 000020f4 fee78fa3                      sb x14, -1(x15) x14:00000057 x15:00003c48  PA:00003c47
  31496ns            3146 000020f8 fed798e3                    bne x15, x13, -16 x15:00003c48 x13:00003c83
  31526ns            3149 000020e8 0005c703                      lbu x14, 0(x11) x14=0000006f x11:00003296  PA:00003296
  31536ns            3150 000020ec 00178793                     addi x15, x15, 1 x15=00003c49 x15:00003c48
  31546ns            3151 000020f0 00158593                     addi x11, x11, 1 x11=00003297 x11:00003296
  31556ns            3152 000020f4 fee78fa3                      sb x14, -1(x15) x14:0000006f x15:00003c49  PA:00003c48
  31566ns            3153 000020f8 fed798e3                    bne x15, x13, -16 x15:00003c49 x13:00003c83
  31596ns            3156 000020e8 0005c703                      lbu x14, 0(x11) x14=00000072 x11:00003297  PA:00003297
  31606ns            3157 000020ec 00178793                     addi x15, x15, 1 x15=00003c4a x15:00003c49
  31616ns            3158 000020f0 00158593                     addi x11, x11, 1 x11=00003298 x11:00003297
  31626ns            3159 000020f4 fee78fa3                      sb x14, -1(x15) x14:00000072 x15:00003c4a  PA:00003c49
  31636ns            3160 000020f8 fed798e3                    bne x15, x13, -16 x15:00003c4a x13:00003c83
  31666ns            3163 000020e8 0005c703                      lbu x14, 0(x11) x14=0000006c x11:00003298  PA:00003298
  31676ns            3164 000020ec 00178793                     addi x15, x15, 1 x15=00003c4b x15:00003c4a
  31686ns            3165 000020f0 00158593                     addi x11, x11, 1 x11=00003299 x11:00003298
  31696ns            3166 000020f4 fee78fa3                      sb x14, -1(x15) x14:0000006c x15:00003c4b  PA:00003c4a
  31706ns            3167 000020f8 fed798e3                    bne x15, x13, -16 x15:00003c4b x13:00003c83
  31736ns            3170 000020e8 0005c703                      lbu x14, 0(x11) x14=00000064 x11:00003299  PA:00003299
  31746ns            3171 000020ec 00178793                     addi x15, x15, 1 x15=00003c4c x15:00003c4b
  31756ns            3172 000020f0 00158593                     addi x11, x11, 1 x11=0000329a x11:00003299
  31766ns            3173 000020f4 fee78fa3                      sb x14, -1(x15) x14:00000064 x15:00003c4c  PA:00003c4b
  31776ns            3174 000020f8 fed798e3                    bne x15, x13, -16 x15:00003c4c x13:00003c83
  31806ns            3177 000020e8 0005c703                      lbu x14, 0(x11) x14=00000021 x11:0000329a  PA:0000329a
  31816ns            3178 000020ec 00178793                     addi x15, x15, 1 x15=00003c4d x15:00003c4c
  31826ns            3179 000020f0 00158593                     addi x11, x11, 1 x11=0000329b x11:0000329a
  31836ns            3180 000020f4 fee78fa3                      sb x14, -1(x15) x14:00000021 x15:00003c4d  PA:00003c4c
  31846ns            3181 000020f8 fed798e3                    bne x15, x13, -16 x15:00003c4d x13:00003c83
  31876ns            3184 000020e8 0005c703                      lbu x14, 0(x11) x14=00000020 x11:0000329b  PA:0000329b
  31886ns            3185 000020ec 00178793                     addi x15, x15, 1 x15=00003c4e x15:00003c4d
  31896ns            3186 000020f0 00158593                     addi x11, x11, 1 x11=0000329c x11:0000329b
  31906ns            3187 000020f4 fee78fa3                      sb x14, -1(x15) x14:00000020 x15:00003c4e  PA:00003c4d
  31916ns            3188 000020f8 fed798e3                    bne x15, x13, -16 x15:00003c4e x13:00003c83
  31946ns            3191 000020e8 0005c703                      lbu x14, 0(x11) x14=00000054 x11:0000329c  PA:0000329c
  31956ns            3192 000020ec 00178793                     addi x15, x15, 1 x15=00003c4f x15:00003c4e
  31966ns            3193 000020f0 00158593                     addi x11, x11, 1 x11=0000329d x11:0000329c
  31976ns            3194 000020f4 fee78fa3                      sb x14, -1(x15) x14:00000054 x15:00003c4f  PA:00003c4e
  31986ns            3195 000020f8 fed798e3                    bne x15, x13, -16 x15:00003c4f x13:00003c83
  32016ns            3198 000020e8 0005c703                      lbu x14, 0(x11) x14=00000068 x11:0000329d  PA:0000329d
  32026ns            3199 000020ec 00178793                     addi x15, x15, 1 x15=00003c50 x15:00003c4f
  32036ns            3200 000020f0 00158593                     addi x11, x11, 1 x11=0000329e x11:0000329d
  32046ns            3201 000020f4 fee78fa3                      sb x14, -1(x15) x14:00000068 x15:00003c50  PA:00003c4f
  32056ns            3202 000020f8 fed798e3                    bne x15, x13, -16 x15:00003c50 x13:00003c83
  32086ns            3205 000020e8 0005c703                      lbu x14, 0(x11) x14=00000069 x11:0000329e  PA:0000329e
  32096ns            3206 000020ec 00178793                     addi x15, x15, 1 x15=00003c51 x15:00003c50
  32106ns            3207 000020f0 00158593                     addi x11, x11, 1 x11=0000329f x11:0000329e
  32116ns            3208 000020f4 fee78fa3                      sb x14, -1(x15) x14:00000069 x15:00003c51  PA:00003c50
  32126ns            3209 000020f8 fed798e3                    bne x15, x13, -16 x15:00003c51 x13:00003c83
  32156ns            3212 000020e8 0005c703                      lbu x14, 0(x11) x14=00000073 x11:0000329f  PA:0000329f
  32166ns            3213 000020ec 00178793                     addi x15, x15, 1 x15=00003c52 x15:00003c51
  32176ns            3214 000020f0 00158593                     addi x11, x11, 1 x11=000032a0 x11:0000329f
  32186ns            3215 000020f4 fee78fa3                      sb x14, -1(x15) x14:00000073 x15:00003c52  PA:00003c51
  32196ns            3216 000020f8 fed798e3                    bne x15, x13, -16 x15:00003c52 x13:00003c83
  32226ns            3219 000020e8 0005c703                      lbu x14, 0(x11) x14=00000020 x11:000032a0  PA:000032a0
  32236ns            3220 000020ec 00178793                     addi x15, x15, 1 x15=00003c53 x15:00003c52
  32246ns            3221 000020f0 00158593                     addi x11, x11, 1 x11=000032a1 x11:000032a0
  32256ns            3222 000020f4 fee78fa3                      sb x14, -1(x15) x14:00000020 x15:00003c53  PA:00003c52
  32266ns            3223 000020f8 fed798e3                    bne x15, x13, -16 x15:00003c53 x13:00003c83
  32296ns            3226 000020e8 0005c703                      lbu x14, 0(x11) x14=00000069 x11:000032a1  PA:000032a1
  32306ns            3227 000020ec 00178793                     addi x15, x15, 1 x15=00003c54 x15:00003c53
  32316ns            3228 000020f0 00158593                     addi x11, x11, 1 x11=000032a2 x11:000032a1
  32326ns            3229 000020f4 fee78fa3                      sb x14, -1(x15) x14:00000069 x15:00003c54  PA:00003c53
  32336ns            3230 000020f8 fed798e3                    bne x15, x13, -16 x15:00003c54 x13:00003c83
  32366ns            3233 000020e8 0005c703                      lbu x14, 0(x11) x14=00000073 x11:000032a2  PA:000032a2
  32376ns            3234 000020ec 00178793                     addi x15, x15, 1 x15=00003c55 x15:00003c54
  32386ns            3235 000020f0 00158593                     addi x11, x11, 1 x11=000032a3 x11:000032a2
  32396ns            3236 000020f4 fee78fa3                      sb x14, -1(x15) x14:00000073 x15:00003c55  PA:00003c54
  32406ns            3237 000020f8 fed798e3                    bne x15, x13, -16 x15:00003c55 x13:00003c83
  32436ns            3240 000020e8 0005c703                      lbu x14, 0(x11) x14=00000020 x11:000032a3  PA:000032a3
  32446ns            3241 000020ec 00178793                     addi x15, x15, 1 x15=00003c56 x15:00003c55
  32456ns            3242 000020f0 00158593                     addi x11, x11, 1 x11=000032a4 x11:000032a3
  32466ns            3243 000020f4 fee78fa3                      sb x14, -1(x15) x14:00000020 x15:00003c56  PA:00003c55
  32476ns            3244 000020f8 fed798e3                    bne x15, x13, -16 x15:00003c56 x13:00003c83
  32506ns            3247 000020e8 0005c703                      lbu x14, 0(x11) x14=00000074 x11:000032a4  PA:000032a4
  32516ns            3248 000020ec 00178793                     addi x15, x15, 1 x15=00003c57 x15:00003c56
  32526ns            3249 000020f0 00158593                     addi x11, x11, 1 x11=000032a5 x11:000032a4
  32536ns            3250 000020f4 fee78fa3                      sb x14, -1(x15) x14:00000074 x15:00003c57  PA:00003c56
  32546ns            3251 000020f8 fed798e3                    bne x15, x13, -16 x15:00003c57 x13:00003c83
  32576ns            3254 000020e8 0005c703                      lbu x14, 0(x11) x14=00000068 x11:000032a5  PA:000032a5
  32586ns            3255 000020ec 00178793                     addi x15, x15, 1 x15=00003c58 x15:00003c57
  32596ns            3256 000020f0 00158593                     addi x11, x11, 1 x11=000032a6 x11:000032a5
  32606ns            3257 000020f4 fee78fa3                      sb x14, -1(x15) x14:00000068 x15:00003c58  PA:00003c57
  32616ns            3258 000020f8 fed798e3                    bne x15, x13, -16 x15:00003c58 x13:00003c83
  32646ns            3261 000020e8 0005c703                      lbu x14, 0(x11) x14=00000065 x11:000032a6  PA:000032a6
  32656ns            3262 000020ec 00178793                     addi x15, x15, 1 x15=00003c59 x15:00003c58
  32666ns            3263 000020f0 00158593                     addi x11, x11, 1 x11=000032a7 x11:000032a6
  32676ns            3264 000020f4 fee78fa3                      sb x14, -1(x15) x14:00000065 x15:00003c59  PA:00003c58
  32686ns            3265 000020f8 fed798e3                    bne x15, x13, -16 x15:00003c59 x13:00003c83
  32716ns            3268 000020e8 0005c703                      lbu x14, 0(x11) x14=00000020 x11:000032a7  PA:000032a7
  32726ns            3269 000020ec 00178793                     addi x15, x15, 1 x15=00003c5a x15:00003c59
  32736ns            3270 000020f0 00158593                     addi x11, x11, 1 x11=000032a8 x11:000032a7
  32746ns            3271 000020f4 fee78fa3                      sb x14, -1(x15) x14:00000020 x15:00003c5a  PA:00003c59
  32756ns            3272 000020f8 fed798e3                    bne x15, x13, -16 x15:00003c5a x13:00003c83
  32786ns            3275 000020e8 0005c703                      lbu x14, 0(x11) x14=0000004f x11:000032a8  PA:000032a8
  32796ns            3276 000020ec 00178793                     addi x15, x15, 1 x15=00003c5b x15:00003c5a
  32806ns            3277 000020f0 00158593                     addi x11, x11, 1 x11=000032a9 x11:000032a8
  32816ns            3278 000020f4 fee78fa3                      sb x14, -1(x15) x14:0000004f x15:00003c5b  PA:00003c5a
  32826ns            3279 000020f8 fed798e3                    bne x15, x13, -16 x15:00003c5b x13:00003c83
  32856ns            3282 000020e8 0005c703                      lbu x14, 0(x11) x14=00000070 x11:000032a9  PA:000032a9
  32866ns            3283 000020ec 00178793                     addi x15, x15, 1 x15=00003c5c x15:00003c5b
  32876ns            3284 000020f0 00158593                     addi x11, x11, 1 x11=000032aa x11:000032a9
  32886ns            3285 000020f4 fee78fa3                      sb x14, -1(x15) x14:00000070 x15:00003c5c  PA:00003c5b
  32896ns            3286 000020f8 fed798e3                    bne x15, x13, -16 x15:00003c5c x13:00003c83
  32926ns            3289 000020e8 0005c703                      lbu x14, 0(x11) x14=00000065 x11:000032aa  PA:000032aa
  32936ns            3290 000020ec 00178793                     addi x15, x15, 1 x15=00003c5d x15:00003c5c
  32946ns            3291 000020f0 00158593                     addi x11, x11, 1 x11=000032ab x11:000032aa
  32956ns            3292 000020f4 fee78fa3                      sb x14, -1(x15) x14:00000065 x15:00003c5d  PA:00003c5c
  32966ns            3293 000020f8 fed798e3                    bne x15, x13, -16 x15:00003c5d x13:00003c83
  32996ns            3296 000020e8 0005c703                      lbu x14, 0(x11) x14=0000006e x11:000032ab  PA:000032ab
  33006ns            3297 000020ec 00178793                     addi x15, x15, 1 x15=00003c5e x15:00003c5d
  33016ns            3298 000020f0 00158593                     addi x11, x11, 1 x11=000032ac x11:000032ab
  33026ns            3299 000020f4 fee78fa3                      sb x14, -1(x15) x14:0000006e x15:00003c5e  PA:00003c5d
  33036ns            3300 000020f8 fed798e3                    bne x15, x13, -16 x15:00003c5e x13:00003c83
  33066ns            3303 000020e8 0005c703                      lbu x14, 0(x11) x14=00000048 x11:000032ac  PA:000032ac
  33076ns            3304 000020ec 00178793                     addi x15, x15, 1 x15=00003c5f x15:00003c5e
  33086ns            3305 000020f0 00158593                     addi x11, x11, 1 x11=000032ad x11:000032ac
  33096ns            3306 000020f4 fee78fa3                      sb x14, -1(x15) x14:00000048 x15:00003c5f  PA:00003c5e
  33106ns            3307 000020f8 fed798e3                    bne x15, x13, -16 x15:00003c5f x13:00003c83
  33136ns            3310 000020e8 0005c703                      lbu x14, 0(x11) x14=00000057 x11:000032ad  PA:000032ad
  33146ns            3311 000020ec 00178793                     addi x15, x15, 1 x15=00003c60 x15:00003c5f
  33156ns            3312 000020f0 00158593                     addi x11, x11, 1 x11=000032ae x11:000032ad
  33166ns            3313 000020f4 fee78fa3                      sb x14, -1(x15) x14:00000057 x15:00003c60  PA:00003c5f
  33176ns            3314 000020f8 fed798e3                    bne x15, x13, -16 x15:00003c60 x13:00003c83
  33206ns            3317 000020e8 0005c703                      lbu x14, 0(x11) x14=00000020 x11:000032ae  PA:000032ae
  33216ns            3318 000020ec 00178793                     addi x15, x15, 1 x15=00003c61 x15:00003c60
  33226ns            3319 000020f0 00158593                     addi x11, x11, 1 x11=000032af x11:000032ae
  33236ns            3320 000020f4 fee78fa3                      sb x14, -1(x15) x14:00000020 x15:00003c61  PA:00003c60
  33246ns            3321 000020f8 fed798e3                    bne x15, x13, -16 x15:00003c61 x13:00003c83
  33276ns            3324 000020e8 0005c703                      lbu x14, 0(x11) x14=00000047 x11:000032af  PA:000032af
  33286ns            3325 000020ec 00178793                     addi x15, x15, 1 x15=00003c62 x15:00003c61
  33296ns            3326 000020f0 00158593                     addi x11, x11, 1 x11=000032b0 x11:000032af
  33306ns            3327 000020f4 fee78fa3                      sb x14, -1(x15) x14:00000047 x15:00003c62  PA:00003c61
  33316ns            3328 000020f8 fed798e3                    bne x15, x13, -16 x15:00003c62 x13:00003c83
  33346ns            3331 000020e8 0005c703                      lbu x14, 0(x11) x14=00000072 x11:000032b0  PA:000032b0
  33356ns            3332 000020ec 00178793                     addi x15, x15, 1 x15=00003c63 x15:00003c62
  33366ns            3333 000020f0 00158593                     addi x11, x11, 1 x11=000032b1 x11:000032b0
  33376ns            3334 000020f4 fee78fa3                      sb x14, -1(x15) x14:00000072 x15:00003c63  PA:00003c62
  33386ns            3335 000020f8 fed798e3                    bne x15, x13, -16 x15:00003c63 x13:00003c83
  33416ns            3338 000020e8 0005c703                      lbu x14, 0(x11) x14=0000006f x11:000032b1  PA:000032b1
  33426ns            3339 000020ec 00178793                     addi x15, x15, 1 x15=00003c64 x15:00003c63
  33436ns            3340 000020f0 00158593                     addi x11, x11, 1 x11=000032b2 x11:000032b1
  33446ns            3341 000020f4 fee78fa3                      sb x14, -1(x15) x14:0000006f x15:00003c64  PA:00003c63
  33456ns            3342 000020f8 fed798e3                    bne x15, x13, -16 x15:00003c64 x13:00003c83
  33486ns            3345 000020e8 0005c703                      lbu x14, 0(x11) x14=00000075 x11:000032b2  PA:000032b2
  33496ns            3346 000020ec 00178793                     addi x15, x15, 1 x15=00003c65 x15:00003c64
  33506ns            3347 000020f0 00158593                     addi x11, x11, 1 x11=000032b3 x11:000032b2
  33516ns            3348 000020f4 fee78fa3                      sb x14, -1(x15) x14:00000075 x15:00003c65  PA:00003c64
  33526ns            3349 000020f8 fed798e3                    bne x15, x13, -16 x15:00003c65 x13:00003c83
  33556ns            3352 000020e8 0005c703                      lbu x14, 0(x11) x14=00000070 x11:000032b3  PA:000032b3
  33566ns            3353 000020ec 00178793                     addi x15, x15, 1 x15=00003c66 x15:00003c65
  33576ns            3354 000020f0 00158593                     addi x11, x11, 1 x11=000032b4 x11:000032b3
  33586ns            3355 000020f4 fee78fa3                      sb x14, -1(x15) x14:00000070 x15:00003c66  PA:00003c65
  33596ns            3356 000020f8 fed798e3                    bne x15, x13, -16 x15:00003c66 x13:00003c83
  33626ns            3359 000020e8 0005c703                      lbu x14, 0(x11) x14=00000020 x11:000032b4  PA:000032b4
  33636ns            3360 000020ec 00178793                     addi x15, x15, 1 x15=00003c67 x15:00003c66
  33646ns            3361 000020f0 00158593                     addi x11, x11, 1 x11=000032b5 x11:000032b4
  33656ns            3362 000020f4 fee78fa3                      sb x14, -1(x15) x14:00000020 x15:00003c67  PA:00003c66
  33666ns            3363 000020f8 fed798e3                    bne x15, x13, -16 x15:00003c67 x13:00003c83
  33696ns            3366 000020e8 0005c703                      lbu x14, 0(x11) x14=00000043 x11:000032b5  PA:000032b5
  33706ns            3367 000020ec 00178793                     addi x15, x15, 1 x15=00003c68 x15:00003c67
  33716ns            3368 000020f0 00158593                     addi x11, x11, 1 x11=000032b6 x11:000032b5
  33726ns            3369 000020f4 fee78fa3                      sb x14, -1(x15) x14:00000043 x15:00003c68  PA:00003c67
  33736ns            3370 000020f8 fed798e3                    bne x15, x13, -16 x15:00003c68 x13:00003c83
  33766ns            3373 000020e8 0005c703                      lbu x14, 0(x11) x14=00000056 x11:000032b6  PA:000032b6
  33776ns            3374 000020ec 00178793                     addi x15, x15, 1 x15=00003c69 x15:00003c68
  33786ns            3375 000020f0 00158593                     addi x11, x11, 1 x11=000032b7 x11:000032b6
  33796ns            3376 000020f4 fee78fa3                      sb x14, -1(x15) x14:00000056 x15:00003c69  PA:00003c68
  33806ns            3377 000020f8 fed798e3                    bne x15, x13, -16 x15:00003c69 x13:00003c83
  33836ns            3380 000020e8 0005c703                      lbu x14, 0(x11) x14=00000033 x11:000032b7  PA:000032b7
  33846ns            3381 000020ec 00178793                     addi x15, x15, 1 x15=00003c6a x15:00003c69
  33856ns            3382 000020f0 00158593                     addi x11, x11, 1 x11=000032b8 x11:000032b7
  33866ns            3383 000020f4 fee78fa3                      sb x14, -1(x15) x14:00000033 x15:00003c6a  PA:00003c69
  33876ns            3384 000020f8 fed798e3                    bne x15, x13, -16 x15:00003c6a x13:00003c83
  33906ns            3387 000020e8 0005c703                      lbu x14, 0(x11) x14=00000032 x11:000032b8  PA:000032b8
  33916ns            3388 000020ec 00178793                     addi x15, x15, 1 x15=00003c6b x15:00003c6a
  33926ns            3389 000020f0 00158593                     addi x11, x11, 1 x11=000032b9 x11:000032b8
  33936ns            3390 000020f4 fee78fa3                      sb x14, -1(x15) x14:00000032 x15:00003c6b  PA:00003c6a
  33946ns            3391 000020f8 fed798e3                    bne x15, x13, -16 x15:00003c6b x13:00003c83
  33976ns            3394 000020e8 0005c703                      lbu x14, 0(x11) x14=00000020 x11:000032b9  PA:000032b9
  33986ns            3395 000020ec 00178793                     addi x15, x15, 1 x15=00003c6c x15:00003c6b
  33996ns            3396 000020f0 00158593                     addi x11, x11, 1 x11=000032ba x11:000032b9
  34006ns            3397 000020f4 fee78fa3                      sb x14, -1(x15) x14:00000020 x15:00003c6c  PA:00003c6b
  34016ns            3398 000020f8 fed798e3                    bne x15, x13, -16 x15:00003c6c x13:00003c83
  34046ns            3401 000020e8 0005c703                      lbu x14, 0(x11) x14=00000052 x11:000032ba  PA:000032ba
  34056ns            3402 000020ec 00178793                     addi x15, x15, 1 x15=00003c6d x15:00003c6c
  34066ns            3403 000020f0 00158593                     addi x11, x11, 1 x11=000032bb x11:000032ba
  34076ns            3404 000020f4 fee78fa3                      sb x14, -1(x15) x14:00000052 x15:00003c6d  PA:00003c6c
  34086ns            3405 000020f8 fed798e3                    bne x15, x13, -16 x15:00003c6d x13:00003c83
  34116ns            3408 000020e8 0005c703                      lbu x14, 0(x11) x14=00000049 x11:000032bb  PA:000032bb
  34126ns            3409 000020ec 00178793                     addi x15, x15, 1 x15=00003c6e x15:00003c6d
  34136ns            3410 000020f0 00158593                     addi x11, x11, 1 x11=000032bc x11:000032bb
  34146ns            3411 000020f4 fee78fa3                      sb x14, -1(x15) x14:00000049 x15:00003c6e  PA:00003c6d
  34156ns            3412 000020f8 fed798e3                    bne x15, x13, -16 x15:00003c6e x13:00003c83
  34186ns            3415 000020e8 0005c703                      lbu x14, 0(x11) x14=00000053 x11:000032bc  PA:000032bc
  34196ns            3416 000020ec 00178793                     addi x15, x15, 1 x15=00003c6f x15:00003c6e
  34206ns            3417 000020f0 00158593                     addi x11, x11, 1 x11=000032bd x11:000032bc
  34216ns            3418 000020f4 fee78fa3                      sb x14, -1(x15) x14:00000053 x15:00003c6f  PA:00003c6e
  34226ns            3419 000020f8 fed798e3                    bne x15, x13, -16 x15:00003c6f x13:00003c83
  34256ns            3422 000020e8 0005c703                      lbu x14, 0(x11) x14=00000043 x11:000032bd  PA:000032bd
  34266ns            3423 000020ec 00178793                     addi x15, x15, 1 x15=00003c70 x15:00003c6f
  34276ns            3424 000020f0 00158593                     addi x11, x11, 1 x11=000032be x11:000032bd
  34286ns            3425 000020f4 fee78fa3                      sb x14, -1(x15) x14:00000043 x15:00003c70  PA:00003c6f
  34296ns            3426 000020f8 fed798e3                    bne x15, x13, -16 x15:00003c70 x13:00003c83
  34326ns            3429 000020e8 0005c703                      lbu x14, 0(x11) x14=0000002d x11:000032be  PA:000032be
  34336ns            3430 000020ec 00178793                     addi x15, x15, 1 x15=00003c71 x15:00003c70
  34346ns            3431 000020f0 00158593                     addi x11, x11, 1 x11=000032bf x11:000032be
  34356ns            3432 000020f4 fee78fa3                      sb x14, -1(x15) x14:0000002d x15:00003c71  PA:00003c70
  34366ns            3433 000020f8 fed798e3                    bne x15, x13, -16 x15:00003c71 x13:00003c83
  34396ns            3436 000020e8 0005c703                      lbu x14, 0(x11) x14=00000056 x11:000032bf  PA:000032bf
  34406ns            3437 000020ec 00178793                     addi x15, x15, 1 x15=00003c72 x15:00003c71
  34416ns            3438 000020f0 00158593                     addi x11, x11, 1 x11=000032c0 x11:000032bf
  34426ns            3439 000020f4 fee78fa3                      sb x14, -1(x15) x14:00000056 x15:00003c72  PA:00003c71
  34436ns            3440 000020f8 fed798e3                    bne x15, x13, -16 x15:00003c72 x13:00003c83
  34466ns            3443 000020e8 0005c703                      lbu x14, 0(x11) x14=00000020 x11:000032c0  PA:000032c0
  34476ns            3444 000020ec 00178793                     addi x15, x15, 1 x15=00003c73 x15:00003c72
  34486ns            3445 000020f0 00158593                     addi x11, x11, 1 x11=000032c1 x11:000032c0
  34496ns            3446 000020f4 fee78fa3                      sb x14, -1(x15) x14:00000020 x15:00003c73  PA:00003c72
  34506ns            3447 000020f8 fed798e3                    bne x15, x13, -16 x15:00003c73 x13:00003c83
  34536ns            3450 000020e8 0005c703                      lbu x14, 0(x11) x14=00000070 x11:000032c1  PA:000032c1
  34546ns            3451 000020ec 00178793                     addi x15, x15, 1 x15=00003c74 x15:00003c73
  34556ns            3452 000020f0 00158593                     addi x11, x11, 1 x11=000032c2 x11:000032c1
  34566ns            3453 000020f4 fee78fa3                      sb x14, -1(x15) x14:00000070 x15:00003c74  PA:00003c73
  34576ns            3454 000020f8 fed798e3                    bne x15, x13, -16 x15:00003c74 x13:00003c83
  34606ns            3457 000020e8 0005c703                      lbu x14, 0(x11) x14=00000072 x11:000032c2  PA:000032c2
  34616ns            3458 000020ec 00178793                     addi x15, x15, 1 x15=00003c75 x15:00003c74
  34626ns            3459 000020f0 00158593                     addi x11, x11, 1 x11=000032c3 x11:000032c2
  34636ns            3460 000020f4 fee78fa3                      sb x14, -1(x15) x14:00000072 x15:00003c75  PA:00003c74
  34646ns            3461 000020f8 fed798e3                    bne x15, x13, -16 x15:00003c75 x13:00003c83
  34676ns            3464 000020e8 0005c703                      lbu x14, 0(x11) x14=0000006f x11:000032c3  PA:000032c3
  34686ns            3465 000020ec 00178793                     addi x15, x15, 1 x15=00003c76 x15:00003c75
  34696ns            3466 000020f0 00158593                     addi x11, x11, 1 x11=000032c4 x11:000032c3
  34706ns            3467 000020f4 fee78fa3                      sb x14, -1(x15) x14:0000006f x15:00003c76  PA:00003c75
  34716ns            3468 000020f8 fed798e3                    bne x15, x13, -16 x15:00003c76 x13:00003c83
  34746ns            3471 000020e8 0005c703                      lbu x14, 0(x11) x14=00000063 x11:000032c4  PA:000032c4
  34756ns            3472 000020ec 00178793                     addi x15, x15, 1 x15=00003c77 x15:00003c76
  34766ns            3473 000020f0 00158593                     addi x11, x11, 1 x11=000032c5 x11:000032c4
  34776ns            3474 000020f4 fee78fa3                      sb x14, -1(x15) x14:00000063 x15:00003c77  PA:00003c76
  34786ns            3475 000020f8 fed798e3                    bne x15, x13, -16 x15:00003c77 x13:00003c83
  34816ns            3478 000020e8 0005c703                      lbu x14, 0(x11) x14=00000065 x11:000032c5  PA:000032c5
  34826ns            3479 000020ec 00178793                     addi x15, x15, 1 x15=00003c78 x15:00003c77
  34836ns            3480 000020f0 00158593                     addi x11, x11, 1 x11=000032c6 x11:000032c5
  34846ns            3481 000020f4 fee78fa3                      sb x14, -1(x15) x14:00000065 x15:00003c78  PA:00003c77
  34856ns            3482 000020f8 fed798e3                    bne x15, x13, -16 x15:00003c78 x13:00003c83
  34886ns            3485 000020e8 0005c703                      lbu x14, 0(x11) x14=00000073 x11:000032c6  PA:000032c6
  34896ns            3486 000020ec 00178793                     addi x15, x15, 1 x15=00003c79 x15:00003c78
  34906ns            3487 000020f0 00158593                     addi x11, x11, 1 x11=000032c7 x11:000032c6
  34916ns            3488 000020f4 fee78fa3                      sb x14, -1(x15) x14:00000073 x15:00003c79  PA:00003c78
  34926ns            3489 000020f8 fed798e3                    bne x15, x13, -16 x15:00003c79 x13:00003c83
  34956ns            3492 000020e8 0005c703                      lbu x14, 0(x11) x14=00000073 x11:000032c7  PA:000032c7
  34966ns            3493 000020ec 00178793                     addi x15, x15, 1 x15=00003c7a x15:00003c79
  34976ns            3494 000020f0 00158593                     addi x11, x11, 1 x11=000032c8 x11:000032c7
  34986ns            3495 000020f4 fee78fa3                      sb x14, -1(x15) x14:00000073 x15:00003c7a  PA:00003c79
  34996ns            3496 000020f8 fed798e3                    bne x15, x13, -16 x15:00003c7a x13:00003c83
  35026ns            3499 000020e8 0005c703                      lbu x14, 0(x11) x14=0000006f x11:000032c8  PA:000032c8
  35036ns            3500 000020ec 00178793                     addi x15, x15, 1 x15=00003c7b x15:00003c7a
  35046ns            3501 000020f0 00158593                     addi x11, x11, 1 x11=000032c9 x11:000032c8
  35056ns            3502 000020f4 fee78fa3                      sb x14, -1(x15) x14:0000006f x15:00003c7b  PA:00003c7a
  35066ns            3503 000020f8 fed798e3                    bne x15, x13, -16 x15:00003c7b x13:00003c83
  35096ns            3506 000020e8 0005c703                      lbu x14, 0(x11) x14=00000072 x11:000032c9  PA:000032c9
  35106ns            3507 000020ec 00178793                     addi x15, x15, 1 x15=00003c7c x15:00003c7b
  35116ns            3508 000020f0 00158593                     addi x11, x11, 1 x11=000032ca x11:000032c9
  35126ns            3509 000020f4 fee78fa3                      sb x14, -1(x15) x14:00000072 x15:00003c7c  PA:00003c7b
  35136ns            3510 000020f8 fed798e3                    bne x15, x13, -16 x15:00003c7c x13:00003c83
  35166ns            3513 000020e8 0005c703                      lbu x14, 0(x11) x14=00000020 x11:000032ca  PA:000032ca
  35176ns            3514 000020ec 00178793                     addi x15, x15, 1 x15=00003c7d x15:00003c7c
  35186ns            3515 000020f0 00158593                     addi x11, x11, 1 x11=000032cb x11:000032ca
  35196ns            3516 000020f4 fee78fa3                      sb x14, -1(x15) x14:00000020 x15:00003c7d  PA:00003c7c
  35206ns            3517 000020f8 fed798e3                    bne x15, x13, -16 x15:00003c7d x13:00003c83
  35236ns            3520 000020e8 0005c703                      lbu x14, 0(x11) x14=00000063 x11:000032cb  PA:000032cb
  35246ns            3521 000020ec 00178793                     addi x15, x15, 1 x15=00003c7e x15:00003c7d
  35256ns            3522 000020f0 00158593                     addi x11, x11, 1 x11=000032cc x11:000032cb
  35266ns            3523 000020f4 fee78fa3                      sb x14, -1(x15) x14:00000063 x15:00003c7e  PA:00003c7d
  35276ns            3524 000020f8 fed798e3                    bne x15, x13, -16 x15:00003c7e x13:00003c83
  35306ns            3527 000020e8 0005c703                      lbu x14, 0(x11) x14=0000006f x11:000032cc  PA:000032cc
  35316ns            3528 000020ec 00178793                     addi x15, x15, 1 x15=00003c7f x15:00003c7e
  35326ns            3529 000020f0 00158593                     addi x11, x11, 1 x11=000032cd x11:000032cc
  35336ns            3530 000020f4 fee78fa3                      sb x14, -1(x15) x14:0000006f x15:00003c7f  PA:00003c7e
  35346ns            3531 000020f8 fed798e3                    bne x15, x13, -16 x15:00003c7f x13:00003c83
  35376ns            3534 000020e8 0005c703                      lbu x14, 0(x11) x14=00000072 x11:000032cd  PA:000032cd
  35386ns            3535 000020ec 00178793                     addi x15, x15, 1 x15=00003c80 x15:00003c7f
  35396ns            3536 000020f0 00158593                     addi x11, x11, 1 x11=000032ce x11:000032cd
  35406ns            3537 000020f4 fee78fa3                      sb x14, -1(x15) x14:00000072 x15:00003c80  PA:00003c7f
  35416ns            3538 000020f8 fed798e3                    bne x15, x13, -16 x15:00003c80 x13:00003c83
  35446ns            3541 000020e8 0005c703                      lbu x14, 0(x11) x14=00000065 x11:000032ce  PA:000032ce
  35456ns            3542 000020ec 00178793                     addi x15, x15, 1 x15=00003c81 x15:00003c80
  35466ns            3543 000020f0 00158593                     addi x11, x11, 1 x11=000032cf x11:000032ce
  35476ns            3544 000020f4 fee78fa3                      sb x14, -1(x15) x14:00000065 x15:00003c81  PA:00003c80
  35486ns            3545 000020f8 fed798e3                    bne x15, x13, -16 x15:00003c81 x13:00003c83
  35516ns            3548 000020e8 0005c703                      lbu x14, 0(x11) x14=00000021 x11:000032cf  PA:000032cf
  35526ns            3549 000020ec 00178793                     addi x15, x15, 1 x15=00003c82 x15:00003c81
  35536ns            3550 000020f0 00158593                     addi x11, x11, 1 x11=000032d0 x11:000032cf
  35546ns            3551 000020f4 fee78fa3                      sb x14, -1(x15) x14:00000021 x15:00003c82  PA:00003c81
  35556ns            3552 000020f8 fed798e3                    bne x15, x13, -16 x15:00003c82 x13:00003c83
  35586ns            3555 000020e8 0005c703                      lbu x14, 0(x11) x14=0000000a x11:000032d0  PA:000032d0
  35596ns            3556 000020ec 00178793                     addi x15, x15, 1 x15=00003c83 x15:00003c82
  35606ns            3557 000020f0 00158593                     addi x11, x11, 1 x11=000032d1 x11:000032d0
  35616ns            3558 000020f4 fee78fa3                      sb x14, -1(x15) x14:0000000a x15:00003c83  PA:00003c82
  35626ns            3559 000020f8 fed798e3                    bne x15, x13, -16 x15:00003c83 x13:00003c83
  35636ns            3560 000020fc 00008067                       jalr x0, x1, 0  x1:00001558
  35656ns            3562 00001558 00842783                        lw x15, 8(x8) x15=00000000  x8:0000370c  PA:00003714
  35666ns            3563 0000155c 00042603                        lw x12, 0(x8) x12=00003c40  x8:0000370c  PA:0000370c
  35676ns            3564 00001560 000b8913                     addi x18, x23, 0 x18=00000043 x23:00000043
  35686ns            3565 00001564 417787b3                    sub x15, x15, x23 x15=ffffffbd x15:00000000 x23:00000043
  35696ns            3566 00001568 01760633                    add x12, x12, x23 x12=00003c83 x12:00003c40 x23:00000043
  35706ns            3567 0000156c 00f42423                        sw x15, 8(x8) x15:ffffffbd  x8:0000370c  PA:00003714
  35716ns            3568 00001570 00c42023                        sw x12, 0(x8) x12:00003c83  x8:0000370c  PA:0000370c
  35726ns            3569 00001574 e49ff06f                         jal x0, -440
  35746ns            3571 000013bc 412b0b33                    sub x22, x22, x18 x22=00000000 x22:00000043 x18:00000043
  35756ns            3572 000013c0 00100513                      addi x10, x0, 1 x10=00000001
  35766ns            3573 000013c4 160b0a63                     beq x22, x0, 372 x22:00000000
  35796ns            3576 00001538 00040593                      addi x11, x8, 0 x11=0000370c  x8:0000370c
  35806ns            3577 0000153c 000a8513                     addi x10, x21, 0 x10=000033b8 x21:000033b8
  35816ns            3578 00001540 14d010ef                         jal x1, 6476  x1=00001544
  35836ns            3580 00002e8c fe010113                     addi x2, x2, -32  x2=000043a0  x2:000043c0
  35846ns            3581 00002e90 00812c23                        sw x8, 24(x2)  x8:0000370c  x2:000043a0  PA:000043b8
  35856ns            3582 00002e94 00112e23                        sw x1, 28(x2)  x1:00001544  x2:000043a0  PA:000043bc
  35866ns            3583 00002e98 00050413                      addi x8, x10, 0  x8=000033b8 x10:000033b8
  35876ns            3584 00002e9c 00050663                      beq x10, x0, 12 x10:000033b8
  35886ns            3585 00002ea0 03852783                      lw x15, 56(x10) x15=00000001 x10:000033b8  PA:000033f0
  35906ns            3587 00002ea4 02078063                      beq x15, x0, 32 x15:00000001
  35916ns            3588 00002ea8 00c59783                      lh x15, 12(x11) x15=00002889 x11:0000370c  PA:00003718
  35936ns            3590 00002eac 02079663                      bne x15, x0, 44 x15:00002889
  35966ns            3593 00002ed8 00040513                      addi x10, x8, 0 x10=000033b8  x8:000033b8
  35976ns            3594 00002edc 01812403                        lw x8, 24(x2)  x8=0000370c  x2:000043a0  PA:000043b8
  35986ns            3595 00002ee0 01c12083                        lw x1, 28(x2)  x1=00001544  x2:000043a0  PA:000043bc
  35996ns            3596 00002ee4 02010113                      addi x2, x2, 32  x2=000043c0  x2:000043a0
  36006ns            3597 00002ee8 d49ff06f                         jal x0, -696
  36026ns            3599 00002c30 00c59783                      lh x15, 12(x11) x15=00002889 x11:0000370c  PA:00003718
  36036ns            3600 00002c34 fe010113                     addi x2, x2, -32  x2=000043a0  x2:000043c0
  36046ns            3601 00002c38 00812c23                        sw x8, 24(x2)  x8:0000370c  x2:000043a0  PA:000043b8
  36056ns            3602 00002c3c 01312623                       sw x19, 12(x2) x19:00000044  x2:000043a0  PA:000043ac
  36066ns            3603 00002c40 00112e23                        sw x1, 28(x2)  x1:00001544  x2:000043a0  PA:000043bc
  36076ns            3604 00002c44 00912a23                        sw x9, 20(x2)  x9:00004418  x2:000043a0  PA:000043b4
  36086ns            3605 00002c48 01212823                       sw x18, 16(x2) x18:00000043  x2:000043a0  PA:000043b0
  36096ns            3606 00002c4c 0087f693                     andi x13, x15, 8 x13=00000008 x15:00002889
  36106ns            3607 00002c50 00058413                      addi x8, x11, 0  x8=0000370c x11:0000370c
  36116ns            3608 00002c54 00050993                     addi x19, x10, 0 x19=000033b8 x10:000033b8
  36126ns            3609 00002c58 10069a63                     bne x13, x0, 276 x13:00000008
  36156ns            3612 00002d6c 0105a903                      lw x18, 16(x11) x18=00003c40 x11:0000370c  PA:0000371c
  36176ns            3614 00002d70 fc090ee3                     beq x18, x0, -36 x18:00003c40
  36186ns            3615 00002d74 0005a483                        lw x9, 0(x11)  x9=00003c83 x11:0000370c  PA:0000370c
  36196ns            3616 00002d78 01079713                  slli x14, x15, 0x10 x14=28890000 x15:00002889
  36206ns            3617 00002d7c 01075713                  srli x14, x14, 0x10 x14=00002889 x14:28890000
  36216ns            3618 00002d80 00377713                     andi x14, x14, 3 x14=00000001 x14:00002889
  36226ns            3619 00002d84 0125a023                       sw x18, 0(x11) x18:00003c40 x11:0000370c  PA:0000370c
  36236ns            3620 00002d88 412484b3                      sub x9, x9, x18  x9=00000043  x9:00003c83 x18:00003c40
  36246ns            3621 00002d8c 00000793                      addi x15, x0, 0 x15=00000000
  36256ns            3622 00002d90 00071463                       bne x14, x0, 8 x14:00000001
  36286ns            3625 00002d98 00f42423                        sw x15, 8(x8) x15:00000000  x8:0000370c  PA:00003714
  36296ns            3626 00002d9c 00904863                       blt x0, x9, 16  x9:00000043
  36326ns            3629 00002dac 02442783                       lw x15, 36(x8) x15=000027fc  x8:0000370c  PA:00003730
  36336ns            3630 00002db0 01c42583                       lw x11, 28(x8) x11=0000370c  x8:0000370c  PA:00003728
  36346ns            3631 00002db4 00048693                      addi x13, x9, 0 x13=00000043  x9:00000043
  36356ns            3632 00002db8 00090613                     addi x12, x18, 0 x12=00003c40 x18:00003c40
  36366ns            3633 00002dbc 00098513                     addi x10, x19, 0 x10=000033b8 x19:000033b8
  36376ns            3634 00002dc0 000780e7                      jalr x1, x15, 0  x1=00002dc4 x15:000027fc
  36396ns            3636 000027fc 00c59783                      lh x15, 12(x11) x15=00002889 x11:0000370c  PA:00003718
  36406ns            3637 00002800 fe010113                     addi x2, x2, -32  x2=00004380  x2:000043a0
  36416ns            3638 00002804 00812c23                        sw x8, 24(x2)  x8:0000370c  x2:00004380  PA:00004398
  36426ns            3639 00002808 00912a23                        sw x9, 20(x2)  x9:00000043  x2:00004380  PA:00004394
  36436ns            3640 0000280c 01212823                       sw x18, 16(x2) x18:00003c40  x2:00004380  PA:00004390
  36446ns            3641 00002810 01312623                       sw x19, 12(x2) x19:000033b8  x2:00004380  PA:0000438c
  36456ns            3642 00002814 00112e23                        sw x1, 28(x2)  x1:00002dc4  x2:00004380  PA:0000439c
  36466ns            3643 00002818 1007f713                   andi x14, x15, 256 x14=00000000 x15:00002889
  36476ns            3644 0000281c 00058413                      addi x8, x11, 0  x8=0000370c x11:0000370c
  36486ns            3645 00002820 00050493                      addi x9, x10, 0  x9=000033b8 x10:000033b8
  36496ns            3646 00002824 00e59583                      lh x11, 14(x11) x11=00000001 x11:0000370c  PA:0000371a
  36506ns            3647 00002828 00060913                     addi x18, x12, 0 x18=00003c40 x12:00003c40
  36516ns            3648 0000282c 00068993                     addi x19, x13, 0 x19=00000043 x13:00000043
  36526ns            3649 00002830 02071e63                      bne x14, x0, 60 x14:00000000
  36536ns            3650 00002834 fffff737                  lui x14, 0xfffff000 x14=fffff000
  36546ns            3651 00002838 fff70713                    addi x14, x14, -1 x14=ffffefff x14:fffff000
  36556ns            3652 0000283c 00e7f7b3                    and x15, x15, x14 x15=00002889 x15:00002889 x14:ffffefff
  36566ns            3653 00002840 00f41623                       sh x15, 12(x8) x15:00002889  x8:0000370c  PA:00003718
  36576ns            3654 00002844 01812403                        lw x8, 24(x2)  x8=0000370c  x2:00004380  PA:00004398
  36586ns            3655 00002848 01c12083                        lw x1, 28(x2)  x1=00002dc4  x2:00004380  PA:0000439c
  36596ns            3656 0000284c 00098693                     addi x13, x19, 0 x13=00000043 x19:00000043
  36606ns            3657 00002850 00090613                     addi x12, x18, 0 x12=00003c40 x18:00003c40
  36616ns            3658 00002854 00c12983                       lw x19, 12(x2) x19=000033b8  x2:00004380  PA:0000438c
  36626ns            3659 00002858 01012903                       lw x18, 16(x2) x18=00003c40  x2:00004380  PA:00004390
  36636ns            3660 0000285c 00048513                      addi x10, x9, 0 x10=000033b8  x9:000033b8
  36646ns            3661 00002860 01412483                        lw x9, 20(x2)  x9=00000043  x2:00004380  PA:00004394
  36656ns            3662 00002864 02010113                      addi x2, x2, 32  x2=000043a0  x2:00004380
  36666ns            3663 00002868 08c0006f                          jal x0, 140
  36686ns            3665 000028f4 ff010113                     addi x2, x2, -16  x2=00004390  x2:000043a0
  36696ns            3666 000028f8 00058713                     addi x14, x11, 0 x14=00000001 x11:00000001
  36706ns            3667 000028fc 00812423                         sw x8, 8(x2)  x8:0000370c  x2:00004390  PA:00004398
  36716ns            3668 00002900 00912223                         sw x9, 4(x2)  x9:00000043  x2:00004390  PA:00004394
  36726ns            3669 00002904 00060593                     addi x11, x12, 0 x11=00003c40 x12:00003c40
  36736ns            3670 00002908 00050413                      addi x8, x10, 0  x8=000033b8 x10:000033b8
  36746ns            3671 0000290c 00068613                     addi x12, x13, 0 x12=00000043 x13:00000043
  36756ns            3672 00002910 00070513                     addi x10, x14, 0 x10=00000001 x14:00000001
  36766ns            3673 00002914 00112623                        sw x1, 12(x2)  x1:00002dc4  x2:00004390  PA:0000439c
  36776ns            3674 00002918 0601ac23                       sw x0, 120(x3)  x3:00003bb8  PA:00003c30
  36786ns            3675 0000291c 907fd0ef                        jal x1, -9978  x1=00002920
  36806ns            3677 00000222 00100693                      addi x13, x0, 1 x13=00000001
  36816ns            3678 00000224 00c587b3                    add x15, x11, x12 x15=00003c83 x11:00003c40 x12:00000043
  36826ns            3679 00000228 10000737                  lui x14, 0x10000000 x14=10000000
  36836ns            3680 0000022c 00d50c63                     beq x10, x13, 24 x10:00000001 x13:00000001
  36866ns            3683 00000244 fef59ce3                     bne x11, x15, -8 x11:00003c40 x15:00003c83
  36896ns            3686 0000023c 0005c683                      lbu x13, 0(x11) x13=00000009 x11:00003c40  PA:00003c40
  36906ns            3687 00000240 00158593                     addi x11, x11, 1 x11=00003c41 x11:00003c40
  36916ns            3688 00000242 00d72023                       sw x13, 0(x14) x13:00000009 x14:10000000  PA:10000000
  36926ns            3689 00000244 fef59ce3                     bne x11, x15, -8 x11:00003c41 x15:00003c83
  36956ns            3692 0000023c 0005c683                      lbu x13, 0(x11) x13=00000048 x11:00003c41  PA:00003c41
  36966ns            3693 00000240 00158593                     addi x11, x11, 1 x11=00003c42 x11:00003c41
  36976ns            3694 00000242 00d72023                       sw x13, 0(x14) x13:00000048 x14:10000000  PA:10000000
  36986ns            3695 00000244 fef59ce3                     bne x11, x15, -8 x11:00003c42 x15:00003c83
  37016ns            3698 0000023c 0005c683                      lbu x13, 0(x11) x13=00000065 x11:00003c42  PA:00003c42
  37026ns            3699 00000240 00158593                     addi x11, x11, 1 x11=00003c43 x11:00003c42
  37036ns            3700 00000242 00d72023                       sw x13, 0(x14) x13:00000065 x14:10000000  PA:10000000
  37046ns            3701 00000244 fef59ce3                     bne x11, x15, -8 x11:00003c43 x15:00003c83
  37076ns            3704 0000023c 0005c683                      lbu x13, 0(x11) x13=0000006c x11:00003c43  PA:00003c43
  37086ns            3705 00000240 00158593                     addi x11, x11, 1 x11=00003c44 x11:00003c43
  37096ns            3706 00000242 00d72023                       sw x13, 0(x14) x13:0000006c x14:10000000  PA:10000000
  37106ns            3707 00000244 fef59ce3                     bne x11, x15, -8 x11:00003c44 x15:00003c83
  37136ns            3710 0000023c 0005c683                      lbu x13, 0(x11) x13=0000006c x11:00003c44  PA:00003c44
  37146ns            3711 00000240 00158593                     addi x11, x11, 1 x11=00003c45 x11:00003c44
  37156ns            3712 00000242 00d72023                       sw x13, 0(x14) x13:0000006c x14:10000000  PA:10000000
  37166ns            3713 00000244 fef59ce3                     bne x11, x15, -8 x11:00003c45 x15:00003c83
  37196ns            3716 0000023c 0005c683                      lbu x13, 0(x11) x13=0000006f x11:00003c45  PA:00003c45
  37206ns            3717 00000240 00158593                     addi x11, x11, 1 x11=00003c46 x11:00003c45
  37216ns            3718 00000242 00d72023                       sw x13, 0(x14) x13:0000006f x14:10000000  PA:10000000
  37226ns            3719 00000244 fef59ce3                     bne x11, x15, -8 x11:00003c46 x15:00003c83
  37256ns            3722 0000023c 0005c683                      lbu x13, 0(x11) x13=00000020 x11:00003c46  PA:00003c46
  37266ns            3723 00000240 00158593                     addi x11, x11, 1 x11=00003c47 x11:00003c46
  37276ns            3724 00000242 00d72023                       sw x13, 0(x14) x13:00000020 x14:10000000  PA:10000000
  37286ns            3725 00000244 fef59ce3                     bne x11, x15, -8 x11:00003c47 x15:00003c83
  37316ns            3728 0000023c 0005c683                      lbu x13, 0(x11) x13=00000057 x11:00003c47  PA:00003c47
  37326ns            3729 00000240 00158593                     addi x11, x11, 1 x11=00003c48 x11:00003c47
  37336ns            3730 00000242 00d72023                       sw x13, 0(x14) x13:00000057 x14:10000000  PA:10000000
  37346ns            3731 00000244 fef59ce3                     bne x11, x15, -8 x11:00003c48 x15:00003c83
  37376ns            3734 0000023c 0005c683                      lbu x13, 0(x11) x13=0000006f x11:00003c48  PA:00003c48
  37386ns            3735 00000240 00158593                     addi x11, x11, 1 x11=00003c49 x11:00003c48
  37396ns            3736 00000242 00d72023                       sw x13, 0(x14) x13:0000006f x14:10000000  PA:10000000
  37406ns            3737 00000244 fef59ce3                     bne x11, x15, -8 x11:00003c49 x15:00003c83
  37436ns            3740 0000023c 0005c683                      lbu x13, 0(x11) x13=00000072 x11:00003c49  PA:00003c49
  37446ns            3741 00000240 00158593                     addi x11, x11, 1 x11=00003c4a x11:00003c49
  37456ns            3742 00000242 00d72023                       sw x13, 0(x14) x13:00000072 x14:10000000  PA:10000000
  37466ns            3743 00000244 fef59ce3                     bne x11, x15, -8 x11:00003c4a x15:00003c83
  37496ns            3746 0000023c 0005c683                      lbu x13, 0(x11) x13=0000006c x11:00003c4a  PA:00003c4a
  37506ns            3747 00000240 00158593                     addi x11, x11, 1 x11=00003c4b x11:00003c4a
  37516ns            3748 00000242 00d72023                       sw x13, 0(x14) x13:0000006c x14:10000000  PA:10000000
  37526ns            3749 00000244 fef59ce3                     bne x11, x15, -8 x11:00003c4b x15:00003c83
  37556ns            3752 0000023c 0005c683                      lbu x13, 0(x11) x13=00000064 x11:00003c4b  PA:00003c4b
  37566ns            3753 00000240 00158593                     addi x11, x11, 1 x11=00003c4c x11:00003c4b
  37576ns            3754 00000242 00d72023                       sw x13, 0(x14) x13:00000064 x14:10000000  PA:10000000
  37586ns            3755 00000244 fef59ce3                     bne x11, x15, -8 x11:00003c4c x15:00003c83
  37616ns            3758 0000023c 0005c683                      lbu x13, 0(x11) x13=00000021 x11:00003c4c  PA:00003c4c
  37626ns            3759 00000240 00158593                     addi x11, x11, 1 x11=00003c4d x11:00003c4c
  37636ns            3760 00000242 00d72023                       sw x13, 0(x14) x13:00000021 x14:10000000  PA:10000000
  37646ns            3761 00000244 fef59ce3                     bne x11, x15, -8 x11:00003c4d x15:00003c83
  37676ns            3764 0000023c 0005c683                      lbu x13, 0(x11) x13=00000020 x11:00003c4d  PA:00003c4d
  37686ns            3765 00000240 00158593                     addi x11, x11, 1 x11=00003c4e x11:00003c4d
  37696ns            3766 00000242 00d72023                       sw x13, 0(x14) x13:00000020 x14:10000000  PA:10000000
  37706ns            3767 00000244 fef59ce3                     bne x11, x15, -8 x11:00003c4e x15:00003c83
  37736ns            3770 0000023c 0005c683                      lbu x13, 0(x11) x13=00000054 x11:00003c4e  PA:00003c4e
  37746ns            3771 00000240 00158593                     addi x11, x11, 1 x11=00003c4f x11:00003c4e
  37756ns            3772 00000242 00d72023                       sw x13, 0(x14) x13:00000054 x14:10000000  PA:10000000
  37766ns            3773 00000244 fef59ce3                     bne x11, x15, -8 x11:00003c4f x15:00003c83
  37796ns            3776 0000023c 0005c683                      lbu x13, 0(x11) x13=00000068 x11:00003c4f  PA:00003c4f
  37806ns            3777 00000240 00158593                     addi x11, x11, 1 x11=00003c50 x11:00003c4f
  37816ns            3778 00000242 00d72023                       sw x13, 0(x14) x13:00000068 x14:10000000  PA:10000000
  37826ns            3779 00000244 fef59ce3                     bne x11, x15, -8 x11:00003c50 x15:00003c83
  37856ns            3782 0000023c 0005c683                      lbu x13, 0(x11) x13=00000069 x11:00003c50  PA:00003c50
  37866ns            3783 00000240 00158593                     addi x11, x11, 1 x11=00003c51 x11:00003c50
  37876ns            3784 00000242 00d72023                       sw x13, 0(x14) x13:00000069 x14:10000000  PA:10000000
  37886ns            3785 00000244 fef59ce3                     bne x11, x15, -8 x11:00003c51 x15:00003c83
  37916ns            3788 0000023c 0005c683                      lbu x13, 0(x11) x13=00000073 x11:00003c51  PA:00003c51
  37926ns            3789 00000240 00158593                     addi x11, x11, 1 x11=00003c52 x11:00003c51
  37936ns            3790 00000242 00d72023                       sw x13, 0(x14) x13:00000073 x14:10000000  PA:10000000
  37946ns            3791 00000244 fef59ce3                     bne x11, x15, -8 x11:00003c52 x15:00003c83
  37976ns            3794 0000023c 0005c683                      lbu x13, 0(x11) x13=00000020 x11:00003c52  PA:00003c52
  37986ns            3795 00000240 00158593                     addi x11, x11, 1 x11=00003c53 x11:00003c52
  37996ns            3796 00000242 00d72023                       sw x13, 0(x14) x13:00000020 x14:10000000  PA:10000000
  38006ns            3797 00000244 fef59ce3                     bne x11, x15, -8 x11:00003c53 x15:00003c83
  38036ns            3800 0000023c 0005c683                      lbu x13, 0(x11) x13=00000069 x11:00003c53  PA:00003c53
  38046ns            3801 00000240 00158593                     addi x11, x11, 1 x11=00003c54 x11:00003c53
  38056ns            3802 00000242 00d72023                       sw x13, 0(x14) x13:00000069 x14:10000000  PA:10000000
  38066ns            3803 00000244 fef59ce3                     bne x11, x15, -8 x11:00003c54 x15:00003c83
  38096ns            3806 0000023c 0005c683                      lbu x13, 0(x11) x13=00000073 x11:00003c54  PA:00003c54
  38106ns            3807 00000240 00158593                     addi x11, x11, 1 x11=00003c55 x11:00003c54
  38116ns            3808 00000242 00d72023                       sw x13, 0(x14) x13:00000073 x14:10000000  PA:10000000
  38126ns            3809 00000244 fef59ce3                     bne x11, x15, -8 x11:00003c55 x15:00003c83
  38156ns            3812 0000023c 0005c683                      lbu x13, 0(x11) x13=00000020 x11:00003c55  PA:00003c55
  38166ns            3813 00000240 00158593                     addi x11, x11, 1 x11=00003c56 x11:00003c55
  38176ns            3814 00000242 00d72023                       sw x13, 0(x14) x13:00000020 x14:10000000  PA:10000000
  38186ns            3815 00000244 fef59ce3                     bne x11, x15, -8 x11:00003c56 x15:00003c83
  38216ns            3818 0000023c 0005c683                      lbu x13, 0(x11) x13=00000074 x11:00003c56  PA:00003c56
  38226ns            3819 00000240 00158593                     addi x11, x11, 1 x11=00003c57 x11:00003c56
  38236ns            3820 00000242 00d72023                       sw x13, 0(x14) x13:00000074 x14:10000000  PA:10000000
  38246ns            3821 00000244 fef59ce3                     bne x11, x15, -8 x11:00003c57 x15:00003c83
  38276ns            3824 0000023c 0005c683                      lbu x13, 0(x11) x13=00000068 x11:00003c57  PA:00003c57
  38286ns            3825 00000240 00158593                     addi x11, x11, 1 x11=00003c58 x11:00003c57
  38296ns            3826 00000242 00d72023                       sw x13, 0(x14) x13:00000068 x14:10000000  PA:10000000
  38306ns            3827 00000244 fef59ce3                     bne x11, x15, -8 x11:00003c58 x15:00003c83
  38336ns            3830 0000023c 0005c683                      lbu x13, 0(x11) x13=00000065 x11:00003c58  PA:00003c58
  38346ns            3831 00000240 00158593                     addi x11, x11, 1 x11=00003c59 x11:00003c58
  38356ns            3832 00000242 00d72023                       sw x13, 0(x14) x13:00000065 x14:10000000  PA:10000000
  38366ns            3833 00000244 fef59ce3                     bne x11, x15, -8 x11:00003c59 x15:00003c83
  38396ns            3836 0000023c 0005c683                      lbu x13, 0(x11) x13=00000020 x11:00003c59  PA:00003c59
  38406ns            3837 00000240 00158593                     addi x11, x11, 1 x11=00003c5a x11:00003c59
  38416ns            3838 00000242 00d72023                       sw x13, 0(x14) x13:00000020 x14:10000000  PA:10000000
  38426ns            3839 00000244 fef59ce3                     bne x11, x15, -8 x11:00003c5a x15:00003c83
  38456ns            3842 0000023c 0005c683                      lbu x13, 0(x11) x13=0000004f x11:00003c5a  PA:00003c5a
  38466ns            3843 00000240 00158593                     addi x11, x11, 1 x11=00003c5b x11:00003c5a
  38476ns            3844 00000242 00d72023                       sw x13, 0(x14) x13:0000004f x14:10000000  PA:10000000
  38486ns            3845 00000244 fef59ce3                     bne x11, x15, -8 x11:00003c5b x15:00003c83
  38516ns            3848 0000023c 0005c683                      lbu x13, 0(x11) x13=00000070 x11:00003c5b  PA:00003c5b
  38526ns            3849 00000240 00158593                     addi x11, x11, 1 x11=00003c5c x11:00003c5b
  38536ns            3850 00000242 00d72023                       sw x13, 0(x14) x13:00000070 x14:10000000  PA:10000000
  38546ns            3851 00000244 fef59ce3                     bne x11, x15, -8 x11:00003c5c x15:00003c83
  38576ns            3854 0000023c 0005c683                      lbu x13, 0(x11) x13=00000065 x11:00003c5c  PA:00003c5c
  38586ns            3855 00000240 00158593                     addi x11, x11, 1 x11=00003c5d x11:00003c5c
  38596ns            3856 00000242 00d72023                       sw x13, 0(x14) x13:00000065 x14:10000000  PA:10000000
  38606ns            3857 00000244 fef59ce3                     bne x11, x15, -8 x11:00003c5d x15:00003c83
  38636ns            3860 0000023c 0005c683                      lbu x13, 0(x11) x13=0000006e x11:00003c5d  PA:00003c5d
  38646ns            3861 00000240 00158593                     addi x11, x11, 1 x11=00003c5e x11:00003c5d
  38656ns            3862 00000242 00d72023                       sw x13, 0(x14) x13:0000006e x14:10000000  PA:10000000
  38666ns            3863 00000244 fef59ce3                     bne x11, x15, -8 x11:00003c5e x15:00003c83
  38696ns            3866 0000023c 0005c683                      lbu x13, 0(x11) x13=00000048 x11:00003c5e  PA:00003c5e
  38706ns            3867 00000240 00158593                     addi x11, x11, 1 x11=00003c5f x11:00003c5e
  38716ns            3868 00000242 00d72023                       sw x13, 0(x14) x13:00000048 x14:10000000  PA:10000000
  38726ns            3869 00000244 fef59ce3                     bne x11, x15, -8 x11:00003c5f x15:00003c83
  38756ns            3872 0000023c 0005c683                      lbu x13, 0(x11) x13=00000057 x11:00003c5f  PA:00003c5f
  38766ns            3873 00000240 00158593                     addi x11, x11, 1 x11=00003c60 x11:00003c5f
  38776ns            3874 00000242 00d72023                       sw x13, 0(x14) x13:00000057 x14:10000000  PA:10000000
  38786ns            3875 00000244 fef59ce3                     bne x11, x15, -8 x11:00003c60 x15:00003c83
  38816ns            3878 0000023c 0005c683                      lbu x13, 0(x11) x13=00000020 x11:00003c60  PA:00003c60
  38826ns            3879 00000240 00158593                     addi x11, x11, 1 x11=00003c61 x11:00003c60
  38836ns            3880 00000242 00d72023                       sw x13, 0(x14) x13:00000020 x14:10000000  PA:10000000
  38846ns            3881 00000244 fef59ce3                     bne x11, x15, -8 x11:00003c61 x15:00003c83
  38876ns            3884 0000023c 0005c683                      lbu x13, 0(x11) x13=00000047 x11:00003c61  PA:00003c61
  38886ns            3885 00000240 00158593                     addi x11, x11, 1 x11=00003c62 x11:00003c61
  38896ns            3886 00000242 00d72023                       sw x13, 0(x14) x13:00000047 x14:10000000  PA:10000000
  38906ns            3887 00000244 fef59ce3                     bne x11, x15, -8 x11:00003c62 x15:00003c83
  38936ns            3890 0000023c 0005c683                      lbu x13, 0(x11) x13=00000072 x11:00003c62  PA:00003c62
  38946ns            3891 00000240 00158593                     addi x11, x11, 1 x11=00003c63 x11:00003c62
  38956ns            3892 00000242 00d72023                       sw x13, 0(x14) x13:00000072 x14:10000000  PA:10000000
  38966ns            3893 00000244 fef59ce3                     bne x11, x15, -8 x11:00003c63 x15:00003c83
  38996ns            3896 0000023c 0005c683                      lbu x13, 0(x11) x13=0000006f x11:00003c63  PA:00003c63
  39006ns            3897 00000240 00158593                     addi x11, x11, 1 x11=00003c64 x11:00003c63
  39016ns            3898 00000242 00d72023                       sw x13, 0(x14) x13:0000006f x14:10000000  PA:10000000
  39026ns            3899 00000244 fef59ce3                     bne x11, x15, -8 x11:00003c64 x15:00003c83
  39056ns            3902 0000023c 0005c683                      lbu x13, 0(x11) x13=00000075 x11:00003c64  PA:00003c64
  39066ns            3903 00000240 00158593                     addi x11, x11, 1 x11=00003c65 x11:00003c64
  39076ns            3904 00000242 00d72023                       sw x13, 0(x14) x13:00000075 x14:10000000  PA:10000000
  39086ns            3905 00000244 fef59ce3                     bne x11, x15, -8 x11:00003c65 x15:00003c83
  39116ns            3908 0000023c 0005c683                      lbu x13, 0(x11) x13=00000070 x11:00003c65  PA:00003c65
  39126ns            3909 00000240 00158593                     addi x11, x11, 1 x11=00003c66 x11:00003c65
  39136ns            3910 00000242 00d72023                       sw x13, 0(x14) x13:00000070 x14:10000000  PA:10000000
  39146ns            3911 00000244 fef59ce3                     bne x11, x15, -8 x11:00003c66 x15:00003c83
  39176ns            3914 0000023c 0005c683                      lbu x13, 0(x11) x13=00000020 x11:00003c66  PA:00003c66
  39186ns            3915 00000240 00158593                     addi x11, x11, 1 x11=00003c67 x11:00003c66
  39196ns            3916 00000242 00d72023                       sw x13, 0(x14) x13:00000020 x14:10000000  PA:10000000
  39206ns            3917 00000244 fef59ce3                     bne x11, x15, -8 x11:00003c67 x15:00003c83
  39236ns            3920 0000023c 0005c683                      lbu x13, 0(x11) x13=00000043 x11:00003c67  PA:00003c67
  39246ns            3921 00000240 00158593                     addi x11, x11, 1 x11=00003c68 x11:00003c67
  39256ns            3922 00000242 00d72023                       sw x13, 0(x14) x13:00000043 x14:10000000  PA:10000000
  39266ns            3923 00000244 fef59ce3                     bne x11, x15, -8 x11:00003c68 x15:00003c83
  39296ns            3926 0000023c 0005c683                      lbu x13, 0(x11) x13=00000056 x11:00003c68  PA:00003c68
  39306ns            3927 00000240 00158593                     addi x11, x11, 1 x11=00003c69 x11:00003c68
  39316ns            3928 00000242 00d72023                       sw x13, 0(x14) x13:00000056 x14:10000000  PA:10000000
  39326ns            3929 00000244 fef59ce3                     bne x11, x15, -8 x11:00003c69 x15:00003c83
  39356ns            3932 0000023c 0005c683                      lbu x13, 0(x11) x13=00000033 x11:00003c69  PA:00003c69
  39366ns            3933 00000240 00158593                     addi x11, x11, 1 x11=00003c6a x11:00003c69
  39376ns            3934 00000242 00d72023                       sw x13, 0(x14) x13:00000033 x14:10000000  PA:10000000
  39386ns            3935 00000244 fef59ce3                     bne x11, x15, -8 x11:00003c6a x15:00003c83
  39416ns            3938 0000023c 0005c683                      lbu x13, 0(x11) x13=00000032 x11:00003c6a  PA:00003c6a
  39426ns            3939 00000240 00158593                     addi x11, x11, 1 x11=00003c6b x11:00003c6a
  39436ns            3940 00000242 00d72023                       sw x13, 0(x14) x13:00000032 x14:10000000  PA:10000000
  39446ns            3941 00000244 fef59ce3                     bne x11, x15, -8 x11:00003c6b x15:00003c83
  39476ns            3944 0000023c 0005c683                      lbu x13, 0(x11) x13=00000020 x11:00003c6b  PA:00003c6b
  39486ns            3945 00000240 00158593                     addi x11, x11, 1 x11=00003c6c x11:00003c6b
  39496ns            3946 00000242 00d72023                       sw x13, 0(x14) x13:00000020 x14:10000000  PA:10000000
  39506ns            3947 00000244 fef59ce3                     bne x11, x15, -8 x11:00003c6c x15:00003c83
  39536ns            3950 0000023c 0005c683                      lbu x13, 0(x11) x13=00000052 x11:00003c6c  PA:00003c6c
  39546ns            3951 00000240 00158593                     addi x11, x11, 1 x11=00003c6d x11:00003c6c
  39556ns            3952 00000242 00d72023                       sw x13, 0(x14) x13:00000052 x14:10000000  PA:10000000
  39566ns            3953 00000244 fef59ce3                     bne x11, x15, -8 x11:00003c6d x15:00003c83
  39596ns            3956 0000023c 0005c683                      lbu x13, 0(x11) x13=00000049 x11:00003c6d  PA:00003c6d
  39606ns            3957 00000240 00158593                     addi x11, x11, 1 x11=00003c6e x11:00003c6d
  39616ns            3958 00000242 00d72023                       sw x13, 0(x14) x13:00000049 x14:10000000  PA:10000000
  39626ns            3959 00000244 fef59ce3                     bne x11, x15, -8 x11:00003c6e x15:00003c83
  39656ns            3962 0000023c 0005c683                      lbu x13, 0(x11) x13=00000053 x11:00003c6e  PA:00003c6e
  39666ns            3963 00000240 00158593                     addi x11, x11, 1 x11=00003c6f x11:00003c6e
  39676ns            3964 00000242 00d72023                       sw x13, 0(x14) x13:00000053 x14:10000000  PA:10000000
  39686ns            3965 00000244 fef59ce3                     bne x11, x15, -8 x11:00003c6f x15:00003c83
  39716ns            3968 0000023c 0005c683                      lbu x13, 0(x11) x13=00000043 x11:00003c6f  PA:00003c6f
  39726ns            3969 00000240 00158593                     addi x11, x11, 1 x11=00003c70 x11:00003c6f
  39736ns            3970 00000242 00d72023                       sw x13, 0(x14) x13:00000043 x14:10000000  PA:10000000
  39746ns            3971 00000244 fef59ce3                     bne x11, x15, -8 x11:00003c70 x15:00003c83
  39776ns            3974 0000023c 0005c683                      lbu x13, 0(x11) x13=0000002d x11:00003c70  PA:00003c70
  39786ns            3975 00000240 00158593                     addi x11, x11, 1 x11=00003c71 x11:00003c70
  39796ns            3976 00000242 00d72023                       sw x13, 0(x14) x13:0000002d x14:10000000  PA:10000000
  39806ns            3977 00000244 fef59ce3                     bne x11, x15, -8 x11:00003c71 x15:00003c83
  39836ns            3980 0000023c 0005c683                      lbu x13, 0(x11) x13=00000056 x11:00003c71  PA:00003c71
  39846ns            3981 00000240 00158593                     addi x11, x11, 1 x11=00003c72 x11:00003c71
  39856ns            3982 00000242 00d72023                       sw x13, 0(x14) x13:00000056 x14:10000000  PA:10000000
  39866ns            3983 00000244 fef59ce3                     bne x11, x15, -8 x11:00003c72 x15:00003c83
  39896ns            3986 0000023c 0005c683                      lbu x13, 0(x11) x13=00000020 x11:00003c72  PA:00003c72
  39906ns            3987 00000240 00158593                     addi x11, x11, 1 x11=00003c73 x11:00003c72
  39916ns            3988 00000242 00d72023                       sw x13, 0(x14) x13:00000020 x14:10000000  PA:10000000
  39926ns            3989 00000244 fef59ce3                     bne x11, x15, -8 x11:00003c73 x15:00003c83
  39956ns            3992 0000023c 0005c683                      lbu x13, 0(x11) x13=00000070 x11:00003c73  PA:00003c73
  39966ns            3993 00000240 00158593                     addi x11, x11, 1 x11=00003c74 x11:00003c73
  39976ns            3994 00000242 00d72023                       sw x13, 0(x14) x13:00000070 x14:10000000  PA:10000000
  39986ns            3995 00000244 fef59ce3                     bne x11, x15, -8 x11:00003c74 x15:00003c83
  40016ns            3998 0000023c 0005c683                      lbu x13, 0(x11) x13=00000072 x11:00003c74  PA:00003c74
  40026ns            3999 00000240 00158593                     addi x11, x11, 1 x11=00003c75 x11:00003c74
  40036ns            4000 00000242 00d72023                       sw x13, 0(x14) x13:00000072 x14:10000000  PA:10000000
  40046ns            4001 00000244 fef59ce3                     bne x11, x15, -8 x11:00003c75 x15:00003c83
  40076ns            4004 0000023c 0005c683                      lbu x13, 0(x11) x13=0000006f x11:00003c75  PA:00003c75
  40086ns            4005 00000240 00158593                     addi x11, x11, 1 x11=00003c76 x11:00003c75
  40096ns            4006 00000242 00d72023                       sw x13, 0(x14) x13:0000006f x14:10000000  PA:10000000
  40106ns            4007 00000244 fef59ce3                     bne x11, x15, -8 x11:00003c76 x15:00003c83
  40136ns            4010 0000023c 0005c683                      lbu x13, 0(x11) x13=00000063 x11:00003c76  PA:00003c76
  40146ns            4011 00000240 00158593                     addi x11, x11, 1 x11=00003c77 x11:00003c76
  40156ns            4012 00000242 00d72023                       sw x13, 0(x14) x13:00000063 x14:10000000  PA:10000000
  40166ns            4013 00000244 fef59ce3                     bne x11, x15, -8 x11:00003c77 x15:00003c83
  40196ns            4016 0000023c 0005c683                      lbu x13, 0(x11) x13=00000065 x11:00003c77  PA:00003c77
  40206ns            4017 00000240 00158593                     addi x11, x11, 1 x11=00003c78 x11:00003c77
  40216ns            4018 00000242 00d72023                       sw x13, 0(x14) x13:00000065 x14:10000000  PA:10000000
  40226ns            4019 00000244 fef59ce3                     bne x11, x15, -8 x11:00003c78 x15:00003c83
  40256ns            4022 0000023c 0005c683                      lbu x13, 0(x11) x13=00000073 x11:00003c78  PA:00003c78
  40266ns            4023 00000240 00158593                     addi x11, x11, 1 x11=00003c79 x11:00003c78
  40276ns            4024 00000242 00d72023                       sw x13, 0(x14) x13:00000073 x14:10000000  PA:10000000
  40286ns            4025 00000244 fef59ce3                     bne x11, x15, -8 x11:00003c79 x15:00003c83
  40316ns            4028 0000023c 0005c683                      lbu x13, 0(x11) x13=00000073 x11:00003c79  PA:00003c79
  40326ns            4029 00000240 00158593                     addi x11, x11, 1 x11=00003c7a x11:00003c79
  40336ns            4030 00000242 00d72023                       sw x13, 0(x14) x13:00000073 x14:10000000  PA:10000000
  40346ns            4031 00000244 fef59ce3                     bne x11, x15, -8 x11:00003c7a x15:00003c83
  40376ns            4034 0000023c 0005c683                      lbu x13, 0(x11) x13=0000006f x11:00003c7a  PA:00003c7a
  40386ns            4035 00000240 00158593                     addi x11, x11, 1 x11=00003c7b x11:00003c7a
  40396ns            4036 00000242 00d72023                       sw x13, 0(x14) x13:0000006f x14:10000000  PA:10000000
  40406ns            4037 00000244 fef59ce3                     bne x11, x15, -8 x11:00003c7b x15:00003c83
  40436ns            4040 0000023c 0005c683                      lbu x13, 0(x11) x13=00000072 x11:00003c7b  PA:00003c7b
  40446ns            4041 00000240 00158593                     addi x11, x11, 1 x11=00003c7c x11:00003c7b
  40456ns            4042 00000242 00d72023                       sw x13, 0(x14) x13:00000072 x14:10000000  PA:10000000
  40466ns            4043 00000244 fef59ce3                     bne x11, x15, -8 x11:00003c7c x15:00003c83
  40496ns            4046 0000023c 0005c683                      lbu x13, 0(x11) x13=00000020 x11:00003c7c  PA:00003c7c
  40506ns            4047 00000240 00158593                     addi x11, x11, 1 x11=00003c7d x11:00003c7c
  40516ns            4048 00000242 00d72023                       sw x13, 0(x14) x13:00000020 x14:10000000  PA:10000000
  40526ns            4049 00000244 fef59ce3                     bne x11, x15, -8 x11:00003c7d x15:00003c83
  40556ns            4052 0000023c 0005c683                      lbu x13, 0(x11) x13=00000063 x11:00003c7d  PA:00003c7d
  40566ns            4053 00000240 00158593                     addi x11, x11, 1 x11=00003c7e x11:00003c7d
  40576ns            4054 00000242 00d72023                       sw x13, 0(x14) x13:00000063 x14:10000000  PA:10000000
  40586ns            4055 00000244 fef59ce3                     bne x11, x15, -8 x11:00003c7e x15:00003c83
  40616ns            4058 0000023c 0005c683                      lbu x13, 0(x11) x13=0000006f x11:00003c7e  PA:00003c7e
  40626ns            4059 00000240 00158593                     addi x11, x11, 1 x11=00003c7f x11:00003c7e
  40636ns            4060 00000242 00d72023                       sw x13, 0(x14) x13:0000006f x14:10000000  PA:10000000
  40646ns            4061 00000244 fef59ce3                     bne x11, x15, -8 x11:00003c7f x15:00003c83
  40676ns            4064 0000023c 0005c683                      lbu x13, 0(x11) x13=00000072 x11:00003c7f  PA:00003c7f
  40686ns            4065 00000240 00158593                     addi x11, x11, 1 x11=00003c80 x11:00003c7f
  40696ns            4066 00000242 00d72023                       sw x13, 0(x14) x13:00000072 x14:10000000  PA:10000000
  40706ns            4067 00000244 fef59ce3                     bne x11, x15, -8 x11:00003c80 x15:00003c83
  40736ns            4070 0000023c 0005c683                      lbu x13, 0(x11) x13=00000065 x11:00003c80  PA:00003c80
  40746ns            4071 00000240 00158593                     addi x11, x11, 1 x11=00003c81 x11:00003c80
  40756ns            4072 00000242 00d72023                       sw x13, 0(x14) x13:00000065 x14:10000000  PA:10000000
  40766ns            4073 00000244 fef59ce3                     bne x11, x15, -8 x11:00003c81 x15:00003c83
  40796ns            4076 0000023c 0005c683                      lbu x13, 0(x11) x13=00000021 x11:00003c81  PA:00003c81
  40806ns            4077 00000240 00158593                     addi x11, x11, 1 x11=00003c82 x11:00003c81
  40816ns            4078 00000242 00d72023                       sw x13, 0(x14) x13:00000021 x14:10000000  PA:10000000
  40826ns            4079 00000244 fef59ce3                     bne x11, x15, -8 x11:00003c82 x15:00003c83
  40856ns            4082 0000023c 0005c683                      lbu x13, 0(x11) x13=0000000a x11:00003c82  PA:00003c82
  40866ns            4083 00000240 00158593                     addi x11, x11, 1 x11=00003c83 x11:00003c82
  40876ns            4084 00000242 00d72023                       sw x13, 0(x14) x13:0000000a x14:10000000  PA:10000000
  40886ns            4085 00000244 fef59ce3                     bne x11, x15, -8 x11:00003c83 x15:00003c83
  40896ns            4086 00000248 00c00533                     add x10, x0, x12 x10=00000043 x12:00000043
  40906ns            4087 0000024a 00008067                       jalr x0, x1, 0  x1:00002920
  40926ns            4089 00002920 fff00793                     addi x15, x0, -1 x15=ffffffff
  40936ns            4090 00002924 00f50c63                     beq x10, x15, 24 x10:00000043 x15:ffffffff
  40946ns            4091 00002928 00c12083                        lw x1, 12(x2)  x1=00002dc4  x2:00004390  PA:0000439c
  40956ns            4092 0000292c 00812403                         lw x8, 8(x2)  x8=0000370c  x2:00004390  PA:00004398
  40966ns            4093 00002930 00412483                         lw x9, 4(x2)  x9=00000043  x2:00004390  PA:00004394
  40976ns            4094 00002934 01010113                      addi x2, x2, 16  x2=000043a0  x2:00004390
  40986ns            4095 00002938 00008067                       jalr x0, x1, 0  x1:00002dc4
  41006ns            4097 00002dc4 40a484b3                      sub x9, x9, x10  x9=00000000  x9:00000043 x10:00000043
  41016ns            4098 00002dc8 fca04ee3                     blt x0, x10, -36 x10:00000043
  41046ns            4101 00002da4 00a90933                    add x18, x18, x10 x18=00003c83 x18:00003c40 x10:00000043
  41056ns            4102 00002da8 fa9052e3                      bge x0, x9, -92  x9:00000000
  41086ns            4105 00002d4c 00000513                      addi x10, x0, 0 x10=00000000
  41096ns            4106 00002d50 01c12083                        lw x1, 28(x2)  x1=00001544  x2:000043a0  PA:000043bc
  41106ns            4107 00002d54 01812403                        lw x8, 24(x2)  x8=0000370c  x2:000043a0  PA:000043b8
  41116ns            4108 00002d58 01412483                        lw x9, 20(x2)  x9=00004418  x2:000043a0  PA:000043b4
  41126ns            4109 00002d5c 01012903                       lw x18, 16(x2) x18=00000043  x2:000043a0  PA:000043b0
  41136ns            4110 00002d60 00c12983                       lw x19, 12(x2) x19=00000044  x2:000043a0  PA:000043ac
  41146ns            4111 00002d64 02010113                      addi x2, x2, 32  x2=000043c0  x2:000043a0
  41156ns            4112 00002d68 00008067                       jalr x0, x1, 0  x1:00001544
  41176ns            4114 00001544 e80502e3                    beq x10, x0, -380 x10:00000000
  41206ns            4117 000013c8 008a2603                       lw x12, 8(x20) x12=00000045 x20:00004404  PA:0000440c
  41216ns            4118 000013cc 012c0c33                    add x24, x24, x18 x24=000032d1 x24:0000328e x18:00000043
  41226ns            4119 000013d0 412989b3                    sub x19, x19, x18 x19=00000001 x19:00000044 x18:00000043
  41236ns            4120 000013d4 41260933                    sub x18, x12, x18 x18=00000002 x12:00000045 x18:00000043
  41246ns            4121 000013d8 012a2423                       sw x18, 8(x20) x18:00000002 x20:00004404  PA:0000440c
  41256ns            4122 000013dc 08091a63                     bne x18, x0, 148 x18:00000002
  41286ns            4125 00001470 ec098ae3                    beq x19, x0, -300 x19:00000001
  41296ns            4126 00001474 ee051ee3                    bne x10, x0, -260 x10:00000000
  41306ns            4127 00001478 00098613                     addi x12, x19, 0 x12=00000001 x19:00000001
  41316ns            4128 0000147c 00a00593                     addi x11, x0, 10 x11=0000000a
  41326ns            4129 00001480 000c0513                     addi x10, x24, 0 x10=000032d1 x24:000032d1
  41336ns            4130 00001484 22d000ef                         jal x1, 2604  x1=00001488
  41356ns            4132 00001eb0 00357793                     andi x15, x10, 3 x15=00000001 x10:000032d1
  41366ns            4133 00001eb4 0ff5f693                   andi x13, x11, 255 x13=0000000a x11:0000000a
  41376ns            4134 00001eb8 02078a63                      beq x15, x0, 52 x15:00000001
  41386ns            4135 00001ebc fff60793                    addi x15, x12, -1 x15=00000000 x12:00000001
  41396ns            4136 00001ec0 02060e63                      beq x12, x0, 60 x12:00000001
  41406ns            4137 00001ec4 fff00613                     addi x12, x0, -1 x12=ffffffff
  41416ns            4138 00001ec8 0180006f                           jal x0, 24
  41436ns            4140 00001ee0 00054703                      lbu x14, 0(x10) x14=0000000a x10:000032d1  PA:000032d1
  41456ns            4142 00001ee4 fed714e3                    bne x14, x13, -24 x14:0000000a x13:0000000a
  41466ns            4143 00001ee8 00008067                       jalr x0, x1, 0  x1:00001488
  41486ns            4145 00001488 ee0510e3                    bne x10, x0, -288 x10:000032d1
  41516ns            4148 00001368 00150513                     addi x10, x10, 1 x10=000032d2 x10:000032d1
  41526ns            4149 0000136c 41850b33                    sub x22, x10, x24 x22=00000001 x10:000032d2 x24:000032d1
  41536ns            4150 00001370 000b0793                     addi x15, x22, 0 x15=00000001 x22:00000001
  41546ns            4151 00001374 00098b93                     addi x23, x19, 0 x23=00000001 x19:00000001
  41556ns            4152 00001378 0137f463                     bgeu x15, x19, 8 x15:00000001 x19:00000001
  41586ns            4155 00001380 00042503                        lw x10, 0(x8) x10=00003c40  x8:0000370c  PA:0000370c
  41596ns            4156 00001384 01042783                       lw x15, 16(x8) x15=00003c40  x8:0000370c  PA:0000371c
  41606ns            4157 00001388 01442683                       lw x13, 20(x8) x13=00000400  x8:0000370c  PA:00003720
  41616ns            4158 0000138c 00a7f863                    bgeu x15, x10, 16 x15:00003c40 x10:00003c40
  41646ns            4161 0000139c 1adbc863                    blt x23, x13, 432 x23:00000001 x13:00000400
  41676ns            4164 0000154c 000b8613                     addi x12, x23, 0 x12=00000001 x23:00000001
  41686ns            4165 00001550 000c0593                     addi x11, x24, 0 x11=000032d1 x24:000032d1
  41696ns            4166 00001554 34d000ef                         jal x1, 2892  x1=00001558
  41716ns            4168 000020a0 02a5f663                    bgeu x11, x10, 44 x11:000032d1 x10:00003c40
  41726ns            4169 000020a4 00c587b3                    add x15, x11, x12 x15=000032d2 x11:000032d1 x12:00000001
  41736ns            4170 000020a8 02f57263                    bgeu x10, x15, 36 x10:00003c40 x15:000032d2
  41766ns            4173 000020cc 00f00793                     addi x15, x0, 15 x15=0000000f
  41776ns            4174 000020d0 02c7e863                    bltu x15, x12, 48 x15:0000000f x12:00000001
  41786ns            4175 000020d4 00050793                     addi x15, x10, 0 x15=00003c40 x10:00003c40
  41796ns            4176 000020d8 fff60693                    addi x13, x12, -1 x13=00000000 x12:00000001
  41806ns            4177 000020dc 0c060c63                     beq x12, x0, 216 x12:00000001
  41816ns            4178 000020e0 00168693                     addi x13, x13, 1 x13=00000001 x13:00000000
  41826ns            4179 000020e4 00d786b3                    add x13, x15, x13 x13=00003c41 x15:00003c40 x13:00000001
  41836ns            4180 000020e8 0005c703                      lbu x14, 0(x11) x14=0000000a x11:000032d1  PA:000032d1
  41846ns            4181 000020ec 00178793                     addi x15, x15, 1 x15=00003c41 x15:00003c40
  41856ns            4182 000020f0 00158593                     addi x11, x11, 1 x11=000032d2 x11:000032d1
  41866ns            4183 000020f4 fee78fa3                      sb x14, -1(x15) x14:0000000a x15:00003c41  PA:00003c40
  41876ns            4184 000020f8 fed798e3                    bne x15, x13, -16 x15:00003c41 x13:00003c41
  41886ns            4185 000020fc 00008067                       jalr x0, x1, 0  x1:00001558
  41906ns            4187 00001558 00842783                        lw x15, 8(x8) x15=00000000  x8:0000370c  PA:00003714
  41916ns            4188 0000155c 00042603                        lw x12, 0(x8) x12=00003c40  x8:0000370c  PA:0000370c
  41926ns            4189 00001560 000b8913                     addi x18, x23, 0 x18=00000001 x23:00000001
  41936ns            4190 00001564 417787b3                    sub x15, x15, x23 x15=ffffffff x15:00000000 x23:00000001
  41946ns            4191 00001568 01760633                    add x12, x12, x23 x12=00003c41 x12:00003c40 x23:00000001
  41956ns            4192 0000156c 00f42423                        sw x15, 8(x8) x15:ffffffff  x8:0000370c  PA:00003714
  41966ns            4193 00001570 00c42023                        sw x12, 0(x8) x12:00003c41  x8:0000370c  PA:0000370c
  41976ns            4194 00001574 e49ff06f                         jal x0, -440
  41996ns            4196 000013bc 412b0b33                    sub x22, x22, x18 x22=00000000 x22:00000001 x18:00000001
  42006ns            4197 000013c0 00100513                      addi x10, x0, 1 x10=00000001
  42016ns            4198 000013c4 160b0a63                     beq x22, x0, 372 x22:00000000
  42046ns            4201 00001538 00040593                      addi x11, x8, 0 x11=0000370c  x8:0000370c
  42056ns            4202 0000153c 000a8513                     addi x10, x21, 0 x10=000033b8 x21:000033b8
  42066ns            4203 00001540 14d010ef                         jal x1, 6476  x1=00001544
  42086ns            4205 00002e8c fe010113                     addi x2, x2, -32  x2=000043a0  x2:000043c0
  42096ns            4206 00002e90 00812c23                        sw x8, 24(x2)  x8:0000370c  x2:000043a0  PA:000043b8
  42106ns            4207 00002e94 00112e23                        sw x1, 28(x2)  x1:00001544  x2:000043a0  PA:000043bc
  42116ns            4208 00002e98 00050413                      addi x8, x10, 0  x8=000033b8 x10:000033b8
  42126ns            4209 00002e9c 00050663                      beq x10, x0, 12 x10:000033b8
  42136ns            4210 00002ea0 03852783                      lw x15, 56(x10) x15=00000001 x10:000033b8  PA:000033f0
  42156ns            4212 00002ea4 02078063                      beq x15, x0, 32 x15:00000001
  42166ns            4213 00002ea8 00c59783                      lh x15, 12(x11) x15=00002889 x11:0000370c  PA:00003718
  42186ns            4215 00002eac 02079663                      bne x15, x0, 44 x15:00002889
  42216ns            4218 00002ed8 00040513                      addi x10, x8, 0 x10=000033b8  x8:000033b8
  42226ns            4219 00002edc 01812403                        lw x8, 24(x2)  x8=0000370c  x2:000043a0  PA:000043b8
  42236ns            4220 00002ee0 01c12083                        lw x1, 28(x2)  x1=00001544  x2:000043a0  PA:000043bc
  42246ns            4221 00002ee4 02010113                      addi x2, x2, 32  x2=000043c0  x2:000043a0
  42256ns            4222 00002ee8 d49ff06f                         jal x0, -696
  42276ns            4224 00002c30 00c59783                      lh x15, 12(x11) x15=00002889 x11:0000370c  PA:00003718
  42286ns            4225 00002c34 fe010113                     addi x2, x2, -32  x2=000043a0  x2:000043c0
  42296ns            4226 00002c38 00812c23                        sw x8, 24(x2)  x8:0000370c  x2:000043a0  PA:000043b8
  42306ns            4227 00002c3c 01312623                       sw x19, 12(x2) x19:00000001  x2:000043a0  PA:000043ac
  42316ns            4228 00002c40 00112e23                        sw x1, 28(x2)  x1:00001544  x2:000043a0  PA:000043bc
  42326ns            4229 00002c44 00912a23                        sw x9, 20(x2)  x9:00004418  x2:000043a0  PA:000043b4
  42336ns            4230 00002c48 01212823                       sw x18, 16(x2) x18:00000001  x2:000043a0  PA:000043b0
  42346ns            4231 00002c4c 0087f693                     andi x13, x15, 8 x13=00000008 x15:00002889
  42356ns            4232 00002c50 00058413                      addi x8, x11, 0  x8=0000370c x11:0000370c
  42366ns            4233 00002c54 00050993                     addi x19, x10, 0 x19=000033b8 x10:000033b8
  42376ns            4234 00002c58 10069a63                     bne x13, x0, 276 x13:00000008
  42406ns            4237 00002d6c 0105a903                      lw x18, 16(x11) x18=00003c40 x11:0000370c  PA:0000371c
  42426ns            4239 00002d70 fc090ee3                     beq x18, x0, -36 x18:00003c40
  42436ns            4240 00002d74 0005a483                        lw x9, 0(x11)  x9=00003c41 x11:0000370c  PA:0000370c
  42446ns            4241 00002d78 01079713                  slli x14, x15, 0x10 x14=28890000 x15:00002889
  42456ns            4242 00002d7c 01075713                  srli x14, x14, 0x10 x14=00002889 x14:28890000
  42466ns            4243 00002d80 00377713                     andi x14, x14, 3 x14=00000001 x14:00002889
  42476ns            4244 00002d84 0125a023                       sw x18, 0(x11) x18:00003c40 x11:0000370c  PA:0000370c
  42486ns            4245 00002d88 412484b3                      sub x9, x9, x18  x9=00000001  x9:00003c41 x18:00003c40
  42496ns            4246 00002d8c 00000793                      addi x15, x0, 0 x15=00000000
  42506ns            4247 00002d90 00071463                       bne x14, x0, 8 x14:00000001
  42536ns            4250 00002d98 00f42423                        sw x15, 8(x8) x15:00000000  x8:0000370c  PA:00003714
  42546ns            4251 00002d9c 00904863                       blt x0, x9, 16  x9:00000001
  42576ns            4254 00002dac 02442783                       lw x15, 36(x8) x15=000027fc  x8:0000370c  PA:00003730
  42586ns            4255 00002db0 01c42583                       lw x11, 28(x8) x11=0000370c  x8:0000370c  PA:00003728
  42596ns            4256 00002db4 00048693                      addi x13, x9, 0 x13=00000001  x9:00000001
  42606ns            4257 00002db8 00090613                     addi x12, x18, 0 x12=00003c40 x18:00003c40
  42616ns            4258 00002dbc 00098513                     addi x10, x19, 0 x10=000033b8 x19:000033b8
  42626ns            4259 00002dc0 000780e7                      jalr x1, x15, 0  x1=00002dc4 x15:000027fc
  42646ns            4261 000027fc 00c59783                      lh x15, 12(x11) x15=00002889 x11:0000370c  PA:00003718
  42656ns            4262 00002800 fe010113                     addi x2, x2, -32  x2=00004380  x2:000043a0
  42666ns            4263 00002804 00812c23                        sw x8, 24(x2)  x8:0000370c  x2:00004380  PA:00004398
  42676ns            4264 00002808 00912a23                        sw x9, 20(x2)  x9:00000001  x2:00004380  PA:00004394
  42686ns            4265 0000280c 01212823                       sw x18, 16(x2) x18:00003c40  x2:00004380  PA:00004390
  42696ns            4266 00002810 01312623                       sw x19, 12(x2) x19:000033b8  x2:00004380  PA:0000438c
  42706ns            4267 00002814 00112e23                        sw x1, 28(x2)  x1:00002dc4  x2:00004380  PA:0000439c
  42716ns            4268 00002818 1007f713                   andi x14, x15, 256 x14=00000000 x15:00002889
  42726ns            4269 0000281c 00058413                      addi x8, x11, 0  x8=0000370c x11:0000370c
  42736ns            4270 00002820 00050493                      addi x9, x10, 0  x9=000033b8 x10:000033b8
  42746ns            4271 00002824 00e59583                      lh x11, 14(x11) x11=00000001 x11:0000370c  PA:0000371a
  42756ns            4272 00002828 00060913                     addi x18, x12, 0 x18=00003c40 x12:00003c40
  42766ns            4273 0000282c 00068993                     addi x19, x13, 0 x19=00000001 x13:00000001
  42776ns            4274 00002830 02071e63                      bne x14, x0, 60 x14:00000000
  42786ns            4275 00002834 fffff737                  lui x14, 0xfffff000 x14=fffff000
  42796ns            4276 00002838 fff70713                    addi x14, x14, -1 x14=ffffefff x14:fffff000
  42806ns            4277 0000283c 00e7f7b3                    and x15, x15, x14 x15=00002889 x15:00002889 x14:ffffefff
  42816ns            4278 00002840 00f41623                       sh x15, 12(x8) x15:00002889  x8:0000370c  PA:00003718
  42826ns            4279 00002844 01812403                        lw x8, 24(x2)  x8=0000370c  x2:00004380  PA:00004398
  42836ns            4280 00002848 01c12083                        lw x1, 28(x2)  x1=00002dc4  x2:00004380  PA:0000439c
  42846ns            4281 0000284c 00098693                     addi x13, x19, 0 x13=00000001 x19:00000001
  42856ns            4282 00002850 00090613                     addi x12, x18, 0 x12=00003c40 x18:00003c40
  42866ns            4283 00002854 00c12983                       lw x19, 12(x2) x19=000033b8  x2:00004380  PA:0000438c
  42876ns            4284 00002858 01012903                       lw x18, 16(x2) x18=00003c40  x2:00004380  PA:00004390
  42886ns            4285 0000285c 00048513                      addi x10, x9, 0 x10=000033b8  x9:000033b8
  42896ns            4286 00002860 01412483                        lw x9, 20(x2)  x9=00000001  x2:00004380  PA:00004394
  42906ns            4287 00002864 02010113                      addi x2, x2, 32  x2=000043a0  x2:00004380
  42916ns            4288 00002868 08c0006f                          jal x0, 140
  42936ns            4290 000028f4 ff010113                     addi x2, x2, -16  x2=00004390  x2:000043a0
  42946ns            4291 000028f8 00058713                     addi x14, x11, 0 x14=00000001 x11:00000001
  42956ns            4292 000028fc 00812423                         sw x8, 8(x2)  x8:0000370c  x2:00004390  PA:00004398
  42966ns            4293 00002900 00912223                         sw x9, 4(x2)  x9:00000001  x2:00004390  PA:00004394
  42976ns            4294 00002904 00060593                     addi x11, x12, 0 x11=00003c40 x12:00003c40
  42986ns            4295 00002908 00050413                      addi x8, x10, 0  x8=000033b8 x10:000033b8
  42996ns            4296 0000290c 00068613                     addi x12, x13, 0 x12=00000001 x13:00000001
  43006ns            4297 00002910 00070513                     addi x10, x14, 0 x10=00000001 x14:00000001
  43016ns            4298 00002914 00112623                        sw x1, 12(x2)  x1:00002dc4  x2:00004390  PA:0000439c
  43026ns            4299 00002918 0601ac23                       sw x0, 120(x3)  x3:00003bb8  PA:00003c30
  43036ns            4300 0000291c 907fd0ef                        jal x1, -9978  x1=00002920
  43056ns            4302 00000222 00100693                      addi x13, x0, 1 x13=00000001
  43066ns            4303 00000224 00c587b3                    add x15, x11, x12 x15=00003c41 x11:00003c40 x12:00000001
  43076ns            4304 00000228 10000737                  lui x14, 0x10000000 x14=10000000
  43086ns            4305 0000022c 00d50c63                     beq x10, x13, 24 x10:00000001 x13:00000001
  43116ns            4308 00000244 fef59ce3                     bne x11, x15, -8 x11:00003c40 x15:00003c41
  43146ns            4311 0000023c 0005c683                      lbu x13, 0(x11) x13=0000000a x11:00003c40  PA:00003c40
  43156ns            4312 00000240 00158593                     addi x11, x11, 1 x11=00003c41 x11:00003c40
  43166ns            4313 00000242 00d72023                       sw x13, 0(x14) x13:0000000a x14:10000000  PA:10000000
  43176ns            4314 00000244 fef59ce3                     bne x11, x15, -8 x11:00003c41 x15:00003c41
  43186ns            4315 00000248 00c00533                     add x10, x0, x12 x10=00000001 x12:00000001
  43196ns            4316 0000024a 00008067                       jalr x0, x1, 0  x1:00002920
  43216ns            4318 00002920 fff00793                     addi x15, x0, -1 x15=ffffffff
  43226ns            4319 00002924 00f50c63                     beq x10, x15, 24 x10:00000001 x15:ffffffff
  43236ns            4320 00002928 00c12083                        lw x1, 12(x2)  x1=00002dc4  x2:00004390  PA:0000439c
  43246ns            4321 0000292c 00812403                         lw x8, 8(x2)  x8=0000370c  x2:00004390  PA:00004398
  43256ns            4322 00002930 00412483                         lw x9, 4(x2)  x9=00000001  x2:00004390  PA:00004394
  43266ns            4323 00002934 01010113                      addi x2, x2, 16  x2=000043a0  x2:00004390
  43276ns            4324 00002938 00008067                       jalr x0, x1, 0  x1:00002dc4
  43296ns            4326 00002dc4 40a484b3                      sub x9, x9, x10  x9=00000000  x9:00000001 x10:00000001
  43306ns            4327 00002dc8 fca04ee3                     blt x0, x10, -36 x10:00000001
  43336ns            4330 00002da4 00a90933                    add x18, x18, x10 x18=00003c41 x18:00003c40 x10:00000001
  43346ns            4331 00002da8 fa9052e3                      bge x0, x9, -92  x9:00000000
  43376ns            4334 00002d4c 00000513                      addi x10, x0, 0 x10=00000000
  43386ns            4335 00002d50 01c12083                        lw x1, 28(x2)  x1=00001544  x2:000043a0  PA:000043bc
  43396ns            4336 00002d54 01812403                        lw x8, 24(x2)  x8=0000370c  x2:000043a0  PA:000043b8
  43406ns            4337 00002d58 01412483                        lw x9, 20(x2)  x9=00004418  x2:000043a0  PA:000043b4
  43416ns            4338 00002d5c 01012903                       lw x18, 16(x2) x18=00000001  x2:000043a0  PA:000043b0
  43426ns            4339 00002d60 00c12983                       lw x19, 12(x2) x19=00000001  x2:000043a0  PA:000043ac
  43436ns            4340 00002d64 02010113                      addi x2, x2, 32  x2=000043c0  x2:000043a0
  43446ns            4341 00002d68 00008067                       jalr x0, x1, 0  x1:00001544
  43466ns            4343 00001544 e80502e3                    beq x10, x0, -380 x10:00000000
  43496ns            4346 000013c8 008a2603                       lw x12, 8(x20) x12=00000002 x20:00004404  PA:0000440c
  43506ns            4347 000013cc 012c0c33                    add x24, x24, x18 x24=000032d2 x24:000032d1 x18:00000001
  43516ns            4348 000013d0 412989b3                    sub x19, x19, x18 x19=00000000 x19:00000001 x18:00000001
  43526ns            4349 000013d4 41260933                    sub x18, x12, x18 x18=00000001 x12:00000002 x18:00000001
  43536ns            4350 000013d8 012a2423                       sw x18, 8(x20) x18:00000001 x20:00004404  PA:0000440c
  43546ns            4351 000013dc 08091a63                     bne x18, x0, 148 x18:00000001
  43576ns            4354 00001470 ec098ae3                    beq x19, x0, -300 x19:00000000
  43606ns            4357 00001344 0044a983                        lw x19, 4(x9) x19=00000001  x9:00004418  PA:0000441c
  43616ns            4358 00001348 0004ac03                        lw x24, 0(x9) x24=000033ac  x9:00004418  PA:00004418
  43626ns            4359 0000134c 00848493                       addi x9, x9, 8  x9=00004420  x9:00004418
  43636ns            4360 00001350 fe098ae3                     beq x19, x0, -12 x19:00000001
  43646ns            4361 00001354 00098613                     addi x12, x19, 0 x12=00000001 x19:00000001
  43656ns            4362 00001358 00a00593                     addi x11, x0, 10 x11=0000000a
  43666ns            4363 0000135c 000c0513                     addi x10, x24, 0 x10=000033ac x24:000033ac
  43676ns            4364 00001360 351000ef                         jal x1, 2896  x1=00001364
  43696ns            4366 00001eb0 00357793                     andi x15, x10, 3 x15=00000000 x10:000033ac
  43706ns            4367 00001eb4 0ff5f693                   andi x13, x11, 255 x13=0000000a x11:0000000a
  43716ns            4368 00001eb8 02078a63                      beq x15, x0, 52 x15:00000000
  43746ns            4371 00001eec 00060793                     addi x15, x12, 0 x15=00000001 x12:00000001
  43756ns            4372 00001ef0 00300713                      addi x14, x0, 3 x14=00000003
  43766ns            4373 00001ef4 02f76663                    bltu x14, x15, 44 x14:00000003 x15:00000001
  43776ns            4374 00001ef8 00079663                      bne x15, x0, 12 x15:00000001
  43806ns            4377 00001f04 00f507b3                    add x15, x10, x15 x15=000033ad x10:000033ac x15:00000001
  43816ns            4378 00001f08 00c0006f                           jal x0, 12
  43836ns            4380 00001f14 00054703                      lbu x14, 0(x10) x14=0000000a x10:000033ac  PA:000033ac
  43856ns            4382 00001f18 fed71ae3                    bne x14, x13, -12 x14:0000000a x13:0000000a
  43866ns            4383 00001f1c 00008067                       jalr x0, x1, 0  x1:00001364
  43886ns            4385 00001364 12050463                     beq x10, x0, 296 x10:000033ac
  43896ns            4386 00001368 00150513                     addi x10, x10, 1 x10=000033ad x10:000033ac
  43906ns            4387 0000136c 41850b33                    sub x22, x10, x24 x22=00000001 x10:000033ad x24:000033ac
  43916ns            4388 00001370 000b0793                     addi x15, x22, 0 x15=00000001 x22:00000001
  43926ns            4389 00001374 00098b93                     addi x23, x19, 0 x23=00000001 x19:00000001
  43936ns            4390 00001378 0137f463                     bgeu x15, x19, 8 x15:00000001 x19:00000001
  43966ns            4393 00001380 00042503                        lw x10, 0(x8) x10=00003c40  x8:0000370c  PA:0000370c
  43976ns            4394 00001384 01042783                       lw x15, 16(x8) x15=00003c40  x8:0000370c  PA:0000371c
  43986ns            4395 00001388 01442683                       lw x13, 20(x8) x13=00000400  x8:0000370c  PA:00003720
  43996ns            4396 0000138c 00a7f863                    bgeu x15, x10, 16 x15:00003c40 x10:00003c40
  44026ns            4399 0000139c 1adbc863                    blt x23, x13, 432 x23:00000001 x13:00000400
  44056ns            4402 0000154c 000b8613                     addi x12, x23, 0 x12=00000001 x23:00000001
  44066ns            4403 00001550 000c0593                     addi x11, x24, 0 x11=000033ac x24:000033ac
  44076ns            4404 00001554 34d000ef                         jal x1, 2892  x1=00001558
  44096ns            4406 000020a0 02a5f663                    bgeu x11, x10, 44 x11:000033ac x10:00003c40
  44106ns            4407 000020a4 00c587b3                    add x15, x11, x12 x15=000033ad x11:000033ac x12:00000001
  44116ns            4408 000020a8 02f57263                    bgeu x10, x15, 36 x10:00003c40 x15:000033ad
  44146ns            4411 000020cc 00f00793                     addi x15, x0, 15 x15=0000000f
  44156ns            4412 000020d0 02c7e863                    bltu x15, x12, 48 x15:0000000f x12:00000001
  44166ns            4413 000020d4 00050793                     addi x15, x10, 0 x15=00003c40 x10:00003c40
  44176ns            4414 000020d8 fff60693                    addi x13, x12, -1 x13=00000000 x12:00000001
  44186ns            4415 000020dc 0c060c63                     beq x12, x0, 216 x12:00000001
  44196ns            4416 000020e0 00168693                     addi x13, x13, 1 x13=00000001 x13:00000000
  44206ns            4417 000020e4 00d786b3                    add x13, x15, x13 x13=00003c41 x15:00003c40 x13:00000001
  44216ns            4418 000020e8 0005c703                      lbu x14, 0(x11) x14=0000000a x11:000033ac  PA:000033ac
  44226ns            4419 000020ec 00178793                     addi x15, x15, 1 x15=00003c41 x15:00003c40
  44236ns            4420 000020f0 00158593                     addi x11, x11, 1 x11=000033ad x11:000033ac
  44246ns            4421 000020f4 fee78fa3                      sb x14, -1(x15) x14:0000000a x15:00003c41  PA:00003c40
  44256ns            4422 000020f8 fed798e3                    bne x15, x13, -16 x15:00003c41 x13:00003c41
  44266ns            4423 000020fc 00008067                       jalr x0, x1, 0  x1:00001558
  44286ns            4425 00001558 00842783                        lw x15, 8(x8) x15=00000000  x8:0000370c  PA:00003714
  44296ns            4426 0000155c 00042603                        lw x12, 0(x8) x12=00003c40  x8:0000370c  PA:0000370c
  44306ns            4427 00001560 000b8913                     addi x18, x23, 0 x18=00000001 x23:00000001
  44316ns            4428 00001564 417787b3                    sub x15, x15, x23 x15=ffffffff x15:00000000 x23:00000001
  44326ns            4429 00001568 01760633                    add x12, x12, x23 x12=00003c41 x12:00003c40 x23:00000001
  44336ns            4430 0000156c 00f42423                        sw x15, 8(x8) x15:ffffffff  x8:0000370c  PA:00003714
  44346ns            4431 00001570 00c42023                        sw x12, 0(x8) x12:00003c41  x8:0000370c  PA:0000370c
  44356ns            4432 00001574 e49ff06f                         jal x0, -440
  44376ns            4434 000013bc 412b0b33                    sub x22, x22, x18 x22=00000000 x22:00000001 x18:00000001
  44386ns            4435 000013c0 00100513                      addi x10, x0, 1 x10=00000001
  44396ns            4436 000013c4 160b0a63                     beq x22, x0, 372 x22:00000000
  44426ns            4439 00001538 00040593                      addi x11, x8, 0 x11=0000370c  x8:0000370c
  44436ns            4440 0000153c 000a8513                     addi x10, x21, 0 x10=000033b8 x21:000033b8
  44446ns            4441 00001540 14d010ef                         jal x1, 6476  x1=00001544
  44466ns            4443 00002e8c fe010113                     addi x2, x2, -32  x2=000043a0  x2:000043c0
  44476ns            4444 00002e90 00812c23                        sw x8, 24(x2)  x8:0000370c  x2:000043a0  PA:000043b8
  44486ns            4445 00002e94 00112e23                        sw x1, 28(x2)  x1:00001544  x2:000043a0  PA:000043bc
  44496ns            4446 00002e98 00050413                      addi x8, x10, 0  x8=000033b8 x10:000033b8
  44506ns            4447 00002e9c 00050663                      beq x10, x0, 12 x10:000033b8
  44516ns            4448 00002ea0 03852783                      lw x15, 56(x10) x15=00000001 x10:000033b8  PA:000033f0
  44536ns            4450 00002ea4 02078063                      beq x15, x0, 32 x15:00000001
  44546ns            4451 00002ea8 00c59783                      lh x15, 12(x11) x15=00002889 x11:0000370c  PA:00003718
  44566ns            4453 00002eac 02079663                      bne x15, x0, 44 x15:00002889
  44596ns            4456 00002ed8 00040513                      addi x10, x8, 0 x10=000033b8  x8:000033b8
  44606ns            4457 00002edc 01812403                        lw x8, 24(x2)  x8=0000370c  x2:000043a0  PA:000043b8
  44616ns            4458 00002ee0 01c12083                        lw x1, 28(x2)  x1=00001544  x2:000043a0  PA:000043bc
  44626ns            4459 00002ee4 02010113                      addi x2, x2, 32  x2=000043c0  x2:000043a0
  44636ns            4460 00002ee8 d49ff06f                         jal x0, -696
  44656ns            4462 00002c30 00c59783                      lh x15, 12(x11) x15=00002889 x11:0000370c  PA:00003718
  44666ns            4463 00002c34 fe010113                     addi x2, x2, -32  x2=000043a0  x2:000043c0
  44676ns            4464 00002c38 00812c23                        sw x8, 24(x2)  x8:0000370c  x2:000043a0  PA:000043b8
  44686ns            4465 00002c3c 01312623                       sw x19, 12(x2) x19:00000001  x2:000043a0  PA:000043ac
  44696ns            4466 00002c40 00112e23                        sw x1, 28(x2)  x1:00001544  x2:000043a0  PA:000043bc
  44706ns            4467 00002c44 00912a23                        sw x9, 20(x2)  x9:00004420  x2:000043a0  PA:000043b4
  44716ns            4468 00002c48 01212823                       sw x18, 16(x2) x18:00000001  x2:000043a0  PA:000043b0
  44726ns            4469 00002c4c 0087f693                     andi x13, x15, 8 x13=00000008 x15:00002889
  44736ns            4470 00002c50 00058413                      addi x8, x11, 0  x8=0000370c x11:0000370c
  44746ns            4471 00002c54 00050993                     addi x19, x10, 0 x19=000033b8 x10:000033b8
  44756ns            4472 00002c58 10069a63                     bne x13, x0, 276 x13:00000008
  44786ns            4475 00002d6c 0105a903                      lw x18, 16(x11) x18=00003c40 x11:0000370c  PA:0000371c
  44806ns            4477 00002d70 fc090ee3                     beq x18, x0, -36 x18:00003c40
  44816ns            4478 00002d74 0005a483                        lw x9, 0(x11)  x9=00003c41 x11:0000370c  PA:0000370c
  44826ns            4479 00002d78 01079713                  slli x14, x15, 0x10 x14=28890000 x15:00002889
  44836ns            4480 00002d7c 01075713                  srli x14, x14, 0x10 x14=00002889 x14:28890000
  44846ns            4481 00002d80 00377713                     andi x14, x14, 3 x14=00000001 x14:00002889
  44856ns            4482 00002d84 0125a023                       sw x18, 0(x11) x18:00003c40 x11:0000370c  PA:0000370c
  44866ns            4483 00002d88 412484b3                      sub x9, x9, x18  x9=00000001  x9:00003c41 x18:00003c40
  44876ns            4484 00002d8c 00000793                      addi x15, x0, 0 x15=00000000
  44886ns            4485 00002d90 00071463                       bne x14, x0, 8 x14:00000001
  44916ns            4488 00002d98 00f42423                        sw x15, 8(x8) x15:00000000  x8:0000370c  PA:00003714
  44926ns            4489 00002d9c 00904863                       blt x0, x9, 16  x9:00000001
  44956ns            4492 00002dac 02442783                       lw x15, 36(x8) x15=000027fc  x8:0000370c  PA:00003730
  44966ns            4493 00002db0 01c42583                       lw x11, 28(x8) x11=0000370c  x8:0000370c  PA:00003728
  44976ns            4494 00002db4 00048693                      addi x13, x9, 0 x13=00000001  x9:00000001
  44986ns            4495 00002db8 00090613                     addi x12, x18, 0 x12=00003c40 x18:00003c40
  44996ns            4496 00002dbc 00098513                     addi x10, x19, 0 x10=000033b8 x19:000033b8
  45006ns            4497 00002dc0 000780e7                      jalr x1, x15, 0  x1=00002dc4 x15:000027fc
  45026ns            4499 000027fc 00c59783                      lh x15, 12(x11) x15=00002889 x11:0000370c  PA:00003718
  45036ns            4500 00002800 fe010113                     addi x2, x2, -32  x2=00004380  x2:000043a0
  45046ns            4501 00002804 00812c23                        sw x8, 24(x2)  x8:0000370c  x2:00004380  PA:00004398
  45056ns            4502 00002808 00912a23                        sw x9, 20(x2)  x9:00000001  x2:00004380  PA:00004394
  45066ns            4503 0000280c 01212823                       sw x18, 16(x2) x18:00003c40  x2:00004380  PA:00004390
  45076ns            4504 00002810 01312623                       sw x19, 12(x2) x19:000033b8  x2:00004380  PA:0000438c
  45086ns            4505 00002814 00112e23                        sw x1, 28(x2)  x1:00002dc4  x2:00004380  PA:0000439c
  45096ns            4506 00002818 1007f713                   andi x14, x15, 256 x14=00000000 x15:00002889
  45106ns            4507 0000281c 00058413                      addi x8, x11, 0  x8=0000370c x11:0000370c
  45116ns            4508 00002820 00050493                      addi x9, x10, 0  x9=000033b8 x10:000033b8
  45126ns            4509 00002824 00e59583                      lh x11, 14(x11) x11=00000001 x11:0000370c  PA:0000371a
  45136ns            4510 00002828 00060913                     addi x18, x12, 0 x18=00003c40 x12:00003c40
  45146ns            4511 0000282c 00068993                     addi x19, x13, 0 x19=00000001 x13:00000001
  45156ns            4512 00002830 02071e63                      bne x14, x0, 60 x14:00000000
  45166ns            4513 00002834 fffff737                  lui x14, 0xfffff000 x14=fffff000
  45176ns            4514 00002838 fff70713                    addi x14, x14, -1 x14=ffffefff x14:fffff000
  45186ns            4515 0000283c 00e7f7b3                    and x15, x15, x14 x15=00002889 x15:00002889 x14:ffffefff
  45196ns            4516 00002840 00f41623                       sh x15, 12(x8) x15:00002889  x8:0000370c  PA:00003718
  45206ns            4517 00002844 01812403                        lw x8, 24(x2)  x8=0000370c  x2:00004380  PA:00004398
  45216ns            4518 00002848 01c12083                        lw x1, 28(x2)  x1=00002dc4  x2:00004380  PA:0000439c
  45226ns            4519 0000284c 00098693                     addi x13, x19, 0 x13=00000001 x19:00000001
  45236ns            4520 00002850 00090613                     addi x12, x18, 0 x12=00003c40 x18:00003c40
  45246ns            4521 00002854 00c12983                       lw x19, 12(x2) x19=000033b8  x2:00004380  PA:0000438c
  45256ns            4522 00002858 01012903                       lw x18, 16(x2) x18=00003c40  x2:00004380  PA:00004390
  45266ns            4523 0000285c 00048513                      addi x10, x9, 0 x10=000033b8  x9:000033b8
  45276ns            4524 00002860 01412483                        lw x9, 20(x2)  x9=00000001  x2:00004380  PA:00004394
  45286ns            4525 00002864 02010113                      addi x2, x2, 32  x2=000043a0  x2:00004380
  45296ns            4526 00002868 08c0006f                          jal x0, 140
  45316ns            4528 000028f4 ff010113                     addi x2, x2, -16  x2=00004390  x2:000043a0
  45326ns            4529 000028f8 00058713                     addi x14, x11, 0 x14=00000001 x11:00000001
  45336ns            4530 000028fc 00812423                         sw x8, 8(x2)  x8:0000370c  x2:00004390  PA:00004398
  45346ns            4531 00002900 00912223                         sw x9, 4(x2)  x9:00000001  x2:00004390  PA:00004394
  45356ns            4532 00002904 00060593                     addi x11, x12, 0 x11=00003c40 x12:00003c40
  45366ns            4533 00002908 00050413                      addi x8, x10, 0  x8=000033b8 x10:000033b8
  45376ns            4534 0000290c 00068613                     addi x12, x13, 0 x12=00000001 x13:00000001
  45386ns            4535 00002910 00070513                     addi x10, x14, 0 x10=00000001 x14:00000001
  45396ns            4536 00002914 00112623                        sw x1, 12(x2)  x1:00002dc4  x2:00004390  PA:0000439c
  45406ns            4537 00002918 0601ac23                       sw x0, 120(x3)  x3:00003bb8  PA:00003c30
  45416ns            4538 0000291c 907fd0ef                        jal x1, -9978  x1=00002920
  45436ns            4540 00000222 00100693                      addi x13, x0, 1 x13=00000001
  45446ns            4541 00000224 00c587b3                    add x15, x11, x12 x15=00003c41 x11:00003c40 x12:00000001
  45456ns            4542 00000228 10000737                  lui x14, 0x10000000 x14=10000000
  45466ns            4543 0000022c 00d50c63                     beq x10, x13, 24 x10:00000001 x13:00000001
  45496ns            4546 00000244 fef59ce3                     bne x11, x15, -8 x11:00003c40 x15:00003c41
  45526ns            4549 0000023c 0005c683                      lbu x13, 0(x11) x13=0000000a x11:00003c40  PA:00003c40
  45536ns            4550 00000240 00158593                     addi x11, x11, 1 x11=00003c41 x11:00003c40
  45546ns            4551 00000242 00d72023                       sw x13, 0(x14) x13:0000000a x14:10000000  PA:10000000
  45556ns            4552 00000244 fef59ce3                     bne x11, x15, -8 x11:00003c41 x15:00003c41
  45566ns            4553 00000248 00c00533                     add x10, x0, x12 x10=00000001 x12:00000001
  45576ns            4554 0000024a 00008067                       jalr x0, x1, 0  x1:00002920
  45596ns            4556 00002920 fff00793                     addi x15, x0, -1 x15=ffffffff
  45606ns            4557 00002924 00f50c63                     beq x10, x15, 24 x10:00000001 x15:ffffffff
  45616ns            4558 00002928 00c12083                        lw x1, 12(x2)  x1=00002dc4  x2:00004390  PA:0000439c
  45626ns            4559 0000292c 00812403                         lw x8, 8(x2)  x8=0000370c  x2:00004390  PA:00004398
  45636ns            4560 00002930 00412483                         lw x9, 4(x2)  x9=00000001  x2:00004390  PA:00004394
  45646ns            4561 00002934 01010113                      addi x2, x2, 16  x2=000043a0  x2:00004390
  45656ns            4562 00002938 00008067                       jalr x0, x1, 0  x1:00002dc4
  45676ns            4564 00002dc4 40a484b3                      sub x9, x9, x10  x9=00000000  x9:00000001 x10:00000001
  45686ns            4565 00002dc8 fca04ee3                     blt x0, x10, -36 x10:00000001
  45716ns            4568 00002da4 00a90933                    add x18, x18, x10 x18=00003c41 x18:00003c40 x10:00000001
  45726ns            4569 00002da8 fa9052e3                      bge x0, x9, -92  x9:00000000
  45756ns            4572 00002d4c 00000513                      addi x10, x0, 0 x10=00000000
  45766ns            4573 00002d50 01c12083                        lw x1, 28(x2)  x1=00001544  x2:000043a0  PA:000043bc
  45776ns            4574 00002d54 01812403                        lw x8, 24(x2)  x8=0000370c  x2:000043a0  PA:000043b8
  45786ns            4575 00002d58 01412483                        lw x9, 20(x2)  x9=00004420  x2:000043a0  PA:000043b4
  45796ns            4576 00002d5c 01012903                       lw x18, 16(x2) x18=00000001  x2:000043a0  PA:000043b0
  45806ns            4577 00002d60 00c12983                       lw x19, 12(x2) x19=00000001  x2:000043a0  PA:000043ac
  45816ns            4578 00002d64 02010113                      addi x2, x2, 32  x2=000043c0  x2:000043a0
  45826ns            4579 00002d68 00008067                       jalr x0, x1, 0  x1:00001544
  45846ns            4581 00001544 e80502e3                    beq x10, x0, -380 x10:00000000
  45876ns            4584 000013c8 008a2603                       lw x12, 8(x20) x12=00000001 x20:00004404  PA:0000440c
  45886ns            4585 000013cc 012c0c33                    add x24, x24, x18 x24=000033ad x24:000033ac x18:00000001
  45896ns            4586 000013d0 412989b3                    sub x19, x19, x18 x19=00000000 x19:00000001 x18:00000001
  45906ns            4587 000013d4 41260933                    sub x18, x12, x18 x18=00000000 x12:00000001 x18:00000001
  45916ns            4588 000013d8 012a2423                       sw x18, 8(x20) x18:00000000 x20:00004404  PA:0000440c
  45926ns            4589 000013dc 08091a63                     bne x18, x0, 148 x18:00000000
  45936ns            4590 000013e0 00000513                      addi x10, x0, 0 x10=00000000
  45946ns            4591 000013e4 02c12083                        lw x1, 44(x2)  x1=000005bc  x2:000043c0  PA:000043ec
  45956ns            4592 000013e8 02812403                        lw x8, 40(x2)  x8=000033b8  x2:000043c0  PA:000043e8
  45966ns            4593 000013ec 02412483                        lw x9, 36(x2)  x9=0000328c  x2:000043c0  PA:000043e4
  45976ns            4594 000013f0 02012903                       lw x18, 32(x2) x18=00000000  x2:000043c0  PA:000043e0
  45986ns            4595 000013f4 01c12983                       lw x19, 28(x2) x19=00000000  x2:000043c0  PA:000043dc
  45996ns            4596 000013f8 01812a03                       lw x20, 24(x2) x20=00000000  x2:000043c0  PA:000043d8
  46006ns            4597 000013fc 01412a83                       lw x21, 20(x2) x21=00000000  x2:000043c0  PA:000043d4
  46016ns            4598 00001400 01012b03                       lw x22, 16(x2) x22=00000000  x2:000043c0  PA:000043d0
  46026ns            4599 00001404 00c12b83                       lw x23, 12(x2) x23=00000000  x2:000043c0  PA:000043cc
  46036ns            4600 00001408 00812c03                        lw x24, 8(x2) x24=00000000  x2:000043c0  PA:000043c8
  46046ns            4601 0000140c 00412c83                        lw x25, 4(x2) x25=00000000  x2:000043c0  PA:000043c4
  46056ns            4602 00001410 00012d03                        lw x26, 0(x2) x26=00000000  x2:000043c0  PA:000043c0
  46066ns            4603 00001414 03010113                      addi x2, x2, 48  x2=000043f0  x2:000043c0
  46076ns            4604 00001418 00008067                       jalr x0, x1, 0  x1:000005bc
  46096ns            4606 000005bc 03c12083                        lw x1, 60(x2)  x1=000000d4  x2:000043f0  PA:0000442c
  46106ns            4607 000005c0 03812403                        lw x8, 56(x2)  x8=00000000  x2:000043f0  PA:00004428
  46116ns            4608 000005c4 00a03533                    sltu x10, x0, x10 x10=00000000 x10:00000000
  46126ns            4609 000005c8 40a00533                     sub x10, x0, x10 x10=00000000 x10:00000000
  46136ns            4610 000005cc ff557513                   andi x10, x10, -11 x10=00000000 x10:00000000
  46146ns            4611 000005d0 03412483                        lw x9, 52(x2)  x9=00000000  x2:000043f0  PA:00004424
  46156ns            4612 000005d4 00a50513                    addi x10, x10, 10 x10=0000000a x10:00000000
  46166ns            4613 000005d8 04010113                      addi x2, x2, 64  x2=00004430  x2:000043f0
  46176ns            4614 000005dc 00008067                       jalr x0, x1, 0  x1:000000d4
  46196ns            4616 000000d4 00c12083                        lw x1, 12(x2)  x1=000000be  x2:00004430  PA:0000443c
  46206ns            4617 000000d6 00000513                      addi x10, x0, 0 x10=00000000
  46216ns            4618 000000d8 01010113                      addi x2, x2, 16  x2=00004440  x2:00004430
  46226ns            4619 000000da 00008067                       jalr x0, x1, 0  x1:000000be
  46246ns            4621 000000be 2620006f                          jal x0, 610
  46266ns            4623 00000320 ff010113                     addi x2, x2, -16  x2=00004430  x2:00004440
  46276ns            4624 00000324 00000593                      addi x11, x0, 0 x11=00000000
  46286ns            4625 00000328 00812423                         sw x8, 8(x2)  x8:00000000  x2:00004430  PA:00004438
  46296ns            4626 0000032c 00112623                        sw x1, 12(x2)  x1:000000be  x2:00004430  PA:0000443c
  46306ns            4627 00000330 00050413                      addi x8, x10, 0  x8=00000000 x10:00000000
  46316ns            4628 00000334 538000ef                         jal x1, 1336  x1=00000338
  46336ns            4630 0000086c fd010113                     addi x2, x2, -48  x2=00004400  x2:00004430
  46346ns            4631 00000870 01412c23                       sw x20, 24(x2) x20:00000000  x2:00004400  PA:00004418
  46356ns            4632 00000874 0301aa03                       lw x20, 48(x3) x20=000033b8  x3:00003bb8  PA:00003be8
  46366ns            4633 00000878 03212023                       sw x18, 32(x2) x18:00000000  x2:00004400  PA:00004420
  46376ns            4634 0000087c 02112623                        sw x1, 44(x2)  x1:00000338  x2:00004400  PA:0000442c
  46386ns            4635 00000880 148a2903                     lw x18, 328(x20) x18=00003504 x20:000033b8  PA:00003500
  46396ns            4636 00000884 02812423                        sw x8, 40(x2)  x8:00000000  x2:00004400  PA:00004428
  46406ns            4637 00000888 02912223                        sw x9, 36(x2)  x9:00000000  x2:00004400  PA:00004424
  46416ns            4638 0000088c 01312e23                       sw x19, 28(x2) x19:00000000  x2:00004400  PA:0000441c
  46426ns            4639 00000890 01512a23                       sw x21, 20(x2) x21:00000000  x2:00004400  PA:00004414
  46436ns            4640 00000894 01612823                       sw x22, 16(x2) x22:00000000  x2:00004400  PA:00004410
  46446ns            4641 00000898 01712623                       sw x23, 12(x2) x23:00000000  x2:00004400  PA:0000440c
  46456ns            4642 0000089c 01812423                        sw x24, 8(x2) x24:00000000  x2:00004400  PA:00004408
  46466ns            4643 000008a0 04090063                      beq x18, x0, 64 x18:00003504
  46476ns            4644 000008a4 00050b13                     addi x22, x10, 0 x22=00000000 x10:00000000
  46486ns            4645 000008a8 00058b93                     addi x23, x11, 0 x23=00000000 x11:00000000
  46496ns            4646 000008ac 00100a93                      addi x21, x0, 1 x21=00000001
  46506ns            4647 000008b0 fff00993                     addi x19, x0, -1 x19=ffffffff
  46516ns            4648 000008b4 00492483                        lw x9, 4(x18)  x9=00000001 x18:00003504  PA:00003508
  46536ns            4650 000008b8 fff48413                      addi x8, x9, -1  x8=00000000  x9:00000001
  46546ns            4651 000008bc 02044263                       blt x8, x0, 36  x8:00000000
  46556ns            4652 000008c0 00249493                     slli x9, x9, 0x2  x9=00000004  x9:00000001
  46566ns            4653 000008c4 009904b3                      add x9, x18, x9  x9=00003508 x18:00003504  x9:00000004
  46576ns            4654 000008c8 040b8463                      beq x23, x0, 72 x23:00000000
  46606ns            4657 00000910 00492783                       lw x15, 4(x18) x15=00000001 x18:00003504  PA:00003508
  46616ns            4658 00000914 0044a683                        lw x13, 4(x9) x13=00000350  x9:00003508  PA:0000350c
  46626ns            4659 00000918 fff78793                    addi x15, x15, -1 x15=00000000 x15:00000001
  46636ns            4660 0000091c 04878e63                      beq x15, x8, 92 x15:00000000  x8:00000000
  46666ns            4663 00000978 00892223                        sw x8, 4(x18)  x8:00000000 x18:00003504  PA:00003508
  46676ns            4664 0000097c fa9ff06f                          jal x0, -88
  46696ns            4666 00000924 fa0688e3                     beq x13, x0, -80 x13:00000350
  46706ns            4667 00000928 18892783                     lw x15, 392(x18) x15=00000000 x18:00003504  PA:0000368c
  46716ns            4668 0000092c 008a9733                     sll x14, x21, x8 x14=00000001 x21:00000001  x8:00000000
  46726ns            4669 00000930 00492c03                       lw x24, 4(x18) x24=00000000 x18:00003504  PA:00003508
  46736ns            4670 00000934 00f777b3                    and x15, x14, x15 x15=00000000 x14:00000001 x15:00000000
  46746ns            4671 00000938 02079263                      bne x15, x0, 36 x15:00000000
  46756ns            4672 0000093c 000680e7                      jalr x1, x13, 0  x1=00000940 x13:00000350
  46776ns            4674 00000350 ff010113                     addi x2, x2, -16  x2=000043f0  x2:00004400
  46786ns            4675 00000354 00812423                         sw x8, 8(x2)  x8:00000000  x2:000043f0  PA:000043f8
  46796ns            4676 00000358 000037b7                      lui x15, 0x3000 x15=00003000
  46806ns            4677 0000035c 00003437                       lui x8, 0x3000  x8=00003000
  46816ns            4678 00000360 3b440413                     addi x8, x8, 948  x8=000033b4  x8:00003000
  46826ns            4679 00000364 3b478793                   addi x15, x15, 948 x15=000033b4 x15:00003000
  46836ns            4680 00000368 408787b3                     sub x15, x15, x8 x15=00000000 x15:000033b4  x8:000033b4
  46846ns            4681 0000036c 00912223                         sw x9, 4(x2)  x9:00003508  x2:000043f0  PA:000043f4
  46856ns            4682 00000370 00112623                        sw x1, 12(x2)  x1:00000940  x2:000043f0  PA:000043fc
  46866ns            4683 00000374 4027d493                  srai x9, x15, 0x402  x9=00000000 x15:00000000
  46876ns            4684 00000378 02048063                       beq x9, x0, 32  x9:00000000
  46906ns            4687 00000398 00c12083                        lw x1, 12(x2)  x1=00000940  x2:000043f0  PA:000043fc
  46916ns            4688 0000039c 00812403                         lw x8, 8(x2)  x8=00000000  x2:000043f0  PA:000043f8
  46926ns            4689 000003a0 00412483                         lw x9, 4(x2)  x9=00003508  x2:000043f0  PA:000043f4
  46936ns            4690 000003a4 01010113                      addi x2, x2, 16  x2=00004400  x2:000043f0
  46946ns            4691 000003a8 00008067                       jalr x0, x1, 0  x1:00000940
  46966ns            4693 00000940 00492703                       lw x14, 4(x18) x14=00000000 x18:00003504  PA:00003508
  46976ns            4694 00000944 148a2783                     lw x15, 328(x20) x15=00003504 x20:000033b8  PA:00003500
  46986ns            4695 00000948 01871463                      bne x14, x24, 8 x14:00000000 x24:00000000
  46996ns            4696 0000094c f8f904e3                   beq x18, x15, -120 x18:00003504 x15:00003504
  47026ns            4699 000008d4 fff40413                      addi x8, x8, -1  x8=ffffffff  x8:00000000
  47036ns            4700 000008d8 ffc48493                      addi x9, x9, -4  x9=00003504  x9:00003508
  47046ns            4701 000008dc ff3416e3                     bne x8, x19, -20  x8:ffffffff x19:ffffffff
  47056ns            4702 000008e0 02c12083                        lw x1, 44(x2)  x1=00000338  x2:00004400  PA:0000442c
  47066ns            4703 000008e4 02812403                        lw x8, 40(x2)  x8=00000000  x2:00004400  PA:00004428
  47076ns            4704 000008e8 02412483                        lw x9, 36(x2)  x9=00000000  x2:00004400  PA:00004424
  47086ns            4705 000008ec 02012903                       lw x18, 32(x2) x18=00000000  x2:00004400  PA:00004420
  47096ns            4706 000008f0 01c12983                       lw x19, 28(x2) x19=00000000  x2:00004400  PA:0000441c
  47106ns            4707 000008f4 01812a03                       lw x20, 24(x2) x20=00000000  x2:00004400  PA:00004418
  47116ns            4708 000008f8 01412a83                       lw x21, 20(x2) x21=00000000  x2:00004400  PA:00004414
  47126ns            4709 000008fc 01012b03                       lw x22, 16(x2) x22=00000000  x2:00004400  PA:00004410
  47136ns            4710 00000900 00c12b83                       lw x23, 12(x2) x23=00000000  x2:00004400  PA:0000440c
  47146ns            4711 00000904 00812c03                        lw x24, 8(x2) x24=00000000  x2:00004400  PA:00004408
  47156ns            4712 00000908 03010113                      addi x2, x2, 48  x2=00004430  x2:00004400
  47166ns            4713 0000090c 00008067                       jalr x0, x1, 0  x1:00000338
  47186ns            4715 00000338 0301a503                       lw x10, 48(x3) x10=000033b8  x3:00003bb8  PA:00003be8
  47206ns            4717 0000033c 03c52783                      lw x15, 60(x10) x15=00000994 x10:000033b8  PA:000033f4
  47226ns            4719 00000340 00078463                       beq x15, x0, 8 x15:00000994
  47236ns            4720 00000344 000780e7                      jalr x1, x15, 0  x1=00000348 x15:00000994
  47256ns            4722 00000994 000035b7                      lui x11, 0x3000 x11=00003000
  47266ns            4723 00000998 b1458593                 addi x11, x11, -1260 x11=00002b14 x11:00003000
  47276ns            4724 0000099c 4c90006f                         jal x0, 3272
  47296ns            4726 00001664 fd010113                     addi x2, x2, -48  x2=00004400  x2:00004430
  47306ns            4727 00001668 03212023                       sw x18, 32(x2) x18:00000000  x2:00004400  PA:00004420
  47316ns            4728 0000166c 01312e23                       sw x19, 28(x2) x19:00000000  x2:00004400  PA:0000441c
  47326ns            4729 00001670 01412c23                       sw x20, 24(x2) x20:00000000  x2:00004400  PA:00004418
  47336ns            4730 00001674 01512a23                       sw x21, 20(x2) x21:00000000  x2:00004400  PA:00004414
  47346ns            4731 00001678 01612823                       sw x22, 16(x2) x22:00000000  x2:00004400  PA:00004410
  47356ns            4732 0000167c 01712623                       sw x23, 12(x2) x23:00000000  x2:00004400  PA:0000440c
  47366ns            4733 00001680 02112623                        sw x1, 44(x2)  x1:00000348  x2:00004400  PA:0000442c
  47376ns            4734 00001684 02812423                        sw x8, 40(x2)  x8:00000000  x2:00004400  PA:00004428
  47386ns            4735 00001688 02912223                        sw x9, 36(x2)  x9:00000000  x2:00004400  PA:00004424
  47396ns            4736 0000168c 00050a93                     addi x21, x10, 0 x21=000033b8 x10:000033b8
  47406ns            4737 00001690 00058b93                     addi x23, x11, 0 x23=00002b14 x11:00002b14
  47416ns            4738 00001694 2e050b13                   addi x22, x10, 736 x22=00003698 x10:000033b8
  47426ns            4739 00001698 00000a13                      addi x20, x0, 0 x20=00000000
  47436ns            4740 0000169c 00100993                      addi x19, x0, 1 x19=00000001
  47446ns            4741 000016a0 fff00913                     addi x18, x0, -1 x18=ffffffff
  47456ns            4742 000016a4 004b2483                        lw x9, 4(x22)  x9=00000003 x22:00003698  PA:0000369c
  47466ns            4743 000016a8 008b2403                        lw x8, 8(x22)  x8=000036a4 x22:00003698  PA:000036a0
  47476ns            4744 000016ac fff48493                      addi x9, x9, -1  x9=00000002  x9:00000003
  47486ns            4745 000016b0 0204c863                       blt x9, x0, 48  x9:00000002
  47496ns            4746 000016b4 00c45783                      lhu x15, 12(x8) x15=00000004  x8:000036a4  PA:000036b0
  47506ns            4747 000016b8 fff48493                      addi x9, x9, -1  x9=00000001  x9:00000002
  47516ns            4748 000016bc 00f9fe63                    bgeu x19, x15, 28 x19:00000001 x15:00000004
  47526ns            4749 000016c0 00e41783                       lh x15, 14(x8) x15=00000000  x8:000036a4  PA:000036b2
  47536ns            4750 000016c4 00040593                      addi x11, x8, 0 x11=000036a4  x8:000036a4
  47546ns            4751 000016c8 000a8513                     addi x10, x21, 0 x10=000033b8 x21:000033b8
  47556ns            4752 000016cc 01278663                     beq x15, x18, 12 x15:00000000 x18:ffffffff
  47566ns            4753 000016d0 000b80e7                      jalr x1, x23, 0  x1=000016d4 x23:00002b14
  47586ns            4755 00002b14 ff010113                     addi x2, x2, -16  x2=000043f0  x2:00004400
  47596ns            4756 00002b18 00112623                        sw x1, 12(x2)  x1:000016d4  x2:000043f0  PA:000043fc
  47606ns            4757 00002b1c 00812423                         sw x8, 8(x2)  x8:000036a4  x2:000043f0  PA:000043f8
  47616ns            4758 00002b20 00912223                         sw x9, 4(x2)  x9:00000001  x2:000043f0  PA:000043f4
  47626ns            4759 00002b24 01212023                        sw x18, 0(x2) x18:ffffffff  x2:000043f0  PA:000043f0
  47636ns            4760 00002b28 02058063                      beq x11, x0, 32 x11:000036a4
  47646ns            4761 00002b2c 00058413                      addi x8, x11, 0  x8=000036a4 x11:000036a4
  47656ns            4762 00002b30 00050493                      addi x9, x10, 0  x9=000033b8 x10:000033b8
  47666ns            4763 00002b34 00050663                      beq x10, x0, 12 x10:000033b8
  47676ns            4764 00002b38 03852783                      lw x15, 56(x10) x15=00000001 x10:000033b8  PA:000033f0
  47696ns            4766 00002b3c 0a078c63                     beq x15, x0, 184 x15:00000001
  47706ns            4767 00002b40 00c41783                       lh x15, 12(x8) x15=00000004  x8:000036a4  PA:000036b0
  47726ns            4769 00002b44 02079263                      bne x15, x0, 36 x15:00000004
  47756ns            4772 00002b68 00040593                      addi x11, x8, 0 x11=000036a4  x8:000036a4
  47766ns            4773 00002b6c 00048513                      addi x10, x9, 0 x10=000033b8  x9:000033b8
  47776ns            4774 00002b70 0c0000ef                          jal x1, 192  x1=00002b74
  47796ns            4776 00002c30 00c59783                      lh x15, 12(x11) x15=00000004 x11:000036a4  PA:000036b0
  47806ns            4777 00002c34 fe010113                     addi x2, x2, -32  x2=000043d0  x2:000043f0
  47816ns            4778 00002c38 00812c23                        sw x8, 24(x2)  x8:000036a4  x2:000043d0  PA:000043e8
  47826ns            4779 00002c3c 01312623                       sw x19, 12(x2) x19:00000001  x2:000043d0  PA:000043dc
  47836ns            4780 00002c40 00112e23                        sw x1, 28(x2)  x1:00002b74  x2:000043d0  PA:000043ec
  47846ns            4781 00002c44 00912a23                        sw x9, 20(x2)  x9:000033b8  x2:000043d0  PA:000043e4
  47856ns            4782 00002c48 01212823                       sw x18, 16(x2) x18:ffffffff  x2:000043d0  PA:000043e0
  47866ns            4783 00002c4c 0087f693                     andi x13, x15, 8 x13=00000000 x15:00000004
  47876ns            4784 00002c50 00058413                      addi x8, x11, 0  x8=000036a4 x11:000036a4
  47886ns            4785 00002c54 00050993                     addi x19, x10, 0 x19=000033b8 x10:000033b8
  47896ns            4786 00002c58 10069a63                     bne x13, x0, 276 x13:00000000
  47906ns            4787 00002c5c 00001737                      lui x14, 0x1000 x14=00001000
  47916ns            4788 00002c60 80070713                 addi x14, x14, -2048 x14=00000800 x14:00001000
  47926ns            4789 00002c64 0045a683                       lw x13, 4(x11) x13=00000000 x11:000036a4  PA:000036a8
  47936ns            4790 00002c68 00e7e7b3                     or x15, x15, x14 x15=00000804 x15:00000004 x14:00000800
  47946ns            4791 00002c6c 00f59623                      sh x15, 12(x11) x15:00000804 x11:000036a4  PA:000036b0
  47956ns            4792 00002c70 18d05463                     bge x0, x13, 392 x13:00000000
  47986ns            4795 00002df8 03c5a703                      lw x14, 60(x11) x14=00000000 x11:000036a4  PA:000036e0
  48006ns            4797 00002dfc e6e04ce3                    blt x0, x14, -392 x14:00000000
  48016ns            4798 00002e00 f4dff06f                         jal x0, -180
  48036ns            4800 00002d4c 00000513                      addi x10, x0, 0 x10=00000000
  48046ns            4801 00002d50 01c12083                        lw x1, 28(x2)  x1=00002b74  x2:000043d0  PA:000043ec
  48056ns            4802 00002d54 01812403                        lw x8, 24(x2)  x8=000036a4  x2:000043d0  PA:000043e8
  48066ns            4803 00002d58 01412483                        lw x9, 20(x2)  x9=000033b8  x2:000043d0  PA:000043e4
  48076ns            4804 00002d5c 01012903                       lw x18, 16(x2) x18=ffffffff  x2:000043d0  PA:000043e0
  48086ns            4805 00002d60 00c12983                       lw x19, 12(x2) x19=00000001  x2:000043d0  PA:000043dc
  48096ns            4806 00002d64 02010113                      addi x2, x2, 32  x2=000043f0  x2:000043d0
  48106ns            4807 00002d68 00008067                       jalr x0, x1, 0  x1:00002b74
  48126ns            4809 00002b74 02c42783                       lw x15, 44(x8) x15=000028ec  x8:000036a4  PA:000036d0
  48136ns            4810 00002b78 00050913                     addi x18, x10, 0 x18=00000000 x10:00000000
  48146ns            4811 00002b7c 00078a63                      beq x15, x0, 20 x15:000028ec
  48156ns            4812 00002b80 01c42583                       lw x11, 28(x8) x11=000036a4  x8:000036a4  PA:000036c0
  48166ns            4813 00002b84 00048513                      addi x10, x9, 0 x10=000033b8  x9:000033b8
  48176ns            4814 00002b88 000780e7                      jalr x1, x15, 0  x1=00002b8c x15:000028ec
  48196ns            4816 000028ec 00e59583                      lh x11, 14(x11) x11=00000000 x11:000036a4  PA:000036b2
  48206ns            4817 000028f0 1c80006f                          jal x0, 456
  48226ns            4819 00002ab8 ff010113                     addi x2, x2, -16  x2=000043e0  x2:000043f0
  48236ns            4820 00002abc 00812423                         sw x8, 8(x2)  x8:000036a4  x2:000043e0  PA:000043e8
  48246ns            4821 00002ac0 00912223                         sw x9, 4(x2)  x9:000033b8  x2:000043e0  PA:000043e4
  48256ns            4822 00002ac4 00050413                      addi x8, x10, 0  x8=000033b8 x10:000033b8
  48266ns            4823 00002ac8 00058513                     addi x10, x11, 0 x10=00000000 x11:00000000
  48276ns            4824 00002acc 00112623                        sw x1, 12(x2)  x1:00002b8c  x2:000043e0  PA:000043ec
  48286ns            4825 00002ad0 0601ac23                       sw x0, 120(x3)  x3:00003bb8  PA:00003c30
  48296ns            4826 00002ad4 e74fd0ef                       jal x1, -10636  x1=00002ad8
  48316ns            4828 00000148 fff00513                     addi x10, x0, -1 x10=ffffffff
  48326ns            4829 0000014a 00008067                       jalr x0, x1, 0  x1:00002ad8
  48346ns            4831 00002ad8 fff00793                     addi x15, x0, -1 x15=ffffffff
  48356ns            4832 00002adc 00f50c63                     beq x10, x15, 24 x10:ffffffff x15:ffffffff
  48386ns            4835 00002af4 0781a783                      lw x15, 120(x3) x15=00000000  x3:00003bb8  PA:00003c30
  48406ns            4837 00002af8 fe0784e3                     beq x15, x0, -24 x15:00000000
  48436ns            4840 00002ae0 00c12083                        lw x1, 12(x2)  x1=00002b8c  x2:000043e0  PA:000043ec
  48446ns            4841 00002ae4 00812403                         lw x8, 8(x2)  x8=000036a4  x2:000043e0  PA:000043e8
  48456ns            4842 00002ae8 00412483                         lw x9, 4(x2)  x9=000033b8  x2:000043e0  PA:000043e4
  48466ns            4843 00002aec 01010113                      addi x2, x2, 16  x2=000043f0  x2:000043e0
  48476ns            4844 00002af0 00008067                       jalr x0, x1, 0  x1:00002b8c
  48496ns            4846 00002b8c 06054c63                     blt x10, x0, 120 x10:ffffffff
  48526ns            4849 00002c04 00c45783                      lhu x15, 12(x8) x15=00000804  x8:000036a4  PA:000036b0
  48536ns            4850 00002c08 fff00913                     addi x18, x0, -1 x18=ffffffff
  48546ns            4851 00002c0c 0807f793                   andi x15, x15, 128 x15=00000000 x15:00000804
  48556ns            4852 00002c10 f80786e3                    beq x15, x0, -116 x15:00000000
  48586ns            4855 00002b9c 03042583                       lw x11, 48(x8) x11=00000000  x8:000036a4  PA:000036d4
  48606ns            4857 00002ba0 00058c63                      beq x11, x0, 24 x11:00000000
  48636ns            4860 00002bb8 04442583                       lw x11, 68(x8) x11=00000000  x8:000036a4  PA:000036e8
  48656ns            4862 00002bbc 00058863                      beq x11, x0, 16 x11:00000000
  48686ns            4865 00002bcc 8ecfe0ef                        jal x1, -7956  x1=00002bd0
  48706ns            4867 00000cb8 00008067                       jalr x0, x1, 0  x1:00002bd0
  48726ns            4869 00002bd0 00041623                        sh x0, 12(x8)  x8:000036a4  PA:000036b0
  48736ns            4870 00002bd4 8e8fe0ef                        jal x1, -7960  x1=00002bd8
  48756ns            4872 00000cbc 00008067                       jalr x0, x1, 0  x1:00002bd8
  48776ns            4874 00002bd8 00c12083                        lw x1, 12(x2)  x1=000016d4  x2:000043f0  PA:000043fc
  48786ns            4875 00002bdc 00812403                         lw x8, 8(x2)  x8=000036a4  x2:000043f0  PA:000043f8
  48796ns            4876 00002be0 00412483                         lw x9, 4(x2)  x9=00000001  x2:000043f0  PA:000043f4
  48806ns            4877 00002be4 00090513                     addi x10, x18, 0 x10=ffffffff x18:ffffffff
  48816ns            4878 00002be8 00012903                        lw x18, 0(x2) x18=ffffffff  x2:000043f0  PA:000043f0
  48826ns            4879 00002bec 01010113                      addi x2, x2, 16  x2=00004400  x2:000043f0
  48836ns            4880 00002bf0 00008067                       jalr x0, x1, 0  x1:000016d4
  48856ns            4882 000016d4 00aa6a33                     or x20, x20, x10 x20=ffffffff x20:00000000 x10:ffffffff
  48866ns            4883 000016d8 06840413                     addi x8, x8, 104  x8=0000370c  x8:000036a4
  48876ns            4884 000016dc fd249ce3                     bne x9, x18, -40  x9:00000001 x18:ffffffff
  48906ns            4887 000016b4 00c45783                      lhu x15, 12(x8) x15=00002889  x8:0000370c  PA:00003718
  48916ns            4888 000016b8 fff48493                      addi x9, x9, -1  x9=00000000  x9:00000001
  48926ns            4889 000016bc 00f9fe63                    bgeu x19, x15, 28 x19:00000001 x15:00002889
  48936ns            4890 000016c0 00e41783                       lh x15, 14(x8) x15=00000001  x8:0000370c  PA:0000371a
  48946ns            4891 000016c4 00040593                      addi x11, x8, 0 x11=0000370c  x8:0000370c
  48956ns            4892 000016c8 000a8513                     addi x10, x21, 0 x10=000033b8 x21:000033b8
  48966ns            4893 000016cc 01278663                     beq x15, x18, 12 x15:00000001 x18:ffffffff
  48976ns            4894 000016d0 000b80e7                      jalr x1, x23, 0  x1=000016d4 x23:00002b14
  48996ns            4896 00002b14 ff010113                     addi x2, x2, -16  x2=000043f0  x2:00004400
  49006ns            4897 00002b18 00112623                        sw x1, 12(x2)  x1:000016d4  x2:000043f0  PA:000043fc
  49016ns            4898 00002b1c 00812423                         sw x8, 8(x2)  x8:0000370c  x2:000043f0  PA:000043f8
  49026ns            4899 00002b20 00912223                         sw x9, 4(x2)  x9:00000000  x2:000043f0  PA:000043f4
  49036ns            4900 00002b24 01212023                        sw x18, 0(x2) x18:ffffffff  x2:000043f0  PA:000043f0
  49046ns            4901 00002b28 02058063                      beq x11, x0, 32 x11:0000370c
  49056ns            4902 00002b2c 00058413                      addi x8, x11, 0  x8=0000370c x11:0000370c
  49066ns            4903 00002b30 00050493                      addi x9, x10, 0  x9=000033b8 x10:000033b8
  49076ns            4904 00002b34 00050663                      beq x10, x0, 12 x10:000033b8
  49086ns            4905 00002b38 03852783                      lw x15, 56(x10) x15=00000001 x10:000033b8  PA:000033f0
  49106ns            4907 00002b3c 0a078c63                     beq x15, x0, 184 x15:00000001
  49116ns            4908 00002b40 00c41783                       lh x15, 12(x8) x15=00002889  x8:0000370c  PA:00003718
  49136ns            4910 00002b44 02079263                      bne x15, x0, 36 x15:00002889
  49166ns            4913 00002b68 00040593                      addi x11, x8, 0 x11=0000370c  x8:0000370c
  49176ns            4914 00002b6c 00048513                      addi x10, x9, 0 x10=000033b8  x9:000033b8
  49186ns            4915 00002b70 0c0000ef                          jal x1, 192  x1=00002b74
  49206ns            4917 00002c30 00c59783                      lh x15, 12(x11) x15=00002889 x11:0000370c  PA:00003718
  49216ns            4918 00002c34 fe010113                     addi x2, x2, -32  x2=000043d0  x2:000043f0
  49226ns            4919 00002c38 00812c23                        sw x8, 24(x2)  x8:0000370c  x2:000043d0  PA:000043e8
  49236ns            4920 00002c3c 01312623                       sw x19, 12(x2) x19:00000001  x2:000043d0  PA:000043dc
  49246ns            4921 00002c40 00112e23                        sw x1, 28(x2)  x1:00002b74  x2:000043d0  PA:000043ec
  49256ns            4922 00002c44 00912a23                        sw x9, 20(x2)  x9:000033b8  x2:000043d0  PA:000043e4
  49266ns            4923 00002c48 01212823                       sw x18, 16(x2) x18:ffffffff  x2:000043d0  PA:000043e0
  49276ns            4924 00002c4c 0087f693                     andi x13, x15, 8 x13=00000008 x15:00002889
  49286ns            4925 00002c50 00058413                      addi x8, x11, 0  x8=0000370c x11:0000370c
  49296ns            4926 00002c54 00050993                     addi x19, x10, 0 x19=000033b8 x10:000033b8
  49306ns            4927 00002c58 10069a63                     bne x13, x0, 276 x13:00000008
  49336ns            4930 00002d6c 0105a903                      lw x18, 16(x11) x18=00003c40 x11:0000370c  PA:0000371c
  49356ns            4932 00002d70 fc090ee3                     beq x18, x0, -36 x18:00003c40
  49366ns            4933 00002d74 0005a483                        lw x9, 0(x11)  x9=00003c40 x11:0000370c  PA:0000370c
  49376ns            4934 00002d78 01079713                  slli x14, x15, 0x10 x14=28890000 x15:00002889
  49386ns            4935 00002d7c 01075713                  srli x14, x14, 0x10 x14=00002889 x14:28890000
  49396ns            4936 00002d80 00377713                     andi x14, x14, 3 x14=00000001 x14:00002889
  49406ns            4937 00002d84 0125a023                       sw x18, 0(x11) x18:00003c40 x11:0000370c  PA:0000370c
  49416ns            4938 00002d88 412484b3                      sub x9, x9, x18  x9=00000000  x9:00003c40 x18:00003c40
  49426ns            4939 00002d8c 00000793                      addi x15, x0, 0 x15=00000000
  49436ns            4940 00002d90 00071463                       bne x14, x0, 8 x14:00000001
  49466ns            4943 00002d98 00f42423                        sw x15, 8(x8) x15:00000000  x8:0000370c  PA:00003714
  49476ns            4944 00002d9c 00904863                       blt x0, x9, 16  x9:00000000
  49486ns            4945 00002da0 fadff06f                          jal x0, -84
  49506ns            4947 00002d4c 00000513                      addi x10, x0, 0 x10=00000000
  49516ns            4948 00002d50 01c12083                        lw x1, 28(x2)  x1=00002b74  x2:000043d0  PA:000043ec
  49526ns            4949 00002d54 01812403                        lw x8, 24(x2)  x8=0000370c  x2:000043d0  PA:000043e8
  49536ns            4950 00002d58 01412483                        lw x9, 20(x2)  x9=000033b8  x2:000043d0  PA:000043e4
  49546ns            4951 00002d5c 01012903                       lw x18, 16(x2) x18=ffffffff  x2:000043d0  PA:000043e0
  49556ns            4952 00002d60 00c12983                       lw x19, 12(x2) x19=00000001  x2:000043d0  PA:000043dc
  49566ns            4953 00002d64 02010113                      addi x2, x2, 32  x2=000043f0  x2:000043d0
  49576ns            4954 00002d68 00008067                       jalr x0, x1, 0  x1:00002b74
  49596ns            4956 00002b74 02c42783                       lw x15, 44(x8) x15=000028ec  x8:0000370c  PA:00003738
  49606ns            4957 00002b78 00050913                     addi x18, x10, 0 x18=00000000 x10:00000000
  49616ns            4958 00002b7c 00078a63                      beq x15, x0, 20 x15:000028ec
  49626ns            4959 00002b80 01c42583                       lw x11, 28(x8) x11=0000370c  x8:0000370c  PA:00003728
  49636ns            4960 00002b84 00048513                      addi x10, x9, 0 x10=000033b8  x9:000033b8
  49646ns            4961 00002b88 000780e7                      jalr x1, x15, 0  x1=00002b8c x15:000028ec
  49666ns            4963 000028ec 00e59583                      lh x11, 14(x11) x11=00000001 x11:0000370c  PA:0000371a
  49676ns            4964 000028f0 1c80006f                          jal x0, 456
  49696ns            4966 00002ab8 ff010113                     addi x2, x2, -16  x2=000043e0  x2:000043f0
  49706ns            4967 00002abc 00812423                         sw x8, 8(x2)  x8:0000370c  x2:000043e0  PA:000043e8
  49716ns            4968 00002ac0 00912223                         sw x9, 4(x2)  x9:000033b8  x2:000043e0  PA:000043e4
  49726ns            4969 00002ac4 00050413                      addi x8, x10, 0  x8=000033b8 x10:000033b8
  49736ns            4970 00002ac8 00058513                     addi x10, x11, 0 x10=00000001 x11:00000001
  49746ns            4971 00002acc 00112623                        sw x1, 12(x2)  x1:00002b8c  x2:000043e0  PA:000043ec
  49756ns            4972 00002ad0 0601ac23                       sw x0, 120(x3)  x3:00003bb8  PA:00003c30
  49766ns            4973 00002ad4 e74fd0ef                       jal x1, -10636  x1=00002ad8
  49786ns            4975 00000148 fff00513                     addi x10, x0, -1 x10=ffffffff
  49796ns            4976 0000014a 00008067                       jalr x0, x1, 0  x1:00002ad8
  49816ns            4978 00002ad8 fff00793                     addi x15, x0, -1 x15=ffffffff
  49826ns            4979 00002adc 00f50c63                     beq x10, x15, 24 x10:ffffffff x15:ffffffff
  49856ns            4982 00002af4 0781a783                      lw x15, 120(x3) x15=00000000  x3:00003bb8  PA:00003c30
  49876ns            4984 00002af8 fe0784e3                     beq x15, x0, -24 x15:00000000
  49906ns            4987 00002ae0 00c12083                        lw x1, 12(x2)  x1=00002b8c  x2:000043e0  PA:000043ec
  49916ns            4988 00002ae4 00812403                         lw x8, 8(x2)  x8=0000370c  x2:000043e0  PA:000043e8
  49926ns            4989 00002ae8 00412483                         lw x9, 4(x2)  x9=000033b8  x2:000043e0  PA:000043e4
  49936ns            4990 00002aec 01010113                      addi x2, x2, 16  x2=000043f0  x2:000043e0
  49946ns            4991 00002af0 00008067                       jalr x0, x1, 0  x1:00002b8c
  49966ns            4993 00002b8c 06054c63                     blt x10, x0, 120 x10:ffffffff
  49996ns            4996 00002c04 00c45783                      lhu x15, 12(x8) x15=00002889  x8:0000370c  PA:00003718
  50006ns            4997 00002c08 fff00913                     addi x18, x0, -1 x18=ffffffff
  50016ns            4998 00002c0c 0807f793                   andi x15, x15, 128 x15=00000080 x15:00002889
  50026ns            4999 00002c10 f80786e3                    beq x15, x0, -116 x15:00000080
  50036ns            5000 00002c14 01042583                       lw x11, 16(x8) x11=00003c40  x8:0000370c  PA:0000371c
  50046ns            5001 00002c18 00048513                      addi x10, x9, 0 x10=000033b8  x9:000033b8
  50056ns            5002 00002c1c 9fcfe0ef                        jal x1, -7684  x1=00002c20
  50076ns            5004 00000e18 12058463                     beq x11, x0, 296 x11:00003c40
  50086ns            5005 00000e1c ff010113                     addi x2, x2, -16  x2=000043e0  x2:000043f0
  50096ns            5006 00000e20 00812423                         sw x8, 8(x2)  x8:0000370c  x2:000043e0  PA:000043e8
  50106ns            5007 00000e24 00912223                         sw x9, 4(x2)  x9:000033b8  x2:000043e0  PA:000043e4
  50116ns            5008 00000e28 00058413                      addi x8, x11, 0  x8=00003c40 x11:00003c40
  50126ns            5009 00000e2c 00050493                      addi x9, x10, 0  x9=000033b8 x10:000033b8
  50136ns            5010 00000e30 00112623                        sw x1, 12(x2)  x1:00002c20  x2:000043e0  PA:000043ec
  50146ns            5011 00000e34 38c010ef                         jal x1, 5004  x1=00000e38
  50166ns            5013 000021c0 00008067                       jalr x0, x1, 0  x1:00000e38
  50186ns            5015 00000e38 ffc42803                       lw x16, -4(x8) x16=00000409  x8:00003c40  PA:00003c3c
  50196ns            5016 00000e3c ff840713                     addi x14, x8, -8 x14=00003c38  x8:00003c40
  50206ns            5017 00000e40 ffe87793                    andi x15, x16, -2 x15=00000408 x16:00000409
  50216ns            5018 00000e44 00f70633                    add x12, x14, x15 x12=00004040 x14:00003c38 x15:00000408
  50226ns            5019 00000e48 c2818593                   addi x11, x3, -984 x11=000037e0  x3:00003bb8
  50236ns            5020 00000e4c 00462683                       lw x13, 4(x12) x13=00000fa9 x12:00004040  PA:00004044
  50246ns            5021 00000e50 0085a503                       lw x10, 8(x11) x10=00004040 x11:000037e0  PA:000037e8
  50256ns            5022 00000e54 ffc6f693                    andi x13, x13, -4 x13=00000fa8 x13:00000fa9
  50266ns            5023 00000e58 1ac50663                    beq x10, x12, 428 x10:00004040 x12:00004040
  50296ns            5026 00001004 00187813                     andi x16, x16, 1 x16=00000001 x16:00000409
  50306ns            5027 00001008 00d787b3                    add x15, x15, x13 x15=000013b0 x15:00000408 x13:00000fa8
  50316ns            5028 0000100c 02081063                      bne x16, x0, 32 x16:00000001
  50346ns            5031 0000102c 0017e613                      ori x12, x15, 1 x12=000013b1 x15:000013b0
  50356ns            5032 00001030 0401a683                       lw x13, 64(x3) x13=00020000  x3:00003bb8  PA:00003bf8
  50366ns            5033 00001034 00c72223                       sw x12, 4(x14) x12:000013b1 x14:00003c38  PA:00003c3c
  50376ns            5034 00001038 00e5a423                       sw x14, 8(x11) x14:00003c38 x11:000037e0  PA:000037e8
  50386ns            5035 0000103c ead7e8e3                  bltu x15, x13, -336 x15:000013b0 x13:00020000
  50416ns            5038 00000eec 00812403                         lw x8, 8(x2)  x8=0000370c  x2:000043e0  PA:000043e8
  50426ns            5039 00000ef0 00c12083                        lw x1, 12(x2)  x1=00002c20  x2:000043e0  PA:000043ec
  50436ns            5040 00000ef4 00048513                      addi x10, x9, 0 x10=000033b8  x9:000033b8
  50446ns            5041 00000ef8 00412483                         lw x9, 4(x2)  x9=000033b8  x2:000043e0  PA:000043e4
  50456ns            5042 00000efc 01010113                      addi x2, x2, 16  x2=000043f0  x2:000043e0
  50466ns            5043 00000f00 2c40106f                         jal x0, 4804
  50486ns            5045 000021c4 00008067                       jalr x0, x1, 0  x1:00002c20
  50506ns            5047 00002c20 f7dff06f                         jal x0, -132
  50526ns            5049 00002b9c 03042583                       lw x11, 48(x8) x11=00000000  x8:0000370c  PA:0000373c
  50546ns            5051 00002ba0 00058c63                      beq x11, x0, 24 x11:00000000
  50576ns            5054 00002bb8 04442583                       lw x11, 68(x8) x11=00000000  x8:0000370c  PA:00003750
  50596ns            5056 00002bbc 00058863                      beq x11, x0, 16 x11:00000000
  50626ns            5059 00002bcc 8ecfe0ef                        jal x1, -7956  x1=00002bd0
  50646ns            5061 00000cb8 00008067                       jalr x0, x1, 0  x1:00002bd0
  50666ns            5063 00002bd0 00041623                        sh x0, 12(x8)  x8:0000370c  PA:00003718
  50676ns            5064 00002bd4 8e8fe0ef                        jal x1, -7960  x1=00002bd8
  50696ns            5066 00000cbc 00008067                       jalr x0, x1, 0  x1:00002bd8
  50716ns            5068 00002bd8 00c12083                        lw x1, 12(x2)  x1=000016d4  x2:000043f0  PA:000043fc
  50726ns            5069 00002bdc 00812403                         lw x8, 8(x2)  x8=0000370c  x2:000043f0  PA:000043f8
  50736ns            5070 00002be0 00412483                         lw x9, 4(x2)  x9=00000000  x2:000043f0  PA:000043f4
  50746ns            5071 00002be4 00090513                     addi x10, x18, 0 x10=ffffffff x18:ffffffff
  50756ns            5072 00002be8 00012903                        lw x18, 0(x2) x18=ffffffff  x2:000043f0  PA:000043f0
  50766ns            5073 00002bec 01010113                      addi x2, x2, 16  x2=00004400  x2:000043f0
  50776ns            5074 00002bf0 00008067                       jalr x0, x1, 0  x1:000016d4
  50796ns            5076 000016d4 00aa6a33                     or x20, x20, x10 x20=ffffffff x20:ffffffff x10:ffffffff
  50806ns            5077 000016d8 06840413                     addi x8, x8, 104  x8=00003774  x8:0000370c
  50816ns            5078 000016dc fd249ce3                     bne x9, x18, -40  x9:00000000 x18:ffffffff
  50846ns            5081 000016b4 00c45783                      lhu x15, 12(x8) x15=00000012  x8:00003774  PA:00003780
  50856ns            5082 000016b8 fff48493                      addi x9, x9, -1  x9=ffffffff  x9:00000000
  50866ns            5083 000016bc 00f9fe63                    bgeu x19, x15, 28 x19:00000001 x15:00000012
  50876ns            5084 000016c0 00e41783                       lh x15, 14(x8) x15=00000002  x8:00003774  PA:00003782
  50886ns            5085 000016c4 00040593                      addi x11, x8, 0 x11=00003774  x8:00003774
  50896ns            5086 000016c8 000a8513                     addi x10, x21, 0 x10=000033b8 x21:000033b8
  50906ns            5087 000016cc 01278663                     beq x15, x18, 12 x15:00000002 x18:ffffffff
  50916ns            5088 000016d0 000b80e7                      jalr x1, x23, 0  x1=000016d4 x23:00002b14
  50936ns            5090 00002b14 ff010113                     addi x2, x2, -16  x2=000043f0  x2:00004400
  50946ns            5091 00002b18 00112623                        sw x1, 12(x2)  x1:000016d4  x2:000043f0  PA:000043fc
  50956ns            5092 00002b1c 00812423                         sw x8, 8(x2)  x8:00003774  x2:000043f0  PA:000043f8
  50966ns            5093 00002b20 00912223                         sw x9, 4(x2)  x9:ffffffff  x2:000043f0  PA:000043f4
  50976ns            5094 00002b24 01212023                        sw x18, 0(x2) x18:ffffffff  x2:000043f0  PA:000043f0
  50986ns            5095 00002b28 02058063                      beq x11, x0, 32 x11:00003774
  50996ns            5096 00002b2c 00058413                      addi x8, x11, 0  x8=00003774 x11:00003774
  51006ns            5097 00002b30 00050493                      addi x9, x10, 0  x9=000033b8 x10:000033b8
  51016ns            5098 00002b34 00050663                      beq x10, x0, 12 x10:000033b8
  51026ns            5099 00002b38 03852783                      lw x15, 56(x10) x15=00000001 x10:000033b8  PA:000033f0
  51046ns            5101 00002b3c 0a078c63                     beq x15, x0, 184 x15:00000001
  51056ns            5102 00002b40 00c41783                       lh x15, 12(x8) x15=00000012  x8:00003774  PA:00003780
  51076ns            5104 00002b44 02079263                      bne x15, x0, 36 x15:00000012
  51106ns            5107 00002b68 00040593                      addi x11, x8, 0 x11=00003774  x8:00003774
  51116ns            5108 00002b6c 00048513                      addi x10, x9, 0 x10=000033b8  x9:000033b8
  51126ns            5109 00002b70 0c0000ef                          jal x1, 192  x1=00002b74
  51146ns            5111 00002c30 00c59783                      lh x15, 12(x11) x15=00000012 x11:00003774  PA:00003780
  51156ns            5112 00002c34 fe010113                     addi x2, x2, -32  x2=000043d0  x2:000043f0
  51166ns            5113 00002c38 00812c23                        sw x8, 24(x2)  x8:00003774  x2:000043d0  PA:000043e8
  51176ns            5114 00002c3c 01312623                       sw x19, 12(x2) x19:00000001  x2:000043d0  PA:000043dc
  51186ns            5115 00002c40 00112e23                        sw x1, 28(x2)  x1:00002b74  x2:000043d0  PA:000043ec
  51196ns            5116 00002c44 00912a23                        sw x9, 20(x2)  x9:000033b8  x2:000043d0  PA:000043e4
  51206ns            5117 00002c48 01212823                       sw x18, 16(x2) x18:ffffffff  x2:000043d0  PA:000043e0
  51216ns            5118 00002c4c 0087f693                     andi x13, x15, 8 x13=00000000 x15:00000012
  51226ns            5119 00002c50 00058413                      addi x8, x11, 0  x8=00003774 x11:00003774
  51236ns            5120 00002c54 00050993                     addi x19, x10, 0 x19=000033b8 x10:000033b8
  51246ns            5121 00002c58 10069a63                     bne x13, x0, 276 x13:00000000
  51256ns            5122 00002c5c 00001737                      lui x14, 0x1000 x14=00001000
  51266ns            5123 00002c60 80070713                 addi x14, x14, -2048 x14=00000800 x14:00001000
  51276ns            5124 00002c64 0045a683                       lw x13, 4(x11) x13=00000000 x11:00003774  PA:00003778
  51286ns            5125 00002c68 00e7e7b3                     or x15, x15, x14 x15=00000812 x15:00000012 x14:00000800
  51296ns            5126 00002c6c 00f59623                      sh x15, 12(x11) x15:00000812 x11:00003774  PA:00003780
  51306ns            5127 00002c70 18d05463                     bge x0, x13, 392 x13:00000000
  51336ns            5130 00002df8 03c5a703                      lw x14, 60(x11) x14=00000000 x11:00003774  PA:000037b0
  51356ns            5132 00002dfc e6e04ce3                    blt x0, x14, -392 x14:00000000
  51366ns            5133 00002e00 f4dff06f                         jal x0, -180
  51386ns            5135 00002d4c 00000513                      addi x10, x0, 0 x10=00000000
  51396ns            5136 00002d50 01c12083                        lw x1, 28(x2)  x1=00002b74  x2:000043d0  PA:000043ec
  51406ns            5137 00002d54 01812403                        lw x8, 24(x2)  x8=00003774  x2:000043d0  PA:000043e8
  51416ns            5138 00002d58 01412483                        lw x9, 20(x2)  x9=000033b8  x2:000043d0  PA:000043e4
  51426ns            5139 00002d5c 01012903                       lw x18, 16(x2) x18=ffffffff  x2:000043d0  PA:000043e0
  51436ns            5140 00002d60 00c12983                       lw x19, 12(x2) x19=00000001  x2:000043d0  PA:000043dc
  51446ns            5141 00002d64 02010113                      addi x2, x2, 32  x2=000043f0  x2:000043d0
  51456ns            5142 00002d68 00008067                       jalr x0, x1, 0  x1:00002b74
  51476ns            5144 00002b74 02c42783                       lw x15, 44(x8) x15=000028ec  x8:00003774  PA:000037a0
  51486ns            5145 00002b78 00050913                     addi x18, x10, 0 x18=00000000 x10:00000000
  51496ns            5146 00002b7c 00078a63                      beq x15, x0, 20 x15:000028ec
  51506ns            5147 00002b80 01c42583                       lw x11, 28(x8) x11=00003774  x8:00003774  PA:00003790
  51516ns            5148 00002b84 00048513                      addi x10, x9, 0 x10=000033b8  x9:000033b8
  51526ns            5149 00002b88 000780e7                      jalr x1, x15, 0  x1=00002b8c x15:000028ec
  51546ns            5151 000028ec 00e59583                      lh x11, 14(x11) x11=00000002 x11:00003774  PA:00003782
  51556ns            5152 000028f0 1c80006f                          jal x0, 456
  51576ns            5154 00002ab8 ff010113                     addi x2, x2, -16  x2=000043e0  x2:000043f0
  51586ns            5155 00002abc 00812423                         sw x8, 8(x2)  x8:00003774  x2:000043e0  PA:000043e8
  51596ns            5156 00002ac0 00912223                         sw x9, 4(x2)  x9:000033b8  x2:000043e0  PA:000043e4
  51606ns            5157 00002ac4 00050413                      addi x8, x10, 0  x8=000033b8 x10:000033b8
  51616ns            5158 00002ac8 00058513                     addi x10, x11, 0 x10=00000002 x11:00000002
  51626ns            5159 00002acc 00112623                        sw x1, 12(x2)  x1:00002b8c  x2:000043e0  PA:000043ec
  51636ns            5160 00002ad0 0601ac23                       sw x0, 120(x3)  x3:00003bb8  PA:00003c30
  51646ns            5161 00002ad4 e74fd0ef                       jal x1, -10636  x1=00002ad8
  51666ns            5163 00000148 fff00513                     addi x10, x0, -1 x10=ffffffff
  51676ns            5164 0000014a 00008067                       jalr x0, x1, 0  x1:00002ad8
  51696ns            5166 00002ad8 fff00793                     addi x15, x0, -1 x15=ffffffff
  51706ns            5167 00002adc 00f50c63                     beq x10, x15, 24 x10:ffffffff x15:ffffffff
  51736ns            5170 00002af4 0781a783                      lw x15, 120(x3) x15=00000000  x3:00003bb8  PA:00003c30
  51756ns            5172 00002af8 fe0784e3                     beq x15, x0, -24 x15:00000000
  51786ns            5175 00002ae0 00c12083                        lw x1, 12(x2)  x1=00002b8c  x2:000043e0  PA:000043ec
  51796ns            5176 00002ae4 00812403                         lw x8, 8(x2)  x8=00003774  x2:000043e0  PA:000043e8
  51806ns            5177 00002ae8 00412483                         lw x9, 4(x2)  x9=000033b8  x2:000043e0  PA:000043e4
  51816ns            5178 00002aec 01010113                      addi x2, x2, 16  x2=000043f0  x2:000043e0
  51826ns            5179 00002af0 00008067                       jalr x0, x1, 0  x1:00002b8c
  51846ns            5181 00002b8c 06054c63                     blt x10, x0, 120 x10:ffffffff
  51876ns            5184 00002c04 00c45783                      lhu x15, 12(x8) x15=00000812  x8:00003774  PA:00003780
  51886ns            5185 00002c08 fff00913                     addi x18, x0, -1 x18=ffffffff
  51896ns            5186 00002c0c 0807f793                   andi x15, x15, 128 x15=00000000 x15:00000812
  51906ns            5187 00002c10 f80786e3                    beq x15, x0, -116 x15:00000000
  51936ns            5190 00002b9c 03042583                       lw x11, 48(x8) x11=00000000  x8:00003774  PA:000037a4
  51956ns            5192 00002ba0 00058c63                      beq x11, x0, 24 x11:00000000
  51986ns            5195 00002bb8 04442583                       lw x11, 68(x8) x11=00000000  x8:00003774  PA:000037b8
  52006ns            5197 00002bbc 00058863                      beq x11, x0, 16 x11:00000000
  52036ns            5200 00002bcc 8ecfe0ef                        jal x1, -7956  x1=00002bd0
  52056ns            5202 00000cb8 00008067                       jalr x0, x1, 0  x1:00002bd0
  52076ns            5204 00002bd0 00041623                        sh x0, 12(x8)  x8:00003774  PA:00003780
  52086ns            5205 00002bd4 8e8fe0ef                        jal x1, -7960  x1=00002bd8
  52106ns            5207 00000cbc 00008067                       jalr x0, x1, 0  x1:00002bd8
  52126ns            5209 00002bd8 00c12083                        lw x1, 12(x2)  x1=000016d4  x2:000043f0  PA:000043fc
  52136ns            5210 00002bdc 00812403                         lw x8, 8(x2)  x8=00003774  x2:000043f0  PA:000043f8
  52146ns            5211 00002be0 00412483                         lw x9, 4(x2)  x9=ffffffff  x2:000043f0  PA:000043f4
  52156ns            5212 00002be4 00090513                     addi x10, x18, 0 x10=ffffffff x18:ffffffff
  52166ns            5213 00002be8 00012903                        lw x18, 0(x2) x18=ffffffff  x2:000043f0  PA:000043f0
  52176ns            5214 00002bec 01010113                      addi x2, x2, 16  x2=00004400  x2:000043f0
  52186ns            5215 00002bf0 00008067                       jalr x0, x1, 0  x1:000016d4
  52206ns            5217 000016d4 00aa6a33                     or x20, x20, x10 x20=ffffffff x20:ffffffff x10:ffffffff
  52216ns            5218 000016d8 06840413                     addi x8, x8, 104  x8=000037dc  x8:00003774
  52226ns            5219 000016dc fd249ce3                     bne x9, x18, -40  x9:ffffffff x18:ffffffff
  52236ns            5220 000016e0 000b2b03                       lw x22, 0(x22) x22=00000000 x22:00003698  PA:00003698
  52256ns            5222 000016e4 fc0b10e3                     bne x22, x0, -64 x22:00000000
  52266ns            5223 000016e8 02c12083                        lw x1, 44(x2)  x1=00000348  x2:00004400  PA:0000442c
  52276ns            5224 000016ec 02812403                        lw x8, 40(x2)  x8=00000000  x2:00004400  PA:00004428
  52286ns            5225 000016f0 02412483                        lw x9, 36(x2)  x9=00000000  x2:00004400  PA:00004424
  52296ns            5226 000016f4 02012903                       lw x18, 32(x2) x18=00000000  x2:00004400  PA:00004420
  52306ns            5227 000016f8 01c12983                       lw x19, 28(x2) x19=00000000  x2:00004400  PA:0000441c
  52316ns            5228 000016fc 01412a83                       lw x21, 20(x2) x21=00000000  x2:00004400  PA:00004414
  52326ns            5229 00001700 01012b03                       lw x22, 16(x2) x22=00000000  x2:00004400  PA:00004410
  52336ns            5230 00001704 00c12b83                       lw x23, 12(x2) x23=00000000  x2:00004400  PA:0000440c
  52346ns            5231 00001708 000a0513                     addi x10, x20, 0 x10=ffffffff x20:ffffffff
  52356ns            5232 0000170c 01812a03                       lw x20, 24(x2) x20=00000000  x2:00004400  PA:00004418
  52366ns            5233 00001710 03010113                      addi x2, x2, 48  x2=00004430  x2:00004400
  52376ns            5234 00001714 00008067                       jalr x0, x1, 0  x1:00000348
  52396ns            5236 00000348 00040513                      addi x10, x8, 0 x10=00000000  x8:00000000
  52406ns            5237 0000034c e0bff0ef                         jal x1, -502  x1=00000350
  52426ns            5239 00000156 200007b7                  lui x15, 0x20000000 x15=20000000
